<html>
<head>
<title>TestNG:  Test Parallel Home and Dashboard modules.Browser:Chrome</title>
<link href="../testng.css" rel="stylesheet" type="text/css" />
<link href="../my-testng.css" rel="stylesheet" type="text/css" />

<style type="text/css">
.log { display: none;} 
.stack-trace { display: none;} 
</style>
<script type="text/javascript">
<!--
function flip(e) {
  current = e.style.display;
  if (current == 'block') {
    e.style.display = 'none';
    return 0;
  }
  else {
    e.style.display = 'block';
    return 1;
  }
}

function toggleBox(szDivId, elem, msg1, msg2)
{
  var res = -1;  if (document.getElementById) {
    res = flip(document.getElementById(szDivId));
  }
  else if (document.all) {
    // this is the way old msie versions work
    res = flip(document.all[szDivId]);
  }
  if(elem) {
    if(res == 0) elem.innerHTML = msg1; else elem.innerHTML = msg2;
  }

}

function toggleAllBoxes() {
  if (document.getElementsByTagName) {
    d = document.getElementsByTagName('div');
    for (i = 0; i < d.length; i++) {
      if (d[i].className == 'log') {
        flip(d[i]);
      }
    }
  }
}

// -->
</script>

</head>
<body>
<h2 align='center'>Test Parallel Home and Dashboard modules.Browser:Chrome</h2><table border='1' align="center">
<tr>
<td>Tests passed/Failed/Skipped:</td><td>299/9/12</td>
</tr><tr>
<td>Started on:</td><td>Sat Nov 16 18:06:20 CST 2024</td>
</tr>
<tr><td>Total time:</td><td>583 seconds (583373 ms)</td>
</tr><tr>
<td>Included groups:</td><td></td>
</tr><tr>
<td>Excluded groups:</td><td></td>
</tr>
</table><p/>
<small><i>(Hover the method name to see the test class name)</i></small><p/>
<table width='100%' border='1' class='invocation-failed'>
<tr><td colspan='4' align='center'><b>FAILED TESTS</b></td></tr>
<tr><td><b>Test method</b></td>
<td><b>Attribute(s)</b></td>
<td width="30%"><b>Exception</b></td>
<td width="10%"><b>Time (seconds)</b></td>
<td><b>Instance</b></td>
</tr>
<tr>
<td title='pageTestEvents.RegisterPageEvents.testUserRegistration()'><b>testUserRegistration</b><br>Test class: pageTestEvents.RegisterPageEvents<br>Parameters: Scrutinizers, Numpysdet176, Numpysdet176, user already exists</td>
<td><div><pre>java.lang.AssertionError: expected [user already exists] but found [password_mismatch:The two password fields didn’t match.]
	at pageTestEvents.RegisterPageEvents.registerUser(RegisterPageEvents.java:42)
	at pageTestEvents.RegisterPageEvents.testUserRegistration(RegisterPageEvents.java:68)
	at java.base/java.util.ArrayList.forEach(ArrayList.java:1511)
... Removed 31 stack frames</pre></div><a href='#' onClick='toggleBox("stack-trace96172633", this, "Click to show all stack frames", "Click to hide stack frames")'>Click to show all stack frames</a>
<div class='stack-trace' id='stack-trace96172633'><pre>java.lang.AssertionError: expected [user already exists] but found [password_mismatch:The two password fields didn’t match.]
	at org.testng.Assert.fail(Assert.java:111)
	at org.testng.Assert.failNotEquals(Assert.java:1578)
	at org.testng.Assert.assertEqualsImpl(Assert.java:150)
	at org.testng.Assert.assertEquals(Assert.java:132)
	at org.testng.Assert.assertEquals(Assert.java:656)
	at org.testng.Assert.assertEquals(Assert.java:666)
	at pageTestEvents.RegisterPageEvents.registerUser(RegisterPageEvents.java:42)
	at pageTestEvents.RegisterPageEvents.testUserRegistration(RegisterPageEvents.java:68)
	at java.base/jdk.internal.reflect.DirectMethodHandleAccessor.invoke(DirectMethodHandleAccessor.java:104)
	at java.base/java.lang.reflect.Method.invoke(Method.java:578)
	at org.testng.internal.invokers.MethodInvocationHelper.invokeMethod(MethodInvocationHelper.java:141)
	at org.testng.internal.invokers.TestInvoker.invokeMethod(TestInvoker.java:686)
	at org.testng.internal.invokers.TestInvoker.retryFailed(TestInvoker.java:269)
	at org.testng.internal.invokers.MethodRunner.runInSequence(MethodRunner.java:76)
	at org.testng.internal.invokers.TestInvoker$MethodInvocationAgent.invoke(TestInvoker.java:992)
	at org.testng.internal.invokers.TestInvoker.invokeTestMethods(TestInvoker.java:203)
	at org.testng.internal.invokers.TestMethodWorker.invokeTestMethods(TestMethodWorker.java:154)
	at org.testng.internal.invokers.TestMethodWorker.run(TestMethodWorker.java:134)
	at java.base/java.util.ArrayList.forEach(ArrayList.java:1511)
	at org.testng.TestRunner.privateRun(TestRunner.java:739)
	at org.testng.TestRunner.run(TestRunner.java:614)
	at org.testng.SuiteRunner.runTest(SuiteRunner.java:421)
	at org.testng.SuiteRunner.runSequentially(SuiteRunner.java:413)
	at org.testng.SuiteRunner.privateRun(SuiteRunner.java:373)
	at org.testng.SuiteRunner.run(SuiteRunner.java:312)
	at org.testng.SuiteRunnerWorker.runSuite(SuiteRunnerWorker.java:52)
	at org.testng.SuiteRunnerWorker.run(SuiteRunnerWorker.java:95)
	at org.testng.TestNG.runSuitesSequentially(TestNG.java:1274)
	at org.testng.TestNG.runSuitesLocally(TestNG.java:1208)
	at org.testng.TestNG.runSuites(TestNG.java:1112)
	at org.testng.TestNG.run(TestNG.java:1079)
	at org.testng.remote.AbstractRemoteTestNG.run(AbstractRemoteTestNG.java:115)
	at org.testng.remote.RemoteTestNG.initAndRun(RemoteTestNG.java:293)
	at org.testng.remote.RemoteTestNG.main(RemoteTestNG.java:91)
</pre></div></td>
<td>3</td>
<td>pageTestEvents.RegisterPageEvents@21ca139c</td></tr>
<tr>
<td title='pageTestEvents.GraphPageEvents.practiceQueT1()'><b>practiceQueT1</b><br>Test class: pageTestEvents.GraphPageEvents</td>
<td><div><pre>java.lang.AssertionError: expected [true] but found [false]
	at pageTestEvents.GraphPageEvents.practiceQueT1(GraphPageEvents.java:165)
	at java.base/java.util.ArrayList.forEach(ArrayList.java:1511)
... Removed 29 stack frames</pre></div><a href='#' onClick='toggleBox("stack-trace21540589", this, "Click to show all stack frames", "Click to hide stack frames")'>Click to show all stack frames</a>
<div class='stack-trace' id='stack-trace21540589'><pre>java.lang.AssertionError: expected [true] but found [false]
	at org.testng.Assert.fail(Assert.java:111)
	at org.testng.Assert.failNotEquals(Assert.java:1578)
	at org.testng.Assert.assertTrue(Assert.java:57)
	at org.testng.Assert.assertTrue(Assert.java:67)
	at pageTestEvents.GraphPageEvents.practiceQueT1(GraphPageEvents.java:165)
	at java.base/jdk.internal.reflect.DirectMethodHandleAccessor.invoke(DirectMethodHandleAccessor.java:104)
	at java.base/java.lang.reflect.Method.invoke(Method.java:578)
	at org.testng.internal.invokers.MethodInvocationHelper.invokeMethod(MethodInvocationHelper.java:141)
	at org.testng.internal.invokers.TestInvoker.invokeMethod(TestInvoker.java:686)
	at org.testng.internal.invokers.TestInvoker.invokeTestMethod(TestInvoker.java:230)
	at org.testng.internal.invokers.MethodRunner.runInSequence(MethodRunner.java:63)
	at org.testng.internal.invokers.TestInvoker$MethodInvocationAgent.invoke(TestInvoker.java:992)
	at org.testng.internal.invokers.TestInvoker.invokeTestMethods(TestInvoker.java:203)
	at org.testng.internal.invokers.TestMethodWorker.invokeTestMethods(TestMethodWorker.java:154)
	at org.testng.internal.invokers.TestMethodWorker.run(TestMethodWorker.java:134)
	at java.base/java.util.ArrayList.forEach(ArrayList.java:1511)
	at org.testng.TestRunner.privateRun(TestRunner.java:739)
	at org.testng.TestRunner.run(TestRunner.java:614)
	at org.testng.SuiteRunner.runTest(SuiteRunner.java:421)
	at org.testng.SuiteRunner.runSequentially(SuiteRunner.java:413)
	at org.testng.SuiteRunner.privateRun(SuiteRunner.java:373)
	at org.testng.SuiteRunner.run(SuiteRunner.java:312)
	at org.testng.SuiteRunnerWorker.runSuite(SuiteRunnerWorker.java:52)
	at org.testng.SuiteRunnerWorker.run(SuiteRunnerWorker.java:95)
	at org.testng.TestNG.runSuitesSequentially(TestNG.java:1274)
	at org.testng.TestNG.runSuitesLocally(TestNG.java:1208)
	at org.testng.TestNG.runSuites(TestNG.java:1112)
	at org.testng.TestNG.run(TestNG.java:1079)
	at org.testng.remote.AbstractRemoteTestNG.run(AbstractRemoteTestNG.java:115)
	at org.testng.remote.RemoteTestNG.initAndRun(RemoteTestNG.java:293)
	at org.testng.remote.RemoteTestNG.main(RemoteTestNG.java:91)
</pre></div></td>
<td>0</td>
<td>pageTestEvents.GraphPageEvents@1a6f2363</td></tr>
<tr>
<td title='pageTestEvents.RegisterPageEvents.testUserRegistrationjson()'><b>testUserRegistrationjson</b><br>Test class: pageTestEvents.RegisterPageEvents<br>Parameters: Scrutinizers, 123sA, 123sa, password length is less than 8</td>
<td><div><pre>java.lang.AssertionError: expected [password length is less than 8] but found [password_mismatch:The two password fields didn’t match.]
	at pageTestEvents.RegisterPageEvents.registerUser(RegisterPageEvents.java:42)
	at pageTestEvents.RegisterPageEvents.testUserRegistrationjson(RegisterPageEvents.java:76)
	at java.base/java.util.ArrayList.forEach(ArrayList.java:1511)
... Removed 31 stack frames</pre></div><a href='#' onClick='toggleBox("stack-trace9698116", this, "Click to show all stack frames", "Click to hide stack frames")'>Click to show all stack frames</a>
<div class='stack-trace' id='stack-trace9698116'><pre>java.lang.AssertionError: expected [password length is less than 8] but found [password_mismatch:The two password fields didn’t match.]
	at org.testng.Assert.fail(Assert.java:111)
	at org.testng.Assert.failNotEquals(Assert.java:1578)
	at org.testng.Assert.assertEqualsImpl(Assert.java:150)
	at org.testng.Assert.assertEquals(Assert.java:132)
	at org.testng.Assert.assertEquals(Assert.java:656)
	at org.testng.Assert.assertEquals(Assert.java:666)
	at pageTestEvents.RegisterPageEvents.registerUser(RegisterPageEvents.java:42)
	at pageTestEvents.RegisterPageEvents.testUserRegistrationjson(RegisterPageEvents.java:76)
	at java.base/jdk.internal.reflect.DirectMethodHandleAccessor.invoke(DirectMethodHandleAccessor.java:104)
	at java.base/java.lang.reflect.Method.invoke(Method.java:578)
	at org.testng.internal.invokers.MethodInvocationHelper.invokeMethod(MethodInvocationHelper.java:141)
	at org.testng.internal.invokers.TestInvoker.invokeMethod(TestInvoker.java:686)
	at org.testng.internal.invokers.TestInvoker.retryFailed(TestInvoker.java:269)
	at org.testng.internal.invokers.MethodRunner.runInSequence(MethodRunner.java:76)
	at org.testng.internal.invokers.TestInvoker$MethodInvocationAgent.invoke(TestInvoker.java:992)
	at org.testng.internal.invokers.TestInvoker.invokeTestMethods(TestInvoker.java:203)
	at org.testng.internal.invokers.TestMethodWorker.invokeTestMethods(TestMethodWorker.java:154)
	at org.testng.internal.invokers.TestMethodWorker.run(TestMethodWorker.java:134)
	at java.base/java.util.ArrayList.forEach(ArrayList.java:1511)
	at org.testng.TestRunner.privateRun(TestRunner.java:739)
	at org.testng.TestRunner.run(TestRunner.java:614)
	at org.testng.SuiteRunner.runTest(SuiteRunner.java:421)
	at org.testng.SuiteRunner.runSequentially(SuiteRunner.java:413)
	at org.testng.SuiteRunner.privateRun(SuiteRunner.java:373)
	at org.testng.SuiteRunner.run(SuiteRunner.java:312)
	at org.testng.SuiteRunnerWorker.runSuite(SuiteRunnerWorker.java:52)
	at org.testng.SuiteRunnerWorker.run(SuiteRunnerWorker.java:95)
	at org.testng.TestNG.runSuitesSequentially(TestNG.java:1274)
	at org.testng.TestNG.runSuitesLocally(TestNG.java:1208)
	at org.testng.TestNG.runSuites(TestNG.java:1112)
	at org.testng.TestNG.run(TestNG.java:1079)
	at org.testng.remote.AbstractRemoteTestNG.run(AbstractRemoteTestNG.java:115)
	at org.testng.remote.RemoteTestNG.initAndRun(RemoteTestNG.java:293)
	at org.testng.remote.RemoteTestNG.main(RemoteTestNG.java:91)
</pre></div></td>
<td>3</td>
<td>pageTestEvents.RegisterPageEvents@21ca139c</td></tr>
<tr>
<td title='pageTestEvents.RegisterPageEvents.testUserRegistration()'><b>testUserRegistration</b><br>Test class: pageTestEvents.RegisterPageEvents<br>Parameters: Scrutinizers, 123sA, 123sa, password length doesnot meet</td>
<td><div><pre>java.lang.AssertionError: expected [password length doesnot meet] but found [password_mismatch:The two password fields didn’t match.]
	at pageTestEvents.RegisterPageEvents.registerUser(RegisterPageEvents.java:42)
	at pageTestEvents.RegisterPageEvents.testUserRegistration(RegisterPageEvents.java:68)
	at java.base/java.util.ArrayList.forEach(ArrayList.java:1511)
... Removed 31 stack frames</pre></div><a href='#' onClick='toggleBox("stack-trace82086221", this, "Click to show all stack frames", "Click to hide stack frames")'>Click to show all stack frames</a>
<div class='stack-trace' id='stack-trace82086221'><pre>java.lang.AssertionError: expected [password length doesnot meet] but found [password_mismatch:The two password fields didn’t match.]
	at org.testng.Assert.fail(Assert.java:111)
	at org.testng.Assert.failNotEquals(Assert.java:1578)
	at org.testng.Assert.assertEqualsImpl(Assert.java:150)
	at org.testng.Assert.assertEquals(Assert.java:132)
	at org.testng.Assert.assertEquals(Assert.java:656)
	at org.testng.Assert.assertEquals(Assert.java:666)
	at pageTestEvents.RegisterPageEvents.registerUser(RegisterPageEvents.java:42)
	at pageTestEvents.RegisterPageEvents.testUserRegistration(RegisterPageEvents.java:68)
	at java.base/jdk.internal.reflect.DirectMethodHandleAccessor.invoke(DirectMethodHandleAccessor.java:104)
	at java.base/java.lang.reflect.Method.invoke(Method.java:578)
	at org.testng.internal.invokers.MethodInvocationHelper.invokeMethod(MethodInvocationHelper.java:141)
	at org.testng.internal.invokers.TestInvoker.invokeMethod(TestInvoker.java:686)
	at org.testng.internal.invokers.TestInvoker.invokeTestMethod(TestInvoker.java:230)
	at org.testng.internal.invokers.MethodRunner.runInSequence(MethodRunner.java:63)
	at org.testng.internal.invokers.TestInvoker$MethodInvocationAgent.invoke(TestInvoker.java:992)
	at org.testng.internal.invokers.TestInvoker.invokeTestMethods(TestInvoker.java:203)
	at org.testng.internal.invokers.TestMethodWorker.invokeTestMethods(TestMethodWorker.java:154)
	at org.testng.internal.invokers.TestMethodWorker.run(TestMethodWorker.java:134)
	at java.base/java.util.ArrayList.forEach(ArrayList.java:1511)
	at org.testng.TestRunner.privateRun(TestRunner.java:739)
	at org.testng.TestRunner.run(TestRunner.java:614)
	at org.testng.SuiteRunner.runTest(SuiteRunner.java:421)
	at org.testng.SuiteRunner.runSequentially(SuiteRunner.java:413)
	at org.testng.SuiteRunner.privateRun(SuiteRunner.java:373)
	at org.testng.SuiteRunner.run(SuiteRunner.java:312)
	at org.testng.SuiteRunnerWorker.runSuite(SuiteRunnerWorker.java:52)
	at org.testng.SuiteRunnerWorker.run(SuiteRunnerWorker.java:95)
	at org.testng.TestNG.runSuitesSequentially(TestNG.java:1274)
	at org.testng.TestNG.runSuitesLocally(TestNG.java:1208)
	at org.testng.TestNG.runSuites(TestNG.java:1112)
	at org.testng.TestNG.run(TestNG.java:1079)
	at org.testng.remote.AbstractRemoteTestNG.run(AbstractRemoteTestNG.java:115)
	at org.testng.remote.RemoteTestNG.initAndRun(RemoteTestNG.java:293)
	at org.testng.remote.RemoteTestNG.main(RemoteTestNG.java:91)
</pre></div></td>
<td>3</td>
<td>pageTestEvents.RegisterPageEvents@21ca139c</td></tr>
<tr>
<td title='pageTestEvents.RegisterPageEvents.testUserRegistrationjson()'><b>testUserRegistrationjson</b><br>Test class: pageTestEvents.RegisterPageEvents<br>Parameters: Scrutinizers, 123sA, 123sa, password length doesnot meet</td>
<td><div><pre>java.lang.AssertionError: expected [password length doesnot meet] but found [password_mismatch:The two password fields didn’t match.]
	at pageTestEvents.RegisterPageEvents.registerUser(RegisterPageEvents.java:42)
	at pageTestEvents.RegisterPageEvents.testUserRegistrationjson(RegisterPageEvents.java:76)
	at java.base/java.util.ArrayList.forEach(ArrayList.java:1511)
... Removed 31 stack frames</pre></div><a href='#' onClick='toggleBox("stack-trace86411583", this, "Click to show all stack frames", "Click to hide stack frames")'>Click to show all stack frames</a>
<div class='stack-trace' id='stack-trace86411583'><pre>java.lang.AssertionError: expected [password length doesnot meet] but found [password_mismatch:The two password fields didn’t match.]
	at org.testng.Assert.fail(Assert.java:111)
	at org.testng.Assert.failNotEquals(Assert.java:1578)
	at org.testng.Assert.assertEqualsImpl(Assert.java:150)
	at org.testng.Assert.assertEquals(Assert.java:132)
	at org.testng.Assert.assertEquals(Assert.java:656)
	at org.testng.Assert.assertEquals(Assert.java:666)
	at pageTestEvents.RegisterPageEvents.registerUser(RegisterPageEvents.java:42)
	at pageTestEvents.RegisterPageEvents.testUserRegistrationjson(RegisterPageEvents.java:76)
	at java.base/jdk.internal.reflect.DirectMethodHandleAccessor.invoke(DirectMethodHandleAccessor.java:104)
	at java.base/java.lang.reflect.Method.invoke(Method.java:578)
	at org.testng.internal.invokers.MethodInvocationHelper.invokeMethod(MethodInvocationHelper.java:141)
	at org.testng.internal.invokers.TestInvoker.invokeMethod(TestInvoker.java:686)
	at org.testng.internal.invokers.TestInvoker.retryFailed(TestInvoker.java:269)
	at org.testng.internal.invokers.MethodRunner.runInSequence(MethodRunner.java:76)
	at org.testng.internal.invokers.TestInvoker$MethodInvocationAgent.invoke(TestInvoker.java:992)
	at org.testng.internal.invokers.TestInvoker.invokeTestMethods(TestInvoker.java:203)
	at org.testng.internal.invokers.TestMethodWorker.invokeTestMethods(TestMethodWorker.java:154)
	at org.testng.internal.invokers.TestMethodWorker.run(TestMethodWorker.java:134)
	at java.base/java.util.ArrayList.forEach(ArrayList.java:1511)
	at org.testng.TestRunner.privateRun(TestRunner.java:739)
	at org.testng.TestRunner.run(TestRunner.java:614)
	at org.testng.SuiteRunner.runTest(SuiteRunner.java:421)
	at org.testng.SuiteRunner.runSequentially(SuiteRunner.java:413)
	at org.testng.SuiteRunner.privateRun(SuiteRunner.java:373)
	at org.testng.SuiteRunner.run(SuiteRunner.java:312)
	at org.testng.SuiteRunnerWorker.runSuite(SuiteRunnerWorker.java:52)
	at org.testng.SuiteRunnerWorker.run(SuiteRunnerWorker.java:95)
	at org.testng.TestNG.runSuitesSequentially(TestNG.java:1274)
	at org.testng.TestNG.runSuitesLocally(TestNG.java:1208)
	at org.testng.TestNG.runSuites(TestNG.java:1112)
	at org.testng.TestNG.run(TestNG.java:1079)
	at org.testng.remote.AbstractRemoteTestNG.run(AbstractRemoteTestNG.java:115)
	at org.testng.remote.RemoteTestNG.initAndRun(RemoteTestNG.java:293)
	at org.testng.remote.RemoteTestNG.main(RemoteTestNG.java:91)
</pre></div></td>
<td>3</td>
<td>pageTestEvents.RegisterPageEvents@21ca139c</td></tr>
<tr>
<td title='pageTestEvents.RegisterPageEvents.testUserRegistrationjson()'><b>testUserRegistrationjson</b><br>Test class: pageTestEvents.RegisterPageEvents<br>Parameters: Scrutinizers, 123456789, 123456789, password cannot be only numeric</td>
<td><div><pre>java.lang.AssertionError: expected [password cannot be only numeric] but found [password_mismatch:The two password fields didn’t match.]
	at pageTestEvents.RegisterPageEvents.registerUser(RegisterPageEvents.java:42)
	at pageTestEvents.RegisterPageEvents.testUserRegistrationjson(RegisterPageEvents.java:76)
	at java.base/java.util.ArrayList.forEach(ArrayList.java:1511)
... Removed 31 stack frames</pre></div><a href='#' onClick='toggleBox("stack-trace2010176442", this, "Click to show all stack frames", "Click to hide stack frames")'>Click to show all stack frames</a>
<div class='stack-trace' id='stack-trace2010176442'><pre>java.lang.AssertionError: expected [password cannot be only numeric] but found [password_mismatch:The two password fields didn’t match.]
	at org.testng.Assert.fail(Assert.java:111)
	at org.testng.Assert.failNotEquals(Assert.java:1578)
	at org.testng.Assert.assertEqualsImpl(Assert.java:150)
	at org.testng.Assert.assertEquals(Assert.java:132)
	at org.testng.Assert.assertEquals(Assert.java:656)
	at org.testng.Assert.assertEquals(Assert.java:666)
	at pageTestEvents.RegisterPageEvents.registerUser(RegisterPageEvents.java:42)
	at pageTestEvents.RegisterPageEvents.testUserRegistrationjson(RegisterPageEvents.java:76)
	at java.base/jdk.internal.reflect.DirectMethodHandleAccessor.invoke(DirectMethodHandleAccessor.java:104)
	at java.base/java.lang.reflect.Method.invoke(Method.java:578)
	at org.testng.internal.invokers.MethodInvocationHelper.invokeMethod(MethodInvocationHelper.java:141)
	at org.testng.internal.invokers.TestInvoker.invokeMethod(TestInvoker.java:686)
	at org.testng.internal.invokers.TestInvoker.invokeTestMethod(TestInvoker.java:230)
	at org.testng.internal.invokers.MethodRunner.runInSequence(MethodRunner.java:63)
	at org.testng.internal.invokers.TestInvoker$MethodInvocationAgent.invoke(TestInvoker.java:992)
	at org.testng.internal.invokers.TestInvoker.invokeTestMethods(TestInvoker.java:203)
	at org.testng.internal.invokers.TestMethodWorker.invokeTestMethods(TestMethodWorker.java:154)
	at org.testng.internal.invokers.TestMethodWorker.run(TestMethodWorker.java:134)
	at java.base/java.util.ArrayList.forEach(ArrayList.java:1511)
	at org.testng.TestRunner.privateRun(TestRunner.java:739)
	at org.testng.TestRunner.run(TestRunner.java:614)
	at org.testng.SuiteRunner.runTest(SuiteRunner.java:421)
	at org.testng.SuiteRunner.runSequentially(SuiteRunner.java:413)
	at org.testng.SuiteRunner.privateRun(SuiteRunner.java:373)
	at org.testng.SuiteRunner.run(SuiteRunner.java:312)
	at org.testng.SuiteRunnerWorker.runSuite(SuiteRunnerWorker.java:52)
	at org.testng.SuiteRunnerWorker.run(SuiteRunnerWorker.java:95)
	at org.testng.TestNG.runSuitesSequentially(TestNG.java:1274)
	at org.testng.TestNG.runSuitesLocally(TestNG.java:1208)
	at org.testng.TestNG.runSuites(TestNG.java:1112)
	at org.testng.TestNG.run(TestNG.java:1079)
	at org.testng.remote.AbstractRemoteTestNG.run(AbstractRemoteTestNG.java:115)
	at org.testng.remote.RemoteTestNG.initAndRun(RemoteTestNG.java:293)
	at org.testng.remote.RemoteTestNG.main(RemoteTestNG.java:91)
</pre></div></td>
<td>3</td>
<td>pageTestEvents.RegisterPageEvents@21ca139c</td></tr>
<tr>
<td title='pageTestEvents.QueuePageEvents.practiceQueTopic1()'><b>practiceQueTopic1</b><br>Test class: pageTestEvents.QueuePageEvents</td>
<td><div><pre>java.lang.AssertionError: expected [Queue] but found [Practice Questions]
	at pageTestEvents.QueuePageEvents.practiceQueTopic1(QueuePageEvents.java:110)
	at java.base/java.util.ArrayList.forEach(ArrayList.java:1511)
... Removed 31 stack frames</pre></div><a href='#' onClick='toggleBox("stack-trace252672164", this, "Click to show all stack frames", "Click to hide stack frames")'>Click to show all stack frames</a>
<div class='stack-trace' id='stack-trace252672164'><pre>java.lang.AssertionError: expected [Queue] but found [Practice Questions]
	at org.testng.Assert.fail(Assert.java:111)
	at org.testng.Assert.failNotEquals(Assert.java:1578)
	at org.testng.Assert.assertEqualsImpl(Assert.java:150)
	at org.testng.Assert.assertEquals(Assert.java:132)
	at org.testng.Assert.assertEquals(Assert.java:656)
	at org.testng.Assert.assertEquals(Assert.java:666)
	at pageTestEvents.QueuePageEvents.practiceQueTopic1(QueuePageEvents.java:110)
	at java.base/jdk.internal.reflect.DirectMethodHandleAccessor.invoke(DirectMethodHandleAccessor.java:104)
	at java.base/java.lang.reflect.Method.invoke(Method.java:578)
	at org.testng.internal.invokers.MethodInvocationHelper.invokeMethod(MethodInvocationHelper.java:141)
	at org.testng.internal.invokers.TestInvoker.invokeMethod(TestInvoker.java:686)
	at org.testng.internal.invokers.TestInvoker.invokeTestMethod(TestInvoker.java:230)
	at org.testng.internal.invokers.MethodRunner.runInSequence(MethodRunner.java:63)
	at org.testng.internal.invokers.TestInvoker$MethodInvocationAgent.invoke(TestInvoker.java:992)
	at org.testng.internal.invokers.TestInvoker.invokeTestMethods(TestInvoker.java:203)
	at org.testng.internal.invokers.TestMethodWorker.invokeTestMethods(TestMethodWorker.java:154)
	at org.testng.internal.invokers.TestMethodWorker.run(TestMethodWorker.java:134)
	at java.base/java.util.ArrayList.forEach(ArrayList.java:1511)
	at org.testng.TestRunner.privateRun(TestRunner.java:739)
	at org.testng.TestRunner.run(TestRunner.java:614)
	at org.testng.SuiteRunner.runTest(SuiteRunner.java:421)
	at org.testng.SuiteRunner.runSequentially(SuiteRunner.java:413)
	at org.testng.SuiteRunner.privateRun(SuiteRunner.java:373)
	at org.testng.SuiteRunner.run(SuiteRunner.java:312)
	at org.testng.SuiteRunnerWorker.runSuite(SuiteRunnerWorker.java:52)
	at org.testng.SuiteRunnerWorker.run(SuiteRunnerWorker.java:95)
	at org.testng.TestNG.runSuitesSequentially(TestNG.java:1274)
	at org.testng.TestNG.runSuitesLocally(TestNG.java:1208)
	at org.testng.TestNG.runSuites(TestNG.java:1112)
	at org.testng.TestNG.run(TestNG.java:1079)
	at org.testng.remote.AbstractRemoteTestNG.run(AbstractRemoteTestNG.java:115)
	at org.testng.remote.RemoteTestNG.initAndRun(RemoteTestNG.java:293)
	at org.testng.remote.RemoteTestNG.main(RemoteTestNG.java:91)
</pre></div></td>
<td>1</td>
<td>pageTestEvents.QueuePageEvents@52350abb</td></tr>
<tr>
<td title='pageTestEvents.GraphPageEvents.practiceQueT2()'><b>practiceQueT2</b><br>Test class: pageTestEvents.GraphPageEvents</td>
<td><div><pre>java.lang.AssertionError: expected [true] but found [false]
	at pageTestEvents.GraphPageEvents.practiceQueT2(GraphPageEvents.java:176)
	at java.base/java.util.ArrayList.forEach(ArrayList.java:1511)
... Removed 29 stack frames</pre></div><a href='#' onClick='toggleBox("stack-trace915354514", this, "Click to show all stack frames", "Click to hide stack frames")'>Click to show all stack frames</a>
<div class='stack-trace' id='stack-trace915354514'><pre>java.lang.AssertionError: expected [true] but found [false]
	at org.testng.Assert.fail(Assert.java:111)
	at org.testng.Assert.failNotEquals(Assert.java:1578)
	at org.testng.Assert.assertTrue(Assert.java:57)
	at org.testng.Assert.assertTrue(Assert.java:67)
	at pageTestEvents.GraphPageEvents.practiceQueT2(GraphPageEvents.java:176)
	at java.base/jdk.internal.reflect.DirectMethodHandleAccessor.invoke(DirectMethodHandleAccessor.java:104)
	at java.base/java.lang.reflect.Method.invoke(Method.java:578)
	at org.testng.internal.invokers.MethodInvocationHelper.invokeMethod(MethodInvocationHelper.java:141)
	at org.testng.internal.invokers.TestInvoker.invokeMethod(TestInvoker.java:686)
	at org.testng.internal.invokers.TestInvoker.invokeTestMethod(TestInvoker.java:230)
	at org.testng.internal.invokers.MethodRunner.runInSequence(MethodRunner.java:63)
	at org.testng.internal.invokers.TestInvoker$MethodInvocationAgent.invoke(TestInvoker.java:992)
	at org.testng.internal.invokers.TestInvoker.invokeTestMethods(TestInvoker.java:203)
	at org.testng.internal.invokers.TestMethodWorker.invokeTestMethods(TestMethodWorker.java:154)
	at org.testng.internal.invokers.TestMethodWorker.run(TestMethodWorker.java:134)
	at java.base/java.util.ArrayList.forEach(ArrayList.java:1511)
	at org.testng.TestRunner.privateRun(TestRunner.java:739)
	at org.testng.TestRunner.run(TestRunner.java:614)
	at org.testng.SuiteRunner.runTest(SuiteRunner.java:421)
	at org.testng.SuiteRunner.runSequentially(SuiteRunner.java:413)
	at org.testng.SuiteRunner.privateRun(SuiteRunner.java:373)
	at org.testng.SuiteRunner.run(SuiteRunner.java:312)
	at org.testng.SuiteRunnerWorker.runSuite(SuiteRunnerWorker.java:52)
	at org.testng.SuiteRunnerWorker.run(SuiteRunnerWorker.java:95)
	at org.testng.TestNG.runSuitesSequentially(TestNG.java:1274)
	at org.testng.TestNG.runSuitesLocally(TestNG.java:1208)
	at org.testng.TestNG.runSuites(TestNG.java:1112)
	at org.testng.TestNG.run(TestNG.java:1079)
	at org.testng.remote.AbstractRemoteTestNG.run(AbstractRemoteTestNG.java:115)
	at org.testng.remote.RemoteTestNG.initAndRun(RemoteTestNG.java:293)
	at org.testng.remote.RemoteTestNG.main(RemoteTestNG.java:91)
</pre></div></td>
<td>0</td>
<td>pageTestEvents.GraphPageEvents@1a6f2363</td></tr>
<tr>
<td title='pageTestEvents.RegisterPageEvents.testUserRegistrationjson()'><b>testUserRegistrationjson</b><br>Test class: pageTestEvents.RegisterPageEvents<br>Parameters: 123123412, 123sA, 123sa, user name cannot be only numeric</td>
<td><div><pre>java.lang.AssertionError: expected [user name cannot be only numeric] but found [password_mismatch:The two password fields didn’t match.]
	at pageTestEvents.RegisterPageEvents.registerUser(RegisterPageEvents.java:42)
	at pageTestEvents.RegisterPageEvents.testUserRegistrationjson(RegisterPageEvents.java:76)
	at java.base/java.util.ArrayList.forEach(ArrayList.java:1511)
... Removed 31 stack frames</pre></div><a href='#' onClick='toggleBox("stack-trace1475814840", this, "Click to show all stack frames", "Click to hide stack frames")'>Click to show all stack frames</a>
<div class='stack-trace' id='stack-trace1475814840'><pre>java.lang.AssertionError: expected [user name cannot be only numeric] but found [password_mismatch:The two password fields didn’t match.]
	at org.testng.Assert.fail(Assert.java:111)
	at org.testng.Assert.failNotEquals(Assert.java:1578)
	at org.testng.Assert.assertEqualsImpl(Assert.java:150)
	at org.testng.Assert.assertEquals(Assert.java:132)
	at org.testng.Assert.assertEquals(Assert.java:656)
	at org.testng.Assert.assertEquals(Assert.java:666)
	at pageTestEvents.RegisterPageEvents.registerUser(RegisterPageEvents.java:42)
	at pageTestEvents.RegisterPageEvents.testUserRegistrationjson(RegisterPageEvents.java:76)
	at java.base/jdk.internal.reflect.DirectMethodHandleAccessor.invoke(DirectMethodHandleAccessor.java:104)
	at java.base/java.lang.reflect.Method.invoke(Method.java:578)
	at org.testng.internal.invokers.MethodInvocationHelper.invokeMethod(MethodInvocationHelper.java:141)
	at org.testng.internal.invokers.TestInvoker.invokeMethod(TestInvoker.java:686)
	at org.testng.internal.invokers.TestInvoker.retryFailed(TestInvoker.java:269)
	at org.testng.internal.invokers.MethodRunner.runInSequence(MethodRunner.java:76)
	at org.testng.internal.invokers.TestInvoker$MethodInvocationAgent.invoke(TestInvoker.java:992)
	at org.testng.internal.invokers.TestInvoker.invokeTestMethods(TestInvoker.java:203)
	at org.testng.internal.invokers.TestMethodWorker.invokeTestMethods(TestMethodWorker.java:154)
	at org.testng.internal.invokers.TestMethodWorker.run(TestMethodWorker.java:134)
	at java.base/java.util.ArrayList.forEach(ArrayList.java:1511)
	at org.testng.TestRunner.privateRun(TestRunner.java:739)
	at org.testng.TestRunner.run(TestRunner.java:614)
	at org.testng.SuiteRunner.runTest(SuiteRunner.java:421)
	at org.testng.SuiteRunner.runSequentially(SuiteRunner.java:413)
	at org.testng.SuiteRunner.privateRun(SuiteRunner.java:373)
	at org.testng.SuiteRunner.run(SuiteRunner.java:312)
	at org.testng.SuiteRunnerWorker.runSuite(SuiteRunnerWorker.java:52)
	at org.testng.SuiteRunnerWorker.run(SuiteRunnerWorker.java:95)
	at org.testng.TestNG.runSuitesSequentially(TestNG.java:1274)
	at org.testng.TestNG.runSuitesLocally(TestNG.java:1208)
	at org.testng.TestNG.runSuites(TestNG.java:1112)
	at org.testng.TestNG.run(TestNG.java:1079)
	at org.testng.remote.AbstractRemoteTestNG.run(AbstractRemoteTestNG.java:115)
	at org.testng.remote.RemoteTestNG.initAndRun(RemoteTestNG.java:293)
	at org.testng.remote.RemoteTestNG.main(RemoteTestNG.java:91)
</pre></div></td>
<td>3</td>
<td>pageTestEvents.RegisterPageEvents@21ca139c</td></tr>
</table><p>
<table width='100%' border='1' class='invocation-passed'>
<tr><td colspan='4' align='center'><b>PASSED TESTS</b></td></tr>
<tr><td><b>Test method</b></td>
<td><b>Attribute(s)</b></td>
<td width="30%"><b>Exception</b></td>
<td width="10%"><b>Time (seconds)</b></td>
<td><b>Instance</b></td>
</tr>
<tr>
<td title='pageTestEvents.GraphPageEvents.arrayPage()'><b>arrayPage</b><br>Test class: pageTestEvents.GraphPageEvents</td>
<td></td>
<td>0</td>
<td>pageTestEvents.GraphPageEvents@1a6f2363</td></tr>
<tr>
<td title='pageTestEvents.QueuePageEvents.nocodeTopic1()'><b>nocodeTopic1</b><br>Test class: pageTestEvents.QueuePageEvents</td>
<td></td>
<td>0</td>
<td>pageTestEvents.QueuePageEvents@52350abb</td></tr>
<tr>
<td title='pageTestEvents.QueuePageEvents.nocodeTopic2()'><b>nocodeTopic2</b><br>Test class: pageTestEvents.QueuePageEvents</td>
<td></td>
<td>0</td>
<td>pageTestEvents.QueuePageEvents@52350abb</td></tr>
<tr>
<td title='pageTestEvents.QueuePageEvents.nocodeTopic3()'><b>nocodeTopic3</b><br>Test class: pageTestEvents.QueuePageEvents</td>
<td></td>
<td>0</td>
<td>pageTestEvents.QueuePageEvents@52350abb</td></tr>
<tr>
<td title='pageTestEvents.TreePageEvents.validcodeTopics()'><b>validcodeTopics</b><br>Test class: pageTestEvents.TreePageEvents<br>Parameters: 4, print'Hello'</td>
<td></td>
<td>5</td>
<td>pageTestEvents.TreePageEvents@681aad3b</td></tr>
<tr>
<td title='pageTestEvents.QueuePageEvents.arrayPage()'><b>arrayPage</b><br>Test class: pageTestEvents.QueuePageEvents</td>
<td></td>
<td>0</td>
<td>pageTestEvents.QueuePageEvents@52350abb</td></tr>
<tr>
<td title='pageTestEvents.QueuePageEvents.stackPage()'><b>stackPage</b><br>Test class: pageTestEvents.QueuePageEvents</td>
<td></td>
<td>0</td>
<td>pageTestEvents.QueuePageEvents@52350abb</td></tr>
<tr>
<td title='pageTestEvents.TreePageEvents.validcodeTopics()'><b>validcodeTopics</b><br>Test class: pageTestEvents.TreePageEvents<br>Parameters: 5, print'Hello'</td>
<td></td>
<td>5</td>
<td>pageTestEvents.TreePageEvents@681aad3b</td></tr>
<tr>
<td title='pageTestEvents.ArrayPageEvents.tryHereTopics()'><b>tryHereTopics</b><br>Test class: pageTestEvents.ArrayPageEvents<br>Parameters: 2, Basic Operations in Lists</td>
<td></td>
<td>0</td>
<td>pageTestEvents.ArrayPageEvents@226f885f</td></tr>
<tr>
<td title='pageTestEvents.LinkedListPageEvents.stackPage()'><b>stackPage</b><br>Test class: pageTestEvents.LinkedListPageEvents<br>Parameters: 5, Insertion</td>
<td></td>
<td>0</td>
<td>pageTestEvents.LinkedListPageEvents@7d61eccf</td></tr>
<tr>
<td title='pageTestEvents.StackPageEvents.nocodeTopics()'><b>nocodeTopics</b><br>Test class: pageTestEvents.StackPageEvents<br>Parameters: 2, Applications</td>
<td></td>
<td>0</td>
<td>pageTestEvents.StackPageEvents@cc6460c</td></tr>
<tr>
<td title='pageTestEvents.GraphPageEvents.linkedListPageT1()'><b>linkedListPageT1</b><br>Test class: pageTestEvents.GraphPageEvents</td>
<td></td>
<td>0</td>
<td>pageTestEvents.GraphPageEvents@1a6f2363</td></tr>
<tr>
<td title='pageTestEvents.LinkedListPageEvents.validcodeTopics()'><b>validcodeTopics</b><br>Test class: pageTestEvents.LinkedListPageEvents<br>Parameters: 2, print'Hello'</td>
<td></td>
<td>0</td>
<td>pageTestEvents.LinkedListPageEvents@7d61eccf</td></tr>
<tr>
<td title='pageTestEvents.DashBoardPageEvents.validateRegister()'><b>validateRegister</b><br>Test class: pageTestEvents.DashBoardPageEvents</td>
<td></td>
<td>0</td>
<td>pageTestEvents.DashBoardPageEvents@77cf3f8b</td></tr>
<tr>
<td title='pageTestEvents.LinkedListPageEvents.topicsLinkedList()'><b>topicsLinkedList</b><br>Test class: pageTestEvents.LinkedListPageEvents<br>Parameters: 1, Creating Linked LIst</td>
<td></td>
<td>0</td>
<td>pageTestEvents.LinkedListPageEvents@7d61eccf</td></tr>
<tr>
<td title='pageTestEvents.GraphPageEvents.nocodeGraphRepresentation()'><b>nocodeGraphRepresentation</b><br>Test class: pageTestEvents.GraphPageEvents</td>
<td></td>
<td>0</td>
<td>pageTestEvents.GraphPageEvents@1a6f2363</td></tr>
<tr>
<td title='pageTestEvents.TreePageEvents.tryHereTopics()'><b>tryHereTopics</b><br>Test class: pageTestEvents.TreePageEvents<br>Parameters: 12, Implementation Of BST</td>
<td></td>
<td>0</td>
<td>pageTestEvents.TreePageEvents@681aad3b</td></tr>
<tr>
<td title='pageTestEvents.TreePageEvents.nocodeTopics()'><b>nocodeTopics</b><br>Test class: pageTestEvents.TreePageEvents<br>Parameters: 10, Applications of Binary trees</td>
<td></td>
<td>0</td>
<td>pageTestEvents.TreePageEvents@681aad3b</td></tr>
<tr>
<td title='pageTestEvents.LinkedListPageEvents.validcodeTopics()'><b>validcodeTopics</b><br>Test class: pageTestEvents.LinkedListPageEvents<br>Parameters: 3, print'Hello'</td>
<td></td>
<td>0</td>
<td>pageTestEvents.LinkedListPageEvents@7d61eccf</td></tr>
<tr>
<td title='pageTestEvents.ArrayPageEvents.nocodeTopics()'><b>nocodeTopics</b><br>Test class: pageTestEvents.ArrayPageEvents<br>Parameters: 3, Applications of Array</td>
<td></td>
<td>0</td>
<td>pageTestEvents.ArrayPageEvents@226f885f</td></tr>
<tr>
<td title='pageTestEvents.LinkedListPageEvents.stackPage()'><b>stackPage</b><br>Test class: pageTestEvents.LinkedListPageEvents<br>Parameters: 6, Deletion</td>
<td></td>
<td>0</td>
<td>pageTestEvents.LinkedListPageEvents@7d61eccf</td></tr>
<tr>
<td title='pageTestEvents.LinkedListPageEvents.nocodeTopics()'><b>nocodeTopics</b><br>Test class: pageTestEvents.LinkedListPageEvents<br>Parameters: 6, Deletion</td>
<td></td>
<td>0</td>
<td>pageTestEvents.LinkedListPageEvents@7d61eccf</td></tr>
<tr>
<td title='pageTestEvents.QueuePageEvents.arrayPageT3()'><b>arrayPageT3</b><br>Test class: pageTestEvents.QueuePageEvents</td>
<td></td>
<td>0</td>
<td>pageTestEvents.QueuePageEvents@52350abb</td></tr>
<tr>
<td title='pageTestEvents.TreePageEvents.invalidTopics()'><b>invalidTopics</b><br>Test class: pageTestEvents.TreePageEvents<br>Parameters: 3, printhello</td>
<td></td>
<td>1</td>
<td>pageTestEvents.TreePageEvents@681aad3b</td></tr>
<tr>
<td title='pageTestEvents.TreePageEvents.invalidTopics()'><b>invalidTopics</b><br>Test class: pageTestEvents.TreePageEvents<br>Parameters: 8, printhello</td>
<td></td>
<td>0</td>
<td>pageTestEvents.TreePageEvents@681aad3b</td></tr>
<tr>
<td title='pageTestEvents.TreePageEvents.validcodeTopics()'><b>validcodeTopics</b><br>Test class: pageTestEvents.TreePageEvents<br>Parameters: 9, print'Hello'</td>
<td></td>
<td>5</td>
<td>pageTestEvents.TreePageEvents@681aad3b</td></tr>
<tr>
<td title='pageTestEvents.LinkedListPageEvents.nocodeTopics()'><b>nocodeTopics</b><br>Test class: pageTestEvents.LinkedListPageEvents<br>Parameters: 2, Types of Linked List</td>
<td></td>
<td>0</td>
<td>pageTestEvents.LinkedListPageEvents@7d61eccf</td></tr>
<tr>
<td title='pageTestEvents.LinkedListPageEvents.topicsLinkedList()'><b>topicsLinkedList</b><br>Test class: pageTestEvents.LinkedListPageEvents<br>Parameters: 4, Traversal</td>
<td></td>
<td>0</td>
<td>pageTestEvents.LinkedListPageEvents@7d61eccf</td></tr>
<tr>
<td title='pageTestEvents.TreePageEvents.tryHereTopics()'><b>tryHereTopics</b><br>Test class: pageTestEvents.TreePageEvents<br>Parameters: 2, Types of Trees</td>
<td></td>
<td>0</td>
<td>pageTestEvents.TreePageEvents@681aad3b</td></tr>
<tr>
<td title='pageTestEvents.QueuePageEvents.queueDropPageT4()'><b>queueDropPageT4</b><br>Test class: pageTestEvents.QueuePageEvents</td>
<td></td>
<td>0</td>
<td>pageTestEvents.QueuePageEvents@52350abb</td></tr>
<tr>
<td title='pageTestEvents.QueuePageEvents.implementationofQueueinPythonTopic()'><b>implementationofQueueinPythonTopic</b><br>Test class: pageTestEvents.QueuePageEvents</td>
<td></td>
<td>0</td>
<td>pageTestEvents.QueuePageEvents@52350abb</td></tr>
<tr>
<td title='pageTestEvents.QueuePageEvents.validCodeT3()'><b>validCodeT3</b><br>Test class: pageTestEvents.QueuePageEvents<br>Parameters: print"Hello";, hello</td>
<td></td>
<td>2</td>
<td>pageTestEvents.QueuePageEvents@52350abb</td></tr>
<tr>
<td title='pageTestEvents.TreePageEvents.nocodeTopics()'><b>nocodeTopics</b><br>Test class: pageTestEvents.TreePageEvents<br>Parameters: 6, Types of Binary Trees</td>
<td></td>
<td>0</td>
<td>pageTestEvents.TreePageEvents@681aad3b</td></tr>
<tr>
<td title='pageTestEvents.GraphPageEvents.stackPageT2()'><b>stackPageT2</b><br>Test class: pageTestEvents.GraphPageEvents</td>
<td></td>
<td>0</td>
<td>pageTestEvents.GraphPageEvents@1a6f2363</td></tr>
<tr>
<td title='pageTestEvents.SignInPageEvents.testSignInInvalidData()'><b>testSignInInvalidData</b><br>Test class: pageTestEvents.SignInPageEvents<br>Parameters: !!!@@##$$, !!!@@##$$$$$, Invalid Username and Password</td>
<td></td>
<td>0</td>
<td>pageTestEvents.SignInPageEvents@1df98368</td></tr>
<tr>
<td title='pageTestEvents.GraphPageEvents.graphRepresentationTopic()'><b>graphRepresentationTopic</b><br>Test class: pageTestEvents.GraphPageEvents</td>
<td></td>
<td>0</td>
<td>pageTestEvents.GraphPageEvents@1a6f2363</td></tr>
<tr>
<td title='pageTestEvents.ArrayPageEvents.tryHereTopics()'><b>tryHereTopics</b><br>Test class: pageTestEvents.ArrayPageEvents<br>Parameters: 1, Arrays Using List</td>
<td></td>
<td>0</td>
<td>pageTestEvents.ArrayPageEvents@226f885f</td></tr>
<tr>
<td title='pageTestEvents.StackPageEvents.topicsStack()'><b>topicsStack</b><br>Test class: pageTestEvents.StackPageEvents<br>Parameters: 1, Implementation</td>
<td></td>
<td>0</td>
<td>pageTestEvents.StackPageEvents@cc6460c</td></tr>
<tr>
<td title='pageTestEvents.LinkedListPageEvents.arrayPage()'><b>arrayPage</b><br>Test class: pageTestEvents.LinkedListPageEvents<br>Parameters: 5, Insertion</td>
<td></td>
<td>0</td>
<td>pageTestEvents.LinkedListPageEvents@7d61eccf</td></tr>
<tr>
<td title='pageTestEvents.TreePageEvents.topicsTree()'><b>topicsTree</b><br>Test class: pageTestEvents.TreePageEvents<br>Parameters: 1, Terminologies</td>
<td></td>
<td>0</td>
<td>pageTestEvents.TreePageEvents@681aad3b</td></tr>
<tr>
<td title='pageTestEvents.TreePageEvents.validcodeTopics()'><b>validcodeTopics</b><br>Test class: pageTestEvents.TreePageEvents<br>Parameters: 1, print'Hello'</td>
<td></td>
<td>5</td>
<td>pageTestEvents.TreePageEvents@681aad3b</td></tr>
<tr>
<td title='pageTestEvents.QueuePageEvents.implementationusingcollectionsdequeTopic()'><b>implementationusingcollectionsdequeTopic</b><br>Test class: pageTestEvents.QueuePageEvents</td>
<td></td>
<td>0</td>
<td>pageTestEvents.QueuePageEvents@52350abb</td></tr>
<tr>
<td title='pageTestEvents.TreePageEvents.nocodeTopics()'><b>nocodeTopics</b><br>Test class: pageTestEvents.TreePageEvents<br>Parameters: 11, Binary Search Trees</td>
<td></td>
<td>0</td>
<td>pageTestEvents.TreePageEvents@681aad3b</td></tr>
<tr>
<td title='pageTestEvents.QueuePageEvents.invalidCodeT2()'><b>invalidCodeT2</b><br>Test class: pageTestEvents.QueuePageEvents<br>Parameters: print"Hello";, hello</td>
<td></td>
<td>6</td>
<td>pageTestEvents.QueuePageEvents@52350abb</td></tr>
<tr>
<td title='pageTestEvents.ArrayPageEvents.topicsArray()'><b>topicsArray</b><br>Test class: pageTestEvents.ArrayPageEvents<br>Parameters: 0, Arrays in Python</td>
<td></td>
<td>0</td>
<td>pageTestEvents.ArrayPageEvents@226f885f</td></tr>
<tr>
<td title='pageTestEvents.DashBoardPageEvents.testDataStructures()'><b>testDataStructures</b><br>Test class: pageTestEvents.DashBoardPageEvents<br>Parameters: {type=Linked List, index=1}</td>
<td></td>
<td>0</td>
<td>pageTestEvents.DashBoardPageEvents@77cf3f8b</td></tr>
<tr>
<td title='pageTestEvents.DashBoardPageEvents.validateDsAlgoDropdownItems()'><b>validateDsAlgoDropdownItems</b><br>Test class: pageTestEvents.DashBoardPageEvents</td>
<td></td>
<td>0</td>
<td>pageTestEvents.DashBoardPageEvents@77cf3f8b</td></tr>
<tr>
<td title='pageTestEvents.GraphPageEvents.nocodeGraph()'><b>nocodeGraph</b><br>Test class: pageTestEvents.GraphPageEvents</td>
<td></td>
<td>0</td>
<td>pageTestEvents.GraphPageEvents@1a6f2363</td></tr>
<tr>
<td title='pageTestEvents.LinkedListPageEvents.linkedListPageDropdn()'><b>linkedListPageDropdn</b><br>Test class: pageTestEvents.LinkedListPageEvents<br>Parameters: 1, Creating Linked LIst</td>
<td></td>
<td>0</td>
<td>pageTestEvents.LinkedListPageEvents@7d61eccf</td></tr>
<tr>
<td title='pageTestEvents.QueuePageEvents.invalidCodeT4()'><b>invalidCodeT4</b><br>Test class: pageTestEvents.QueuePageEvents<br>Parameters: print"Hello";, hello</td>
<td></td>
<td>5</td>
<td>pageTestEvents.QueuePageEvents@52350abb</td></tr>
<tr>
<td title='pageTestEvents.GraphPageEvents.treePageT1()'><b>treePageT1</b><br>Test class: pageTestEvents.GraphPageEvents</td>
<td></td>
<td>0</td>
<td>pageTestEvents.GraphPageEvents@1a6f2363</td></tr>
<tr>
<td title='pageTestEvents.TreePageEvents.tryHereTopics()'><b>tryHereTopics</b><br>Test class: pageTestEvents.TreePageEvents<br>Parameters: 1, Terminologies</td>
<td></td>
<td>0</td>
<td>pageTestEvents.TreePageEvents@681aad3b</td></tr>
<tr>
<td title='pageTestEvents.TreePageEvents.invalidTopics()'><b>invalidTopics</b><br>Test class: pageTestEvents.TreePageEvents<br>Parameters: 9, printhello</td>
<td></td>
<td>0</td>
<td>pageTestEvents.TreePageEvents@681aad3b</td></tr>
<tr>
<td title='pageTestEvents.TreePageEvents.tryHereTopics()'><b>tryHereTopics</b><br>Test class: pageTestEvents.TreePageEvents<br>Parameters: 9, Implementation of Binary Trees</td>
<td></td>
<td>0</td>
<td>pageTestEvents.TreePageEvents@681aad3b</td></tr>
<tr>
<td title='pageTestEvents.LinkedListPageEvents.queuePage()'><b>queuePage</b><br>Test class: pageTestEvents.LinkedListPageEvents<br>Parameters: 1, Creating Linked LIst</td>
<td></td>
<td>0</td>
<td>pageTestEvents.LinkedListPageEvents@7d61eccf</td></tr>
<tr>
<td title='pageTestEvents.RegisterPageEvents.testUserRegistrationjson()'><b>testUserRegistrationjson</b><br>Test class: pageTestEvents.RegisterPageEvents<br>Parameters: , , , Please enter User Name, Password and Confirm Password</td>
<td></td>
<td>1</td>
<td>pageTestEvents.RegisterPageEvents@21ca139c</td></tr>
<tr>
<td title='pageTestEvents.ArrayPageEvents.nocodeTopics()'><b>nocodeTopics</b><br>Test class: pageTestEvents.ArrayPageEvents<br>Parameters: 0, Arrays in Python</td>
<td></td>
<td>0</td>
<td>pageTestEvents.ArrayPageEvents@226f885f</td></tr>
<tr>
<td title='pageTestEvents.QueuePageEvents.graphPageT4()'><b>graphPageT4</b><br>Test class: pageTestEvents.QueuePageEvents</td>
<td></td>
<td>0</td>
<td>pageTestEvents.QueuePageEvents@52350abb</td></tr>
<tr>
<td title='pageTestEvents.LinkedListPageEvents.graphPage()'><b>graphPage</b><br>Test class: pageTestEvents.LinkedListPageEvents<br>Parameters: 3, Implement Linked List in Python</td>
<td></td>
<td>0</td>
<td>pageTestEvents.LinkedListPageEvents@7d61eccf</td></tr>
<tr>
<td title='pageTestEvents.TreePageEvents.nocodeTopics()'><b>nocodeTopics</b><br>Test class: pageTestEvents.TreePageEvents<br>Parameters: 0, Overview of Trees</td>
<td></td>
<td>0</td>
<td>pageTestEvents.TreePageEvents@681aad3b</td></tr>
<tr>
<td title='pageTestEvents.StackPageEvents.nocodeTopics()'><b>nocodeTopics</b><br>Test class: pageTestEvents.StackPageEvents<br>Parameters: 0, Operations in Stack</td>
<td></td>
<td>0</td>
<td>pageTestEvents.StackPageEvents@cc6460c</td></tr>
<tr>
<td title='pageTestEvents.ArrayPageEvents.tryHereTopics()'><b>tryHereTopics</b><br>Test class: pageTestEvents.ArrayPageEvents<br>Parameters: 3, Applications of Array</td>
<td></td>
<td>0</td>
<td>pageTestEvents.ArrayPageEvents@226f885f</td></tr>
<tr>
<td title='pageTestEvents.TreePageEvents.validcodeTopics()'><b>validcodeTopics</b><br>Test class: pageTestEvents.TreePageEvents<br>Parameters: 3, print'Hello'</td>
<td></td>
<td>5</td>
<td>pageTestEvents.TreePageEvents@681aad3b</td></tr>
<tr>
<td title='pageTestEvents.TreePageEvents.topicsTree()'><b>topicsTree</b><br>Test class: pageTestEvents.TreePageEvents<br>Parameters: 7, Implementation in Python</td>
<td></td>
<td>0</td>
<td>pageTestEvents.TreePageEvents@681aad3b</td></tr>
<tr>
<td title='pageTestEvents.SignInPageEvents.testSignInInvalidData()'><b>testSignInInvalidData</b><br>Test class: pageTestEvents.SignInPageEvents<br>Parameters: username, sdet175batch, Invalid Username and Password</td>
<td></td>
<td>0</td>
<td>pageTestEvents.SignInPageEvents@1df98368</td></tr>
<tr>
<td title='pageTestEvents.QueuePageEvents.linkedListPageT1()'><b>linkedListPageT1</b><br>Test class: pageTestEvents.QueuePageEvents</td>
<td></td>
<td>0</td>
<td>pageTestEvents.QueuePageEvents@52350abb</td></tr>
<tr>
<td title='pageTestEvents.DashBoardPageEvents.testDSwithoutSignIn()'><b>testDSwithoutSignIn</b><br>Test class: pageTestEvents.DashBoardPageEvents<br>Parameters: {type=Arrays, index=0}</td>
<td></td>
<td>0</td>
<td>pageTestEvents.DashBoardPageEvents@77cf3f8b</td></tr>
<tr>
<td title='pageTestEvents.LinkedListPageEvents.invalidTopics()'><b>invalidTopics</b><br>Test class: pageTestEvents.LinkedListPageEvents<br>Parameters: 4, printhello</td>
<td></td>
<td>0</td>
<td>pageTestEvents.LinkedListPageEvents@7d61eccf</td></tr>
<tr>
<td title='pageTestEvents.TreePageEvents.invalidTopics()'><b>invalidTopics</b><br>Test class: pageTestEvents.TreePageEvents<br>Parameters: 4, printhello</td>
<td></td>
<td>1</td>
<td>pageTestEvents.TreePageEvents@681aad3b</td></tr>
<tr>
<td title='pageTestEvents.TreePageEvents.nocodeTopics()'><b>nocodeTopics</b><br>Test class: pageTestEvents.TreePageEvents<br>Parameters: 3, Tree Traversals</td>
<td></td>
<td>0</td>
<td>pageTestEvents.TreePageEvents@681aad3b</td></tr>
<tr>
<td title='pageTestEvents.DashBoardPageEvents.testDSwithoutSignIn()'><b>testDSwithoutSignIn</b><br>Test class: pageTestEvents.DashBoardPageEvents<br>Parameters: {type=Linked List, index=1}</td>
<td></td>
<td>0</td>
<td>pageTestEvents.DashBoardPageEvents@77cf3f8b</td></tr>
<tr>
<td title='pageTestEvents.StackPageEvents.topicsStack()'><b>topicsStack</b><br>Test class: pageTestEvents.StackPageEvents<br>Parameters: 2, Applications</td>
<td></td>
<td>0</td>
<td>pageTestEvents.StackPageEvents@cc6460c</td></tr>
<tr>
<td title='pageTestEvents.TreePageEvents.topicsTree()'><b>topicsTree</b><br>Test class: pageTestEvents.TreePageEvents<br>Parameters: 10, Applications of Binary trees</td>
<td></td>
<td>0</td>
<td>pageTestEvents.TreePageEvents@681aad3b</td></tr>
<tr>
<td title='pageTestEvents.GraphPageEvents.stackPageT1()'><b>stackPageT1</b><br>Test class: pageTestEvents.GraphPageEvents</td>
<td></td>
<td>0</td>
<td>pageTestEvents.GraphPageEvents@1a6f2363</td></tr>
<tr>
<td title='pageTestEvents.ArrayPageEvents.invalidTopics()'><b>invalidTopics</b><br>Test class: pageTestEvents.ArrayPageEvents<br>Parameters: 0, printhello</td>
<td></td>
<td>1</td>
<td>pageTestEvents.ArrayPageEvents@226f885f</td></tr>
<tr>
<td title='pageTestEvents.LinkedListPageEvents.invalidTopics()'><b>invalidTopics</b><br>Test class: pageTestEvents.LinkedListPageEvents<br>Parameters: 5, printhello</td>
<td></td>
<td>1</td>
<td>pageTestEvents.LinkedListPageEvents@7d61eccf</td></tr>
<tr>
<td title='pageTestEvents.QueuePageEvents.implementationusingarrayTopic()'><b>implementationusingarrayTopic</b><br>Test class: pageTestEvents.QueuePageEvents</td>
<td></td>
<td>0</td>
<td>pageTestEvents.QueuePageEvents@52350abb</td></tr>
<tr>
<td title='pageTestEvents.TreePageEvents.invalidTopics()'><b>invalidTopics</b><br>Test class: pageTestEvents.TreePageEvents<br>Parameters: 12, printhello</td>
<td></td>
<td>0</td>
<td>pageTestEvents.TreePageEvents@681aad3b</td></tr>
<tr>
<td title='pageTestEvents.LinkedListPageEvents.tryHereTopics()'><b>tryHereTopics</b><br>Test class: pageTestEvents.LinkedListPageEvents<br>Parameters: 4, Traversal</td>
<td></td>
<td>0</td>
<td>pageTestEvents.LinkedListPageEvents@7d61eccf</td></tr>
<tr>
<td title='pageTestEvents.SignInPageEvents.testSignInInvalidData()'><b>testSignInInvalidData</b><br>Test class: pageTestEvents.SignInPageEvents<br>Parameters: Numpysdet175, user, Invalid Username and Password</td>
<td></td>
<td>0</td>
<td>pageTestEvents.SignInPageEvents@1df98368</td></tr>
<tr>
<td title='pageTestEvents.ArrayPageEvents.validcodeTopics()'><b>validcodeTopics</b><br>Test class: pageTestEvents.ArrayPageEvents<br>Parameters: 1, print'Hello'</td>
<td></td>
<td>0</td>
<td>pageTestEvents.ArrayPageEvents@226f885f</td></tr>
<tr>
<td title='pageTestEvents.LinkedListPageEvents.linkedListPageDropdn()'><b>linkedListPageDropdn</b><br>Test class: pageTestEvents.LinkedListPageEvents<br>Parameters: 6, Deletion</td>
<td></td>
<td>0</td>
<td>pageTestEvents.LinkedListPageEvents@7d61eccf</td></tr>
<tr>
<td title='pageTestEvents.QueuePageEvents.queueOperationsTopic()'><b>queueOperationsTopic</b><br>Test class: pageTestEvents.QueuePageEvents</td>
<td></td>
<td>0</td>
<td>pageTestEvents.QueuePageEvents@52350abb</td></tr>
<tr>
<td title='pageTestEvents.LinkedListPageEvents.linkedListPageDropdn()'><b>linkedListPageDropdn</b><br>Test class: pageTestEvents.LinkedListPageEvents<br>Parameters: 3, Implement Linked List in Python</td>
<td></td>
<td>0</td>
<td>pageTestEvents.LinkedListPageEvents@7d61eccf</td></tr>
<tr>
<td title='pageTestEvents.LinkedListPageEvents.nocodeTopics()'><b>nocodeTopics</b><br>Test class: pageTestEvents.LinkedListPageEvents<br>Parameters: 1, Creating Linked LIst</td>
<td></td>
<td>0</td>
<td>pageTestEvents.LinkedListPageEvents@7d61eccf</td></tr>
<tr>
<td title='pageTestEvents.LandingPageEvents.getStartedBtn()'><b>getStartedBtn</b><br>Test class: pageTestEvents.LandingPageEvents</td>
<td></td>
<td>0</td>
<td>pageTestEvents.LandingPageEvents@4628b1d3</td></tr>
<tr>
<td title='pageTestEvents.TreePageEvents.tryHereTopics()'><b>tryHereTopics</b><br>Test class: pageTestEvents.TreePageEvents<br>Parameters: 0, Overview of Trees</td>
<td></td>
<td>0</td>
<td>pageTestEvents.TreePageEvents@681aad3b</td></tr>
<tr>
<td title='pageTestEvents.LinkedListPageEvents.tryHereTopics()'><b>tryHereTopics</b><br>Test class: pageTestEvents.LinkedListPageEvents<br>Parameters: 1, Creating Linked LIst</td>
<td></td>
<td>0</td>
<td>pageTestEvents.LinkedListPageEvents@7d61eccf</td></tr>
<tr>
<td title='pageTestEvents.RegisterPageEvents.testUserRegistration()'><b>testUserRegistration</b><br>Test class: pageTestEvents.RegisterPageEvents<br>Parameters: Scrutinizers, , , Please fill out this field.below Password</td>
<td></td>
<td>1</td>
<td>pageTestEvents.RegisterPageEvents@21ca139c</td></tr>
<tr>
<td title='pageTestEvents.TreePageEvents.topicsTree()'><b>topicsTree</b><br>Test class: pageTestEvents.TreePageEvents<br>Parameters: 6, Types of Binary Trees</td>
<td></td>
<td>0</td>
<td>pageTestEvents.TreePageEvents@681aad3b</td></tr>
<tr>
<td title='pageTestEvents.LinkedListPageEvents.stackPage()'><b>stackPage</b><br>Test class: pageTestEvents.LinkedListPageEvents<br>Parameters: 2, Types of Linked List</td>
<td></td>
<td>0</td>
<td>pageTestEvents.LinkedListPageEvents@7d61eccf</td></tr>
<tr>
<td title='pageTestEvents.QueuePageEvents.treePageT4()'><b>treePageT4</b><br>Test class: pageTestEvents.QueuePageEvents</td>
<td></td>
<td>0</td>
<td>pageTestEvents.QueuePageEvents@52350abb</td></tr>
<tr>
<td title='pageTestEvents.RegisterPageEvents.testUserRegistrationjson()'><b>testUserRegistrationjson</b><br>Test class: pageTestEvents.RegisterPageEvents<br>Parameters: Scrutinizers, Numpysdet176, Numpysdet176!, password_mismatch:The two password fields didn’t match.</td>
<td></td>
<td>4</td>
<td>pageTestEvents.RegisterPageEvents@21ca139c</td></tr>
<tr>
<td title='pageTestEvents.LinkedListPageEvents.queuePage()'><b>queuePage</b><br>Test class: pageTestEvents.LinkedListPageEvents<br>Parameters: 4, Traversal</td>
<td></td>
<td>0</td>
<td>pageTestEvents.LinkedListPageEvents@7d61eccf</td></tr>
<tr>
<td title='pageTestEvents.ArrayPageEvents.tryHereTopics()'><b>tryHereTopics</b><br>Test class: pageTestEvents.ArrayPageEvents<br>Parameters: 0, Arrays in Python</td>
<td></td>
<td>0</td>
<td>pageTestEvents.ArrayPageEvents@226f885f</td></tr>
<tr>
<td title='pageTestEvents.LinkedListPageEvents.invalidTopics()'><b>invalidTopics</b><br>Test class: pageTestEvents.LinkedListPageEvents<br>Parameters: 3, printhello</td>
<td></td>
<td>0</td>
<td>pageTestEvents.LinkedListPageEvents@7d61eccf</td></tr>
<tr>
<td title='pageTestEvents.QueuePageEvents.invalidCodeT1()'><b>invalidCodeT1</b><br>Test class: pageTestEvents.QueuePageEvents<br>Parameters: print"Hello";, hello</td>
<td></td>
<td>6</td>
<td>pageTestEvents.QueuePageEvents@52350abb</td></tr>
<tr>
<td title='pageTestEvents.TreePageEvents.invalidTopics()'><b>invalidTopics</b><br>Test class: pageTestEvents.TreePageEvents<br>Parameters: 0, printhello</td>
<td></td>
<td>0</td>
<td>pageTestEvents.TreePageEvents@681aad3b</td></tr>
<tr>
<td title='pageTestEvents.ArrayPageEvents.validcodeTopics()'><b>validcodeTopics</b><br>Test class: pageTestEvents.ArrayPageEvents<br>Parameters: 0, print'Hello'</td>
<td></td>
<td>0</td>
<td>pageTestEvents.ArrayPageEvents@226f885f</td></tr>
<tr>
<td title='pageTestEvents.QueuePageEvents.arrayPageT2()'><b>arrayPageT2</b><br>Test class: pageTestEvents.QueuePageEvents</td>
<td></td>
<td>0</td>
<td>pageTestEvents.QueuePageEvents@52350abb</td></tr>
<tr>
<td title='pageTestEvents.LinkedListPageEvents.graphPage()'><b>graphPage</b><br>Test class: pageTestEvents.LinkedListPageEvents<br>Parameters: 4, Traversal</td>
<td></td>
<td>0</td>
<td>pageTestEvents.LinkedListPageEvents@7d61eccf</td></tr>
<tr>
<td title='pageTestEvents.DashBoardPageEvents.testDSwithoutSignIn()'><b>testDSwithoutSignIn</b><br>Test class: pageTestEvents.DashBoardPageEvents<br>Parameters: {type=Tree, index=4}</td>
<td></td>
<td>0</td>
<td>pageTestEvents.DashBoardPageEvents@77cf3f8b</td></tr>
<tr>
<td title='pageTestEvents.LandingPageEvents.testHomePageTitle()'><b>testHomePageTitle</b><br>Test class: pageTestEvents.LandingPageEvents</td>
<td></td>
<td>0</td>
<td>pageTestEvents.LandingPageEvents@4628b1d3</td></tr>
<tr>
<td title='pageTestEvents.ArrayPageEvents.validcodeTopics()'><b>validcodeTopics</b><br>Test class: pageTestEvents.ArrayPageEvents<br>Parameters: 3, print'Hello'</td>
<td></td>
<td>0</td>
<td>pageTestEvents.ArrayPageEvents@226f885f</td></tr>
<tr>
<td title='pageTestEvents.ArrayPageEvents.getArrayTopicCodeExcelData()'><b>getArrayTopicCodeExcelData</b><br>Test class: pageTestEvents.ArrayPageEvents<br>Parameters: Applications of Array, print"Hello";, Hello</td>
<td></td>
<td>0</td>
<td>pageTestEvents.ArrayPageEvents@226f885f</td></tr>
<tr>
<td title='pageTestEvents.DashBoardPageEvents.testDSwithoutSignIn()'><b>testDSwithoutSignIn</b><br>Test class: pageTestEvents.DashBoardPageEvents<br>Parameters: {type=Graph, index=5}</td>
<td></td>
<td>0</td>
<td>pageTestEvents.DashBoardPageEvents@77cf3f8b</td></tr>
<tr>
<td title='pageTestEvents.TreePageEvents.topicsTree()'><b>topicsTree</b><br>Test class: pageTestEvents.TreePageEvents<br>Parameters: 0, Overview of Trees</td>
<td></td>
<td>0</td>
<td>pageTestEvents.TreePageEvents@681aad3b</td></tr>
<tr>
<td title='pageTestEvents.LinkedListPageEvents.queuePage()'><b>queuePage</b><br>Test class: pageTestEvents.LinkedListPageEvents<br>Parameters: 3, Implement Linked List in Python</td>
<td></td>
<td>0</td>
<td>pageTestEvents.LinkedListPageEvents@7d61eccf</td></tr>
<tr>
<td title='pageTestEvents.LinkedListPageEvents.invalidTopics()'><b>invalidTopics</b><br>Test class: pageTestEvents.LinkedListPageEvents<br>Parameters: 2, printhello</td>
<td></td>
<td>1</td>
<td>pageTestEvents.LinkedListPageEvents@7d61eccf</td></tr>
<tr>
<td title='pageTestEvents.TreePageEvents.validcodeTopics()'><b>validcodeTopics</b><br>Test class: pageTestEvents.TreePageEvents<br>Parameters: 2, print'Hello'</td>
<td></td>
<td>5</td>
<td>pageTestEvents.TreePageEvents@681aad3b</td></tr>
<tr>
<td title='pageTestEvents.GraphPageEvents.arrayPageT2()'><b>arrayPageT2</b><br>Test class: pageTestEvents.GraphPageEvents</td>
<td></td>
<td>0</td>
<td>pageTestEvents.GraphPageEvents@1a6f2363</td></tr>
<tr>
<td title='pageTestEvents.TreePageEvents.invalidTopics()'><b>invalidTopics</b><br>Test class: pageTestEvents.TreePageEvents<br>Parameters: 2, printhello</td>
<td></td>
<td>0</td>
<td>pageTestEvents.TreePageEvents@681aad3b</td></tr>
<tr>
<td title='pageTestEvents.LinkedListPageEvents.tryHereTopics()'><b>tryHereTopics</b><br>Test class: pageTestEvents.LinkedListPageEvents<br>Parameters: 3, Implement Linked List in Python</td>
<td></td>
<td>0</td>
<td>pageTestEvents.LinkedListPageEvents@7d61eccf</td></tr>
<tr>
<td title='pageTestEvents.ArrayPageEvents.validcodeTopics()'><b>validcodeTopics</b><br>Test class: pageTestEvents.ArrayPageEvents<br>Parameters: 2, print'Hello'</td>
<td></td>
<td>0</td>
<td>pageTestEvents.ArrayPageEvents@226f885f</td></tr>
<tr>
<td title='pageTestEvents.LinkedListPageEvents.validcodeTopics()'><b>validcodeTopics</b><br>Test class: pageTestEvents.LinkedListPageEvents<br>Parameters: 4, print'Hello'</td>
<td></td>
<td>0</td>
<td>pageTestEvents.LinkedListPageEvents@7d61eccf</td></tr>
<tr>
<td title='pageTestEvents.LinkedListPageEvents.validcodeTopics()'><b>validcodeTopics</b><br>Test class: pageTestEvents.LinkedListPageEvents<br>Parameters: 5, print'Hello'</td>
<td></td>
<td>0</td>
<td>pageTestEvents.LinkedListPageEvents@7d61eccf</td></tr>
<tr>
<td title='pageTestEvents.LinkedListPageEvents.treePage()'><b>treePage</b><br>Test class: pageTestEvents.LinkedListPageEvents<br>Parameters: 4, Traversal</td>
<td></td>
<td>1</td>
<td>pageTestEvents.LinkedListPageEvents@7d61eccf</td></tr>
<tr>
<td title='pageTestEvents.LinkedListPageEvents.linkedListPageDropdn()'><b>linkedListPageDropdn</b><br>Test class: pageTestEvents.LinkedListPageEvents<br>Parameters: 5, Insertion</td>
<td></td>
<td>0</td>
<td>pageTestEvents.LinkedListPageEvents@7d61eccf</td></tr>
<tr>
<td title='pageTestEvents.LinkedListPageEvents.tryHereTopics()'><b>tryHereTopics</b><br>Test class: pageTestEvents.LinkedListPageEvents<br>Parameters: 6, Deletion</td>
<td></td>
<td>0</td>
<td>pageTestEvents.LinkedListPageEvents@7d61eccf</td></tr>
<tr>
<td title='pageTestEvents.GraphPageEvents.treePage()'><b>treePage</b><br>Test class: pageTestEvents.GraphPageEvents</td>
<td></td>
<td>0</td>
<td>pageTestEvents.GraphPageEvents@1a6f2363</td></tr>
<tr>
<td title='pageTestEvents.ArrayPageEvents.invalidTopics()'><b>invalidTopics</b><br>Test class: pageTestEvents.ArrayPageEvents<br>Parameters: 3, printhello</td>
<td></td>
<td>0</td>
<td>pageTestEvents.ArrayPageEvents@226f885f</td></tr>
<tr>
<td title='pageTestEvents.GraphPageEvents.queuePageT1()'><b>queuePageT1</b><br>Test class: pageTestEvents.GraphPageEvents</td>
<td></td>
<td>0</td>
<td>pageTestEvents.GraphPageEvents@1a6f2363</td></tr>
<tr>
<td title='pageTestEvents.QueuePageEvents.graphPageT2()'><b>graphPageT2</b><br>Test class: pageTestEvents.QueuePageEvents</td>
<td></td>
<td>0</td>
<td>pageTestEvents.QueuePageEvents@52350abb</td></tr>
<tr>
<td title='pageTestEvents.TreePageEvents.validcodeTopics()'><b>validcodeTopics</b><br>Test class: pageTestEvents.TreePageEvents<br>Parameters: 6, print'Hello'</td>
<td></td>
<td>6</td>
<td>pageTestEvents.TreePageEvents@681aad3b</td></tr>
<tr>
<td title='pageTestEvents.QueuePageEvents.tryHereTopic2()'><b>tryHereTopic2</b><br>Test class: pageTestEvents.QueuePageEvents</td>
<td></td>
<td>0</td>
<td>pageTestEvents.QueuePageEvents@52350abb</td></tr>
<tr>
<td title='pageTestEvents.TreePageEvents.validcodeTopics()'><b>validcodeTopics</b><br>Test class: pageTestEvents.TreePageEvents<br>Parameters: 11, print'Hello'</td>
<td></td>
<td>5</td>
<td>pageTestEvents.TreePageEvents@681aad3b</td></tr>
<tr>
<td title='pageTestEvents.DashBoardPageEvents.validateSignIn()'><b>validateSignIn</b><br>Test class: pageTestEvents.DashBoardPageEvents</td>
<td></td>
<td>0</td>
<td>pageTestEvents.DashBoardPageEvents@77cf3f8b</td></tr>
<tr>
<td title='pageTestEvents.RegisterPageEvents.testUserRegistrationjson()'><b>testUserRegistrationjson</b><br>Test class: pageTestEvents.RegisterPageEvents<br>Parameters: Scrutinizers, , , Please fill out this field.below Password</td>
<td></td>
<td>1</td>
<td>pageTestEvents.RegisterPageEvents@21ca139c</td></tr>
<tr>
<td title='pageTestEvents.GraphPageEvents.invalidCodeGraphRep()'><b>invalidCodeGraphRep</b><br>Test class: pageTestEvents.GraphPageEvents<br>Parameters: print"Hello";, hello</td>
<td></td>
<td>5</td>
<td>pageTestEvents.GraphPageEvents@1a6f2363</td></tr>
<tr>
<td title='pageTestEvents.LinkedListPageEvents.validcodeTopics()'><b>validcodeTopics</b><br>Test class: pageTestEvents.LinkedListPageEvents<br>Parameters: 1, print'Hello'</td>
<td></td>
<td>0</td>
<td>pageTestEvents.LinkedListPageEvents@7d61eccf</td></tr>
<tr>
<td title='pageTestEvents.LinkedListPageEvents.queuePage()'><b>queuePage</b><br>Test class: pageTestEvents.LinkedListPageEvents<br>Parameters: 0, Introduction</td>
<td></td>
<td>0</td>
<td>pageTestEvents.LinkedListPageEvents@7d61eccf</td></tr>
<tr>
<td title='pageTestEvents.LinkedListPageEvents.stackPage()'><b>stackPage</b><br>Test class: pageTestEvents.LinkedListPageEvents<br>Parameters: 3, Implement Linked List in Python</td>
<td></td>
<td>0</td>
<td>pageTestEvents.LinkedListPageEvents@7d61eccf</td></tr>
<tr>
<td title='pageTestEvents.LinkedListPageEvents.topicsLinkedList()'><b>topicsLinkedList</b><br>Test class: pageTestEvents.LinkedListPageEvents<br>Parameters: 6, Deletion</td>
<td></td>
<td>0</td>
<td>pageTestEvents.LinkedListPageEvents@7d61eccf</td></tr>
<tr>
<td title='pageTestEvents.LinkedListPageEvents.stackPage()'><b>stackPage</b><br>Test class: pageTestEvents.LinkedListPageEvents<br>Parameters: 0, Introduction</td>
<td></td>
<td>0</td>
<td>pageTestEvents.LinkedListPageEvents@7d61eccf</td></tr>
<tr>
<td title='pageTestEvents.SignInPageEvents.testSignInInvalidData()'><b>testSignInInvalidData</b><br>Test class: pageTestEvents.SignInPageEvents<br>Parameters: Numpysdet175, , Please fill out this field.</td>
<td></td>
<td>0</td>
<td>pageTestEvents.SignInPageEvents@1df98368</td></tr>
<tr>
<td title='pageTestEvents.ArrayPageEvents.topicsArray()'><b>topicsArray</b><br>Test class: pageTestEvents.ArrayPageEvents<br>Parameters: 2, Basic Operations in Lists</td>
<td></td>
<td>0</td>
<td>pageTestEvents.ArrayPageEvents@226f885f</td></tr>
<tr>
<td title='pageTestEvents.ArrayPageEvents.invalidTopics()'><b>invalidTopics</b><br>Test class: pageTestEvents.ArrayPageEvents<br>Parameters: 1, printhello</td>
<td></td>
<td>0</td>
<td>pageTestEvents.ArrayPageEvents@226f885f</td></tr>
<tr>
<td title='pageTestEvents.StackPageEvents.nocodeTopics()'><b>nocodeTopics</b><br>Test class: pageTestEvents.StackPageEvents<br>Parameters: 1, Implementation</td>
<td></td>
<td>0</td>
<td>pageTestEvents.StackPageEvents@cc6460c</td></tr>
<tr>
<td title='pageTestEvents.QueuePageEvents.queueDropPage()'><b>queueDropPage</b><br>Test class: pageTestEvents.QueuePageEvents</td>
<td></td>
<td>0</td>
<td>pageTestEvents.QueuePageEvents@52350abb</td></tr>
<tr>
<td title='pageTestEvents.GraphPageEvents.graphDdropDownT1()'><b>graphDdropDownT1</b><br>Test class: pageTestEvents.GraphPageEvents</td>
<td></td>
<td>0</td>
<td>pageTestEvents.GraphPageEvents@1a6f2363</td></tr>
<tr>
<td title='pageTestEvents.DashBoardPageEvents.testDataStructures()'><b>testDataStructures</b><br>Test class: pageTestEvents.DashBoardPageEvents<br>Parameters: {type=Tree, index=4}</td>
<td></td>
<td>0</td>
<td>pageTestEvents.DashBoardPageEvents@77cf3f8b</td></tr>
<tr>
<td title='pageTestEvents.StackPageEvents.validcodeTopics()'><b>validcodeTopics</b><br>Test class: pageTestEvents.StackPageEvents<br>Parameters: 1, print"Hello";</td>
<td></td>
<td>0</td>
<td>pageTestEvents.StackPageEvents@cc6460c</td></tr>
<tr>
<td title='pageTestEvents.TreePageEvents.invalidTopics()'><b>invalidTopics</b><br>Test class: pageTestEvents.TreePageEvents<br>Parameters: 6, printhello</td>
<td></td>
<td>1</td>
<td>pageTestEvents.TreePageEvents@681aad3b</td></tr>
<tr>
<td title='pageTestEvents.LinkedListPageEvents.treePage()'><b>treePage</b><br>Test class: pageTestEvents.LinkedListPageEvents<br>Parameters: 6, Deletion</td>
<td></td>
<td>0</td>
<td>pageTestEvents.LinkedListPageEvents@7d61eccf</td></tr>
<tr>
<td title='pageTestEvents.GraphPageEvents.validCodeGraphRep()'><b>validCodeGraphRep</b><br>Test class: pageTestEvents.GraphPageEvents<br>Parameters: print"Hello";, hello</td>
<td></td>
<td>5</td>
<td>pageTestEvents.GraphPageEvents@1a6f2363</td></tr>
<tr>
<td title='pageTestEvents.SignInPageEvents.testSignInInvalidData()'><b>testSignInInvalidData</b><br>Test class: pageTestEvents.SignInPageEvents<br>Parameters: , qwer123, Please fill out this field.</td>
<td></td>
<td>0</td>
<td>pageTestEvents.SignInPageEvents@1df98368</td></tr>
<tr>
<td title='pageTestEvents.GraphPageEvents.invalidCodeGraph()'><b>invalidCodeGraph</b><br>Test class: pageTestEvents.GraphPageEvents<br>Parameters: print"Hello";, hello</td>
<td></td>
<td>5</td>
<td>pageTestEvents.GraphPageEvents@1a6f2363</td></tr>
<tr>
<td title='pageTestEvents.LinkedListPageEvents.treePage()'><b>treePage</b><br>Test class: pageTestEvents.LinkedListPageEvents<br>Parameters: 3, Implement Linked List in Python</td>
<td></td>
<td>0</td>
<td>pageTestEvents.LinkedListPageEvents@7d61eccf</td></tr>
<tr>
<td title='pageTestEvents.TreePageEvents.topicsTree()'><b>topicsTree</b><br>Test class: pageTestEvents.TreePageEvents<br>Parameters: 3, Tree Traversals</td>
<td></td>
<td>0</td>
<td>pageTestEvents.TreePageEvents@681aad3b</td></tr>
<tr>
<td title='pageTestEvents.GraphPageEvents.stackPage()'><b>stackPage</b><br>Test class: pageTestEvents.GraphPageEvents</td>
<td></td>
<td>0</td>
<td>pageTestEvents.GraphPageEvents@1a6f2363</td></tr>
<tr>
<td title='pageTestEvents.LinkedListPageEvents.tryHereTopics()'><b>tryHereTopics</b><br>Test class: pageTestEvents.LinkedListPageEvents<br>Parameters: 2, Types of Linked List</td>
<td></td>
<td>0</td>
<td>pageTestEvents.LinkedListPageEvents@7d61eccf</td></tr>
<tr>
<td title='pageTestEvents.QueuePageEvents.treePageT3()'><b>treePageT3</b><br>Test class: pageTestEvents.QueuePageEvents</td>
<td></td>
<td>0</td>
<td>pageTestEvents.QueuePageEvents@52350abb</td></tr>
<tr>
<td title='pageTestEvents.QueuePageEvents.linkedListPageT4()'><b>linkedListPageT4</b><br>Test class: pageTestEvents.QueuePageEvents</td>
<td></td>
<td>0</td>
<td>pageTestEvents.QueuePageEvents@52350abb</td></tr>
<tr>
<td title='pageTestEvents.TreePageEvents.nocodeTopics()'><b>nocodeTopics</b><br>Test class: pageTestEvents.TreePageEvents<br>Parameters: 8, Binary Tree Traversals</td>
<td></td>
<td>0</td>
<td>pageTestEvents.TreePageEvents@681aad3b</td></tr>
<tr>
<td title='pageTestEvents.TreePageEvents.invalidTopics()'><b>invalidTopics</b><br>Test class: pageTestEvents.TreePageEvents<br>Parameters: 11, printhello</td>
<td></td>
<td>1</td>
<td>pageTestEvents.TreePageEvents@681aad3b</td></tr>
<tr>
<td title='pageTestEvents.SignInPageEvents.testSignInData()'><b>testSignInData</b><br>Test class: pageTestEvents.SignInPageEvents<br>Parameters: Scrutinizers, Numpysdet176, You are logged in</td>
<td></td>
<td>0</td>
<td>pageTestEvents.SignInPageEvents@1df98368</td></tr>
<tr>
<td title='pageTestEvents.QueuePageEvents.linkedListPageT3()'><b>linkedListPageT3</b><br>Test class: pageTestEvents.QueuePageEvents</td>
<td></td>
<td>0</td>
<td>pageTestEvents.QueuePageEvents@52350abb</td></tr>
<tr>
<td title='pageTestEvents.TreePageEvents.topicsTree()'><b>topicsTree</b><br>Test class: pageTestEvents.TreePageEvents<br>Parameters: 9, Implementation of Binary Trees</td>
<td></td>
<td>0</td>
<td>pageTestEvents.TreePageEvents@681aad3b</td></tr>
<tr>
<td title='pageTestEvents.RegisterPageEvents.testUserRegistration()'><b>testUserRegistration</b><br>Test class: pageTestEvents.RegisterPageEvents<br>Parameters: Scrutinizers, Numpysdet176, , Please fill out this field.below Confirm Password</td>
<td></td>
<td>2</td>
<td>pageTestEvents.RegisterPageEvents@21ca139c</td></tr>
<tr>
<td title='pageTestEvents.LinkedListPageEvents.queuePage()'><b>queuePage</b><br>Test class: pageTestEvents.LinkedListPageEvents<br>Parameters: 6, Deletion</td>
<td></td>
<td>0</td>
<td>pageTestEvents.LinkedListPageEvents@7d61eccf</td></tr>
<tr>
<td title='pageTestEvents.RegisterPageEvents.testPageTitle()'><b>testPageTitle</b><br>Test class: pageTestEvents.RegisterPageEvents</td>
<td></td>
<td>0</td>
<td>pageTestEvents.RegisterPageEvents@21ca139c</td></tr>
<tr>
<td title='pageTestEvents.GraphPageEvents.linkedListPageT2()'><b>linkedListPageT2</b><br>Test class: pageTestEvents.GraphPageEvents</td>
<td></td>
<td>0</td>
<td>pageTestEvents.GraphPageEvents@1a6f2363</td></tr>
<tr>
<td title='pageTestEvents.DashBoardPageEvents.testDSwithoutSignIn()'><b>testDSwithoutSignIn</b><br>Test class: pageTestEvents.DashBoardPageEvents<br>Parameters: {type=Queue, index=3}</td>
<td></td>
<td>0</td>
<td>pageTestEvents.DashBoardPageEvents@77cf3f8b</td></tr>
<tr>
<td title='pageTestEvents.LinkedListPageEvents.linkedListPageDropdn()'><b>linkedListPageDropdn</b><br>Test class: pageTestEvents.LinkedListPageEvents<br>Parameters: 4, Traversal</td>
<td></td>
<td>0</td>
<td>pageTestEvents.LinkedListPageEvents@7d61eccf</td></tr>
<tr>
<td title='pageTestEvents.QueuePageEvents.invalidCodeT3()'><b>invalidCodeT3</b><br>Test class: pageTestEvents.QueuePageEvents<br>Parameters: print"Hello";, hello</td>
<td></td>
<td>5</td>
<td>pageTestEvents.QueuePageEvents@52350abb</td></tr>
<tr>
<td title='pageTestEvents.TreePageEvents.nocodeTopics()'><b>nocodeTopics</b><br>Test class: pageTestEvents.TreePageEvents<br>Parameters: 4, Traversals-Illustration</td>
<td></td>
<td>0</td>
<td>pageTestEvents.TreePageEvents@681aad3b</td></tr>
<tr>
<td title='pageTestEvents.LinkedListPageEvents.nocodeTopics()'><b>nocodeTopics</b><br>Test class: pageTestEvents.LinkedListPageEvents<br>Parameters: 3, Implement Linked List in Python</td>
<td></td>
<td>0</td>
<td>pageTestEvents.LinkedListPageEvents@7d61eccf</td></tr>
<tr>
<td title='pageTestEvents.TreePageEvents.validcodeTopics()'><b>validcodeTopics</b><br>Test class: pageTestEvents.TreePageEvents<br>Parameters: 0, print'Hello'</td>
<td></td>
<td>6</td>
<td>pageTestEvents.TreePageEvents@681aad3b</td></tr>
<tr>
<td title='pageTestEvents.DashBoardPageEvents.testDataStructures()'><b>testDataStructures</b><br>Test class: pageTestEvents.DashBoardPageEvents<br>Parameters: {type=Arrays, index=0}</td>
<td></td>
<td>0</td>
<td>pageTestEvents.DashBoardPageEvents@77cf3f8b</td></tr>
<tr>
<td title='pageTestEvents.SignInPageEvents.testPageTitle()'><b>testPageTitle</b><br>Test class: pageTestEvents.SignInPageEvents</td>
<td></td>
<td>0</td>
<td>pageTestEvents.SignInPageEvents@1df98368</td></tr>
<tr>
<td title='pageTestEvents.TreePageEvents.invalidTopics()'><b>invalidTopics</b><br>Test class: pageTestEvents.TreePageEvents<br>Parameters: 5, printhello</td>
<td></td>
<td>0</td>
<td>pageTestEvents.TreePageEvents@681aad3b</td></tr>
<tr>
<td title='pageTestEvents.RegisterPageEvents.testUserRegistrationjson()'><b>testUserRegistrationjson</b><br>Test class: pageTestEvents.RegisterPageEvents<br>Parameters: Scrutinizers, Numpysdet176, , Please fill out this field.below Confirm Password</td>
<td></td>
<td>1</td>
<td>pageTestEvents.RegisterPageEvents@21ca139c</td></tr>
<tr>
<td title='pageTestEvents.TreePageEvents.tryHereTopics()'><b>tryHereTopics</b><br>Test class: pageTestEvents.TreePageEvents<br>Parameters: 11, Binary Search Trees</td>
<td></td>
<td>0</td>
<td>pageTestEvents.TreePageEvents@681aad3b</td></tr>
<tr>
<td title='pageTestEvents.LinkedListPageEvents.nocodeTopics()'><b>nocodeTopics</b><br>Test class: pageTestEvents.LinkedListPageEvents<br>Parameters: 5, Insertion</td>
<td></td>
<td>0</td>
<td>pageTestEvents.LinkedListPageEvents@7d61eccf</td></tr>
<tr>
<td title='pageTestEvents.LinkedListPageEvents.treePage()'><b>treePage</b><br>Test class: pageTestEvents.LinkedListPageEvents<br>Parameters: 2, Types of Linked List</td>
<td></td>
<td>0</td>
<td>pageTestEvents.LinkedListPageEvents@7d61eccf</td></tr>
<tr>
<td title='pageTestEvents.StackPageEvents.tryHereTopics()'><b>tryHereTopics</b><br>Test class: pageTestEvents.StackPageEvents<br>Parameters: 2, Applications</td>
<td></td>
<td>0</td>
<td>pageTestEvents.StackPageEvents@cc6460c</td></tr>
<tr>
<td title='pageTestEvents.RegisterPageEvents.testUserRegistration()'><b>testUserRegistration</b><br>Test class: pageTestEvents.RegisterPageEvents<br>Parameters: Scrutinizers, Numpysdet176, Numpysdet176!, password_mismatch:The two password fields didn’t match.</td>
<td></td>
<td>4</td>
<td>pageTestEvents.RegisterPageEvents@21ca139c</td></tr>
<tr>
<td title='pageTestEvents.TreePageEvents.nocodeTopics()'><b>nocodeTopics</b><br>Test class: pageTestEvents.TreePageEvents<br>Parameters: 1, Terminologies</td>
<td></td>
<td>0</td>
<td>pageTestEvents.TreePageEvents@681aad3b</td></tr>
<tr>
<td title='pageTestEvents.LinkedListPageEvents.treePage()'><b>treePage</b><br>Test class: pageTestEvents.LinkedListPageEvents<br>Parameters: 1, Creating Linked LIst</td>
<td></td>
<td>0</td>
<td>pageTestEvents.LinkedListPageEvents@7d61eccf</td></tr>
<tr>
<td title='pageTestEvents.GraphPageEvents.linkedListPage()'><b>linkedListPage</b><br>Test class: pageTestEvents.GraphPageEvents</td>
<td></td>
<td>0</td>
<td>pageTestEvents.GraphPageEvents@1a6f2363</td></tr>
<tr>
<td title='pageTestEvents.TreePageEvents.invalidTopics()'><b>invalidTopics</b><br>Test class: pageTestEvents.TreePageEvents<br>Parameters: 10, printhello</td>
<td></td>
<td>0</td>
<td>pageTestEvents.TreePageEvents@681aad3b</td></tr>
<tr>
<td title='pageTestEvents.LinkedListPageEvents.invalidTopics()'><b>invalidTopics</b><br>Test class: pageTestEvents.LinkedListPageEvents<br>Parameters: 0, printhello</td>
<td></td>
<td>0</td>
<td>pageTestEvents.LinkedListPageEvents@7d61eccf</td></tr>
<tr>
<td title='pageTestEvents.ArrayPageEvents.nocodeTopics()'><b>nocodeTopics</b><br>Test class: pageTestEvents.ArrayPageEvents<br>Parameters: 2, Basic Operations in Lists</td>
<td></td>
<td>0</td>
<td>pageTestEvents.ArrayPageEvents@226f885f</td></tr>
<tr>
<td title='pageTestEvents.LinkedListPageEvents.arrayPage()'><b>arrayPage</b><br>Test class: pageTestEvents.LinkedListPageEvents<br>Parameters: 6, Deletion</td>
<td></td>
<td>0</td>
<td>pageTestEvents.LinkedListPageEvents@7d61eccf</td></tr>
<tr>
<td title='pageTestEvents.QueuePageEvents.validCodeT2()'><b>validCodeT2</b><br>Test class: pageTestEvents.QueuePageEvents<br>Parameters: print"Hello";, hello</td>
<td></td>
<td>5</td>
<td>pageTestEvents.QueuePageEvents@52350abb</td></tr>
<tr>
<td title='pageTestEvents.TreePageEvents.topicsTree()'><b>topicsTree</b><br>Test class: pageTestEvents.TreePageEvents<br>Parameters: 2, Types of Trees</td>
<td></td>
<td>0</td>
<td>pageTestEvents.TreePageEvents@681aad3b</td></tr>
<tr>
<td title='pageTestEvents.RegisterPageEvents.testUserRegistration()'><b>testUserRegistration</b><br>Test class: pageTestEvents.RegisterPageEvents<br>Parameters: , Numpysdet176, Numpysdet176, Please fill out this field. below User Name</td>
<td></td>
<td>2</td>
<td>pageTestEvents.RegisterPageEvents@21ca139c</td></tr>
<tr>
<td title='pageTestEvents.GraphPageEvents.treePageT2()'><b>treePageT2</b><br>Test class: pageTestEvents.GraphPageEvents</td>
<td></td>
<td>0</td>
<td>pageTestEvents.GraphPageEvents@1a6f2363</td></tr>
<tr>
<td title='pageTestEvents.QueuePageEvents.tryHereTopic3()'><b>tryHereTopic3</b><br>Test class: pageTestEvents.QueuePageEvents</td>
<td></td>
<td>0</td>
<td>pageTestEvents.QueuePageEvents@52350abb</td></tr>
<tr>
<td title='pageTestEvents.LinkedListPageEvents.topicsLinkedList()'><b>topicsLinkedList</b><br>Test class: pageTestEvents.LinkedListPageEvents<br>Parameters: 0, Introduction</td>
<td></td>
<td>0</td>
<td>pageTestEvents.LinkedListPageEvents@7d61eccf</td></tr>
<tr>
<td title='pageTestEvents.QueuePageEvents.stackPageT3()'><b>stackPageT3</b><br>Test class: pageTestEvents.QueuePageEvents</td>
<td></td>
<td>0</td>
<td>pageTestEvents.QueuePageEvents@52350abb</td></tr>
<tr>
<td title='pageTestEvents.DashBoardPageEvents.validateDsAlgoButtons()'><b>validateDsAlgoButtons</b><br>Test class: pageTestEvents.DashBoardPageEvents</td>
<td></td>
<td>0</td>
<td>pageTestEvents.DashBoardPageEvents@77cf3f8b</td></tr>
<tr>
<td title='pageTestEvents.LinkedListPageEvents.arrayPage()'><b>arrayPage</b><br>Test class: pageTestEvents.LinkedListPageEvents<br>Parameters: 1, Creating Linked LIst</td>
<td></td>
<td>0</td>
<td>pageTestEvents.LinkedListPageEvents@7d61eccf</td></tr>
<tr>
<td title='pageTestEvents.LinkedListPageEvents.graphPage()'><b>graphPage</b><br>Test class: pageTestEvents.LinkedListPageEvents<br>Parameters: 0, Introduction</td>
<td></td>
<td>0</td>
<td>pageTestEvents.LinkedListPageEvents@7d61eccf</td></tr>
<tr>
<td title='pageTestEvents.LinkedListPageEvents.treePage()'><b>treePage</b><br>Test class: pageTestEvents.LinkedListPageEvents<br>Parameters: 5, Insertion</td>
<td></td>
<td>0</td>
<td>pageTestEvents.LinkedListPageEvents@7d61eccf</td></tr>
<tr>
<td title='pageTestEvents.TreePageEvents.validcodeTopics()'><b>validcodeTopics</b><br>Test class: pageTestEvents.TreePageEvents<br>Parameters: 12, print'Hello'</td>
<td></td>
<td>5</td>
<td>pageTestEvents.TreePageEvents@681aad3b</td></tr>
<tr>
<td title='pageTestEvents.QueuePageEvents.arrayPageT4()'><b>arrayPageT4</b><br>Test class: pageTestEvents.QueuePageEvents</td>
<td></td>
<td>0</td>
<td>pageTestEvents.QueuePageEvents@52350abb</td></tr>
<tr>
<td title='pageTestEvents.DashBoardPageEvents.testDataStructures()'><b>testDataStructures</b><br>Test class: pageTestEvents.DashBoardPageEvents<br>Parameters: {type=Graph, index=5}</td>
<td></td>
<td>0</td>
<td>pageTestEvents.DashBoardPageEvents@77cf3f8b</td></tr>
<tr>
<td title='pageTestEvents.TreePageEvents.invalidTopics()'><b>invalidTopics</b><br>Test class: pageTestEvents.TreePageEvents<br>Parameters: 7, printhello</td>
<td></td>
<td>0</td>
<td>pageTestEvents.TreePageEvents@681aad3b</td></tr>
<tr>
<td title='pageTestEvents.QueuePageEvents.queueDropPageT3()'><b>queueDropPageT3</b><br>Test class: pageTestEvents.QueuePageEvents</td>
<td></td>
<td>3</td>
<td>pageTestEvents.QueuePageEvents@52350abb</td></tr>
<tr>
<td title='pageTestEvents.QueuePageEvents.stackPageT2()'><b>stackPageT2</b><br>Test class: pageTestEvents.QueuePageEvents</td>
<td></td>
<td>0</td>
<td>pageTestEvents.QueuePageEvents@52350abb</td></tr>
<tr>
<td title='pageTestEvents.ArrayPageEvents.topicsArray()'><b>topicsArray</b><br>Test class: pageTestEvents.ArrayPageEvents<br>Parameters: 1, Arrays Using List</td>
<td></td>
<td>0</td>
<td>pageTestEvents.ArrayPageEvents@226f885f</td></tr>
<tr>
<td title='pageTestEvents.StackPageEvents.validcodeTopics()'><b>validcodeTopics</b><br>Test class: pageTestEvents.StackPageEvents<br>Parameters: 2, print"Hello";</td>
<td></td>
<td>6</td>
<td>pageTestEvents.StackPageEvents@cc6460c</td></tr>
<tr>
<td title='pageTestEvents.LinkedListPageEvents.validcodeTopics()'><b>validcodeTopics</b><br>Test class: pageTestEvents.LinkedListPageEvents<br>Parameters: 6, print'Hello'</td>
<td></td>
<td>0</td>
<td>pageTestEvents.LinkedListPageEvents@7d61eccf</td></tr>
<tr>
<td title='pageTestEvents.DashBoardPageEvents.chkPageTitle()'><b>chkPageTitle</b><br>Test class: pageTestEvents.DashBoardPageEvents</td>
<td></td>
<td>0</td>
<td>pageTestEvents.DashBoardPageEvents@77cf3f8b</td></tr>
<tr>
<td title='pageTestEvents.RegisterPageEvents.testUserRegistrationjson()'><b>testUserRegistrationjson</b><br>Test class: pageTestEvents.RegisterPageEvents<br>Parameters: , Numpysdet176, Numpysdet176, Please fill out this field. below User Name</td>
<td></td>
<td>1</td>
<td>pageTestEvents.RegisterPageEvents@21ca139c</td></tr>
<tr>
<td title='pageTestEvents.TreePageEvents.tryHereTopics()'><b>tryHereTopics</b><br>Test class: pageTestEvents.TreePageEvents<br>Parameters: 4, Traversals-Illustration</td>
<td></td>
<td>0</td>
<td>pageTestEvents.TreePageEvents@681aad3b</td></tr>
<tr>
<td title='pageTestEvents.LinkedListPageEvents.invalidTopics()'><b>invalidTopics</b><br>Test class: pageTestEvents.LinkedListPageEvents<br>Parameters: 1, printhello</td>
<td></td>
<td>1</td>
<td>pageTestEvents.LinkedListPageEvents@7d61eccf</td></tr>
<tr>
<td title='pageTestEvents.LinkedListPageEvents.validcodeTopics()'><b>validcodeTopics</b><br>Test class: pageTestEvents.LinkedListPageEvents<br>Parameters: 0, print'Hello'</td>
<td></td>
<td>0</td>
<td>pageTestEvents.LinkedListPageEvents@7d61eccf</td></tr>
<tr>
<td title='pageTestEvents.LinkedListPageEvents.topicsLinkedList()'><b>topicsLinkedList</b><br>Test class: pageTestEvents.LinkedListPageEvents<br>Parameters: 3, Implement Linked List in Python</td>
<td></td>
<td>0</td>
<td>pageTestEvents.LinkedListPageEvents@7d61eccf</td></tr>
<tr>
<td title='pageTestEvents.TreePageEvents.validcodeTopics()'><b>validcodeTopics</b><br>Test class: pageTestEvents.TreePageEvents<br>Parameters: 7, print'Hello'</td>
<td></td>
<td>5</td>
<td>pageTestEvents.TreePageEvents@681aad3b</td></tr>
<tr>
<td title='pageTestEvents.LinkedListPageEvents.treePage()'><b>treePage</b><br>Test class: pageTestEvents.LinkedListPageEvents<br>Parameters: 0, Introduction</td>
<td></td>
<td>0</td>
<td>pageTestEvents.LinkedListPageEvents@7d61eccf</td></tr>
<tr>
<td title='pageTestEvents.TreePageEvents.validcodeTopics()'><b>validcodeTopics</b><br>Test class: pageTestEvents.TreePageEvents<br>Parameters: 8, print'Hello'</td>
<td></td>
<td>5</td>
<td>pageTestEvents.TreePageEvents@681aad3b</td></tr>
<tr>
<td title='pageTestEvents.LinkedListPageEvents.arrayPage()'><b>arrayPage</b><br>Test class: pageTestEvents.LinkedListPageEvents<br>Parameters: 3, Implement Linked List in Python</td>
<td></td>
<td>0</td>
<td>pageTestEvents.LinkedListPageEvents@7d61eccf</td></tr>
<tr>
<td title='pageTestEvents.TreePageEvents.topicsTree()'><b>topicsTree</b><br>Test class: pageTestEvents.TreePageEvents<br>Parameters: 12, Implementation Of BST</td>
<td></td>
<td>0</td>
<td>pageTestEvents.TreePageEvents@681aad3b</td></tr>
<tr>
<td title='pageTestEvents.TreePageEvents.tryHereTopics()'><b>tryHereTopics</b><br>Test class: pageTestEvents.TreePageEvents<br>Parameters: 3, Tree Traversals</td>
<td></td>
<td>0</td>
<td>pageTestEvents.TreePageEvents@681aad3b</td></tr>
<tr>
<td title='pageTestEvents.GraphPageEvents.graphDdropDown()'><b>graphDdropDown</b><br>Test class: pageTestEvents.GraphPageEvents</td>
<td></td>
<td>0</td>
<td>pageTestEvents.GraphPageEvents@1a6f2363</td></tr>
<tr>
<td title='pageTestEvents.LinkedListPageEvents.linkedListPageDropdn()'><b>linkedListPageDropdn</b><br>Test class: pageTestEvents.LinkedListPageEvents<br>Parameters: 0, Introduction</td>
<td></td>
<td>0</td>
<td>pageTestEvents.LinkedListPageEvents@7d61eccf</td></tr>
<tr>
<td title='pageTestEvents.QueuePageEvents.graphPageT3()'><b>graphPageT3</b><br>Test class: pageTestEvents.QueuePageEvents</td>
<td></td>
<td>0</td>
<td>pageTestEvents.QueuePageEvents@52350abb</td></tr>
<tr>
<td title='pageTestEvents.LinkedListPageEvents.invalidTopics()'><b>invalidTopics</b><br>Test class: pageTestEvents.LinkedListPageEvents<br>Parameters: 6, printhello</td>
<td></td>
<td>0</td>
<td>pageTestEvents.LinkedListPageEvents@7d61eccf</td></tr>
<tr>
<td title='pageTestEvents.QueuePageEvents.nocodeTopic4()'><b>nocodeTopic4</b><br>Test class: pageTestEvents.QueuePageEvents</td>
<td></td>
<td>2</td>
<td>pageTestEvents.QueuePageEvents@52350abb</td></tr>
<tr>
<td title='pageTestEvents.ArrayPageEvents.getArrayTopicCodeExcelData()'><b>getArrayTopicCodeExcelData</b><br>Test class: pageTestEvents.ArrayPageEvents<br>Parameters: Arrays Using List, print"Hello";, Hello</td>
<td></td>
<td>0</td>
<td>pageTestEvents.ArrayPageEvents@226f885f</td></tr>
<tr>
<td title='pageTestEvents.QueuePageEvents.treePage()'><b>treePage</b><br>Test class: pageTestEvents.QueuePageEvents</td>
<td></td>
<td>0</td>
<td>pageTestEvents.QueuePageEvents@52350abb</td></tr>
<tr>
<td title='pageTestEvents.DashBoardPageEvents.testDataStructures()'><b>testDataStructures</b><br>Test class: pageTestEvents.DashBoardPageEvents<br>Parameters: {type=Queue, index=3}</td>
<td></td>
<td>0</td>
<td>pageTestEvents.DashBoardPageEvents@77cf3f8b</td></tr>
<tr>
<td title='pageTestEvents.QueuePageEvents.validCodeT4()'><b>validCodeT4</b><br>Test class: pageTestEvents.QueuePageEvents<br>Parameters: print"Hello";, hello</td>
<td></td>
<td>0</td>
<td>pageTestEvents.QueuePageEvents@52350abb</td></tr>
<tr>
<td title='pageTestEvents.LinkedListPageEvents.tryHereTopics()'><b>tryHereTopics</b><br>Test class: pageTestEvents.LinkedListPageEvents<br>Parameters: 5, Insertion</td>
<td></td>
<td>0</td>
<td>pageTestEvents.LinkedListPageEvents@7d61eccf</td></tr>
<tr>
<td title='pageTestEvents.LinkedListPageEvents.graphPage()'><b>graphPage</b><br>Test class: pageTestEvents.LinkedListPageEvents<br>Parameters: 1, Creating Linked LIst</td>
<td></td>
<td>0</td>
<td>pageTestEvents.LinkedListPageEvents@7d61eccf</td></tr>
<tr>
<td title='pageTestEvents.QueuePageEvents.validCodeT1()'><b>validCodeT1</b><br>Test class: pageTestEvents.QueuePageEvents<br>Parameters: print"Hello";, hello</td>
<td></td>
<td>5</td>
<td>pageTestEvents.QueuePageEvents@52350abb</td></tr>
<tr>
<td title='pageTestEvents.RegisterPageEvents.testUserRegistration()'><b>testUserRegistration</b><br>Test class: pageTestEvents.RegisterPageEvents<br>Parameters: , , , Please enter User Name, Password and Confirm Password</td>
<td></td>
<td>1</td>
<td>pageTestEvents.RegisterPageEvents@21ca139c</td></tr>
<tr>
<td title='pageTestEvents.GraphPageEvents.graphDdropDownT2()'><b>graphDdropDownT2</b><br>Test class: pageTestEvents.GraphPageEvents</td>
<td></td>
<td>0</td>
<td>pageTestEvents.GraphPageEvents@1a6f2363</td></tr>
<tr>
<td title='pageTestEvents.TreePageEvents.tryHereTopics()'><b>tryHereTopics</b><br>Test class: pageTestEvents.TreePageEvents<br>Parameters: 5, Binary Trees</td>
<td></td>
<td>0</td>
<td>pageTestEvents.TreePageEvents@681aad3b</td></tr>
<tr>
<td title='pageTestEvents.TreePageEvents.tryHereTopics()'><b>tryHereTopics</b><br>Test class: pageTestEvents.TreePageEvents<br>Parameters: 8, Binary Tree Traversals</td>
<td></td>
<td>0</td>
<td>pageTestEvents.TreePageEvents@681aad3b</td></tr>
<tr>
<td title='pageTestEvents.GraphPageEvents.arrayPageT1()'><b>arrayPageT1</b><br>Test class: pageTestEvents.GraphPageEvents</td>
<td></td>
<td>0</td>
<td>pageTestEvents.GraphPageEvents@1a6f2363</td></tr>
<tr>
<td title='pageTestEvents.LinkedListPageEvents.queuePage()'><b>queuePage</b><br>Test class: pageTestEvents.LinkedListPageEvents<br>Parameters: 5, Insertion</td>
<td></td>
<td>0</td>
<td>pageTestEvents.LinkedListPageEvents@7d61eccf</td></tr>
<tr>
<td title='pageTestEvents.LinkedListPageEvents.graphPage()'><b>graphPage</b><br>Test class: pageTestEvents.LinkedListPageEvents<br>Parameters: 2, Types of Linked List</td>
<td></td>
<td>0</td>
<td>pageTestEvents.LinkedListPageEvents@7d61eccf</td></tr>
<tr>
<td title='pageTestEvents.LinkedListPageEvents.arrayPage()'><b>arrayPage</b><br>Test class: pageTestEvents.LinkedListPageEvents<br>Parameters: 0, Introduction</td>
<td></td>
<td>0</td>
<td>pageTestEvents.LinkedListPageEvents@7d61eccf</td></tr>
<tr>
<td title='pageTestEvents.TreePageEvents.nocodeTopics()'><b>nocodeTopics</b><br>Test class: pageTestEvents.TreePageEvents<br>Parameters: 7, Implementation in Python</td>
<td></td>
<td>0</td>
<td>pageTestEvents.TreePageEvents@681aad3b</td></tr>
<tr>
<td title='pageTestEvents.GraphPageEvents.validCodeGraph()'><b>validCodeGraph</b><br>Test class: pageTestEvents.GraphPageEvents<br>Parameters: print"Hello";, hello</td>
<td></td>
<td>6</td>
<td>pageTestEvents.GraphPageEvents@1a6f2363</td></tr>
<tr>
<td title='pageTestEvents.LinkedListPageEvents.queuePage()'><b>queuePage</b><br>Test class: pageTestEvents.LinkedListPageEvents<br>Parameters: 2, Types of Linked List</td>
<td></td>
<td>0</td>
<td>pageTestEvents.LinkedListPageEvents@7d61eccf</td></tr>
<tr>
<td title='pageTestEvents.TreePageEvents.nocodeTopics()'><b>nocodeTopics</b><br>Test class: pageTestEvents.TreePageEvents<br>Parameters: 12, Implementation Of BST</td>
<td></td>
<td>0</td>
<td>pageTestEvents.TreePageEvents@681aad3b</td></tr>
<tr>
<td title='pageTestEvents.StackPageEvents.validcodeTopics()'><b>validcodeTopics</b><br>Test class: pageTestEvents.StackPageEvents<br>Parameters: 0, print"Hello";</td>
<td></td>
<td>0</td>
<td>pageTestEvents.StackPageEvents@cc6460c</td></tr>
<tr>
<td title='pageTestEvents.TreePageEvents.tryHereTopics()'><b>tryHereTopics</b><br>Test class: pageTestEvents.TreePageEvents<br>Parameters: 10, Applications of Binary trees</td>
<td></td>
<td>0</td>
<td>pageTestEvents.TreePageEvents@681aad3b</td></tr>
<tr>
<td title='pageTestEvents.LinkedListPageEvents.graphPage()'><b>graphPage</b><br>Test class: pageTestEvents.LinkedListPageEvents<br>Parameters: 6, Deletion</td>
<td></td>
<td>0</td>
<td>pageTestEvents.LinkedListPageEvents@7d61eccf</td></tr>
<tr>
<td title='pageTestEvents.DashBoardPageEvents.testDSwithoutSignIn()'><b>testDSwithoutSignIn</b><br>Test class: pageTestEvents.DashBoardPageEvents<br>Parameters: {type=Stack, index=2}</td>
<td></td>
<td>0</td>
<td>pageTestEvents.DashBoardPageEvents@77cf3f8b</td></tr>
<tr>
<td title='pageTestEvents.ArrayPageEvents.invalidTopics()'><b>invalidTopics</b><br>Test class: pageTestEvents.ArrayPageEvents<br>Parameters: 2, printhello</td>
<td></td>
<td>0</td>
<td>pageTestEvents.ArrayPageEvents@226f885f</td></tr>
<tr>
<td title='pageTestEvents.LinkedListPageEvents.arrayPage()'><b>arrayPage</b><br>Test class: pageTestEvents.LinkedListPageEvents<br>Parameters: 2, Types of Linked List</td>
<td></td>
<td>0</td>
<td>pageTestEvents.LinkedListPageEvents@7d61eccf</td></tr>
<tr>
<td title='pageTestEvents.LinkedListPageEvents.graphPage()'><b>graphPage</b><br>Test class: pageTestEvents.LinkedListPageEvents<br>Parameters: 5, Insertion</td>
<td></td>
<td>0</td>
<td>pageTestEvents.LinkedListPageEvents@7d61eccf</td></tr>
<tr>
<td title='pageTestEvents.ArrayPageEvents.getArrayTopicCodeExcelData()'><b>getArrayTopicCodeExcelData</b><br>Test class: pageTestEvents.ArrayPageEvents<br>Parameters: Arrays in Python, print"Hello";, Hello</td>
<td></td>
<td>0</td>
<td>pageTestEvents.ArrayPageEvents@226f885f</td></tr>
<tr>
<td title='pageTestEvents.TreePageEvents.validcodeTopics()'><b>validcodeTopics</b><br>Test class: pageTestEvents.TreePageEvents<br>Parameters: 10, print'Hello'</td>
<td></td>
<td>5</td>
<td>pageTestEvents.TreePageEvents@681aad3b</td></tr>
<tr>
<td title='pageTestEvents.GraphPageEvents.queuePage()'><b>queuePage</b><br>Test class: pageTestEvents.GraphPageEvents</td>
<td></td>
<td>0</td>
<td>pageTestEvents.GraphPageEvents@1a6f2363</td></tr>
<tr>
<td title='pageTestEvents.GraphPageEvents.graphTopic()'><b>graphTopic</b><br>Test class: pageTestEvents.GraphPageEvents</td>
<td></td>
<td>0</td>
<td>pageTestEvents.GraphPageEvents@1a6f2363</td></tr>
<tr>
<td title='pageTestEvents.ArrayPageEvents.getArrayTopicCodeExcelData()'><b>getArrayTopicCodeExcelData</b><br>Test class: pageTestEvents.ArrayPageEvents<br>Parameters: Basic Operations in Lists, print"Hello";, Hello</td>
<td></td>
<td>0</td>
<td>pageTestEvents.ArrayPageEvents@226f885f</td></tr>
<tr>
<td title='pageTestEvents.LinkedListPageEvents.nocodeTopics()'><b>nocodeTopics</b><br>Test class: pageTestEvents.LinkedListPageEvents<br>Parameters: 0, Introduction</td>
<td></td>
<td>0</td>
<td>pageTestEvents.LinkedListPageEvents@7d61eccf</td></tr>
<tr>
<td title='pageTestEvents.QueuePageEvents.queueDropPageT1()'><b>queueDropPageT1</b><br>Test class: pageTestEvents.QueuePageEvents</td>
<td></td>
<td>0</td>
<td>pageTestEvents.QueuePageEvents@52350abb</td></tr>
<tr>
<td title='pageTestEvents.DashBoardPageEvents.testDataStructures()'><b>testDataStructures</b><br>Test class: pageTestEvents.DashBoardPageEvents<br>Parameters: {type=Stack, index=2}</td>
<td></td>
<td>0</td>
<td>pageTestEvents.DashBoardPageEvents@77cf3f8b</td></tr>
<tr>
<td title='pageTestEvents.QueuePageEvents.treePageT2()'><b>treePageT2</b><br>Test class: pageTestEvents.QueuePageEvents</td>
<td></td>
<td>0</td>
<td>pageTestEvents.QueuePageEvents@52350abb</td></tr>
<tr>
<td title='pageTestEvents.QueuePageEvents.stackPageT1()'><b>stackPageT1</b><br>Test class: pageTestEvents.QueuePageEvents</td>
<td></td>
<td>0</td>
<td>pageTestEvents.QueuePageEvents@52350abb</td></tr>
<tr>
<td title='pageTestEvents.TreePageEvents.nocodeTopics()'><b>nocodeTopics</b><br>Test class: pageTestEvents.TreePageEvents<br>Parameters: 2, Types of Trees</td>
<td></td>
<td>0</td>
<td>pageTestEvents.TreePageEvents@681aad3b</td></tr>
<tr>
<td title='pageTestEvents.DashBoardPageEvents.userSignIn()'><b>userSignIn</b><br>Test class: pageTestEvents.DashBoardPageEvents</td>
<td></td>
<td>0</td>
<td>pageTestEvents.DashBoardPageEvents@77cf3f8b</td></tr>
<tr>
<td title='pageTestEvents.SignInPageEvents.testSignInInvalidData()'><b>testSignInInvalidData</b><br>Test class: pageTestEvents.SignInPageEvents<br>Parameters: Numpysdet175, sdet175batch, Invalid Username and Password</td>
<td></td>
<td>0</td>
<td>pageTestEvents.SignInPageEvents@1df98368</td></tr>
<tr>
<td title='pageTestEvents.StackPageEvents.invalidTopics()'><b>invalidTopics</b><br>Test class: pageTestEvents.StackPageEvents<br>Parameters: 1, hello</td>
<td></td>
<td>0</td>
<td>pageTestEvents.StackPageEvents@cc6460c</td></tr>
<tr>
<td title='pageTestEvents.QueuePageEvents.queueDropPageT2()'><b>queueDropPageT2</b><br>Test class: pageTestEvents.QueuePageEvents</td>
<td></td>
<td>0</td>
<td>pageTestEvents.QueuePageEvents@52350abb</td></tr>
<tr>
<td title='pageTestEvents.TreePageEvents.topicsTree()'><b>topicsTree</b><br>Test class: pageTestEvents.TreePageEvents<br>Parameters: 4, Traversals-Illustration</td>
<td></td>
<td>0</td>
<td>pageTestEvents.TreePageEvents@681aad3b</td></tr>
<tr>
<td title='pageTestEvents.QueuePageEvents.linkedListPage()'><b>linkedListPage</b><br>Test class: pageTestEvents.QueuePageEvents</td>
<td></td>
<td>0</td>
<td>pageTestEvents.QueuePageEvents@52350abb</td></tr>
<tr>
<td title='pageTestEvents.LinkedListPageEvents.topicsLinkedList()'><b>topicsLinkedList</b><br>Test class: pageTestEvents.LinkedListPageEvents<br>Parameters: 5, Insertion</td>
<td></td>
<td>0</td>
<td>pageTestEvents.LinkedListPageEvents@7d61eccf</td></tr>
<tr>
<td title='pageTestEvents.QueuePageEvents.stackPageT4()'><b>stackPageT4</b><br>Test class: pageTestEvents.QueuePageEvents</td>
<td></td>
<td>0</td>
<td>pageTestEvents.QueuePageEvents@52350abb</td></tr>
<tr>
<td title='pageTestEvents.TreePageEvents.topicsTree()'><b>topicsTree</b><br>Test class: pageTestEvents.TreePageEvents<br>Parameters: 8, Binary Tree Traversals</td>
<td></td>
<td>0</td>
<td>pageTestEvents.TreePageEvents@681aad3b</td></tr>
<tr>
<td title='pageTestEvents.QueuePageEvents.tryHereTopic4()'><b>tryHereTopic4</b><br>Test class: pageTestEvents.QueuePageEvents</td>
<td></td>
<td>0</td>
<td>pageTestEvents.QueuePageEvents@52350abb</td></tr>
<tr>
<td title='pageTestEvents.StackPageEvents.invalidTopics()'><b>invalidTopics</b><br>Test class: pageTestEvents.StackPageEvents<br>Parameters: 0, hello</td>
<td></td>
<td>1</td>
<td>pageTestEvents.StackPageEvents@cc6460c</td></tr>
<tr>
<td title='pageTestEvents.QueuePageEvents.graphPageT1()'><b>graphPageT1</b><br>Test class: pageTestEvents.QueuePageEvents</td>
<td></td>
<td>0</td>
<td>pageTestEvents.QueuePageEvents@52350abb</td></tr>
<tr>
<td title='pageTestEvents.QueuePageEvents.linkedListPageT2()'><b>linkedListPageT2</b><br>Test class: pageTestEvents.QueuePageEvents</td>
<td></td>
<td>0</td>
<td>pageTestEvents.QueuePageEvents@52350abb</td></tr>
<tr>
<td title='pageTestEvents.StackPageEvents.tryHereTopics()'><b>tryHereTopics</b><br>Test class: pageTestEvents.StackPageEvents<br>Parameters: 1, Implementation</td>
<td></td>
<td>0</td>
<td>pageTestEvents.StackPageEvents@cc6460c</td></tr>
<tr>
<td title='pageTestEvents.ArrayPageEvents.nocodeTopics()'><b>nocodeTopics</b><br>Test class: pageTestEvents.ArrayPageEvents<br>Parameters: 1, Arrays Using List</td>
<td></td>
<td>0</td>
<td>pageTestEvents.ArrayPageEvents@226f885f</td></tr>
<tr>
<td title='pageTestEvents.TreePageEvents.tryHereTopics()'><b>tryHereTopics</b><br>Test class: pageTestEvents.TreePageEvents<br>Parameters: 6, Types of Binary Trees</td>
<td></td>
<td>0</td>
<td>pageTestEvents.TreePageEvents@681aad3b</td></tr>
<tr>
<td title='pageTestEvents.LinkedListPageEvents.topicsLinkedList()'><b>topicsLinkedList</b><br>Test class: pageTestEvents.LinkedListPageEvents<br>Parameters: 2, Types of Linked List</td>
<td></td>
<td>0</td>
<td>pageTestEvents.LinkedListPageEvents@7d61eccf</td></tr>
<tr>
<td title='pageTestEvents.LinkedListPageEvents.stackPage()'><b>stackPage</b><br>Test class: pageTestEvents.LinkedListPageEvents<br>Parameters: 4, Traversal</td>
<td></td>
<td>0</td>
<td>pageTestEvents.LinkedListPageEvents@7d61eccf</td></tr>
<tr>
<td title='pageTestEvents.QueuePageEvents.tryHereTopic1()'><b>tryHereTopic1</b><br>Test class: pageTestEvents.QueuePageEvents</td>
<td></td>
<td>0</td>
<td>pageTestEvents.QueuePageEvents@52350abb</td></tr>
<tr>
<td title='pageTestEvents.TreePageEvents.nocodeTopics()'><b>nocodeTopics</b><br>Test class: pageTestEvents.TreePageEvents<br>Parameters: 5, Binary Trees</td>
<td></td>
<td>0</td>
<td>pageTestEvents.TreePageEvents@681aad3b</td></tr>
<tr>
<td title='pageTestEvents.GraphPageEvents.queuePageT2()'><b>queuePageT2</b><br>Test class: pageTestEvents.GraphPageEvents</td>
<td></td>
<td>0</td>
<td>pageTestEvents.GraphPageEvents@1a6f2363</td></tr>
<tr>
<td title='pageTestEvents.GraphPageEvents.tryHereGraph()'><b>tryHereGraph</b><br>Test class: pageTestEvents.GraphPageEvents</td>
<td></td>
<td>0</td>
<td>pageTestEvents.GraphPageEvents@1a6f2363</td></tr>
<tr>
<td title='pageTestEvents.SignInPageEvents.testSignInInvalidData()'><b>testSignInInvalidData</b><br>Test class: pageTestEvents.SignInPageEvents<br>Parameters: , , Please fill out this field.</td>
<td></td>
<td>0</td>
<td>pageTestEvents.SignInPageEvents@1df98368</td></tr>
<tr>
<td title='pageTestEvents.StackPageEvents.topicsStack()'><b>topicsStack</b><br>Test class: pageTestEvents.StackPageEvents<br>Parameters: 0, Operations in Stack</td>
<td></td>
<td>0</td>
<td>pageTestEvents.StackPageEvents@cc6460c</td></tr>
<tr>
<td title='pageTestEvents.QueuePageEvents.arrayPageT1()'><b>arrayPageT1</b><br>Test class: pageTestEvents.QueuePageEvents</td>
<td></td>
<td>0</td>
<td>pageTestEvents.QueuePageEvents@52350abb</td></tr>
<tr>
<td title='pageTestEvents.TreePageEvents.nocodeTopics()'><b>nocodeTopics</b><br>Test class: pageTestEvents.TreePageEvents<br>Parameters: 9, Implementation of Binary Trees</td>
<td></td>
<td>0</td>
<td>pageTestEvents.TreePageEvents@681aad3b</td></tr>
<tr>
<td title='pageTestEvents.QueuePageEvents.graphPage()'><b>graphPage</b><br>Test class: pageTestEvents.QueuePageEvents</td>
<td></td>
<td>0</td>
<td>pageTestEvents.QueuePageEvents@52350abb</td></tr>
<tr>
<td title='pageTestEvents.ArrayPageEvents.topicsArray()'><b>topicsArray</b><br>Test class: pageTestEvents.ArrayPageEvents<br>Parameters: 3, Applications of Array</td>
<td></td>
<td>0</td>
<td>pageTestEvents.ArrayPageEvents@226f885f</td></tr>
<tr>
<td title='pageTestEvents.LinkedListPageEvents.nocodeTopics()'><b>nocodeTopics</b><br>Test class: pageTestEvents.LinkedListPageEvents<br>Parameters: 4, Traversal</td>
<td></td>
<td>0</td>
<td>pageTestEvents.LinkedListPageEvents@7d61eccf</td></tr>
<tr>
<td title='pageTestEvents.QueuePageEvents.treePageT1()'><b>treePageT1</b><br>Test class: pageTestEvents.QueuePageEvents</td>
<td></td>
<td>0</td>
<td>pageTestEvents.QueuePageEvents@52350abb</td></tr>
<tr>
<td title='pageTestEvents.StackPageEvents.tryHereTopics()'><b>tryHereTopics</b><br>Test class: pageTestEvents.StackPageEvents<br>Parameters: 0, Operations in Stack</td>
<td></td>
<td>0</td>
<td>pageTestEvents.StackPageEvents@cc6460c</td></tr>
<tr>
<td title='pageTestEvents.TreePageEvents.topicsTree()'><b>topicsTree</b><br>Test class: pageTestEvents.TreePageEvents<br>Parameters: 5, Binary Trees</td>
<td></td>
<td>0</td>
<td>pageTestEvents.TreePageEvents@681aad3b</td></tr>
<tr>
<td title='pageTestEvents.GraphPageEvents.tryHereGraphRepresentation()'><b>tryHereGraphRepresentation</b><br>Test class: pageTestEvents.GraphPageEvents</td>
<td></td>
<td>0</td>
<td>pageTestEvents.GraphPageEvents@1a6f2363</td></tr>
<tr>
<td title='pageTestEvents.LinkedListPageEvents.stackPage()'><b>stackPage</b><br>Test class: pageTestEvents.LinkedListPageEvents<br>Parameters: 1, Creating Linked LIst</td>
<td></td>
<td>0</td>
<td>pageTestEvents.LinkedListPageEvents@7d61eccf</td></tr>
<tr>
<td title='pageTestEvents.LinkedListPageEvents.arrayPage()'><b>arrayPage</b><br>Test class: pageTestEvents.LinkedListPageEvents<br>Parameters: 4, Traversal</td>
<td></td>
<td>0</td>
<td>pageTestEvents.LinkedListPageEvents@7d61eccf</td></tr>
<tr>
<td title='pageTestEvents.TreePageEvents.topicsTree()'><b>topicsTree</b><br>Test class: pageTestEvents.TreePageEvents<br>Parameters: 11, Binary Search Trees</td>
<td></td>
<td>0</td>
<td>pageTestEvents.TreePageEvents@681aad3b</td></tr>
<tr>
<td title='pageTestEvents.LinkedListPageEvents.tryHereTopics()'><b>tryHereTopics</b><br>Test class: pageTestEvents.LinkedListPageEvents<br>Parameters: 0, Introduction</td>
<td></td>
<td>0</td>
<td>pageTestEvents.LinkedListPageEvents@7d61eccf</td></tr>
<tr>
<td title='pageTestEvents.TreePageEvents.tryHereTopics()'><b>tryHereTopics</b><br>Test class: pageTestEvents.TreePageEvents<br>Parameters: 7, Implementation in Python</td>
<td></td>
<td>0</td>
<td>pageTestEvents.TreePageEvents@681aad3b</td></tr>
<tr>
<td title='pageTestEvents.LinkedListPageEvents.linkedListPageDropdn()'><b>linkedListPageDropdn</b><br>Test class: pageTestEvents.LinkedListPageEvents<br>Parameters: 2, Types of Linked List</td>
<td></td>
<td>0</td>
<td>pageTestEvents.LinkedListPageEvents@7d61eccf</td></tr>
<tr>
<td title='pageTestEvents.TreePageEvents.invalidTopics()'><b>invalidTopics</b><br>Test class: pageTestEvents.TreePageEvents<br>Parameters: 1, printhello</td>
<td></td>
<td>0</td>
<td>pageTestEvents.TreePageEvents@681aad3b</td></tr>
<tr>
<td title='pageTestEvents.StackPageEvents.invalidTopics()'><b>invalidTopics</b><br>Test class: pageTestEvents.StackPageEvents<br>Parameters: 2, hello</td>
<td></td>
<td>0</td>
<td>pageTestEvents.StackPageEvents@cc6460c</td></tr>
</table><p>
<table width='100%' border='1' class='invocation-skipped'>
<tr><td colspan='4' align='center'><b>SKIPPED TESTS</b></td></tr>
<tr><td><b>Test method</b></td>
<td><b>Attribute(s)</b></td>
<td width="30%"><b>Exception</b></td>
<td width="10%"><b>Time (seconds)</b></td>
<td><b>Instance</b></td>
</tr>
<tr>
<td title='pageTestEvents.RegisterPageEvents.testUserRegistrationjson()'><b>testUserRegistrationjson</b><br>Test class: pageTestEvents.RegisterPageEvents<br>Parameters: 123123412, 123sA, 123sa, user name cannot be only numeric</td>
<td><div><pre>java.lang.AssertionError: expected [user name cannot be only numeric] but found [password_mismatch:The two password fields didn’t match.]
	at pageTestEvents.RegisterPageEvents.registerUser(RegisterPageEvents.java:42)
	at pageTestEvents.RegisterPageEvents.testUserRegistrationjson(RegisterPageEvents.java:76)
	at java.base/java.util.ArrayList.forEach(ArrayList.java:1511)
... Removed 31 stack frames</pre></div><a href='#' onClick='toggleBox("stack-trace1393007334", this, "Click to show all stack frames", "Click to hide stack frames")'>Click to show all stack frames</a>
<div class='stack-trace' id='stack-trace1393007334'><pre>java.lang.AssertionError: expected [user name cannot be only numeric] but found [password_mismatch:The two password fields didn’t match.]
	at org.testng.Assert.fail(Assert.java:111)
	at org.testng.Assert.failNotEquals(Assert.java:1578)
	at org.testng.Assert.assertEqualsImpl(Assert.java:150)
	at org.testng.Assert.assertEquals(Assert.java:132)
	at org.testng.Assert.assertEquals(Assert.java:656)
	at org.testng.Assert.assertEquals(Assert.java:666)
	at pageTestEvents.RegisterPageEvents.registerUser(RegisterPageEvents.java:42)
	at pageTestEvents.RegisterPageEvents.testUserRegistrationjson(RegisterPageEvents.java:76)
	at java.base/jdk.internal.reflect.DirectMethodHandleAccessor.invoke(DirectMethodHandleAccessor.java:104)
	at java.base/java.lang.reflect.Method.invoke(Method.java:578)
	at org.testng.internal.invokers.MethodInvocationHelper.invokeMethod(MethodInvocationHelper.java:141)
	at org.testng.internal.invokers.TestInvoker.invokeMethod(TestInvoker.java:686)
	at org.testng.internal.invokers.TestInvoker.retryFailed(TestInvoker.java:269)
	at org.testng.internal.invokers.MethodRunner.runInSequence(MethodRunner.java:76)
	at org.testng.internal.invokers.TestInvoker$MethodInvocationAgent.invoke(TestInvoker.java:992)
	at org.testng.internal.invokers.TestInvoker.invokeTestMethods(TestInvoker.java:203)
	at org.testng.internal.invokers.TestMethodWorker.invokeTestMethods(TestMethodWorker.java:154)
	at org.testng.internal.invokers.TestMethodWorker.run(TestMethodWorker.java:134)
	at java.base/java.util.ArrayList.forEach(ArrayList.java:1511)
	at org.testng.TestRunner.privateRun(TestRunner.java:739)
	at org.testng.TestRunner.run(TestRunner.java:614)
	at org.testng.SuiteRunner.runTest(SuiteRunner.java:421)
	at org.testng.SuiteRunner.runSequentially(SuiteRunner.java:413)
	at org.testng.SuiteRunner.privateRun(SuiteRunner.java:373)
	at org.testng.SuiteRunner.run(SuiteRunner.java:312)
	at org.testng.SuiteRunnerWorker.runSuite(SuiteRunnerWorker.java:52)
	at org.testng.SuiteRunnerWorker.run(SuiteRunnerWorker.java:95)
	at org.testng.TestNG.runSuitesSequentially(TestNG.java:1274)
	at org.testng.TestNG.runSuitesLocally(TestNG.java:1208)
	at org.testng.TestNG.runSuites(TestNG.java:1112)
	at org.testng.TestNG.run(TestNG.java:1079)
	at org.testng.remote.AbstractRemoteTestNG.run(AbstractRemoteTestNG.java:115)
	at org.testng.remote.RemoteTestNG.initAndRun(RemoteTestNG.java:293)
	at org.testng.remote.RemoteTestNG.main(RemoteTestNG.java:91)
</pre></div></td>
<td>3</td>
<td>pageTestEvents.RegisterPageEvents@21ca139c</td></tr>
<tr>
<td title='pageTestEvents.RegisterPageEvents.testUserRegistration()'><b>testUserRegistration</b><br>Test class: pageTestEvents.RegisterPageEvents<br>Parameters: Scrutinizers, Numpysdet176, Numpysdet176, user already exists</td>
<td><div><pre>java.lang.AssertionError: expected [user already exists] but found [password_mismatch:The two password fields didn’t match.]
	at pageTestEvents.RegisterPageEvents.registerUser(RegisterPageEvents.java:42)
	at pageTestEvents.RegisterPageEvents.testUserRegistration(RegisterPageEvents.java:68)
	at java.base/java.util.ArrayList.forEach(ArrayList.java:1511)
... Removed 31 stack frames</pre></div><a href='#' onClick='toggleBox("stack-trace1923590735", this, "Click to show all stack frames", "Click to hide stack frames")'>Click to show all stack frames</a>
<div class='stack-trace' id='stack-trace1923590735'><pre>java.lang.AssertionError: expected [user already exists] but found [password_mismatch:The two password fields didn’t match.]
	at org.testng.Assert.fail(Assert.java:111)
	at org.testng.Assert.failNotEquals(Assert.java:1578)
	at org.testng.Assert.assertEqualsImpl(Assert.java:150)
	at org.testng.Assert.assertEquals(Assert.java:132)
	at org.testng.Assert.assertEquals(Assert.java:656)
	at org.testng.Assert.assertEquals(Assert.java:666)
	at pageTestEvents.RegisterPageEvents.registerUser(RegisterPageEvents.java:42)
	at pageTestEvents.RegisterPageEvents.testUserRegistration(RegisterPageEvents.java:68)
	at java.base/jdk.internal.reflect.DirectMethodHandleAccessor.invoke(DirectMethodHandleAccessor.java:104)
	at java.base/java.lang.reflect.Method.invoke(Method.java:578)
	at org.testng.internal.invokers.MethodInvocationHelper.invokeMethod(MethodInvocationHelper.java:141)
	at org.testng.internal.invokers.TestInvoker.invokeMethod(TestInvoker.java:686)
	at org.testng.internal.invokers.TestInvoker.invokeTestMethod(TestInvoker.java:230)
	at org.testng.internal.invokers.MethodRunner.runInSequence(MethodRunner.java:63)
	at org.testng.internal.invokers.TestInvoker$MethodInvocationAgent.invoke(TestInvoker.java:992)
	at org.testng.internal.invokers.TestInvoker.invokeTestMethods(TestInvoker.java:203)
	at org.testng.internal.invokers.TestMethodWorker.invokeTestMethods(TestMethodWorker.java:154)
	at org.testng.internal.invokers.TestMethodWorker.run(TestMethodWorker.java:134)
	at java.base/java.util.ArrayList.forEach(ArrayList.java:1511)
	at org.testng.TestRunner.privateRun(TestRunner.java:739)
	at org.testng.TestRunner.run(TestRunner.java:614)
	at org.testng.SuiteRunner.runTest(SuiteRunner.java:421)
	at org.testng.SuiteRunner.runSequentially(SuiteRunner.java:413)
	at org.testng.SuiteRunner.privateRun(SuiteRunner.java:373)
	at org.testng.SuiteRunner.run(SuiteRunner.java:312)
	at org.testng.SuiteRunnerWorker.runSuite(SuiteRunnerWorker.java:52)
	at org.testng.SuiteRunnerWorker.run(SuiteRunnerWorker.java:95)
	at org.testng.TestNG.runSuitesSequentially(TestNG.java:1274)
	at org.testng.TestNG.runSuitesLocally(TestNG.java:1208)
	at org.testng.TestNG.runSuites(TestNG.java:1112)
	at org.testng.TestNG.run(TestNG.java:1079)
	at org.testng.remote.AbstractRemoteTestNG.run(AbstractRemoteTestNG.java:115)
	at org.testng.remote.RemoteTestNG.initAndRun(RemoteTestNG.java:293)
	at org.testng.remote.RemoteTestNG.main(RemoteTestNG.java:91)
</pre></div></td>
<td>3</td>
<td>pageTestEvents.RegisterPageEvents@21ca139c</td></tr>
<tr>
<td title='pageTestEvents.RegisterPageEvents.testUserRegistration()'><b>testUserRegistration</b><br>Test class: pageTestEvents.RegisterPageEvents<br>Parameters: Scrutinizers, Numpysdet176, Numpysdet176, user already exists</td>
<td><div><pre>java.lang.AssertionError: expected [user already exists] but found [password_mismatch:The two password fields didn’t match.]
	at pageTestEvents.RegisterPageEvents.registerUser(RegisterPageEvents.java:42)
	at pageTestEvents.RegisterPageEvents.testUserRegistration(RegisterPageEvents.java:68)
	at java.base/java.util.ArrayList.forEach(ArrayList.java:1511)
... Removed 31 stack frames</pre></div><a href='#' onClick='toggleBox("stack-trace203829039", this, "Click to show all stack frames", "Click to hide stack frames")'>Click to show all stack frames</a>
<div class='stack-trace' id='stack-trace203829039'><pre>java.lang.AssertionError: expected [user already exists] but found [password_mismatch:The two password fields didn’t match.]
	at org.testng.Assert.fail(Assert.java:111)
	at org.testng.Assert.failNotEquals(Assert.java:1578)
	at org.testng.Assert.assertEqualsImpl(Assert.java:150)
	at org.testng.Assert.assertEquals(Assert.java:132)
	at org.testng.Assert.assertEquals(Assert.java:656)
	at org.testng.Assert.assertEquals(Assert.java:666)
	at pageTestEvents.RegisterPageEvents.registerUser(RegisterPageEvents.java:42)
	at pageTestEvents.RegisterPageEvents.testUserRegistration(RegisterPageEvents.java:68)
	at java.base/jdk.internal.reflect.DirectMethodHandleAccessor.invoke(DirectMethodHandleAccessor.java:104)
	at java.base/java.lang.reflect.Method.invoke(Method.java:578)
	at org.testng.internal.invokers.MethodInvocationHelper.invokeMethod(MethodInvocationHelper.java:141)
	at org.testng.internal.invokers.TestInvoker.invokeMethod(TestInvoker.java:686)
	at org.testng.internal.invokers.TestInvoker.retryFailed(TestInvoker.java:269)
	at org.testng.internal.invokers.MethodRunner.runInSequence(MethodRunner.java:76)
	at org.testng.internal.invokers.TestInvoker$MethodInvocationAgent.invoke(TestInvoker.java:992)
	at org.testng.internal.invokers.TestInvoker.invokeTestMethods(TestInvoker.java:203)
	at org.testng.internal.invokers.TestMethodWorker.invokeTestMethods(TestMethodWorker.java:154)
	at org.testng.internal.invokers.TestMethodWorker.run(TestMethodWorker.java:134)
	at java.base/java.util.ArrayList.forEach(ArrayList.java:1511)
	at org.testng.TestRunner.privateRun(TestRunner.java:739)
	at org.testng.TestRunner.run(TestRunner.java:614)
	at org.testng.SuiteRunner.runTest(SuiteRunner.java:421)
	at org.testng.SuiteRunner.runSequentially(SuiteRunner.java:413)
	at org.testng.SuiteRunner.privateRun(SuiteRunner.java:373)
	at org.testng.SuiteRunner.run(SuiteRunner.java:312)
	at org.testng.SuiteRunnerWorker.runSuite(SuiteRunnerWorker.java:52)
	at org.testng.SuiteRunnerWorker.run(SuiteRunnerWorker.java:95)
	at org.testng.TestNG.runSuitesSequentially(TestNG.java:1274)
	at org.testng.TestNG.runSuitesLocally(TestNG.java:1208)
	at org.testng.TestNG.runSuites(TestNG.java:1112)
	at org.testng.TestNG.run(TestNG.java:1079)
	at org.testng.remote.AbstractRemoteTestNG.run(AbstractRemoteTestNG.java:115)
	at org.testng.remote.RemoteTestNG.initAndRun(RemoteTestNG.java:293)
	at org.testng.remote.RemoteTestNG.main(RemoteTestNG.java:91)
</pre></div></td>
<td>3</td>
<td>pageTestEvents.RegisterPageEvents@21ca139c</td></tr>
<tr>
<td title='pageTestEvents.RegisterPageEvents.testUserRegistrationjson()'><b>testUserRegistrationjson</b><br>Test class: pageTestEvents.RegisterPageEvents<br>Parameters: 123123412, 123sA, 123sa, user name cannot be only numeric</td>
<td><div><pre>java.lang.AssertionError: expected [user name cannot be only numeric] but found [password_mismatch:The two password fields didn’t match.]
	at pageTestEvents.RegisterPageEvents.registerUser(RegisterPageEvents.java:42)
	at pageTestEvents.RegisterPageEvents.testUserRegistrationjson(RegisterPageEvents.java:76)
	at java.base/java.util.ArrayList.forEach(ArrayList.java:1511)
... Removed 31 stack frames</pre></div><a href='#' onClick='toggleBox("stack-trace1580600379", this, "Click to show all stack frames", "Click to hide stack frames")'>Click to show all stack frames</a>
<div class='stack-trace' id='stack-trace1580600379'><pre>java.lang.AssertionError: expected [user name cannot be only numeric] but found [password_mismatch:The two password fields didn’t match.]
	at org.testng.Assert.fail(Assert.java:111)
	at org.testng.Assert.failNotEquals(Assert.java:1578)
	at org.testng.Assert.assertEqualsImpl(Assert.java:150)
	at org.testng.Assert.assertEquals(Assert.java:132)
	at org.testng.Assert.assertEquals(Assert.java:656)
	at org.testng.Assert.assertEquals(Assert.java:666)
	at pageTestEvents.RegisterPageEvents.registerUser(RegisterPageEvents.java:42)
	at pageTestEvents.RegisterPageEvents.testUserRegistrationjson(RegisterPageEvents.java:76)
	at java.base/jdk.internal.reflect.DirectMethodHandleAccessor.invoke(DirectMethodHandleAccessor.java:104)
	at java.base/java.lang.reflect.Method.invoke(Method.java:578)
	at org.testng.internal.invokers.MethodInvocationHelper.invokeMethod(MethodInvocationHelper.java:141)
	at org.testng.internal.invokers.TestInvoker.invokeMethod(TestInvoker.java:686)
	at org.testng.internal.invokers.TestInvoker.retryFailed(TestInvoker.java:269)
	at org.testng.internal.invokers.MethodRunner.runInSequence(MethodRunner.java:76)
	at org.testng.internal.invokers.TestInvoker$MethodInvocationAgent.invoke(TestInvoker.java:992)
	at org.testng.internal.invokers.TestInvoker.invokeTestMethods(TestInvoker.java:203)
	at org.testng.internal.invokers.TestMethodWorker.invokeTestMethods(TestMethodWorker.java:154)
	at org.testng.internal.invokers.TestMethodWorker.run(TestMethodWorker.java:134)
	at java.base/java.util.ArrayList.forEach(ArrayList.java:1511)
	at org.testng.TestRunner.privateRun(TestRunner.java:739)
	at org.testng.TestRunner.run(TestRunner.java:614)
	at org.testng.SuiteRunner.runTest(SuiteRunner.java:421)
	at org.testng.SuiteRunner.runSequentially(SuiteRunner.java:413)
	at org.testng.SuiteRunner.privateRun(SuiteRunner.java:373)
	at org.testng.SuiteRunner.run(SuiteRunner.java:312)
	at org.testng.SuiteRunnerWorker.runSuite(SuiteRunnerWorker.java:52)
	at org.testng.SuiteRunnerWorker.run(SuiteRunnerWorker.java:95)
	at org.testng.TestNG.runSuitesSequentially(TestNG.java:1274)
	at org.testng.TestNG.runSuitesLocally(TestNG.java:1208)
	at org.testng.TestNG.runSuites(TestNG.java:1112)
	at org.testng.TestNG.run(TestNG.java:1079)
	at org.testng.remote.AbstractRemoteTestNG.run(AbstractRemoteTestNG.java:115)
	at org.testng.remote.RemoteTestNG.initAndRun(RemoteTestNG.java:293)
	at org.testng.remote.RemoteTestNG.main(RemoteTestNG.java:91)
</pre></div></td>
<td>3</td>
<td>pageTestEvents.RegisterPageEvents@21ca139c</td></tr>
<tr>
<td title='pageTestEvents.RegisterPageEvents.testUserRegistrationjson()'><b>testUserRegistrationjson</b><br>Test class: pageTestEvents.RegisterPageEvents<br>Parameters: Scrutinizers, 123sA, 123sa, password length doesnot meet</td>
<td><div><pre>java.lang.AssertionError: expected [password length doesnot meet] but found [password_mismatch:The two password fields didn’t match.]
	at pageTestEvents.RegisterPageEvents.registerUser(RegisterPageEvents.java:42)
	at pageTestEvents.RegisterPageEvents.testUserRegistrationjson(RegisterPageEvents.java:76)
	at java.base/java.util.ArrayList.forEach(ArrayList.java:1511)
... Removed 31 stack frames</pre></div><a href='#' onClick='toggleBox("stack-trace411362929", this, "Click to show all stack frames", "Click to hide stack frames")'>Click to show all stack frames</a>
<div class='stack-trace' id='stack-trace411362929'><pre>java.lang.AssertionError: expected [password length doesnot meet] but found [password_mismatch:The two password fields didn’t match.]
	at org.testng.Assert.fail(Assert.java:111)
	at org.testng.Assert.failNotEquals(Assert.java:1578)
	at org.testng.Assert.assertEqualsImpl(Assert.java:150)
	at org.testng.Assert.assertEquals(Assert.java:132)
	at org.testng.Assert.assertEquals(Assert.java:656)
	at org.testng.Assert.assertEquals(Assert.java:666)
	at pageTestEvents.RegisterPageEvents.registerUser(RegisterPageEvents.java:42)
	at pageTestEvents.RegisterPageEvents.testUserRegistrationjson(RegisterPageEvents.java:76)
	at java.base/jdk.internal.reflect.DirectMethodHandleAccessor.invoke(DirectMethodHandleAccessor.java:104)
	at java.base/java.lang.reflect.Method.invoke(Method.java:578)
	at org.testng.internal.invokers.MethodInvocationHelper.invokeMethod(MethodInvocationHelper.java:141)
	at org.testng.internal.invokers.TestInvoker.invokeMethod(TestInvoker.java:686)
	at org.testng.internal.invokers.TestInvoker.invokeTestMethod(TestInvoker.java:230)
	at org.testng.internal.invokers.MethodRunner.runInSequence(MethodRunner.java:63)
	at org.testng.internal.invokers.TestInvoker$MethodInvocationAgent.invoke(TestInvoker.java:992)
	at org.testng.internal.invokers.TestInvoker.invokeTestMethods(TestInvoker.java:203)
	at org.testng.internal.invokers.TestMethodWorker.invokeTestMethods(TestMethodWorker.java:154)
	at org.testng.internal.invokers.TestMethodWorker.run(TestMethodWorker.java:134)
	at java.base/java.util.ArrayList.forEach(ArrayList.java:1511)
	at org.testng.TestRunner.privateRun(TestRunner.java:739)
	at org.testng.TestRunner.run(TestRunner.java:614)
	at org.testng.SuiteRunner.runTest(SuiteRunner.java:421)
	at org.testng.SuiteRunner.runSequentially(SuiteRunner.java:413)
	at org.testng.SuiteRunner.privateRun(SuiteRunner.java:373)
	at org.testng.SuiteRunner.run(SuiteRunner.java:312)
	at org.testng.SuiteRunnerWorker.runSuite(SuiteRunnerWorker.java:52)
	at org.testng.SuiteRunnerWorker.run(SuiteRunnerWorker.java:95)
	at org.testng.TestNG.runSuitesSequentially(TestNG.java:1274)
	at org.testng.TestNG.runSuitesLocally(TestNG.java:1208)
	at org.testng.TestNG.runSuites(TestNG.java:1112)
	at org.testng.TestNG.run(TestNG.java:1079)
	at org.testng.remote.AbstractRemoteTestNG.run(AbstractRemoteTestNG.java:115)
	at org.testng.remote.RemoteTestNG.initAndRun(RemoteTestNG.java:293)
	at org.testng.remote.RemoteTestNG.main(RemoteTestNG.java:91)
</pre></div></td>
<td>3</td>
<td>pageTestEvents.RegisterPageEvents@21ca139c</td></tr>
<tr>
<td title='pageTestEvents.RegisterPageEvents.testUserRegistrationjson()'><b>testUserRegistrationjson</b><br>Test class: pageTestEvents.RegisterPageEvents<br>Parameters: Scrutinizers, 123sA, 123sa, password length doesnot meet</td>
<td><div><pre>java.lang.AssertionError: expected [password length doesnot meet] but found [password_mismatch:The two password fields didn’t match.]
	at pageTestEvents.RegisterPageEvents.registerUser(RegisterPageEvents.java:42)
	at pageTestEvents.RegisterPageEvents.testUserRegistrationjson(RegisterPageEvents.java:76)
	at java.base/java.util.ArrayList.forEach(ArrayList.java:1511)
... Removed 31 stack frames</pre></div><a href='#' onClick='toggleBox("stack-trace2011914366", this, "Click to show all stack frames", "Click to hide stack frames")'>Click to show all stack frames</a>
<div class='stack-trace' id='stack-trace2011914366'><pre>java.lang.AssertionError: expected [password length doesnot meet] but found [password_mismatch:The two password fields didn’t match.]
	at org.testng.Assert.fail(Assert.java:111)
	at org.testng.Assert.failNotEquals(Assert.java:1578)
	at org.testng.Assert.assertEqualsImpl(Assert.java:150)
	at org.testng.Assert.assertEquals(Assert.java:132)
	at org.testng.Assert.assertEquals(Assert.java:656)
	at org.testng.Assert.assertEquals(Assert.java:666)
	at pageTestEvents.RegisterPageEvents.registerUser(RegisterPageEvents.java:42)
	at pageTestEvents.RegisterPageEvents.testUserRegistrationjson(RegisterPageEvents.java:76)
	at java.base/jdk.internal.reflect.DirectMethodHandleAccessor.invoke(DirectMethodHandleAccessor.java:104)
	at java.base/java.lang.reflect.Method.invoke(Method.java:578)
	at org.testng.internal.invokers.MethodInvocationHelper.invokeMethod(MethodInvocationHelper.java:141)
	at org.testng.internal.invokers.TestInvoker.invokeMethod(TestInvoker.java:686)
	at org.testng.internal.invokers.TestInvoker.retryFailed(TestInvoker.java:269)
	at org.testng.internal.invokers.MethodRunner.runInSequence(MethodRunner.java:76)
	at org.testng.internal.invokers.TestInvoker$MethodInvocationAgent.invoke(TestInvoker.java:992)
	at org.testng.internal.invokers.TestInvoker.invokeTestMethods(TestInvoker.java:203)
	at org.testng.internal.invokers.TestMethodWorker.invokeTestMethods(TestMethodWorker.java:154)
	at org.testng.internal.invokers.TestMethodWorker.run(TestMethodWorker.java:134)
	at java.base/java.util.ArrayList.forEach(ArrayList.java:1511)
	at org.testng.TestRunner.privateRun(TestRunner.java:739)
	at org.testng.TestRunner.run(TestRunner.java:614)
	at org.testng.SuiteRunner.runTest(SuiteRunner.java:421)
	at org.testng.SuiteRunner.runSequentially(SuiteRunner.java:413)
	at org.testng.SuiteRunner.privateRun(SuiteRunner.java:373)
	at org.testng.SuiteRunner.run(SuiteRunner.java:312)
	at org.testng.SuiteRunnerWorker.runSuite(SuiteRunnerWorker.java:52)
	at org.testng.SuiteRunnerWorker.run(SuiteRunnerWorker.java:95)
	at org.testng.TestNG.runSuitesSequentially(TestNG.java:1274)
	at org.testng.TestNG.runSuitesLocally(TestNG.java:1208)
	at org.testng.TestNG.runSuites(TestNG.java:1112)
	at org.testng.TestNG.run(TestNG.java:1079)
	at org.testng.remote.AbstractRemoteTestNG.run(AbstractRemoteTestNG.java:115)
	at org.testng.remote.RemoteTestNG.initAndRun(RemoteTestNG.java:293)
	at org.testng.remote.RemoteTestNG.main(RemoteTestNG.java:91)
</pre></div></td>
<td>3</td>
<td>pageTestEvents.RegisterPageEvents@21ca139c</td></tr>
<tr>
<td title='pageTestEvents.RegisterPageEvents.testUserRegistrationjson()'><b>testUserRegistrationjson</b><br>Test class: pageTestEvents.RegisterPageEvents<br>Parameters: Scrutinizers, 123sA, 123sa, password length doesnot meet</td>
<td><div><pre>java.lang.AssertionError: expected [password length doesnot meet] but found [password_mismatch:The two password fields didn’t match.]
	at pageTestEvents.RegisterPageEvents.registerUser(RegisterPageEvents.java:42)
	at pageTestEvents.RegisterPageEvents.testUserRegistrationjson(RegisterPageEvents.java:76)
	at java.base/java.util.ArrayList.forEach(ArrayList.java:1511)
... Removed 31 stack frames</pre></div><a href='#' onClick='toggleBox("stack-trace1943609263", this, "Click to show all stack frames", "Click to hide stack frames")'>Click to show all stack frames</a>
<div class='stack-trace' id='stack-trace1943609263'><pre>java.lang.AssertionError: expected [password length doesnot meet] but found [password_mismatch:The two password fields didn’t match.]
	at org.testng.Assert.fail(Assert.java:111)
	at org.testng.Assert.failNotEquals(Assert.java:1578)
	at org.testng.Assert.assertEqualsImpl(Assert.java:150)
	at org.testng.Assert.assertEquals(Assert.java:132)
	at org.testng.Assert.assertEquals(Assert.java:656)
	at org.testng.Assert.assertEquals(Assert.java:666)
	at pageTestEvents.RegisterPageEvents.registerUser(RegisterPageEvents.java:42)
	at pageTestEvents.RegisterPageEvents.testUserRegistrationjson(RegisterPageEvents.java:76)
	at java.base/jdk.internal.reflect.DirectMethodHandleAccessor.invoke(DirectMethodHandleAccessor.java:104)
	at java.base/java.lang.reflect.Method.invoke(Method.java:578)
	at org.testng.internal.invokers.MethodInvocationHelper.invokeMethod(MethodInvocationHelper.java:141)
	at org.testng.internal.invokers.TestInvoker.invokeMethod(TestInvoker.java:686)
	at org.testng.internal.invokers.TestInvoker.retryFailed(TestInvoker.java:269)
	at org.testng.internal.invokers.MethodRunner.runInSequence(MethodRunner.java:76)
	at org.testng.internal.invokers.TestInvoker$MethodInvocationAgent.invoke(TestInvoker.java:992)
	at org.testng.internal.invokers.TestInvoker.invokeTestMethods(TestInvoker.java:203)
	at org.testng.internal.invokers.TestMethodWorker.invokeTestMethods(TestMethodWorker.java:154)
	at org.testng.internal.invokers.TestMethodWorker.run(TestMethodWorker.java:134)
	at java.base/java.util.ArrayList.forEach(ArrayList.java:1511)
	at org.testng.TestRunner.privateRun(TestRunner.java:739)
	at org.testng.TestRunner.run(TestRunner.java:614)
	at org.testng.SuiteRunner.runTest(SuiteRunner.java:421)
	at org.testng.SuiteRunner.runSequentially(SuiteRunner.java:413)
	at org.testng.SuiteRunner.privateRun(SuiteRunner.java:373)
	at org.testng.SuiteRunner.run(SuiteRunner.java:312)
	at org.testng.SuiteRunnerWorker.runSuite(SuiteRunnerWorker.java:52)
	at org.testng.SuiteRunnerWorker.run(SuiteRunnerWorker.java:95)
	at org.testng.TestNG.runSuitesSequentially(TestNG.java:1274)
	at org.testng.TestNG.runSuitesLocally(TestNG.java:1208)
	at org.testng.TestNG.runSuites(TestNG.java:1112)
	at org.testng.TestNG.run(TestNG.java:1079)
	at org.testng.remote.AbstractRemoteTestNG.run(AbstractRemoteTestNG.java:115)
	at org.testng.remote.RemoteTestNG.initAndRun(RemoteTestNG.java:293)
	at org.testng.remote.RemoteTestNG.main(RemoteTestNG.java:91)
</pre></div></td>
<td>3</td>
<td>pageTestEvents.RegisterPageEvents@21ca139c</td></tr>
<tr>
<td title='pageTestEvents.RegisterPageEvents.testUserRegistrationjson()'><b>testUserRegistrationjson</b><br>Test class: pageTestEvents.RegisterPageEvents<br>Parameters: Scrutinizers, 123sA, 123sa, password length is less than 8</td>
<td><div><pre>java.lang.AssertionError: expected [password length is less than 8] but found [password_mismatch:The two password fields didn’t match.]
	at pageTestEvents.RegisterPageEvents.registerUser(RegisterPageEvents.java:42)
	at pageTestEvents.RegisterPageEvents.testUserRegistrationjson(RegisterPageEvents.java:76)
	at java.base/java.util.ArrayList.forEach(ArrayList.java:1511)
... Removed 31 stack frames</pre></div><a href='#' onClick='toggleBox("stack-trace837923432", this, "Click to show all stack frames", "Click to hide stack frames")'>Click to show all stack frames</a>
<div class='stack-trace' id='stack-trace837923432'><pre>java.lang.AssertionError: expected [password length is less than 8] but found [password_mismatch:The two password fields didn’t match.]
	at org.testng.Assert.fail(Assert.java:111)
	at org.testng.Assert.failNotEquals(Assert.java:1578)
	at org.testng.Assert.assertEqualsImpl(Assert.java:150)
	at org.testng.Assert.assertEquals(Assert.java:132)
	at org.testng.Assert.assertEquals(Assert.java:656)
	at org.testng.Assert.assertEquals(Assert.java:666)
	at pageTestEvents.RegisterPageEvents.registerUser(RegisterPageEvents.java:42)
	at pageTestEvents.RegisterPageEvents.testUserRegistrationjson(RegisterPageEvents.java:76)
	at java.base/jdk.internal.reflect.DirectMethodHandleAccessor.invoke(DirectMethodHandleAccessor.java:104)
	at java.base/java.lang.reflect.Method.invoke(Method.java:578)
	at org.testng.internal.invokers.MethodInvocationHelper.invokeMethod(MethodInvocationHelper.java:141)
	at org.testng.internal.invokers.TestInvoker.invokeMethod(TestInvoker.java:686)
	at org.testng.internal.invokers.TestInvoker.retryFailed(TestInvoker.java:269)
	at org.testng.internal.invokers.MethodRunner.runInSequence(MethodRunner.java:76)
	at org.testng.internal.invokers.TestInvoker$MethodInvocationAgent.invoke(TestInvoker.java:992)
	at org.testng.internal.invokers.TestInvoker.invokeTestMethods(TestInvoker.java:203)
	at org.testng.internal.invokers.TestMethodWorker.invokeTestMethods(TestMethodWorker.java:154)
	at org.testng.internal.invokers.TestMethodWorker.run(TestMethodWorker.java:134)
	at java.base/java.util.ArrayList.forEach(ArrayList.java:1511)
	at org.testng.TestRunner.privateRun(TestRunner.java:739)
	at org.testng.TestRunner.run(TestRunner.java:614)
	at org.testng.SuiteRunner.runTest(SuiteRunner.java:421)
	at org.testng.SuiteRunner.runSequentially(SuiteRunner.java:413)
	at org.testng.SuiteRunner.privateRun(SuiteRunner.java:373)
	at org.testng.SuiteRunner.run(SuiteRunner.java:312)
	at org.testng.SuiteRunnerWorker.runSuite(SuiteRunnerWorker.java:52)
	at org.testng.SuiteRunnerWorker.run(SuiteRunnerWorker.java:95)
	at org.testng.TestNG.runSuitesSequentially(TestNG.java:1274)
	at org.testng.TestNG.runSuitesLocally(TestNG.java:1208)
	at org.testng.TestNG.runSuites(TestNG.java:1112)
	at org.testng.TestNG.run(TestNG.java:1079)
	at org.testng.remote.AbstractRemoteTestNG.run(AbstractRemoteTestNG.java:115)
	at org.testng.remote.RemoteTestNG.initAndRun(RemoteTestNG.java:293)
	at org.testng.remote.RemoteTestNG.main(RemoteTestNG.java:91)
</pre></div></td>
<td>3</td>
<td>pageTestEvents.RegisterPageEvents@21ca139c</td></tr>
<tr>
<td title='pageTestEvents.RegisterPageEvents.testUserRegistrationjson()'><b>testUserRegistrationjson</b><br>Test class: pageTestEvents.RegisterPageEvents<br>Parameters: Scrutinizers, 123sA, 123sa, password length is less than 8</td>
<td><div><pre>java.lang.AssertionError: expected [password length is less than 8] but found [password_mismatch:The two password fields didn’t match.]
	at pageTestEvents.RegisterPageEvents.registerUser(RegisterPageEvents.java:42)
	at pageTestEvents.RegisterPageEvents.testUserRegistrationjson(RegisterPageEvents.java:76)
	at java.base/java.util.ArrayList.forEach(ArrayList.java:1511)
... Removed 31 stack frames</pre></div><a href='#' onClick='toggleBox("stack-trace872470266", this, "Click to show all stack frames", "Click to hide stack frames")'>Click to show all stack frames</a>
<div class='stack-trace' id='stack-trace872470266'><pre>java.lang.AssertionError: expected [password length is less than 8] but found [password_mismatch:The two password fields didn’t match.]
	at org.testng.Assert.fail(Assert.java:111)
	at org.testng.Assert.failNotEquals(Assert.java:1578)
	at org.testng.Assert.assertEqualsImpl(Assert.java:150)
	at org.testng.Assert.assertEquals(Assert.java:132)
	at org.testng.Assert.assertEquals(Assert.java:656)
	at org.testng.Assert.assertEquals(Assert.java:666)
	at pageTestEvents.RegisterPageEvents.registerUser(RegisterPageEvents.java:42)
	at pageTestEvents.RegisterPageEvents.testUserRegistrationjson(RegisterPageEvents.java:76)
	at java.base/jdk.internal.reflect.DirectMethodHandleAccessor.invoke(DirectMethodHandleAccessor.java:104)
	at java.base/java.lang.reflect.Method.invoke(Method.java:578)
	at org.testng.internal.invokers.MethodInvocationHelper.invokeMethod(MethodInvocationHelper.java:141)
	at org.testng.internal.invokers.TestInvoker.invokeMethod(TestInvoker.java:686)
	at org.testng.internal.invokers.TestInvoker.retryFailed(TestInvoker.java:269)
	at org.testng.internal.invokers.MethodRunner.runInSequence(MethodRunner.java:76)
	at org.testng.internal.invokers.TestInvoker$MethodInvocationAgent.invoke(TestInvoker.java:992)
	at org.testng.internal.invokers.TestInvoker.invokeTestMethods(TestInvoker.java:203)
	at org.testng.internal.invokers.TestMethodWorker.invokeTestMethods(TestMethodWorker.java:154)
	at org.testng.internal.invokers.TestMethodWorker.run(TestMethodWorker.java:134)
	at java.base/java.util.ArrayList.forEach(ArrayList.java:1511)
	at org.testng.TestRunner.privateRun(TestRunner.java:739)
	at org.testng.TestRunner.run(TestRunner.java:614)
	at org.testng.SuiteRunner.runTest(SuiteRunner.java:421)
	at org.testng.SuiteRunner.runSequentially(SuiteRunner.java:413)
	at org.testng.SuiteRunner.privateRun(SuiteRunner.java:373)
	at org.testng.SuiteRunner.run(SuiteRunner.java:312)
	at org.testng.SuiteRunnerWorker.runSuite(SuiteRunnerWorker.java:52)
	at org.testng.SuiteRunnerWorker.run(SuiteRunnerWorker.java:95)
	at org.testng.TestNG.runSuitesSequentially(TestNG.java:1274)
	at org.testng.TestNG.runSuitesLocally(TestNG.java:1208)
	at org.testng.TestNG.runSuites(TestNG.java:1112)
	at org.testng.TestNG.run(TestNG.java:1079)
	at org.testng.remote.AbstractRemoteTestNG.run(AbstractRemoteTestNG.java:115)
	at org.testng.remote.RemoteTestNG.initAndRun(RemoteTestNG.java:293)
	at org.testng.remote.RemoteTestNG.main(RemoteTestNG.java:91)
</pre></div></td>
<td>3</td>
<td>pageTestEvents.RegisterPageEvents@21ca139c</td></tr>
<tr>
<td title='pageTestEvents.RegisterPageEvents.testUserRegistration()'><b>testUserRegistration</b><br>Test class: pageTestEvents.RegisterPageEvents<br>Parameters: Scrutinizers, Numpysdet176, Numpysdet176, user already exists</td>
<td><div><pre>java.lang.AssertionError: expected [user already exists] but found [password_mismatch:The two password fields didn’t match.]
	at pageTestEvents.RegisterPageEvents.registerUser(RegisterPageEvents.java:42)
	at pageTestEvents.RegisterPageEvents.testUserRegistration(RegisterPageEvents.java:68)
	at java.base/java.util.ArrayList.forEach(ArrayList.java:1511)
... Removed 31 stack frames</pre></div><a href='#' onClick='toggleBox("stack-trace944009919", this, "Click to show all stack frames", "Click to hide stack frames")'>Click to show all stack frames</a>
<div class='stack-trace' id='stack-trace944009919'><pre>java.lang.AssertionError: expected [user already exists] but found [password_mismatch:The two password fields didn’t match.]
	at org.testng.Assert.fail(Assert.java:111)
	at org.testng.Assert.failNotEquals(Assert.java:1578)
	at org.testng.Assert.assertEqualsImpl(Assert.java:150)
	at org.testng.Assert.assertEquals(Assert.java:132)
	at org.testng.Assert.assertEquals(Assert.java:656)
	at org.testng.Assert.assertEquals(Assert.java:666)
	at pageTestEvents.RegisterPageEvents.registerUser(RegisterPageEvents.java:42)
	at pageTestEvents.RegisterPageEvents.testUserRegistration(RegisterPageEvents.java:68)
	at java.base/jdk.internal.reflect.DirectMethodHandleAccessor.invoke(DirectMethodHandleAccessor.java:104)
	at java.base/java.lang.reflect.Method.invoke(Method.java:578)
	at org.testng.internal.invokers.MethodInvocationHelper.invokeMethod(MethodInvocationHelper.java:141)
	at org.testng.internal.invokers.TestInvoker.invokeMethod(TestInvoker.java:686)
	at org.testng.internal.invokers.TestInvoker.retryFailed(TestInvoker.java:269)
	at org.testng.internal.invokers.MethodRunner.runInSequence(MethodRunner.java:76)
	at org.testng.internal.invokers.TestInvoker$MethodInvocationAgent.invoke(TestInvoker.java:992)
	at org.testng.internal.invokers.TestInvoker.invokeTestMethods(TestInvoker.java:203)
	at org.testng.internal.invokers.TestMethodWorker.invokeTestMethods(TestMethodWorker.java:154)
	at org.testng.internal.invokers.TestMethodWorker.run(TestMethodWorker.java:134)
	at java.base/java.util.ArrayList.forEach(ArrayList.java:1511)
	at org.testng.TestRunner.privateRun(TestRunner.java:739)
	at org.testng.TestRunner.run(TestRunner.java:614)
	at org.testng.SuiteRunner.runTest(SuiteRunner.java:421)
	at org.testng.SuiteRunner.runSequentially(SuiteRunner.java:413)
	at org.testng.SuiteRunner.privateRun(SuiteRunner.java:373)
	at org.testng.SuiteRunner.run(SuiteRunner.java:312)
	at org.testng.SuiteRunnerWorker.runSuite(SuiteRunnerWorker.java:52)
	at org.testng.SuiteRunnerWorker.run(SuiteRunnerWorker.java:95)
	at org.testng.TestNG.runSuitesSequentially(TestNG.java:1274)
	at org.testng.TestNG.runSuitesLocally(TestNG.java:1208)
	at org.testng.TestNG.runSuites(TestNG.java:1112)
	at org.testng.TestNG.run(TestNG.java:1079)
	at org.testng.remote.AbstractRemoteTestNG.run(AbstractRemoteTestNG.java:115)
	at org.testng.remote.RemoteTestNG.initAndRun(RemoteTestNG.java:293)
	at org.testng.remote.RemoteTestNG.main(RemoteTestNG.java:91)
</pre></div></td>
<td>3</td>
<td>pageTestEvents.RegisterPageEvents@21ca139c</td></tr>
<tr>
<td title='pageTestEvents.RegisterPageEvents.testUserRegistrationjson()'><b>testUserRegistrationjson</b><br>Test class: pageTestEvents.RegisterPageEvents<br>Parameters: Scrutinizers, 123sA, 123sa, password length is less than 8</td>
<td><div><pre>java.lang.AssertionError: expected [password length is less than 8] but found [password_mismatch:The two password fields didn’t match.]
	at pageTestEvents.RegisterPageEvents.registerUser(RegisterPageEvents.java:42)
	at pageTestEvents.RegisterPageEvents.testUserRegistrationjson(RegisterPageEvents.java:76)
	at java.base/java.util.ArrayList.forEach(ArrayList.java:1511)
... Removed 31 stack frames</pre></div><a href='#' onClick='toggleBox("stack-trace892091760", this, "Click to show all stack frames", "Click to hide stack frames")'>Click to show all stack frames</a>
<div class='stack-trace' id='stack-trace892091760'><pre>java.lang.AssertionError: expected [password length is less than 8] but found [password_mismatch:The two password fields didn’t match.]
	at org.testng.Assert.fail(Assert.java:111)
	at org.testng.Assert.failNotEquals(Assert.java:1578)
	at org.testng.Assert.assertEqualsImpl(Assert.java:150)
	at org.testng.Assert.assertEquals(Assert.java:132)
	at org.testng.Assert.assertEquals(Assert.java:656)
	at org.testng.Assert.assertEquals(Assert.java:666)
	at pageTestEvents.RegisterPageEvents.registerUser(RegisterPageEvents.java:42)
	at pageTestEvents.RegisterPageEvents.testUserRegistrationjson(RegisterPageEvents.java:76)
	at java.base/jdk.internal.reflect.DirectMethodHandleAccessor.invoke(DirectMethodHandleAccessor.java:104)
	at java.base/java.lang.reflect.Method.invoke(Method.java:578)
	at org.testng.internal.invokers.MethodInvocationHelper.invokeMethod(MethodInvocationHelper.java:141)
	at org.testng.internal.invokers.TestInvoker.invokeMethod(TestInvoker.java:686)
	at org.testng.internal.invokers.TestInvoker.invokeTestMethod(TestInvoker.java:230)
	at org.testng.internal.invokers.MethodRunner.runInSequence(MethodRunner.java:63)
	at org.testng.internal.invokers.TestInvoker$MethodInvocationAgent.invoke(TestInvoker.java:992)
	at org.testng.internal.invokers.TestInvoker.invokeTestMethods(TestInvoker.java:203)
	at org.testng.internal.invokers.TestMethodWorker.invokeTestMethods(TestMethodWorker.java:154)
	at org.testng.internal.invokers.TestMethodWorker.run(TestMethodWorker.java:134)
	at java.base/java.util.ArrayList.forEach(ArrayList.java:1511)
	at org.testng.TestRunner.privateRun(TestRunner.java:739)
	at org.testng.TestRunner.run(TestRunner.java:614)
	at org.testng.SuiteRunner.runTest(SuiteRunner.java:421)
	at org.testng.SuiteRunner.runSequentially(SuiteRunner.java:413)
	at org.testng.SuiteRunner.privateRun(SuiteRunner.java:373)
	at org.testng.SuiteRunner.run(SuiteRunner.java:312)
	at org.testng.SuiteRunnerWorker.runSuite(SuiteRunnerWorker.java:52)
	at org.testng.SuiteRunnerWorker.run(SuiteRunnerWorker.java:95)
	at org.testng.TestNG.runSuitesSequentially(TestNG.java:1274)
	at org.testng.TestNG.runSuitesLocally(TestNG.java:1208)
	at org.testng.TestNG.runSuites(TestNG.java:1112)
	at org.testng.TestNG.run(TestNG.java:1079)
	at org.testng.remote.AbstractRemoteTestNG.run(AbstractRemoteTestNG.java:115)
	at org.testng.remote.RemoteTestNG.initAndRun(RemoteTestNG.java:293)
	at org.testng.remote.RemoteTestNG.main(RemoteTestNG.java:91)
</pre></div></td>
<td>3</td>
<td>pageTestEvents.RegisterPageEvents@21ca139c</td></tr>
<tr>
<td title='pageTestEvents.RegisterPageEvents.testUserRegistrationjson()'><b>testUserRegistrationjson</b><br>Test class: pageTestEvents.RegisterPageEvents<br>Parameters: 123123412, 123sA, 123sa, user name cannot be only numeric</td>
<td><div><pre>java.lang.AssertionError: expected [user name cannot be only numeric] but found [password_mismatch:The two password fields didn’t match.]
	at pageTestEvents.RegisterPageEvents.registerUser(RegisterPageEvents.java:42)
	at pageTestEvents.RegisterPageEvents.testUserRegistrationjson(RegisterPageEvents.java:76)
	at java.base/java.util.ArrayList.forEach(ArrayList.java:1511)
... Removed 31 stack frames</pre></div><a href='#' onClick='toggleBox("stack-trace1238989252", this, "Click to show all stack frames", "Click to hide stack frames")'>Click to show all stack frames</a>
<div class='stack-trace' id='stack-trace1238989252'><pre>java.lang.AssertionError: expected [user name cannot be only numeric] but found [password_mismatch:The two password fields didn’t match.]
	at org.testng.Assert.fail(Assert.java:111)
	at org.testng.Assert.failNotEquals(Assert.java:1578)
	at org.testng.Assert.assertEqualsImpl(Assert.java:150)
	at org.testng.Assert.assertEquals(Assert.java:132)
	at org.testng.Assert.assertEquals(Assert.java:656)
	at org.testng.Assert.assertEquals(Assert.java:666)
	at pageTestEvents.RegisterPageEvents.registerUser(RegisterPageEvents.java:42)
	at pageTestEvents.RegisterPageEvents.testUserRegistrationjson(RegisterPageEvents.java:76)
	at java.base/jdk.internal.reflect.DirectMethodHandleAccessor.invoke(DirectMethodHandleAccessor.java:104)
	at java.base/java.lang.reflect.Method.invoke(Method.java:578)
	at org.testng.internal.invokers.MethodInvocationHelper.invokeMethod(MethodInvocationHelper.java:141)
	at org.testng.internal.invokers.TestInvoker.invokeMethod(TestInvoker.java:686)
	at org.testng.internal.invokers.TestInvoker.invokeTestMethod(TestInvoker.java:230)
	at org.testng.internal.invokers.MethodRunner.runInSequence(MethodRunner.java:63)
	at org.testng.internal.invokers.TestInvoker$MethodInvocationAgent.invoke(TestInvoker.java:992)
	at org.testng.internal.invokers.TestInvoker.invokeTestMethods(TestInvoker.java:203)
	at org.testng.internal.invokers.TestMethodWorker.invokeTestMethods(TestMethodWorker.java:154)
	at org.testng.internal.invokers.TestMethodWorker.run(TestMethodWorker.java:134)
	at java.base/java.util.ArrayList.forEach(ArrayList.java:1511)
	at org.testng.TestRunner.privateRun(TestRunner.java:739)
	at org.testng.TestRunner.run(TestRunner.java:614)
	at org.testng.SuiteRunner.runTest(SuiteRunner.java:421)
	at org.testng.SuiteRunner.runSequentially(SuiteRunner.java:413)
	at org.testng.SuiteRunner.privateRun(SuiteRunner.java:373)
	at org.testng.SuiteRunner.run(SuiteRunner.java:312)
	at org.testng.SuiteRunnerWorker.runSuite(SuiteRunnerWorker.java:52)
	at org.testng.SuiteRunnerWorker.run(SuiteRunnerWorker.java:95)
	at org.testng.TestNG.runSuitesSequentially(TestNG.java:1274)
	at org.testng.TestNG.runSuitesLocally(TestNG.java:1208)
	at org.testng.TestNG.runSuites(TestNG.java:1112)
	at org.testng.TestNG.run(TestNG.java:1079)
	at org.testng.remote.AbstractRemoteTestNG.run(AbstractRemoteTestNG.java:115)
	at org.testng.remote.RemoteTestNG.initAndRun(RemoteTestNG.java:293)
	at org.testng.remote.RemoteTestNG.main(RemoteTestNG.java:91)
</pre></div></td>
<td>3</td>
<td>pageTestEvents.RegisterPageEvents@21ca139c</td></tr>
</table><p>
</body>
</html>