<?xml version="1.0" encoding="UTF-8"?>
<!-- Generated by org.testng.reporters.JUnitXMLReporter -->
<testsuite ignored="6" hostname="Anvi" failures="2" tests="37" name="Test" time="33.946" errors="0" timestamp="2024-11-11T08:58:46 CST">
  <testcase classname="pageTestEvents.LandingPageEvents" name="testHomePageTitle" time="0.049"/>
  <testcase classname="pageTestEvents.LandingPageEvents" name="getStartedBtn" time="0.358"/>
  <testcase classname="pageTestEvents.DashBoardPageEvents" name="chkPageTitle" time="0.013"/>
  <testcase classname="pageTestEvents.DashBoardPageEvents" name="validateDsAlgoDropdownItems" time="0.063"/>
  <testcase classname="pageTestEvents.DashBoardPageEvents" name="validateDsAlgoButtons" time="0.016"/>
  <testcase classname="pageTestEvents.DashBoardPageEvents" name="validateRegister" time="0.148"/>
  <testcase classname="pageTestEvents.DashBoardPageEvents" name="testDSwithoutSignIn" time="0.096"/>
  <testcase classname="pageTestEvents.DashBoardPageEvents" name="testDSwithoutSignIn" time="0.066"/>
  <testcase classname="pageTestEvents.DashBoardPageEvents" name="testDSwithoutSignIn" time="0.051"/>
  <testcase classname="pageTestEvents.DashBoardPageEvents" name="testDSwithoutSignIn" time="0.051"/>
  <testcase classname="pageTestEvents.DashBoardPageEvents" name="testDSwithoutSignIn" time="0.05"/>
  <testcase classname="pageTestEvents.DashBoardPageEvents" name="testDSwithoutSignIn" time="0.05"/>
  <testcase classname="pageTestEvents.DashBoardPageEvents" name="validateSignIn" time="0.147"/>
  <testcase classname="pageTestEvents.DashBoardPageEvents" name="userSignIn" time="0.649"/>
  <testcase classname="pageTestEvents.DashBoardPageEvents" name="testDataStructures" time="0.076"/>
  <testcase classname="pageTestEvents.DashBoardPageEvents" name="testDataStructures" time="0.051"/>
  <testcase classname="pageTestEvents.DashBoardPageEvents" name="testDataStructures" time="0.056"/>
  <testcase classname="pageTestEvents.DashBoardPageEvents" name="testDataStructures" time="0.103"/>
  <testcase classname="pageTestEvents.DashBoardPageEvents" name="testDataStructures" time="0.048"/>
  <testcase classname="pageTestEvents.DashBoardPageEvents" name="testDataStructures" time="0.047"/>
  <testcase classname="pageTestEvents.RegisterPageEvents" name="testPageTitle" time="0.01"/>
  <testcase classname="pageTestEvents.RegisterPageEvents" name="testUserRegistration" time="3.212"/>
  <testcase classname="pageTestEvents.RegisterPageEvents" name="testUserRegistration" time="3.239"/>
  <testcase classname="pageTestEvents.RegisterPageEvents" name="testUserRegistration" time="3.556"/>
  <testcase classname="pageTestEvents.RegisterPageEvents" name="testUserRegistration" time="3.276"/>
  <testcase classname="pageTestEvents.RegisterPageEvents" name="testUserRegistration" time="5.556"/>
  <testcase classname="pageTestEvents.RegisterPageEvents" name="testUserRegistration" time="4.446">
    <failure type="java.lang.AssertionError" message="expected [password length doesnot meet] but found [password_mismatch:The two password fields didn’t match.]">
      <![CDATA[java.lang.AssertionError: expected [password length doesnot meet] but found [password_mismatch:The two password fields didn’t match.]
at pageTestEvents.RegisterPageEvents.registerUser(RegisterPageEvents.java:42)
at pageTestEvents.RegisterPageEvents.testUserRegistration(RegisterPageEvents.java:70)
at java.base/java.util.ArrayList.forEach(ArrayList.java:1511)
... Removed 31 stack frames]]>
    </failure>
  </testcase> <!-- testUserRegistration -->
  <testcase classname="pageTestEvents.RegisterPageEvents" name="testUserRegistration" time="4.369">
    <failure type="java.lang.AssertionError" message="expected [user already exists] but found [password_mismatch:The two password fields didn’t match.]">
      <![CDATA[java.lang.AssertionError: expected [user already exists] but found [password_mismatch:The two password fields didn’t match.]
at pageTestEvents.RegisterPageEvents.registerUser(RegisterPageEvents.java:42)
at pageTestEvents.RegisterPageEvents.testUserRegistration(RegisterPageEvents.java:70)
at java.base/java.util.ArrayList.forEach(ArrayList.java:1511)
... Removed 31 stack frames]]>
    </failure>
  </testcase> <!-- testUserRegistration -->
  <testcase classname="pageTestEvents.SignInPageEvents" name="testPageTitle" time="0.016"/>
  <testcase classname="pageTestEvents.SignInPageEvents" name="testSignInInvalidData" time="0.362"/>
  <testcase classname="pageTestEvents.SignInPageEvents" name="testSignInInvalidData" time="0.346"/>
  <testcase classname="pageTestEvents.SignInPageEvents" name="testSignInInvalidData" time="0.37"/>
  <testcase classname="pageTestEvents.SignInPageEvents" name="testSignInInvalidData" time="0.356"/>
  <testcase classname="pageTestEvents.SignInPageEvents" name="testSignInInvalidData" time="0.096"/>
  <testcase classname="pageTestEvents.SignInPageEvents" name="testSignInInvalidData" time="0.128"/>
  <testcase classname="pageTestEvents.SignInPageEvents" name="testSignInInvalidData" time="0.295"/>
  <testcase classname="pageTestEvents.SignInPageEvents" name="testSignInData" time="0.543"/>
  <testcase classname="base.BaseTest" name="@BeforeSuite setUP" time="0.0">
    <ignored/>
  </testcase> <!-- @BeforeSuite setUP -->
  <testcase classname="base.BaseTest" name="@BeforeSuite setUP" time="0.0">
    <ignored/>
  </testcase> <!-- @BeforeSuite setUP -->
  <testcase classname="base.BaseTest" name="@AfterSuite tearDown" time="0.0">
    <ignored/>
  </testcase> <!-- @AfterSuite tearDown -->
  <testcase classname="base.BaseTest" name="@AfterSuite tearDown" time="0.0">
    <ignored/>
  </testcase> <!-- @AfterSuite tearDown -->
  <testcase classname="base.BaseTest" name="@AfterSuite tearDown" time="0.0">
    <ignored/>
  </testcase> <!-- @AfterSuite tearDown -->
  <testcase classname="base.BaseTest" name="@BeforeSuite setUP" time="0.0">
    <ignored/>
  </testcase> <!-- @BeforeSuite setUP -->
</testsuite> <!-- Test -->
