<html>
<head>
<title>TestNG:  Test</title>
<link href="../testng.css" rel="stylesheet" type="text/css" />
<link href="../my-testng.css" rel="stylesheet" type="text/css" />

<style type="text/css">
.log { display: none;} 
.stack-trace { display: none;} 
</style>
<script type="text/javascript">
<!--
function flip(e) {
  current = e.style.display;
  if (current == 'block') {
    e.style.display = 'none';
    return 0;
  }
  else {
    e.style.display = 'block';
    return 1;
  }
}

function toggleBox(szDivId, elem, msg1, msg2)
{
  var res = -1;  if (document.getElementById) {
    res = flip(document.getElementById(szDivId));
  }
  else if (document.all) {
    // this is the way old msie versions work
    res = flip(document.all[szDivId]);
  }
  if(elem) {
    if(res == 0) elem.innerHTML = msg1; else elem.innerHTML = msg2;
  }

}

function toggleAllBoxes() {
  if (document.getElementsByTagName) {
    d = document.getElementsByTagName('div');
    for (i = 0; i < d.length; i++) {
      if (d[i].className == 'log') {
        flip(d[i]);
      }
    }
  }
}

// -->
</script>

</head>
<body>
<h2 align='center'>Test</h2><table border='1' align="center">
<tr>
<td>Tests passed/Failed/Skipped:</td><td>35/2/0</td>
</tr><tr>
<td>Started on:</td><td>Mon Nov 11 08:58:11 CST 2024</td>
</tr>
<tr><td>Total time:</td><td>33 seconds (33946 ms)</td>
</tr><tr>
<td>Included groups:</td><td></td>
</tr><tr>
<td>Excluded groups:</td><td></td>
</tr>
</table><p/>
<small><i>(Hover the method name to see the test class name)</i></small><p/>
<table width='100%' border='1' class='invocation-failed'>
<tr><td colspan='4' align='center'><b>FAILED TESTS</b></td></tr>
<tr><td><b>Test method</b></td>
<td><b>Attribute(s)</b></td>
<td width="30%"><b>Exception</b></td>
<td width="10%"><b>Time (seconds)</b></td>
<td><b>Instance</b></td>
</tr>
<tr>
<td title='pageTestEvents.RegisterPageEvents.testUserRegistration()'><b>testUserRegistration</b><br>Test class: pageTestEvents.RegisterPageEvents<br>Parameters: Scrutinizers, Numpysdet176, Numpysdet176, user already exists</td>
<td><div><pre>java.lang.AssertionError: expected [user already exists] but found [password_mismatch:The two password fields didn’t match.]
	at pageTestEvents.RegisterPageEvents.registerUser(RegisterPageEvents.java:42)
	at pageTestEvents.RegisterPageEvents.testUserRegistration(RegisterPageEvents.java:70)
	at java.base/java.util.ArrayList.forEach(ArrayList.java:1511)
... Removed 31 stack frames</pre></div><a href='#' onClick='toggleBox("stack-trace1547521797", this, "Click to show all stack frames", "Click to hide stack frames")'>Click to show all stack frames</a>
<div class='stack-trace' id='stack-trace1547521797'><pre>java.lang.AssertionError: expected [user already exists] but found [password_mismatch:The two password fields didn’t match.]
	at org.testng.Assert.fail(Assert.java:111)
	at org.testng.Assert.failNotEquals(Assert.java:1578)
	at org.testng.Assert.assertEqualsImpl(Assert.java:150)
	at org.testng.Assert.assertEquals(Assert.java:132)
	at org.testng.Assert.assertEquals(Assert.java:656)
	at org.testng.Assert.assertEquals(Assert.java:666)
	at pageTestEvents.RegisterPageEvents.registerUser(RegisterPageEvents.java:42)
	at pageTestEvents.RegisterPageEvents.testUserRegistration(RegisterPageEvents.java:70)
	at java.base/jdk.internal.reflect.DirectMethodHandleAccessor.invoke(DirectMethodHandleAccessor.java:104)
	at java.base/java.lang.reflect.Method.invoke(Method.java:578)
	at org.testng.internal.invokers.MethodInvocationHelper.invokeMethod(MethodInvocationHelper.java:141)
	at org.testng.internal.invokers.TestInvoker.invokeMethod(TestInvoker.java:686)
	at org.testng.internal.invokers.TestInvoker.invokeTestMethod(TestInvoker.java:230)
	at org.testng.internal.invokers.MethodRunner.runInSequence(MethodRunner.java:63)
	at org.testng.internal.invokers.TestInvoker$MethodInvocationAgent.invoke(TestInvoker.java:992)
	at org.testng.internal.invokers.TestInvoker.invokeTestMethods(TestInvoker.java:203)
	at org.testng.internal.invokers.TestMethodWorker.invokeTestMethods(TestMethodWorker.java:154)
	at org.testng.internal.invokers.TestMethodWorker.run(TestMethodWorker.java:134)
	at java.base/java.util.ArrayList.forEach(ArrayList.java:1511)
	at org.testng.TestRunner.privateRun(TestRunner.java:739)
	at org.testng.TestRunner.run(TestRunner.java:614)
	at org.testng.SuiteRunner.runTest(SuiteRunner.java:421)
	at org.testng.SuiteRunner.runSequentially(SuiteRunner.java:413)
	at org.testng.SuiteRunner.privateRun(SuiteRunner.java:373)
	at org.testng.SuiteRunner.run(SuiteRunner.java:312)
	at org.testng.SuiteRunnerWorker.runSuite(SuiteRunnerWorker.java:52)
	at org.testng.SuiteRunnerWorker.run(SuiteRunnerWorker.java:95)
	at org.testng.TestNG.runSuitesSequentially(TestNG.java:1274)
	at org.testng.TestNG.runSuitesLocally(TestNG.java:1208)
	at org.testng.TestNG.runSuites(TestNG.java:1112)
	at org.testng.TestNG.run(TestNG.java:1079)
	at org.testng.remote.AbstractRemoteTestNG.run(AbstractRemoteTestNG.java:115)
	at org.testng.remote.RemoteTestNG.initAndRun(RemoteTestNG.java:293)
	at org.testng.remote.RemoteTestNG.main(RemoteTestNG.java:91)
</pre></div></td>
<td>4</td>
<td>pageTestEvents.RegisterPageEvents@5fe8b721</td></tr>
<tr>
<td title='pageTestEvents.RegisterPageEvents.testUserRegistration()'><b>testUserRegistration</b><br>Test class: pageTestEvents.RegisterPageEvents<br>Parameters: Scrutinizers, 123sA, 123sa, password length doesnot meet</td>
<td><div><pre>java.lang.AssertionError: expected [password length doesnot meet] but found [password_mismatch:The two password fields didn’t match.]
	at pageTestEvents.RegisterPageEvents.registerUser(RegisterPageEvents.java:42)
	at pageTestEvents.RegisterPageEvents.testUserRegistration(RegisterPageEvents.java:70)
	at java.base/java.util.ArrayList.forEach(ArrayList.java:1511)
... Removed 31 stack frames</pre></div><a href='#' onClick='toggleBox("stack-trace113042195", this, "Click to show all stack frames", "Click to hide stack frames")'>Click to show all stack frames</a>
<div class='stack-trace' id='stack-trace113042195'><pre>java.lang.AssertionError: expected [password length doesnot meet] but found [password_mismatch:The two password fields didn’t match.]
	at org.testng.Assert.fail(Assert.java:111)
	at org.testng.Assert.failNotEquals(Assert.java:1578)
	at org.testng.Assert.assertEqualsImpl(Assert.java:150)
	at org.testng.Assert.assertEquals(Assert.java:132)
	at org.testng.Assert.assertEquals(Assert.java:656)
	at org.testng.Assert.assertEquals(Assert.java:666)
	at pageTestEvents.RegisterPageEvents.registerUser(RegisterPageEvents.java:42)
	at pageTestEvents.RegisterPageEvents.testUserRegistration(RegisterPageEvents.java:70)
	at java.base/jdk.internal.reflect.DirectMethodHandleAccessor.invoke(DirectMethodHandleAccessor.java:104)
	at java.base/java.lang.reflect.Method.invoke(Method.java:578)
	at org.testng.internal.invokers.MethodInvocationHelper.invokeMethod(MethodInvocationHelper.java:141)
	at org.testng.internal.invokers.TestInvoker.invokeMethod(TestInvoker.java:686)
	at org.testng.internal.invokers.TestInvoker.invokeTestMethod(TestInvoker.java:230)
	at org.testng.internal.invokers.MethodRunner.runInSequence(MethodRunner.java:63)
	at org.testng.internal.invokers.TestInvoker$MethodInvocationAgent.invoke(TestInvoker.java:992)
	at org.testng.internal.invokers.TestInvoker.invokeTestMethods(TestInvoker.java:203)
	at org.testng.internal.invokers.TestMethodWorker.invokeTestMethods(TestMethodWorker.java:154)
	at org.testng.internal.invokers.TestMethodWorker.run(TestMethodWorker.java:134)
	at java.base/java.util.ArrayList.forEach(ArrayList.java:1511)
	at org.testng.TestRunner.privateRun(TestRunner.java:739)
	at org.testng.TestRunner.run(TestRunner.java:614)
	at org.testng.SuiteRunner.runTest(SuiteRunner.java:421)
	at org.testng.SuiteRunner.runSequentially(SuiteRunner.java:413)
	at org.testng.SuiteRunner.privateRun(SuiteRunner.java:373)
	at org.testng.SuiteRunner.run(SuiteRunner.java:312)
	at org.testng.SuiteRunnerWorker.runSuite(SuiteRunnerWorker.java:52)
	at org.testng.SuiteRunnerWorker.run(SuiteRunnerWorker.java:95)
	at org.testng.TestNG.runSuitesSequentially(TestNG.java:1274)
	at org.testng.TestNG.runSuitesLocally(TestNG.java:1208)
	at org.testng.TestNG.runSuites(TestNG.java:1112)
	at org.testng.TestNG.run(TestNG.java:1079)
	at org.testng.remote.AbstractRemoteTestNG.run(AbstractRemoteTestNG.java:115)
	at org.testng.remote.RemoteTestNG.initAndRun(RemoteTestNG.java:293)
	at org.testng.remote.RemoteTestNG.main(RemoteTestNG.java:91)
</pre></div></td>
<td>4</td>
<td>pageTestEvents.RegisterPageEvents@5fe8b721</td></tr>
</table><p>
<table width='100%' border='1' class='invocation-passed'>
<tr><td colspan='4' align='center'><b>PASSED TESTS</b></td></tr>
<tr><td><b>Test method</b></td>
<td><b>Attribute(s)</b></td>
<td width="30%"><b>Exception</b></td>
<td width="10%"><b>Time (seconds)</b></td>
<td><b>Instance</b></td>
</tr>
<tr>
<td title='pageTestEvents.DashBoardPageEvents.testDSwithoutSignIn()'><b>testDSwithoutSignIn</b><br>Test class: pageTestEvents.DashBoardPageEvents<br>Parameters: {type=Arrays, index=0}</td>
<td></td>
<td>0</td>
<td>pageTestEvents.DashBoardPageEvents@560cbf1a</td></tr>
<tr>
<td title='pageTestEvents.RegisterPageEvents.testPageTitle()'><b>testPageTitle</b><br>Test class: pageTestEvents.RegisterPageEvents</td>
<td></td>
<td>0</td>
<td>pageTestEvents.RegisterPageEvents@5fe8b721</td></tr>
<tr>
<td title='pageTestEvents.DashBoardPageEvents.testDSwithoutSignIn()'><b>testDSwithoutSignIn</b><br>Test class: pageTestEvents.DashBoardPageEvents<br>Parameters: {type=Queue, index=3}</td>
<td></td>
<td>0</td>
<td>pageTestEvents.DashBoardPageEvents@560cbf1a</td></tr>
<tr>
<td title='pageTestEvents.RegisterPageEvents.testUserRegistration()'><b>testUserRegistration</b><br>Test class: pageTestEvents.RegisterPageEvents<br>Parameters: , Numpysdet176, Numpysdet176, Please fill out this field. below User Name</td>
<td></td>
<td>3</td>
<td>pageTestEvents.RegisterPageEvents@5fe8b721</td></tr>
<tr>
<td title='pageTestEvents.SignInPageEvents.testSignInInvalidData()'><b>testSignInInvalidData</b><br>Test class: pageTestEvents.SignInPageEvents<br>Parameters: Numpysdet175, user, Invalid Username and Password</td>
<td></td>
<td>0</td>
<td>pageTestEvents.SignInPageEvents@551a20d6</td></tr>
<tr>
<td title='pageTestEvents.SignInPageEvents.testSignInInvalidData()'><b>testSignInInvalidData</b><br>Test class: pageTestEvents.SignInPageEvents<br>Parameters: Numpysdet175, sdet175batch, Invalid Username and Password</td>
<td></td>
<td>0</td>
<td>pageTestEvents.SignInPageEvents@551a20d6</td></tr>
<tr>
<td title='pageTestEvents.LandingPageEvents.testHomePageTitle()'><b>testHomePageTitle</b><br>Test class: pageTestEvents.LandingPageEvents</td>
<td></td>
<td>0</td>
<td>pageTestEvents.LandingPageEvents@67ef029</td></tr>
<tr>
<td title='pageTestEvents.SignInPageEvents.testSignInInvalidData()'><b>testSignInInvalidData</b><br>Test class: pageTestEvents.SignInPageEvents<br>Parameters: !!!@@##$$, !!!@@##$$$$$, Invalid Username and Password</td>
<td></td>
<td>0</td>
<td>pageTestEvents.SignInPageEvents@551a20d6</td></tr>
<tr>
<td title='pageTestEvents.DashBoardPageEvents.testDSwithoutSignIn()'><b>testDSwithoutSignIn</b><br>Test class: pageTestEvents.DashBoardPageEvents<br>Parameters: {type=Stack, index=2}</td>
<td></td>
<td>0</td>
<td>pageTestEvents.DashBoardPageEvents@560cbf1a</td></tr>
<tr>
<td title='pageTestEvents.DashBoardPageEvents.userSignIn()'><b>userSignIn</b><br>Test class: pageTestEvents.DashBoardPageEvents</td>
<td></td>
<td>0</td>
<td>pageTestEvents.DashBoardPageEvents@560cbf1a</td></tr>
<tr>
<td title='pageTestEvents.SignInPageEvents.testSignInData()'><b>testSignInData</b><br>Test class: pageTestEvents.SignInPageEvents<br>Parameters: Scrutinizers, Numpysdet176, You are logged in</td>
<td></td>
<td>0</td>
<td>pageTestEvents.SignInPageEvents@551a20d6</td></tr>
<tr>
<td title='pageTestEvents.DashBoardPageEvents.testDataStructures()'><b>testDataStructures</b><br>Test class: pageTestEvents.DashBoardPageEvents<br>Parameters: {type=Arrays, index=0}</td>
<td></td>
<td>0</td>
<td>pageTestEvents.DashBoardPageEvents@560cbf1a</td></tr>
<tr>
<td title='pageTestEvents.RegisterPageEvents.testUserRegistration()'><b>testUserRegistration</b><br>Test class: pageTestEvents.RegisterPageEvents<br>Parameters: , , , Please enter User Name, Password and Confirm Password</td>
<td></td>
<td>3</td>
<td>pageTestEvents.RegisterPageEvents@5fe8b721</td></tr>
<tr>
<td title='pageTestEvents.SignInPageEvents.testPageTitle()'><b>testPageTitle</b><br>Test class: pageTestEvents.SignInPageEvents</td>
<td></td>
<td>0</td>
<td>pageTestEvents.SignInPageEvents@551a20d6</td></tr>
<tr>
<td title='pageTestEvents.DashBoardPageEvents.testDSwithoutSignIn()'><b>testDSwithoutSignIn</b><br>Test class: pageTestEvents.DashBoardPageEvents<br>Parameters: {type=Linked List, index=1}</td>
<td></td>
<td>0</td>
<td>pageTestEvents.DashBoardPageEvents@560cbf1a</td></tr>
<tr>
<td title='pageTestEvents.RegisterPageEvents.testUserRegistration()'><b>testUserRegistration</b><br>Test class: pageTestEvents.RegisterPageEvents<br>Parameters: Scrutinizers, Numpysdet176, , Please fill out this field.below Confirm Password</td>
<td></td>
<td>3</td>
<td>pageTestEvents.RegisterPageEvents@5fe8b721</td></tr>
<tr>
<td title='pageTestEvents.DashBoardPageEvents.chkPageTitle()'><b>chkPageTitle</b><br>Test class: pageTestEvents.DashBoardPageEvents</td>
<td></td>
<td>0</td>
<td>pageTestEvents.DashBoardPageEvents@560cbf1a</td></tr>
<tr>
<td title='pageTestEvents.LandingPageEvents.getStartedBtn()'><b>getStartedBtn</b><br>Test class: pageTestEvents.LandingPageEvents</td>
<td></td>
<td>0</td>
<td>pageTestEvents.LandingPageEvents@67ef029</td></tr>
<tr>
<td title='pageTestEvents.DashBoardPageEvents.testDataStructures()'><b>testDataStructures</b><br>Test class: pageTestEvents.DashBoardPageEvents<br>Parameters: {type=Stack, index=2}</td>
<td></td>
<td>0</td>
<td>pageTestEvents.DashBoardPageEvents@560cbf1a</td></tr>
<tr>
<td title='pageTestEvents.DashBoardPageEvents.testDataStructures()'><b>testDataStructures</b><br>Test class: pageTestEvents.DashBoardPageEvents<br>Parameters: {type=Queue, index=3}</td>
<td></td>
<td>0</td>
<td>pageTestEvents.DashBoardPageEvents@560cbf1a</td></tr>
<tr>
<td title='pageTestEvents.DashBoardPageEvents.testDataStructures()'><b>testDataStructures</b><br>Test class: pageTestEvents.DashBoardPageEvents<br>Parameters: {type=Tree, index=4}</td>
<td></td>
<td>0</td>
<td>pageTestEvents.DashBoardPageEvents@560cbf1a</td></tr>
<tr>
<td title='pageTestEvents.RegisterPageEvents.testUserRegistration()'><b>testUserRegistration</b><br>Test class: pageTestEvents.RegisterPageEvents<br>Parameters: Scrutinizers, , , Please fill out this field.below Password</td>
<td></td>
<td>3</td>
<td>pageTestEvents.RegisterPageEvents@5fe8b721</td></tr>
<tr>
<td title='pageTestEvents.DashBoardPageEvents.validateSignIn()'><b>validateSignIn</b><br>Test class: pageTestEvents.DashBoardPageEvents</td>
<td></td>
<td>0</td>
<td>pageTestEvents.DashBoardPageEvents@560cbf1a</td></tr>
<tr>
<td title='pageTestEvents.RegisterPageEvents.testUserRegistration()'><b>testUserRegistration</b><br>Test class: pageTestEvents.RegisterPageEvents<br>Parameters: Scrutinizers, Numpysdet176, Numpysdet176!, password_mismatch:The two password fields didn’t match.</td>
<td></td>
<td>5</td>
<td>pageTestEvents.RegisterPageEvents@5fe8b721</td></tr>
<tr>
<td title='pageTestEvents.DashBoardPageEvents.validateRegister()'><b>validateRegister</b><br>Test class: pageTestEvents.DashBoardPageEvents</td>
<td></td>
<td>0</td>
<td>pageTestEvents.DashBoardPageEvents@560cbf1a</td></tr>
<tr>
<td title='pageTestEvents.DashBoardPageEvents.testDataStructures()'><b>testDataStructures</b><br>Test class: pageTestEvents.DashBoardPageEvents<br>Parameters: {type=Linked List, index=1}</td>
<td></td>
<td>0</td>
<td>pageTestEvents.DashBoardPageEvents@560cbf1a</td></tr>
<tr>
<td title='pageTestEvents.SignInPageEvents.testSignInInvalidData()'><b>testSignInInvalidData</b><br>Test class: pageTestEvents.SignInPageEvents<br>Parameters: Numpysdet175, , Please fill out this field.</td>
<td></td>
<td>0</td>
<td>pageTestEvents.SignInPageEvents@551a20d6</td></tr>
<tr>
<td title='pageTestEvents.DashBoardPageEvents.testDataStructures()'><b>testDataStructures</b><br>Test class: pageTestEvents.DashBoardPageEvents<br>Parameters: {type=Graph, index=5}</td>
<td></td>
<td>0</td>
<td>pageTestEvents.DashBoardPageEvents@560cbf1a</td></tr>
<tr>
<td title='pageTestEvents.DashBoardPageEvents.validateDsAlgoButtons()'><b>validateDsAlgoButtons</b><br>Test class: pageTestEvents.DashBoardPageEvents</td>
<td></td>
<td>0</td>
<td>pageTestEvents.DashBoardPageEvents@560cbf1a</td></tr>
<tr>
<td title='pageTestEvents.SignInPageEvents.testSignInInvalidData()'><b>testSignInInvalidData</b><br>Test class: pageTestEvents.SignInPageEvents<br>Parameters: , qwer123, Please fill out this field.</td>
<td></td>
<td>0</td>
<td>pageTestEvents.SignInPageEvents@551a20d6</td></tr>
<tr>
<td title='pageTestEvents.SignInPageEvents.testSignInInvalidData()'><b>testSignInInvalidData</b><br>Test class: pageTestEvents.SignInPageEvents<br>Parameters: username, sdet175batch, Invalid Username and Password</td>
<td></td>
<td>0</td>
<td>pageTestEvents.SignInPageEvents@551a20d6</td></tr>
<tr>
<td title='pageTestEvents.SignInPageEvents.testSignInInvalidData()'><b>testSignInInvalidData</b><br>Test class: pageTestEvents.SignInPageEvents<br>Parameters: , , Please fill out this field.</td>
<td></td>
<td>0</td>
<td>pageTestEvents.SignInPageEvents@551a20d6</td></tr>
<tr>
<td title='pageTestEvents.DashBoardPageEvents.validateDsAlgoDropdownItems()'><b>validateDsAlgoDropdownItems</b><br>Test class: pageTestEvents.DashBoardPageEvents</td>
<td></td>
<td>0</td>
<td>pageTestEvents.DashBoardPageEvents@560cbf1a</td></tr>
<tr>
<td title='pageTestEvents.DashBoardPageEvents.testDSwithoutSignIn()'><b>testDSwithoutSignIn</b><br>Test class: pageTestEvents.DashBoardPageEvents<br>Parameters: {type=Graph, index=5}</td>
<td></td>
<td>0</td>
<td>pageTestEvents.DashBoardPageEvents@560cbf1a</td></tr>
<tr>
<td title='pageTestEvents.DashBoardPageEvents.testDSwithoutSignIn()'><b>testDSwithoutSignIn</b><br>Test class: pageTestEvents.DashBoardPageEvents<br>Parameters: {type=Tree, index=4}</td>
<td></td>
<td>0</td>
<td>pageTestEvents.DashBoardPageEvents@560cbf1a</td></tr>
</table><p>
</body>
</html>