<?xml version="1.0" encoding="UTF-8"?>
<testsuite xmlns:xsi="http://www.w3.org/2001/XMLSchema-instance" xsi:noNamespaceSchemaLocation="https://maven.apache.org/surefire/maven-surefire-plugin/xsd/surefire-test-report-3.0.xsd" version="3.0" name="TestSuite" time="220.72" tests="336" errors="0" skipped="34" failures="11">
  <properties>
    <property name="java.specification.version" value="19"/>
    <property name="sun.cpu.isalist" value="amd64"/>
    <property name="sun.jnu.encoding" value="Cp1252"/>
    <property name="java.class.path" value="C:\Users\geeta\eclipse-workspace-2023\TestNG\Dsalgo_TestNG_Project\target\test-classes;C:\Users\geeta\eclipse-workspace-2023\TestNG\Dsalgo_TestNG_Project\target\classes;C:\Users\geeta\.m2\repository\org\seleniumhq\selenium\selenium-java\4.24.0\selenium-java-4.24.0.jar;C:\Users\geeta\.m2\repository\org\seleniumhq\selenium\selenium-api\4.24.0\selenium-api-4.24.0.jar;C:\Users\geeta\.m2\repository\org\jspecify\jspecify\1.0.0\jspecify-1.0.0.jar;C:\Users\geeta\.m2\repository\org\seleniumhq\selenium\selenium-chrome-driver\4.24.0\selenium-chrome-driver-4.24.0.jar;C:\Users\geeta\.m2\repository\com\google\auto\service\auto-service-annotations\1.1.1\auto-service-annotations-1.1.1.jar;C:\Users\geeta\.m2\repository\org\seleniumhq\selenium\selenium-chromium-driver\4.24.0\selenium-chromium-driver-4.24.0.jar;C:\Users\geeta\.m2\repository\org\seleniumhq\selenium\selenium-json\4.24.0\selenium-json-4.24.0.jar;C:\Users\geeta\.m2\repository\org\seleniumhq\selenium\selenium-manager\4.24.0\selenium-manager-4.24.0.jar;C:\Users\geeta\.m2\repository\org\seleniumhq\selenium\selenium-devtools-v126\4.24.0\selenium-devtools-v126-4.24.0.jar;C:\Users\geeta\.m2\repository\org\seleniumhq\selenium\selenium-devtools-v127\4.24.0\selenium-devtools-v127-4.24.0.jar;C:\Users\geeta\.m2\repository\org\seleniumhq\selenium\selenium-devtools-v128\4.24.0\selenium-devtools-v128-4.24.0.jar;C:\Users\geeta\.m2\repository\org\seleniumhq\selenium\selenium-devtools-v85\4.24.0\selenium-devtools-v85-4.24.0.jar;C:\Users\geeta\.m2\repository\org\seleniumhq\selenium\selenium-edge-driver\4.24.0\selenium-edge-driver-4.24.0.jar;C:\Users\geeta\.m2\repository\org\seleniumhq\selenium\selenium-firefox-driver\4.24.0\selenium-firefox-driver-4.24.0.jar;C:\Users\geeta\.m2\repository\org\seleniumhq\selenium\selenium-http\4.24.0\selenium-http-4.24.0.jar;C:\Users\geeta\.m2\repository\dev\failsafe\failsafe\3.3.2\failsafe-3.3.2.jar;C:\Users\geeta\.m2\repository\org\seleniumhq\selenium\selenium-ie-driver\4.24.0\selenium-ie-driver-4.24.0.jar;C:\Users\geeta\.m2\repository\org\seleniumhq\selenium\selenium-remote-driver\4.24.0\selenium-remote-driver-4.24.0.jar;C:\Users\geeta\.m2\repository\com\google\guava\guava\33.3.0-jre\guava-33.3.0-jre.jar;C:\Users\geeta\.m2\repository\com\google\guava\failureaccess\1.0.2\failureaccess-1.0.2.jar;C:\Users\geeta\.m2\repository\com\google\guava\listenablefuture\9999.0-empty-to-avoid-conflict-with-guava\listenablefuture-9999.0-empty-to-avoid-conflict-with-guava.jar;C:\Users\geeta\.m2\repository\com\google\code\findbugs\jsr305\3.0.2\jsr305-3.0.2.jar;C:\Users\geeta\.m2\repository\org\checkerframework\checker-qual\3.43.0\checker-qual-3.43.0.jar;C:\Users\geeta\.m2\repository\com\google\errorprone\error_prone_annotations\2.28.0\error_prone_annotations-2.28.0.jar;C:\Users\geeta\.m2\repository\com\google\j2objc\j2objc-annotations\3.0.0\j2objc-annotations-3.0.0.jar;C:\Users\geeta\.m2\repository\io\opentelemetry\semconv\opentelemetry-semconv\1.25.0-alpha\opentelemetry-semconv-1.25.0-alpha.jar;C:\Users\geeta\.m2\repository\io\opentelemetry\opentelemetry-api\1.41.0\opentelemetry-api-1.41.0.jar;C:\Users\geeta\.m2\repository\io\opentelemetry\opentelemetry-context\1.41.0\opentelemetry-context-1.41.0.jar;C:\Users\geeta\.m2\repository\io\opentelemetry\opentelemetry-exporter-logging\1.41.0\opentelemetry-exporter-logging-1.41.0.jar;C:\Users\geeta\.m2\repository\io\opentelemetry\opentelemetry-sdk-common\1.41.0\opentelemetry-sdk-common-1.41.0.jar;C:\Users\geeta\.m2\repository\io\opentelemetry\opentelemetry-sdk-extension-autoconfigure-spi\1.41.0\opentelemetry-sdk-extension-autoconfigure-spi-1.41.0.jar;C:\Users\geeta\.m2\repository\io\opentelemetry\opentelemetry-sdk-extension-autoconfigure\1.41.0\opentelemetry-sdk-extension-autoconfigure-1.41.0.jar;C:\Users\geeta\.m2\repository\io\opentelemetry\opentelemetry-api-incubator\1.41.0-alpha\opentelemetry-api-incubator-1.41.0-alpha.jar;C:\Users\geeta\.m2\repository\io\opentelemetry\opentelemetry-sdk-trace\1.41.0\opentelemetry-sdk-trace-1.41.0.jar;C:\Users\geeta\.m2\repository\io\opentelemetry\opentelemetry-sdk\1.41.0\opentelemetry-sdk-1.41.0.jar;C:\Users\geeta\.m2\repository\io\opentelemetry\opentelemetry-sdk-metrics\1.41.0\opentelemetry-sdk-metrics-1.41.0.jar;C:\Users\geeta\.m2\repository\io\opentelemetry\opentelemetry-sdk-logs\1.41.0\opentelemetry-sdk-logs-1.41.0.jar;C:\Users\geeta\.m2\repository\net\bytebuddy\byte-buddy\1.15.0\byte-buddy-1.15.0.jar;C:\Users\geeta\.m2\repository\org\seleniumhq\selenium\selenium-os\4.24.0\selenium-os-4.24.0.jar;C:\Users\geeta\.m2\repository\org\apache\commons\commons-exec\1.4.0\commons-exec-1.4.0.jar;C:\Users\geeta\.m2\repository\org\seleniumhq\selenium\selenium-safari-driver\4.24.0\selenium-safari-driver-4.24.0.jar;C:\Users\geeta\.m2\repository\org\seleniumhq\selenium\selenium-support\4.24.0\selenium-support-4.24.0.jar;C:\Users\geeta\.m2\repository\org\testng\testng\7.10.0\testng-7.10.0.jar;C:\Users\geeta\.m2\repository\org\slf4j\slf4j-api\1.7.36\slf4j-api-1.7.36.jar;C:\Users\geeta\.m2\repository\com\beust\jcommander\1.82\jcommander-1.82.jar;C:\Users\geeta\.m2\repository\org\webjars\jquery\3.7.1\jquery-3.7.1.jar;C:\Users\geeta\.m2\repository\io\github\bonigarcia\webdrivermanager\5.5.0\webdrivermanager-5.5.0.jar;C:\Users\geeta\.m2\repository\com\google\code\gson\gson\2.10.1\gson-2.10.1.jar;C:\Users\geeta\.m2\repository\com\github\docker-java\docker-java\3.3.3\docker-java-3.3.3.jar;C:\Users\geeta\.m2\repository\com\github\docker-java\docker-java-core\3.3.3\docker-java-core-3.3.3.jar;C:\Users\geeta\.m2\repository\com\github\docker-java\docker-java-api\3.3.3\docker-java-api-3.3.3.jar;C:\Users\geeta\.m2\repository\com\fasterxml\jackson\core\jackson-annotations\2.10.3\jackson-annotations-2.10.3.jar;C:\Users\geeta\.m2\repository\com\fasterxml\jackson\core\jackson-databind\2.10.3\jackson-databind-2.10.3.jar;C:\Users\geeta\.m2\repository\com\fasterxml\jackson\core\jackson-core\2.10.3\jackson-core-2.10.3.jar;C:\Users\geeta\.m2\repository\org\bouncycastle\bcpkix-jdk18on\1.75\bcpkix-jdk18on-1.75.jar;C:\Users\geeta\.m2\repository\org\bouncycastle\bcprov-jdk18on\1.75\bcprov-jdk18on-1.75.jar;C:\Users\geeta\.m2\repository\org\bouncycastle\bcutil-jdk18on\1.75\bcutil-jdk18on-1.75.jar;C:\Users\geeta\.m2\repository\org\slf4j\jcl-over-slf4j\1.7.30\jcl-over-slf4j-1.7.30.jar;C:\Users\geeta\.m2\repository\com\github\docker-java\docker-java-transport-httpclient5\3.3.3\docker-java-transport-httpclient5-3.3.3.jar;C:\Users\geeta\.m2\repository\com\github\docker-java\docker-java-transport\3.3.3\docker-java-transport-3.3.3.jar;C:\Users\geeta\.m2\repository\net\java\dev\jna\jna\5.12.1\jna-5.12.1.jar;C:\Users\geeta\.m2\repository\org\brotli\dec\0.1.2\dec-0.1.2.jar;C:\Users\geeta\.m2\repository\org\apache\commons\commons-lang3\3.13.0\commons-lang3-3.13.0.jar;C:\Users\geeta\.m2\repository\org\apache\httpcomponents\client5\httpclient5\5.2.1\httpclient5-5.2.1.jar;C:\Users\geeta\.m2\repository\org\apache\httpcomponents\core5\httpcore5\5.2\httpcore5-5.2.jar;C:\Users\geeta\.m2\repository\org\apache\httpcomponents\core5\httpcore5-h2\5.2\httpcore5-h2-5.2.jar;C:\Users\geeta\.m2\repository\org\apache\poi\poi\5.2.5\poi-5.2.5.jar;C:\Users\geeta\.m2\repository\commons-codec\commons-codec\1.16.0\commons-codec-1.16.0.jar;C:\Users\geeta\.m2\repository\org\apache\commons\commons-collections4\4.4\commons-collections4-4.4.jar;C:\Users\geeta\.m2\repository\org\apache\commons\commons-math3\3.6.1\commons-math3-3.6.1.jar;C:\Users\geeta\.m2\repository\commons-io\commons-io\2.15.0\commons-io-2.15.0.jar;C:\Users\geeta\.m2\repository\com\zaxxer\SparseBitSet\1.3\SparseBitSet-1.3.jar;C:\Users\geeta\.m2\repository\org\apache\poi\poi-ooxml\5.2.5\poi-ooxml-5.2.5.jar;C:\Users\geeta\.m2\repository\org\apache\poi\poi-ooxml-lite\5.2.5\poi-ooxml-lite-5.2.5.jar;C:\Users\geeta\.m2\repository\org\apache\xmlbeans\xmlbeans\5.2.0\xmlbeans-5.2.0.jar;C:\Users\geeta\.m2\repository\org\apache\commons\commons-compress\1.25.0\commons-compress-1.25.0.jar;C:\Users\geeta\.m2\repository\com\github\virtuald\curvesapi\1.08\curvesapi-1.08.jar;C:\Users\geeta\.m2\repository\org\apache\logging\log4j\log4j-api\2.17.1\log4j-api-2.17.1.jar;C:\Users\geeta\.m2\repository\org\apache\logging\log4j\log4j-core\2.17.1\log4j-core-2.17.1.jar;C:\Users\geeta\.m2\repository\log4j\log4j\1.2.17\log4j-1.2.17.jar;C:\Users\geeta\.m2\repository\io\qameta\allure\allure-testng\2.29.0\allure-testng-2.29.0.jar;C:\Users\geeta\.m2\repository\io\qameta\allure\allure-java-commons\2.29.0\allure-java-commons-2.29.0.jar;C:\Users\geeta\.m2\repository\io\qameta\allure\allure-model\2.29.0\allure-model-2.29.0.jar;C:\Users\geeta\.m2\repository\io\qameta\allure\allure-test-filter\2.29.0\allure-test-filter-2.29.0.jar;C:\Users\geeta\.m2\repository\io\qameta\allure\allure-cucumber7-jvm\2.29.0\allure-cucumber7-jvm-2.29.0.jar;C:\Users\geeta\.m2\repository\com\aventstack\extentreports\5.1.2\extentreports-5.1.2.jar;C:\Users\geeta\.m2\repository\io\reactivex\rxjava3\rxjava\3.1.6\rxjava-3.1.6.jar;C:\Users\geeta\.m2\repository\org\reactivestreams\reactive-streams\1.0.4\reactive-streams-1.0.4.jar;C:\Users\geeta\.m2\repository\org\freemarker\freemarker\2.3.32\freemarker-2.3.32.jar;C:\Users\geeta\.m2\repository\org\projectlombok\lombok\1.18.26\lombok-1.18.26.jar;C:\Users\geeta\.m2\repository\tech\grasshopper\extentreports-cucumber7-adapter\1.14.0\extentreports-cucumber7-adapter-1.14.0.jar;C:\Users\geeta\.m2\repository\tech\grasshopper\extent-pdf-report\2.12.0\extent-pdf-report-2.12.0.jar;C:\Users\geeta\.m2\repository\tech\grasshopper\cucumber-pdf-report\2.14.0\cucumber-pdf-report-2.14.0.jar;C:\Users\geeta\.m2\repository\org\apache\pdfbox\pdfbox\2.0.26\pdfbox-2.0.26.jar;C:\Users\geeta\.m2\repository\org\apache\pdfbox\fontbox\2.0.26\fontbox-2.0.26.jar;C:\Users\geeta\.m2\repository\org\knowm\xchart\xchart\3.8.0\xchart-3.8.0.jar;C:\Users\geeta\.m2\repository\de\erichseifert\vectorgraphics2d\VectorGraphics2D\0.13\VectorGraphics2D-0.13.jar;C:\Users\geeta\.m2\repository\de\rototor\pdfbox\graphics2d\0.30\graphics2d-0.30.jar;C:\Users\geeta\.m2\repository\com\madgag\animated-gif-lib\1.4\animated-gif-lib-1.4.jar;C:\Users\geeta\.m2\repository\org\yaml\snakeyaml\2.0\snakeyaml-2.0.jar;C:\Users\geeta\.m2\repository\tech\grasshopper\table-layout\1.5.1\table-layout-1.5.1.jar;C:\Users\geeta\.m2\repository\tech\grasshopper\rest-assured-cucumber-pdf-report\1.5.0\rest-assured-cucumber-pdf-report-1.5.0.jar;C:\Users\geeta\.m2\repository\org\jsoup\jsoup\1.15.3\jsoup-1.15.3.jar;C:\Users\geeta\.m2\repository\com\aventstack\klov-reporter\5.1.0\klov-reporter-5.1.0.jar;C:\Users\geeta\.m2\repository\org\mongodb\mongodb-driver\3.6.4\mongodb-driver-3.6.4.jar;C:\Users\geeta\.m2\repository\org\mongodb\mongodb-driver-core\3.6.4\mongodb-driver-core-3.6.4.jar;C:\Users\geeta\.m2\repository\org\mongodb\bson\3.6.4\bson-3.6.4.jar;C:\Users\geeta\.m2\repository\org\apache\httpcomponents\httpclient\4.5.13\httpclient-4.5.13.jar;C:\Users\geeta\.m2\repository\org\apache\httpcomponents\httpcore\4.4.13\httpcore-4.4.13.jar;C:\Users\geeta\.m2\repository\commons-logging\commons-logging\1.2\commons-logging-1.2.jar;C:\Users\geeta\.m2\repository\org\apache\httpcomponents\httpmime\4.5.13\httpmime-4.5.13.jar;C:\Users\geeta\.m2\repository\tech\grasshopper\htmlextentreporter\1.1.0\htmlextentreporter-1.1.0.jar;C:\Users\geeta\.m2\repository\tech\grasshopper\extent-excel-report\1.4.0\extent-excel-report-1.4.0.jar;C:\Users\geeta\.m2\repository\io\cucumber\cucumber-java\7.2.3\cucumber-java-7.2.3.jar;C:\Users\geeta\.m2\repository\io\cucumber\cucumber-core\7.2.3\cucumber-core-7.2.3.jar;C:\Users\geeta\.m2\repository\io\cucumber\cucumber-gherkin\7.2.3\cucumber-gherkin-7.2.3.jar;C:\Users\geeta\.m2\repository\io\cucumber\cucumber-gherkin-messages\7.2.3\cucumber-gherkin-messages-7.2.3.jar;C:\Users\geeta\.m2\repository\io\cucumber\messages\17.1.1\messages-17.1.1.jar;C:\Users\geeta\.m2\repository\io\cucumber\tag-expressions\4.1.0\tag-expressions-4.1.0.jar;C:\Users\geeta\.m2\repository\io\cucumber\cucumber-expressions\15.0.1\cucumber-expressions-15.0.1.jar;C:\Users\geeta\.m2\repository\io\cucumber\datatable\7.2.3\datatable-7.2.3.jar;C:\Users\geeta\.m2\repository\io\cucumber\cucumber-plugin\7.2.3\cucumber-plugin-7.2.3.jar;C:\Users\geeta\.m2\repository\io\cucumber\docstring\7.2.3\docstring-7.2.3.jar;C:\Users\geeta\.m2\repository\io\cucumber\html-formatter\17.0.0\html-formatter-17.0.0.jar;C:\Users\geeta\.m2\repository\io\cucumber\ci-environment\8.1.0\ci-environment-8.1.0.jar;C:\Users\geeta\.m2\repository\org\apiguardian\apiguardian-api\1.1.2\apiguardian-api-1.1.2.jar;C:\Users\geeta\.m2\repository\com\googlecode\json-simple\json-simple\1.1.1\json-simple-1.1.1.jar;C:\Users\geeta\.m2\repository\junit\junit\4.10\junit-4.10.jar;C:\Users\geeta\.m2\repository\org\hamcrest\hamcrest-core\1.1\hamcrest-core-1.1.jar;"/>
    <property name="java.vm.vendor" value="Oracle Corporation"/>
    <property name="sun.arch.data.model" value="64"/>
    <property name="user.variant" value=""/>
    <property name="java.vendor.url" value="https://java.oracle.com/"/>
    <property name="user.timezone" value="America/Chicago"/>
    <property name="os.name" value="Windows 11"/>
    <property name="java.vm.specification.version" value="19"/>
    <property name="sun.java.launcher" value="SUN_STANDARD"/>
    <property name="user.country" value="US"/>
    <property name="sun.boot.library.path" value="C:\Program Files\Java\jdk-19\bin"/>
    <property name="sun.java.command" value="C:\Users\geeta\AppData\Local\Temp\surefire5433581323421414715\surefirebooter-20241116182010039_3.jar C:\Users\geeta\AppData\Local\Temp\surefire5433581323421414715 2024-11-16T18-20-09_760-jvmRun1 surefire-20241116182010039_1tmp surefire_0-20241116182010039_2tmp"/>
    <property name="jdk.debug" value="release"/>
    <property name="surefire.test.class.path" value="C:\Users\geeta\eclipse-workspace-2023\TestNG\Dsalgo_TestNG_Project\target\test-classes;C:\Users\geeta\eclipse-workspace-2023\TestNG\Dsalgo_TestNG_Project\target\classes;C:\Users\geeta\.m2\repository\org\seleniumhq\selenium\selenium-java\4.24.0\selenium-java-4.24.0.jar;C:\Users\geeta\.m2\repository\org\seleniumhq\selenium\selenium-api\4.24.0\selenium-api-4.24.0.jar;C:\Users\geeta\.m2\repository\org\jspecify\jspecify\1.0.0\jspecify-1.0.0.jar;C:\Users\geeta\.m2\repository\org\seleniumhq\selenium\selenium-chrome-driver\4.24.0\selenium-chrome-driver-4.24.0.jar;C:\Users\geeta\.m2\repository\com\google\auto\service\auto-service-annotations\1.1.1\auto-service-annotations-1.1.1.jar;C:\Users\geeta\.m2\repository\org\seleniumhq\selenium\selenium-chromium-driver\4.24.0\selenium-chromium-driver-4.24.0.jar;C:\Users\geeta\.m2\repository\org\seleniumhq\selenium\selenium-json\4.24.0\selenium-json-4.24.0.jar;C:\Users\geeta\.m2\repository\org\seleniumhq\selenium\selenium-manager\4.24.0\selenium-manager-4.24.0.jar;C:\Users\geeta\.m2\repository\org\seleniumhq\selenium\selenium-devtools-v126\4.24.0\selenium-devtools-v126-4.24.0.jar;C:\Users\geeta\.m2\repository\org\seleniumhq\selenium\selenium-devtools-v127\4.24.0\selenium-devtools-v127-4.24.0.jar;C:\Users\geeta\.m2\repository\org\seleniumhq\selenium\selenium-devtools-v128\4.24.0\selenium-devtools-v128-4.24.0.jar;C:\Users\geeta\.m2\repository\org\seleniumhq\selenium\selenium-devtools-v85\4.24.0\selenium-devtools-v85-4.24.0.jar;C:\Users\geeta\.m2\repository\org\seleniumhq\selenium\selenium-edge-driver\4.24.0\selenium-edge-driver-4.24.0.jar;C:\Users\geeta\.m2\repository\org\seleniumhq\selenium\selenium-firefox-driver\4.24.0\selenium-firefox-driver-4.24.0.jar;C:\Users\geeta\.m2\repository\org\seleniumhq\selenium\selenium-http\4.24.0\selenium-http-4.24.0.jar;C:\Users\geeta\.m2\repository\dev\failsafe\failsafe\3.3.2\failsafe-3.3.2.jar;C:\Users\geeta\.m2\repository\org\seleniumhq\selenium\selenium-ie-driver\4.24.0\selenium-ie-driver-4.24.0.jar;C:\Users\geeta\.m2\repository\org\seleniumhq\selenium\selenium-remote-driver\4.24.0\selenium-remote-driver-4.24.0.jar;C:\Users\geeta\.m2\repository\com\google\guava\guava\33.3.0-jre\guava-33.3.0-jre.jar;C:\Users\geeta\.m2\repository\com\google\guava\failureaccess\1.0.2\failureaccess-1.0.2.jar;C:\Users\geeta\.m2\repository\com\google\guava\listenablefuture\9999.0-empty-to-avoid-conflict-with-guava\listenablefuture-9999.0-empty-to-avoid-conflict-with-guava.jar;C:\Users\geeta\.m2\repository\com\google\code\findbugs\jsr305\3.0.2\jsr305-3.0.2.jar;C:\Users\geeta\.m2\repository\org\checkerframework\checker-qual\3.43.0\checker-qual-3.43.0.jar;C:\Users\geeta\.m2\repository\com\google\errorprone\error_prone_annotations\2.28.0\error_prone_annotations-2.28.0.jar;C:\Users\geeta\.m2\repository\com\google\j2objc\j2objc-annotations\3.0.0\j2objc-annotations-3.0.0.jar;C:\Users\geeta\.m2\repository\io\opentelemetry\semconv\opentelemetry-semconv\1.25.0-alpha\opentelemetry-semconv-1.25.0-alpha.jar;C:\Users\geeta\.m2\repository\io\opentelemetry\opentelemetry-api\1.41.0\opentelemetry-api-1.41.0.jar;C:\Users\geeta\.m2\repository\io\opentelemetry\opentelemetry-context\1.41.0\opentelemetry-context-1.41.0.jar;C:\Users\geeta\.m2\repository\io\opentelemetry\opentelemetry-exporter-logging\1.41.0\opentelemetry-exporter-logging-1.41.0.jar;C:\Users\geeta\.m2\repository\io\opentelemetry\opentelemetry-sdk-common\1.41.0\opentelemetry-sdk-common-1.41.0.jar;C:\Users\geeta\.m2\repository\io\opentelemetry\opentelemetry-sdk-extension-autoconfigure-spi\1.41.0\opentelemetry-sdk-extension-autoconfigure-spi-1.41.0.jar;C:\Users\geeta\.m2\repository\io\opentelemetry\opentelemetry-sdk-extension-autoconfigure\1.41.0\opentelemetry-sdk-extension-autoconfigure-1.41.0.jar;C:\Users\geeta\.m2\repository\io\opentelemetry\opentelemetry-api-incubator\1.41.0-alpha\opentelemetry-api-incubator-1.41.0-alpha.jar;C:\Users\geeta\.m2\repository\io\opentelemetry\opentelemetry-sdk-trace\1.41.0\opentelemetry-sdk-trace-1.41.0.jar;C:\Users\geeta\.m2\repository\io\opentelemetry\opentelemetry-sdk\1.41.0\opentelemetry-sdk-1.41.0.jar;C:\Users\geeta\.m2\repository\io\opentelemetry\opentelemetry-sdk-metrics\1.41.0\opentelemetry-sdk-metrics-1.41.0.jar;C:\Users\geeta\.m2\repository\io\opentelemetry\opentelemetry-sdk-logs\1.41.0\opentelemetry-sdk-logs-1.41.0.jar;C:\Users\geeta\.m2\repository\net\bytebuddy\byte-buddy\1.15.0\byte-buddy-1.15.0.jar;C:\Users\geeta\.m2\repository\org\seleniumhq\selenium\selenium-os\4.24.0\selenium-os-4.24.0.jar;C:\Users\geeta\.m2\repository\org\apache\commons\commons-exec\1.4.0\commons-exec-1.4.0.jar;C:\Users\geeta\.m2\repository\org\seleniumhq\selenium\selenium-safari-driver\4.24.0\selenium-safari-driver-4.24.0.jar;C:\Users\geeta\.m2\repository\org\seleniumhq\selenium\selenium-support\4.24.0\selenium-support-4.24.0.jar;C:\Users\geeta\.m2\repository\org\testng\testng\7.10.0\testng-7.10.0.jar;C:\Users\geeta\.m2\repository\org\slf4j\slf4j-api\1.7.36\slf4j-api-1.7.36.jar;C:\Users\geeta\.m2\repository\com\beust\jcommander\1.82\jcommander-1.82.jar;C:\Users\geeta\.m2\repository\org\webjars\jquery\3.7.1\jquery-3.7.1.jar;C:\Users\geeta\.m2\repository\io\github\bonigarcia\webdrivermanager\5.5.0\webdrivermanager-5.5.0.jar;C:\Users\geeta\.m2\repository\com\google\code\gson\gson\2.10.1\gson-2.10.1.jar;C:\Users\geeta\.m2\repository\com\github\docker-java\docker-java\3.3.3\docker-java-3.3.3.jar;C:\Users\geeta\.m2\repository\com\github\docker-java\docker-java-core\3.3.3\docker-java-core-3.3.3.jar;C:\Users\geeta\.m2\repository\com\github\docker-java\docker-java-api\3.3.3\docker-java-api-3.3.3.jar;C:\Users\geeta\.m2\repository\com\fasterxml\jackson\core\jackson-annotations\2.10.3\jackson-annotations-2.10.3.jar;C:\Users\geeta\.m2\repository\com\fasterxml\jackson\core\jackson-databind\2.10.3\jackson-databind-2.10.3.jar;C:\Users\geeta\.m2\repository\com\fasterxml\jackson\core\jackson-core\2.10.3\jackson-core-2.10.3.jar;C:\Users\geeta\.m2\repository\org\bouncycastle\bcpkix-jdk18on\1.75\bcpkix-jdk18on-1.75.jar;C:\Users\geeta\.m2\repository\org\bouncycastle\bcprov-jdk18on\1.75\bcprov-jdk18on-1.75.jar;C:\Users\geeta\.m2\repository\org\bouncycastle\bcutil-jdk18on\1.75\bcutil-jdk18on-1.75.jar;C:\Users\geeta\.m2\repository\org\slf4j\jcl-over-slf4j\1.7.30\jcl-over-slf4j-1.7.30.jar;C:\Users\geeta\.m2\repository\com\github\docker-java\docker-java-transport-httpclient5\3.3.3\docker-java-transport-httpclient5-3.3.3.jar;C:\Users\geeta\.m2\repository\com\github\docker-java\docker-java-transport\3.3.3\docker-java-transport-3.3.3.jar;C:\Users\geeta\.m2\repository\net\java\dev\jna\jna\5.12.1\jna-5.12.1.jar;C:\Users\geeta\.m2\repository\org\brotli\dec\0.1.2\dec-0.1.2.jar;C:\Users\geeta\.m2\repository\org\apache\commons\commons-lang3\3.13.0\commons-lang3-3.13.0.jar;C:\Users\geeta\.m2\repository\org\apache\httpcomponents\client5\httpclient5\5.2.1\httpclient5-5.2.1.jar;C:\Users\geeta\.m2\repository\org\apache\httpcomponents\core5\httpcore5\5.2\httpcore5-5.2.jar;C:\Users\geeta\.m2\repository\org\apache\httpcomponents\core5\httpcore5-h2\5.2\httpcore5-h2-5.2.jar;C:\Users\geeta\.m2\repository\org\apache\poi\poi\5.2.5\poi-5.2.5.jar;C:\Users\geeta\.m2\repository\commons-codec\commons-codec\1.16.0\commons-codec-1.16.0.jar;C:\Users\geeta\.m2\repository\org\apache\commons\commons-collections4\4.4\commons-collections4-4.4.jar;C:\Users\geeta\.m2\repository\org\apache\commons\commons-math3\3.6.1\commons-math3-3.6.1.jar;C:\Users\geeta\.m2\repository\commons-io\commons-io\2.15.0\commons-io-2.15.0.jar;C:\Users\geeta\.m2\repository\com\zaxxer\SparseBitSet\1.3\SparseBitSet-1.3.jar;C:\Users\geeta\.m2\repository\org\apache\poi\poi-ooxml\5.2.5\poi-ooxml-5.2.5.jar;C:\Users\geeta\.m2\repository\org\apache\poi\poi-ooxml-lite\5.2.5\poi-ooxml-lite-5.2.5.jar;C:\Users\geeta\.m2\repository\org\apache\xmlbeans\xmlbeans\5.2.0\xmlbeans-5.2.0.jar;C:\Users\geeta\.m2\repository\org\apache\commons\commons-compress\1.25.0\commons-compress-1.25.0.jar;C:\Users\geeta\.m2\repository\com\github\virtuald\curvesapi\1.08\curvesapi-1.08.jar;C:\Users\geeta\.m2\repository\org\apache\logging\log4j\log4j-api\2.17.1\log4j-api-2.17.1.jar;C:\Users\geeta\.m2\repository\org\apache\logging\log4j\log4j-core\2.17.1\log4j-core-2.17.1.jar;C:\Users\geeta\.m2\repository\log4j\log4j\1.2.17\log4j-1.2.17.jar;C:\Users\geeta\.m2\repository\io\qameta\allure\allure-testng\2.29.0\allure-testng-2.29.0.jar;C:\Users\geeta\.m2\repository\io\qameta\allure\allure-java-commons\2.29.0\allure-java-commons-2.29.0.jar;C:\Users\geeta\.m2\repository\io\qameta\allure\allure-model\2.29.0\allure-model-2.29.0.jar;C:\Users\geeta\.m2\repository\io\qameta\allure\allure-test-filter\2.29.0\allure-test-filter-2.29.0.jar;C:\Users\geeta\.m2\repository\io\qameta\allure\allure-cucumber7-jvm\2.29.0\allure-cucumber7-jvm-2.29.0.jar;C:\Users\geeta\.m2\repository\com\aventstack\extentreports\5.1.2\extentreports-5.1.2.jar;C:\Users\geeta\.m2\repository\io\reactivex\rxjava3\rxjava\3.1.6\rxjava-3.1.6.jar;C:\Users\geeta\.m2\repository\org\reactivestreams\reactive-streams\1.0.4\reactive-streams-1.0.4.jar;C:\Users\geeta\.m2\repository\org\freemarker\freemarker\2.3.32\freemarker-2.3.32.jar;C:\Users\geeta\.m2\repository\org\projectlombok\lombok\1.18.26\lombok-1.18.26.jar;C:\Users\geeta\.m2\repository\tech\grasshopper\extentreports-cucumber7-adapter\1.14.0\extentreports-cucumber7-adapter-1.14.0.jar;C:\Users\geeta\.m2\repository\tech\grasshopper\extent-pdf-report\2.12.0\extent-pdf-report-2.12.0.jar;C:\Users\geeta\.m2\repository\tech\grasshopper\cucumber-pdf-report\2.14.0\cucumber-pdf-report-2.14.0.jar;C:\Users\geeta\.m2\repository\org\apache\pdfbox\pdfbox\2.0.26\pdfbox-2.0.26.jar;C:\Users\geeta\.m2\repository\org\apache\pdfbox\fontbox\2.0.26\fontbox-2.0.26.jar;C:\Users\geeta\.m2\repository\org\knowm\xchart\xchart\3.8.0\xchart-3.8.0.jar;C:\Users\geeta\.m2\repository\de\erichseifert\vectorgraphics2d\VectorGraphics2D\0.13\VectorGraphics2D-0.13.jar;C:\Users\geeta\.m2\repository\de\rototor\pdfbox\graphics2d\0.30\graphics2d-0.30.jar;C:\Users\geeta\.m2\repository\com\madgag\animated-gif-lib\1.4\animated-gif-lib-1.4.jar;C:\Users\geeta\.m2\repository\org\yaml\snakeyaml\2.0\snakeyaml-2.0.jar;C:\Users\geeta\.m2\repository\tech\grasshopper\table-layout\1.5.1\table-layout-1.5.1.jar;C:\Users\geeta\.m2\repository\tech\grasshopper\rest-assured-cucumber-pdf-report\1.5.0\rest-assured-cucumber-pdf-report-1.5.0.jar;C:\Users\geeta\.m2\repository\org\jsoup\jsoup\1.15.3\jsoup-1.15.3.jar;C:\Users\geeta\.m2\repository\com\aventstack\klov-reporter\5.1.0\klov-reporter-5.1.0.jar;C:\Users\geeta\.m2\repository\org\mongodb\mongodb-driver\3.6.4\mongodb-driver-3.6.4.jar;C:\Users\geeta\.m2\repository\org\mongodb\mongodb-driver-core\3.6.4\mongodb-driver-core-3.6.4.jar;C:\Users\geeta\.m2\repository\org\mongodb\bson\3.6.4\bson-3.6.4.jar;C:\Users\geeta\.m2\repository\org\apache\httpcomponents\httpclient\4.5.13\httpclient-4.5.13.jar;C:\Users\geeta\.m2\repository\org\apache\httpcomponents\httpcore\4.4.13\httpcore-4.4.13.jar;C:\Users\geeta\.m2\repository\commons-logging\commons-logging\1.2\commons-logging-1.2.jar;C:\Users\geeta\.m2\repository\org\apache\httpcomponents\httpmime\4.5.13\httpmime-4.5.13.jar;C:\Users\geeta\.m2\repository\tech\grasshopper\htmlextentreporter\1.1.0\htmlextentreporter-1.1.0.jar;C:\Users\geeta\.m2\repository\tech\grasshopper\extent-excel-report\1.4.0\extent-excel-report-1.4.0.jar;C:\Users\geeta\.m2\repository\io\cucumber\cucumber-java\7.2.3\cucumber-java-7.2.3.jar;C:\Users\geeta\.m2\repository\io\cucumber\cucumber-core\7.2.3\cucumber-core-7.2.3.jar;C:\Users\geeta\.m2\repository\io\cucumber\cucumber-gherkin\7.2.3\cucumber-gherkin-7.2.3.jar;C:\Users\geeta\.m2\repository\io\cucumber\cucumber-gherkin-messages\7.2.3\cucumber-gherkin-messages-7.2.3.jar;C:\Users\geeta\.m2\repository\io\cucumber\messages\17.1.1\messages-17.1.1.jar;C:\Users\geeta\.m2\repository\io\cucumber\tag-expressions\4.1.0\tag-expressions-4.1.0.jar;C:\Users\geeta\.m2\repository\io\cucumber\cucumber-expressions\15.0.1\cucumber-expressions-15.0.1.jar;C:\Users\geeta\.m2\repository\io\cucumber\datatable\7.2.3\datatable-7.2.3.jar;C:\Users\geeta\.m2\repository\io\cucumber\cucumber-plugin\7.2.3\cucumber-plugin-7.2.3.jar;C:\Users\geeta\.m2\repository\io\cucumber\docstring\7.2.3\docstring-7.2.3.jar;C:\Users\geeta\.m2\repository\io\cucumber\html-formatter\17.0.0\html-formatter-17.0.0.jar;C:\Users\geeta\.m2\repository\io\cucumber\ci-environment\8.1.0\ci-environment-8.1.0.jar;C:\Users\geeta\.m2\repository\org\apiguardian\apiguardian-api\1.1.2\apiguardian-api-1.1.2.jar;C:\Users\geeta\.m2\repository\com\googlecode\json-simple\json-simple\1.1.1\json-simple-1.1.1.jar;C:\Users\geeta\.m2\repository\junit\junit\4.10\junit-4.10.jar;C:\Users\geeta\.m2\repository\org\hamcrest\hamcrest-core\1.1\hamcrest-core-1.1.jar;"/>
    <property name="sun.cpu.endian" value="little"/>
    <property name="user.home" value="C:\Users\geeta"/>
    <property name="user.language" value="en"/>
    <property name="java.specification.vendor" value="Oracle Corporation"/>
    <property name="java.version.date" value="2023-01-17"/>
    <property name="java.home" value="C:\Program Files\Java\jdk-19"/>
    <property name="file.separator" value="\"/>
    <property name="basedir" value="C:\Users\geeta\eclipse-workspace-2023\TestNG\Dsalgo_TestNG_Project"/>
    <property name="style.color" value="always"/>
    <property name="java.vm.compressedOopsMode" value="Zero based"/>
    <property name="line.separator" value="&#10;"/>
    <property name="java.vm.specification.vendor" value="Oracle Corporation"/>
    <property name="java.specification.name" value="Java Platform API Specification"/>
    <property name="surefire.real.class.path" value="C:\Users\geeta\AppData\Local\Temp\surefire5433581323421414715\surefirebooter-20241116182010039_3.jar"/>
    <property name="user.script" value=""/>
    <property name="sun.management.compiler" value="HotSpot 64-Bit Tiered Compilers"/>
    <property name="java.runtime.version" value="19.0.2+7-44"/>
    <property name="user.name" value="geeta"/>
    <property name="stdout.encoding" value="Cp1252"/>
    <property name="path.separator" value=";"/>
    <property name="os.version" value="10.0"/>
    <property name="java.runtime.name" value="Java(TM) SE Runtime Environment"/>
    <property name="file.encoding" value="UTF-8"/>
    <property name="java.vm.name" value="Java HotSpot(TM) 64-Bit Server VM"/>
    <property name="localRepository" value="C:\Users\geeta\.m2\repository"/>
    <property name="java.vendor.url.bug" value="https://bugreport.java.com/bugreport/"/>
    <property name="java.io.tmpdir" value="C:\Users\geeta\AppData\Local\Temp\"/>
    <property name="java.version" value="19.0.2"/>
    <property name="user.dir" value="C:\Users\geeta\eclipse-workspace-2023\TestNG\Dsalgo_TestNG_Project"/>
    <property name="os.arch" value="amd64"/>
    <property name="java.vm.specification.name" value="Java Virtual Machine Specification"/>
    <property name="sun.os.patch.level" value=""/>
    <property name="native.encoding" value="Cp1252"/>
    <property name="java.library.path" value="C:\Program Files\Java\jdk-19\bin;C:\WINDOWS\Sun\Java\bin;C:\WINDOWS\system32;C:\WINDOWS;C:/Program Files/Java/jdk-19/bin/server;C:/Program Files/Java/jdk-19/bin;C:\Program Files\Common Files\Oracle\Java\javapath;C:\Program Files (x86)\Common Files\Oracle\Java\java8path;C:\Program Files (x86)\Common Files\Oracle\Java\javapath;C:\Program Files\apache-maven-3.9.0-bin\apache-maven-3.9.0\bin;C:\WINDOWS\system32;C:\WINDOWS;C:\WINDOWS\System32\Wbem;C:\WINDOWS\System32\WindowsPowerShell\v1.0\;C:\WINDOWS\System32\OpenSSH\;C:\Program Files\Java\jdk-21;C:\Users\geeta\Downloads\allure-2.30.0\bin;C:\Program Files\Git\cmd;C:\Users\geeta\AppData\Local\Microsoft\WindowsApps;C:\Users\geeta\AppData\Local\Programs\Microsoft VS Code\bin;C:\Users\geeta\AppData\Local\GitHubDesktop\bin;C:\WINDOWS\system32;;."/>
    <property name="java.vm.info" value="mixed mode, sharing"/>
    <property name="stderr.encoding" value="Cp1252"/>
    <property name="java.vendor" value="Oracle Corporation"/>
    <property name="java.vm.version" value="19.0.2+7-44"/>
    <property name="sun.io.unicode.encoding" value="UnicodeLittle"/>
    <property name="java.class.version" value="63.0"/>
  </properties>
  <testcase name="testHomePageTitle" classname="pageTestEvents.LandingPageEvents" time="0.28">
    <system-out><![CDATA[In broswerchrome
In broswerchrome
LandingPage Initializing
logger
before method
[INFO ] 2024-11-16 18:20:14.680 [TestNG-tests-1] ExtentReportListener - test is added in pool.
LandingPageEvents : test1
getPageTitle
extent report
]]></system-out>
    <system-err><![CDATA[SLF4J: Failed to load class "org.slf4j.impl.StaticLoggerBinder".
SLF4J: Defaulting to no-operation (NOP) logger implementation
SLF4J: See http://www.slf4j.org/codes.html#StaticLoggerBinder for further details.
Nov 16, 2024 6:20:13 PM org.openqa.selenium.devtools.CdpVersionFinder findNearestMatch
WARNING: Unable to find an exact match for CDP version 131, returning the closest version; found: 128; Please update to a Selenium version that supports CDP version 131
Nov 16, 2024 6:20:13 PM org.openqa.selenium.devtools.CdpVersionFinder findNearestMatch
WARNING: Unable to find an exact match for CDP version 131, returning the closest version; found: 128; Please update to a Selenium version that supports CDP version 131
]]></system-err>
  </testcase>
  <testcase name="getStartedBtn" classname="pageTestEvents.LandingPageEvents" time="22.225">
    <system-out><![CDATA[[INFO ] 2024-11-16 18:20:14.910 [TestNG-tests-1] ExtentReportListener - test is added in pool.
test2
clickGetStarted
In broswerfirefox
In brosweredge
In brosweredge
extent report
]]></system-out>
    <system-err><![CDATA[Nov 16, 2024 6:20:36 PM org.openqa.selenium.devtools.CdpVersionFinder findNearestMatch
WARNING: Unable to find an exact match for CDP version 130, returning the closest version; found: 128; Please update to a Selenium version that supports CDP version 130
Nov 16, 2024 6:20:36 PM org.openqa.selenium.devtools.CdpVersionFinder findNearestMatch
WARNING: Unable to find an exact match for CDP version 130, returning the closest version; found: 128; Please update to a Selenium version that supports CDP version 130
]]></system-err>
  </testcase>
  <testcase name="chkPageTitle" classname="pageTestEvents.DashBoardPageEvents" time="0.048">
    <system-out><![CDATA[after method
isAtDashboard
getPageTitle
@BeforeClass
@BeforeClass
@BeforeClass
userSignIn
[INFO ] 2024-11-16 18:20:37.447 [TestNG-tests-1] ExtentReportListener - test is added in pool.
@Test3
extent report
]]></system-out>
  </testcase>
  <testcase name="validateDsAlgoDropdownItems" classname="pageTestEvents.DashBoardPageEvents" time="0.464">
    <system-out><![CDATA[Scrutinizers
Numpysdet176
In SignIn pagesize items:6
extent report
]]></system-out>
  </testcase>
  <testcase name="validateDsAlgoButtons" classname="pageTestEvents.DashBoardPageEvents" time="0.078">
    <system-out><![CDATA[[INFO ] 2024-11-16 18:20:38.547 [TestNG-tests-1] ExtentReportListener - test is added in pool.
@Test5
extent report
]]></system-out>
  </testcase>
  <testcase name="validateRegister" classname="pageTestEvents.DashBoardPageEvents" time="0.535">
    <system-out><![CDATA[[INFO ] 2024-11-16 18:20:38.604 [TestNG-tests-1] ExtentReportListener - test is added in pool.
validateRegister
extent report
]]></system-out>
  </testcase>
  <testcase name="testDSwithoutSignIn[{type=Arrays, index=0}](1)" classname="pageTestEvents.DashBoardPageEvents" time="0.347">
    <system-out><![CDATA[In dataStructuresProvider
before dataStructuresProvider
[INFO ] 2024-11-16 18:20:39.167 [TestNG-tests-1] ExtentReportListener - test is added in pool.
Type: Arrays, Index: 0
Landed on Main pageArrays : webelement selected
extent report
]]></system-out>
  </testcase>
  <testcase name="testDSwithoutSignIn[{type=Linked List, index=1}](2)" classname="pageTestEvents.DashBoardPageEvents" time="0.066">
    <system-out><![CDATA[[INFO ] 2024-11-16 18:20:39.514 [TestNG-tests-1] ExtentReportListener - test is added in pool.
Type: Linked List, Index: 1
[INFO ] 2024-11-16 18:20:39.729 [TestNG-tests-4] ExtentReportListener - test is added in pool.
 : webelement selected
extent report
]]></system-out>
  </testcase>
  <testcase name="testDSwithoutSignIn[{type=Stack, index=2}](3)" classname="pageTestEvents.DashBoardPageEvents" time="0.038">
    <system-out><![CDATA[[INFO ] 2024-11-16 18:20:39.799 [TestNG-tests-1] ExtentReportListener - test is added in pool.
Type: Stack, Index: 2
[INFO ] 2024-11-16 18:20:40.090 [TestNG-tests-2] ExtentReportListener - test is added in pool.
Stack : webelement selected
extent report
]]></system-out>
  </testcase>
  <testcase name="testDSwithoutSignIn[{type=Queue, index=3}](4)" classname="pageTestEvents.DashBoardPageEvents" time="0.142">
    <system-out><![CDATA[[INFO ] 2024-11-16 18:20:40.131 [TestNG-tests-1] ExtentReportListener - test is added in pool.
Type: Queue, Index: 3
3
2no of columns
[INFO ] 2024-11-16 18:20:40.306 [TestNG-tests-3] ExtentReportListener - test is added in pool.
 : webelement selected
extent report
]]></system-out>
  </testcase>
  <testcase name="testDSwithoutSignIn[{type=Tree, index=4}](5)" classname="pageTestEvents.DashBoardPageEvents" time="0.139">
    <system-out><![CDATA[[INFO ] 2024-11-16 18:20:40.444 [TestNG-tests-1] ExtentReportListener - test is added in pool.
Type: Tree, Index: 4
We are in Introduction
Tree : webelement selected
extent report
]]></system-out>
  </testcase>
  <testcase name="testDSwithoutSignIn[{type=Graph, index=5}](6)" classname="pageTestEvents.DashBoardPageEvents" time="0.127">
    <system-out><![CDATA[[INFO ] 2024-11-16 18:20:40.583 [TestNG-tests-1] ExtentReportListener - test is added in pool.
Type: Graph, Index: 5
 : webelement selected
extent report
]]></system-out>
  </testcase>
  <testcase name="validateSignIn" classname="pageTestEvents.DashBoardPageEvents" time="0.128">
    <system-out><![CDATA[[INFO ] 2024-11-16 18:20:40.711 [TestNG-tests-1] ExtentReportListener - test is added in pool.
validateSignIn
[INFO ] 2024-11-16 18:20:40.840 [TestNG-tests-5] ExtentReportListener - test is added in pool.
extent report
]]></system-out>
  </testcase>
  <testcase name="userSignIn" classname="pageTestEvents.DashBoardPageEvents" time="1.221">
    <system-out><![CDATA[We are in Arrays in Python
We are in Operations in Stack
User is back to LinkedList page
Landed on Main pageextent report
]]></system-out>
  </testcase>
  <testcase name="testDataStructures[{type=Arrays, index=0}](1)" classname="pageTestEvents.DashBoardPageEvents" time="0.266">
    <system-out><![CDATA[In dataStructuresProvider
before dataStructuresProvider
[INFO ] 2024-11-16 18:20:42.196 [TestNG-tests-1] ExtentReportListener - test is added in pool.
Type: Arrays, Index: 0
[INFO ] 2024-11-16 18:20:42.211 [TestNG-tests-4] ExtentReportListener - test is added in pool.
Arrays : webelement selected
extent report
]]></system-out>
  </testcase>
  <testcase name="testDataStructures[{type=Linked List, index=1}](2)" classname="pageTestEvents.DashBoardPageEvents" time="0.127">
    <system-out><![CDATA[[INFO ] 2024-11-16 18:20:42.594 [TestNG-tests-2] ExtentReportListener - test is added in pool.
We are in Creating Linked LIst
 : webelement selected
extent report
]]></system-out>
  </testcase>
  <testcase name="testDataStructures[{type=Stack, index=2}](3)" classname="pageTestEvents.DashBoardPageEvents" time="0.234">
    <system-out><![CDATA[[INFO ] 2024-11-16 18:20:42.735 [TestNG-tests-1] ExtentReportListener - test is added in pool.
Type: Stack, Index: 2
Stack : webelement selected
extent report
]]></system-out>
  </testcase>
  <testcase name="testDataStructures[{type=Queue, index=3}](4)" classname="pageTestEvents.DashBoardPageEvents" time="0.359"/>
  <testcase name="testDataStructures[{type=Tree, index=4}](5)" classname="pageTestEvents.DashBoardPageEvents" time="0.275">
    <system-out><![CDATA[Tree : webelement selected
extent report
]]></system-out>
  </testcase>
  <testcase name="testDataStructures[{type=Graph, index=5}](6)" classname="pageTestEvents.DashBoardPageEvents" time="0.232">
    <system-out><![CDATA[[INFO ] 2024-11-16 18:20:43.625 [TestNG-tests-1] ExtentReportListener - test is added in pool.
Type: Graph, Index: 5
User is back to Stack page
 : webelement selected
extent report
]]></system-out>
  </testcase>
  <testcase name="testPageTitle" classname="pageTestEvents.RegisterPageEvents" time="0.064">
    <system-out><![CDATA[[INFO ] 2024-11-16 18:20:37.499 [TestNG-tests-1] ExtentReportListener - test is added in pool.
@Test4
[INFO ] 2024-11-16 18:20:38.056 [TestNG-tests-2] ExtentReportListener - test is added in pool.
chk Register PageTitle
extent report
]]></system-out>
  </testcase>
  <testcase name="testUserRegistration[, , , Please enter User Name, Password and Confirm Password](1)" classname="pageTestEvents.RegisterPageEvents" time="0.122">
    <system-out><![CDATA[[INFO ] 2024-11-16 18:20:42.480 [TestNG-tests-1] ExtentReportListener - test is added in pool.
Type: Linked List, Index: 1
extent report
]]></system-out>
  </testcase>
  <testcase name="testUserRegistration[, Numpysdet176, Numpysdet176, Please fill out this field. below User Name](2)" classname="pageTestEvents.RegisterPageEvents" time="0.386">
    <system-out><![CDATA[extent report
]]></system-out>
  </testcase>
  <testcase name="testUserRegistration[Scrutinizers, , , Please fill out this field.below Password](3)" classname="pageTestEvents.RegisterPageEvents" time="0.279">
    <system-out><![CDATA[[INFO ] 2024-11-16 18:20:47.437 [TestNG-tests-4] ExtentReportListener - test is added in pool.
User is back to Array page
extent report
]]></system-out>
  </testcase>
  <testcase name="testUserRegistration[Scrutinizers, Numpysdet176, , Please fill out this field.below Confirm Password](4)" classname="pageTestEvents.RegisterPageEvents" time="0.319">
    <system-out><![CDATA[extent report
]]></system-out>
  </testcase>
  <testcase name="testUserRegistration[Scrutinizers, Numpysdet176, Numpysdet176!, password_mismatch:The two password fields didn’t match.](5)" classname="pageTestEvents.RegisterPageEvents" time="0.429">
    <system-out><![CDATA[Testing registration with Username: Scrutinizers, Password: Numpysdet176, Confirm Password: Numpysdet176!, ExpectedMsg: password_mismatch:The two password fields didn’t match.
extent report
]]></system-out>
  </testcase>
  <testcase name="testUserRegistration[Scrutinizers, 123sA, 123sa, password length doesnot meet](6)" classname="pageTestEvents.RegisterPageEvents" time="0.125">
    <failure message="expected [password length doesnot meet] but found [password_mismatch:The two password fields didn’t match.]" type="java.lang.AssertionError"><![CDATA[java.lang.AssertionError: expected [password length doesnot meet] but found [password_mismatch:The two password fields didn’t match.]
	at org.testng.Assert.fail(Assert.java:111)
	at org.testng.Assert.failNotEquals(Assert.java:1578)
	at org.testng.Assert.assertEqualsImpl(Assert.java:150)
	at org.testng.Assert.assertEquals(Assert.java:132)
	at org.testng.Assert.assertEquals(Assert.java:656)
	at org.testng.Assert.assertEquals(Assert.java:666)
	at pageTestEvents.RegisterPageEvents.registerUser(RegisterPageEvents.java:42)
	at pageTestEvents.RegisterPageEvents.testUserRegistration(RegisterPageEvents.java:68)
	at java.base/jdk.internal.reflect.DirectMethodHandleAccessor.invoke(DirectMethodHandleAccessor.java:104)
	at java.base/java.lang.reflect.Method.invoke(Method.java:578)
	at org.testng.internal.invokers.MethodInvocationHelper.invokeMethod(MethodInvocationHelper.java:141)
	at org.testng.internal.invokers.TestInvoker.invokeMethod(TestInvoker.java:686)
	at org.testng.internal.invokers.TestInvoker.invokeTestMethod(TestInvoker.java:230)
	at org.testng.internal.invokers.MethodRunner.runInSequence(MethodRunner.java:63)
	at org.testng.internal.invokers.TestInvoker$MethodInvocationAgent.invoke(TestInvoker.java:992)
	at org.testng.internal.invokers.TestInvoker.invokeTestMethods(TestInvoker.java:203)
	at org.testng.internal.invokers.TestMethodWorker.invokeTestMethods(TestMethodWorker.java:154)
	at org.testng.internal.invokers.TestMethodWorker.run(TestMethodWorker.java:134)
	at java.base/java.util.ArrayList.forEach(ArrayList.java:1511)
	at org.testng.TestRunner.privateRun(TestRunner.java:739)
	at org.testng.TestRunner.run(TestRunner.java:614)
	at org.testng.SuiteRunner.runTest(SuiteRunner.java:421)
	at org.testng.SuiteRunner$SuiteWorker.run(SuiteRunner.java:463)
	at org.testng.internal.thread.ThreadUtil.lambda$execute$0(ThreadUtil.java:64)
	at java.base/java.util.concurrent.FutureTask.run(FutureTask.java:317)
	at java.base/java.util.concurrent.ThreadPoolExecutor.runWorker(ThreadPoolExecutor.java:1144)
	at java.base/java.util.concurrent.ThreadPoolExecutor$Worker.run(ThreadPoolExecutor.java:642)
	at java.base/java.lang.Thread.run(Thread.java:1589)
]]></failure>
    <system-out><![CDATA[User is back to Queue page
[INFO ] 2024-11-16 18:20:58.274 [TestNG-tests-4] ExtentReportListener - test is added in pool.
User is back to Stack page
[INFO ] 2024-11-16 18:20:58.583 [TestNG-tests-3] ExtentReportListener - test is added in pool.
]]></system-out>
  </testcase>
  <testcase name="testUserRegistration[Scrutinizers, Numpysdet176, Numpysdet176, user already exists](7)" classname="pageTestEvents.RegisterPageEvents" time="0">
    <skipped message="expected [user already exists] but found [password_mismatch:The two password fields didn’t match.]"/>
    <system-out><![CDATA[Retrying test testUserRegistration with status FAILURE for the 1 time.
]]></system-out>
  </testcase>
  <testcase name="testUserRegistration[Scrutinizers, Numpysdet176, Numpysdet176, user already exists](8)" classname="pageTestEvents.RegisterPageEvents" time="0">
    <skipped message="expected [user already exists] but found [password_mismatch:The two password fields didn’t match.]"/>
    <system-out><![CDATA[Retrying test testUserRegistration with status FAILURE for the 2 time.
]]></system-out>
  </testcase>
  <testcase name="testUserRegistration[Scrutinizers, Numpysdet176, Numpysdet176, user already exists](9)" classname="pageTestEvents.RegisterPageEvents" time="0">
    <skipped message="expected [user already exists] but found [password_mismatch:The two password fields didn’t match.]"/>
    <system-out><![CDATA[User is back to LinkedList page
We are in Applications
[INFO ] 2024-11-16 18:21:09.497 [TestNG-tests-1] ExtentReportListener - test is added in pool.
[INFO ] 2024-11-16 18:21:09.610 [TestNG-tests-4] ExtentReportListener - test is added in pool.
User is back to Array page
We are in Deletion
Retrying test testUserRegistration with status FAILURE for the 3 time.
]]></system-out>
  </testcase>
  <testcase name="testUserRegistration[Scrutinizers, Numpysdet176, Numpysdet176, user already exists](10)" classname="pageTestEvents.RegisterPageEvents" time="0.504">
    <failure message="expected [user already exists] but found [password_mismatch:The two password fields didn’t match.]" type="java.lang.AssertionError"><![CDATA[java.lang.AssertionError: expected [user already exists] but found [password_mismatch:The two password fields didn’t match.]
	at org.testng.Assert.fail(Assert.java:111)
	at org.testng.Assert.failNotEquals(Assert.java:1578)
	at org.testng.Assert.assertEqualsImpl(Assert.java:150)
	at org.testng.Assert.assertEquals(Assert.java:132)
	at org.testng.Assert.assertEquals(Assert.java:656)
	at org.testng.Assert.assertEquals(Assert.java:666)
	at pageTestEvents.RegisterPageEvents.registerUser(RegisterPageEvents.java:42)
	at pageTestEvents.RegisterPageEvents.testUserRegistration(RegisterPageEvents.java:68)
	at java.base/jdk.internal.reflect.DirectMethodHandleAccessor.invoke(DirectMethodHandleAccessor.java:104)
	at java.base/java.lang.reflect.Method.invoke(Method.java:578)
	at org.testng.internal.invokers.MethodInvocationHelper.invokeMethod(MethodInvocationHelper.java:141)
	at org.testng.internal.invokers.TestInvoker.invokeMethod(TestInvoker.java:686)
	at org.testng.internal.invokers.TestInvoker.retryFailed(TestInvoker.java:269)
	at org.testng.internal.invokers.MethodRunner.runInSequence(MethodRunner.java:76)
	at org.testng.internal.invokers.TestInvoker$MethodInvocationAgent.invoke(TestInvoker.java:992)
	at org.testng.internal.invokers.TestInvoker.invokeTestMethods(TestInvoker.java:203)
	at org.testng.internal.invokers.TestMethodWorker.invokeTestMethods(TestMethodWorker.java:154)
	at org.testng.internal.invokers.TestMethodWorker.run(TestMethodWorker.java:134)
	at java.base/java.util.ArrayList.forEach(ArrayList.java:1511)
	at org.testng.TestRunner.privateRun(TestRunner.java:739)
	at org.testng.TestRunner.run(TestRunner.java:614)
	at org.testng.SuiteRunner.runTest(SuiteRunner.java:421)
	at org.testng.SuiteRunner$SuiteWorker.run(SuiteRunner.java:463)
	at org.testng.internal.thread.ThreadUtil.lambda$execute$0(ThreadUtil.java:64)
	at java.base/java.util.concurrent.FutureTask.run(FutureTask.java:317)
	at java.base/java.util.concurrent.ThreadPoolExecutor.runWorker(ThreadPoolExecutor.java:1144)
	at java.base/java.util.concurrent.ThreadPoolExecutor$Worker.run(ThreadPoolExecutor.java:642)
	at java.base/java.lang.Thread.run(Thread.java:1589)
]]></failure>
  </testcase>
  <testcase name="testUserRegistrationjson[, , , Please enter User Name, Password and Confirm Password](1)" classname="pageTestEvents.RegisterPageEvents" time="0.764">
    <system-out><![CDATA[[INFO ] 2024-11-16 18:21:15.239 [TestNG-tests-4] ExtentReportListener - test is added in pool.
User is back to Queue page
true
We are in Creating Linked LIst
2
1
2
extent report
]]></system-out>
  </testcase>
  <testcase name="testUserRegistrationjson[, Numpysdet176, Numpysdet176, Please fill out this field. below User Name](2)" classname="pageTestEvents.RegisterPageEvents" time="1.233">
    <system-out><![CDATA[[INFO ] 2024-11-16 18:21:18.370 [TestNG-tests-3] ExtentReportListener - test is added in pool.
We are in Arrays Using List
User is back to LinkedList page
extent report
]]></system-out>
  </testcase>
  <testcase name="testUserRegistrationjson[Scrutinizers, , , Please fill out this field.below Password](3)" classname="pageTestEvents.RegisterPageEvents" time="0.274">
    <system-out><![CDATA[[INFO ] 2024-11-16 18:21:21.218 [TestNG-tests-5] ExtentReportListener - test is added in pool.
[INFO ] 2024-11-16 18:21:21.388 [TestNG-tests-1] ExtentReportListener - test is added in pool.
We are in Overview of Trees
[INFO ] 2024-11-16 18:21:21.852 [TestNG-tests-3] ExtentReportListener - test is added in pool.
User is back to LinkedList page
extent report
]]></system-out>
  </testcase>
  <testcase name="testUserRegistrationjson[Scrutinizers, Numpysdet176, , Please fill out this field.below Confirm Password](4)" classname="pageTestEvents.RegisterPageEvents" time="0.07">
    <system-out><![CDATA[[INFO ] 2024-11-16 18:21:24.574 [TestNG-tests-5] ExtentReportListener - test is added in pool.
extent report
]]></system-out>
  </testcase>
  <testcase name="testUserRegistrationjson[Scrutinizers, Numpysdet176, Numpysdet176!, password_mismatch:The two password fields didn’t match.](5)" classname="pageTestEvents.RegisterPageEvents" time="0.743">
    <system-out><![CDATA[We are in Arrays in Python
User is back to Queue page
Testing registration with Username: Scrutinizers, Password: Numpysdet176, Confirm Password: Numpysdet176!, ExpectedMsg: password_mismatch:The two password fields didn’t match.
extent report
]]></system-out>
  </testcase>
  <testcase name="testUserRegistrationjson[Scrutinizers, 123456789, 123456789, password cannot be only numeric](6)" classname="pageTestEvents.RegisterPageEvents" time="0.147">
    <failure message="expected [password cannot be only numeric] but found [password_mismatch:The two password fields didn’t match.]" type="java.lang.AssertionError"><![CDATA[java.lang.AssertionError: expected [password cannot be only numeric] but found [password_mismatch:The two password fields didn’t match.]
	at org.testng.Assert.fail(Assert.java:111)
	at org.testng.Assert.failNotEquals(Assert.java:1578)
	at org.testng.Assert.assertEqualsImpl(Assert.java:150)
	at org.testng.Assert.assertEquals(Assert.java:132)
	at org.testng.Assert.assertEquals(Assert.java:656)
	at org.testng.Assert.assertEquals(Assert.java:666)
	at pageTestEvents.RegisterPageEvents.registerUser(RegisterPageEvents.java:42)
	at pageTestEvents.RegisterPageEvents.testUserRegistrationjson(RegisterPageEvents.java:76)
	at java.base/jdk.internal.reflect.DirectMethodHandleAccessor.invoke(DirectMethodHandleAccessor.java:104)
	at java.base/java.lang.reflect.Method.invoke(Method.java:578)
	at org.testng.internal.invokers.MethodInvocationHelper.invokeMethod(MethodInvocationHelper.java:141)
	at org.testng.internal.invokers.TestInvoker.invokeMethod(TestInvoker.java:686)
	at org.testng.internal.invokers.TestInvoker.invokeTestMethod(TestInvoker.java:230)
	at org.testng.internal.invokers.MethodRunner.runInSequence(MethodRunner.java:63)
	at org.testng.internal.invokers.TestInvoker$MethodInvocationAgent.invoke(TestInvoker.java:992)
	at org.testng.internal.invokers.TestInvoker.invokeTestMethods(TestInvoker.java:203)
	at org.testng.internal.invokers.TestMethodWorker.invokeTestMethods(TestMethodWorker.java:154)
	at org.testng.internal.invokers.TestMethodWorker.run(TestMethodWorker.java:134)
	at java.base/java.util.ArrayList.forEach(ArrayList.java:1511)
	at org.testng.TestRunner.privateRun(TestRunner.java:739)
	at org.testng.TestRunner.run(TestRunner.java:614)
	at org.testng.SuiteRunner.runTest(SuiteRunner.java:421)
	at org.testng.SuiteRunner$SuiteWorker.run(SuiteRunner.java:463)
	at org.testng.internal.thread.ThreadUtil.lambda$execute$0(ThreadUtil.java:64)
	at java.base/java.util.concurrent.FutureTask.run(FutureTask.java:317)
	at java.base/java.util.concurrent.ThreadPoolExecutor.runWorker(ThreadPoolExecutor.java:1144)
	at java.base/java.util.concurrent.ThreadPoolExecutor$Worker.run(ThreadPoolExecutor.java:642)
	at java.base/java.lang.Thread.run(Thread.java:1589)
]]></failure>
    <system-out><![CDATA[User is back to Queue page
[INFO ] 2024-11-16 18:21:32.504 [TestNG-tests-1] ExtentReportListener - test is added in pool.
]]></system-out>
  </testcase>
  <testcase name="testUserRegistrationjson[Scrutinizers, 123sA, 123sa, password length doesnot meet](7)" classname="pageTestEvents.RegisterPageEvents" time="0">
    <skipped message="expected [password length doesnot meet] but found [password_mismatch:The two password fields didn’t match.]"/>
    <system-out><![CDATA[User is back to Queue page
Retrying test testUserRegistrationjson with status FAILURE for the 1 time.
]]></system-out>
  </testcase>
  <testcase name="testUserRegistrationjson[Scrutinizers, 123sA, 123sa, password length doesnot meet](8)" classname="pageTestEvents.RegisterPageEvents" time="0">
    <skipped message="expected [password length doesnot meet] but found [password_mismatch:The two password fields didn’t match.]"/>
    <system-out><![CDATA[Retrying test testUserRegistrationjson with status FAILURE for the 2 time.
]]></system-out>
  </testcase>
  <testcase name="testUserRegistrationjson[Scrutinizers, 123sA, 123sa, password length doesnot meet](9)" classname="pageTestEvents.RegisterPageEvents" time="0">
    <skipped message="expected [password length doesnot meet] but found [password_mismatch:The two password fields didn’t match.]"/>
    <system-out><![CDATA[Retrying test testUserRegistrationjson with status FAILURE for the 3 time.
]]></system-out>
  </testcase>
  <testcase name="testUserRegistrationjson[Scrutinizers, 123sA, 123sa, password length doesnot meet](10)" classname="pageTestEvents.RegisterPageEvents" time="0.725">
    <failure message="expected [password length doesnot meet] but found [password_mismatch:The two password fields didn’t match.]" type="java.lang.AssertionError"><![CDATA[java.lang.AssertionError: expected [password length doesnot meet] but found [password_mismatch:The two password fields didn’t match.]
	at org.testng.Assert.fail(Assert.java:111)
	at org.testng.Assert.failNotEquals(Assert.java:1578)
	at org.testng.Assert.assertEqualsImpl(Assert.java:150)
	at org.testng.Assert.assertEquals(Assert.java:132)
	at org.testng.Assert.assertEquals(Assert.java:656)
	at org.testng.Assert.assertEquals(Assert.java:666)
	at pageTestEvents.RegisterPageEvents.registerUser(RegisterPageEvents.java:42)
	at pageTestEvents.RegisterPageEvents.testUserRegistrationjson(RegisterPageEvents.java:76)
	at java.base/jdk.internal.reflect.DirectMethodHandleAccessor.invoke(DirectMethodHandleAccessor.java:104)
	at java.base/java.lang.reflect.Method.invoke(Method.java:578)
	at org.testng.internal.invokers.MethodInvocationHelper.invokeMethod(MethodInvocationHelper.java:141)
	at org.testng.internal.invokers.TestInvoker.invokeMethod(TestInvoker.java:686)
	at org.testng.internal.invokers.TestInvoker.retryFailed(TestInvoker.java:269)
	at org.testng.internal.invokers.MethodRunner.runInSequence(MethodRunner.java:76)
	at org.testng.internal.invokers.TestInvoker$MethodInvocationAgent.invoke(TestInvoker.java:992)
	at org.testng.internal.invokers.TestInvoker.invokeTestMethods(TestInvoker.java:203)
	at org.testng.internal.invokers.TestMethodWorker.invokeTestMethods(TestMethodWorker.java:154)
	at org.testng.internal.invokers.TestMethodWorker.run(TestMethodWorker.java:134)
	at java.base/java.util.ArrayList.forEach(ArrayList.java:1511)
	at org.testng.TestRunner.privateRun(TestRunner.java:739)
	at org.testng.TestRunner.run(TestRunner.java:614)
	at org.testng.SuiteRunner.runTest(SuiteRunner.java:421)
	at org.testng.SuiteRunner$SuiteWorker.run(SuiteRunner.java:463)
	at org.testng.internal.thread.ThreadUtil.lambda$execute$0(ThreadUtil.java:64)
	at java.base/java.util.concurrent.FutureTask.run(FutureTask.java:317)
	at java.base/java.util.concurrent.ThreadPoolExecutor.runWorker(ThreadPoolExecutor.java:1144)
	at java.base/java.util.concurrent.ThreadPoolExecutor$Worker.run(ThreadPoolExecutor.java:642)
	at java.base/java.lang.Thread.run(Thread.java:1589)
]]></failure>
    <system-out><![CDATA[We are in Traversals-Illustration
User is back to Queue page
User is back to LinkedList page
]]></system-out>
  </testcase>
  <testcase name="testUserRegistrationjson[Scrutinizers, 123sA, 123sa, password length is less than 8](11)" classname="pageTestEvents.RegisterPageEvents" time="0">
    <skipped message="expected [password length is less than 8] but found [password_mismatch:The two password fields didn’t match.]"/>
    <system-out><![CDATA[User is back to Queue page
User is back to LinkedList page
[INFO ] 2024-11-16 18:21:48.331 [TestNG-tests-1] ExtentReportListener - test is added in pool.
[INFO ] 2024-11-16 18:21:48.433 [TestNG-tests-4] ExtentReportListener - test is added in pool.
We are in Insertion
Retrying test testUserRegistrationjson with status FAILURE for the 1 time.
]]></system-out>
  </testcase>
  <testcase name="testUserRegistrationjson[Scrutinizers, 123sA, 123sa, password length is less than 8](12)" classname="pageTestEvents.RegisterPageEvents" time="0">
    <skipped message="expected [password length is less than 8] but found [password_mismatch:The two password fields didn’t match.]"/>
    <system-out><![CDATA[Retrying test testUserRegistrationjson with status FAILURE for the 2 time.
]]></system-out>
  </testcase>
  <testcase name="testUserRegistrationjson[Scrutinizers, 123sA, 123sa, password length is less than 8](13)" classname="pageTestEvents.RegisterPageEvents" time="0">
    <skipped message="expected [password length is less than 8] but found [password_mismatch:The two password fields didn’t match.]"/>
    <system-out><![CDATA[Retrying test testUserRegistrationjson with status FAILURE for the 3 time.
]]></system-out>
  </testcase>
  <testcase name="testUserRegistrationjson[Scrutinizers, 123sA, 123sa, password length is less than 8](14)" classname="pageTestEvents.RegisterPageEvents" time="0.533">
    <failure message="expected [password length is less than 8] but found [password_mismatch:The two password fields didn’t match.]" type="java.lang.AssertionError"><![CDATA[java.lang.AssertionError: expected [password length is less than 8] but found [password_mismatch:The two password fields didn’t match.]
	at org.testng.Assert.fail(Assert.java:111)
	at org.testng.Assert.failNotEquals(Assert.java:1578)
	at org.testng.Assert.assertEqualsImpl(Assert.java:150)
	at org.testng.Assert.assertEquals(Assert.java:132)
	at org.testng.Assert.assertEquals(Assert.java:656)
	at org.testng.Assert.assertEquals(Assert.java:666)
	at pageTestEvents.RegisterPageEvents.registerUser(RegisterPageEvents.java:42)
	at pageTestEvents.RegisterPageEvents.testUserRegistrationjson(RegisterPageEvents.java:76)
	at java.base/jdk.internal.reflect.DirectMethodHandleAccessor.invoke(DirectMethodHandleAccessor.java:104)
	at java.base/java.lang.reflect.Method.invoke(Method.java:578)
	at org.testng.internal.invokers.MethodInvocationHelper.invokeMethod(MethodInvocationHelper.java:141)
	at org.testng.internal.invokers.TestInvoker.invokeMethod(TestInvoker.java:686)
	at org.testng.internal.invokers.TestInvoker.retryFailed(TestInvoker.java:269)
	at org.testng.internal.invokers.MethodRunner.runInSequence(MethodRunner.java:76)
	at org.testng.internal.invokers.TestInvoker$MethodInvocationAgent.invoke(TestInvoker.java:992)
	at org.testng.internal.invokers.TestInvoker.invokeTestMethods(TestInvoker.java:203)
	at org.testng.internal.invokers.TestMethodWorker.invokeTestMethods(TestMethodWorker.java:154)
	at org.testng.internal.invokers.TestMethodWorker.run(TestMethodWorker.java:134)
	at java.base/java.util.ArrayList.forEach(ArrayList.java:1511)
	at org.testng.TestRunner.privateRun(TestRunner.java:739)
	at org.testng.TestRunner.run(TestRunner.java:614)
	at org.testng.SuiteRunner.runTest(SuiteRunner.java:421)
	at org.testng.SuiteRunner$SuiteWorker.run(SuiteRunner.java:463)
	at org.testng.internal.thread.ThreadUtil.lambda$execute$0(ThreadUtil.java:64)
	at java.base/java.util.concurrent.FutureTask.run(FutureTask.java:317)
	at java.base/java.util.concurrent.ThreadPoolExecutor.runWorker(ThreadPoolExecutor.java:1144)
	at java.base/java.util.concurrent.ThreadPoolExecutor$Worker.run(ThreadPoolExecutor.java:642)
	at java.base/java.lang.Thread.run(Thread.java:1589)
]]></failure>
  </testcase>
  <testcase name="testUserRegistrationjson[123123412, 123sA, 123sa, user name cannot be only numeric](15)" classname="pageTestEvents.RegisterPageEvents" time="0">
    <skipped message="expected [user name cannot be only numeric] but found [password_mismatch:The two password fields didn’t match.]"/>
    <system-out><![CDATA[User is back to LinkedList page
[INFO ] 2024-11-16 18:22:01.353 [TestNG-tests-1] ExtentReportListener - test is added in pool.
Retrying test testUserRegistrationjson with status FAILURE for the 1 time.
]]></system-out>
  </testcase>
  <testcase name="testUserRegistrationjson[123123412, 123sA, 123sa, user name cannot be only numeric](16)" classname="pageTestEvents.RegisterPageEvents" time="0">
    <skipped message="expected [user name cannot be only numeric] but found [password_mismatch:The two password fields didn’t match.]"/>
    <system-out><![CDATA[User is back to LinkedList page
[INFO ] 2024-11-16 18:22:04.197 [TestNG-tests-1] ExtentReportListener - test is added in pool.
User is back to Graph page
[INFO ] 2024-11-16 18:22:04.500 [TestNG-tests-4] ExtentReportListener - test is added in pool.
Retrying test testUserRegistrationjson with status FAILURE for the 2 time.
]]></system-out>
  </testcase>
  <testcase name="testUserRegistrationjson[123123412, 123sA, 123sa, user name cannot be only numeric](17)" classname="pageTestEvents.RegisterPageEvents" time="0">
    <skipped message="expected [user name cannot be only numeric] but found [password_mismatch:The two password fields didn’t match.]"/>
    <system-out><![CDATA[User is back to LinkedList page
[INFO ] 2024-11-16 18:22:07.242 [TestNG-tests-1] ExtentReportListener - test is added in pool.
User is back to Graph page
[INFO ] 2024-11-16 18:22:07.427 [TestNG-tests-4] ExtentReportListener - test is added in pool.
[INFO ] 2024-11-16 18:22:07.627 [TestNG-tests-3] ExtentReportListener - test is added in pool.
We are in Implement Linked List in Python
Retrying test testUserRegistrationjson with status FAILURE for the 3 time.
]]></system-out>
  </testcase>
  <testcase name="testUserRegistrationjson[123123412, 123sA, 123sa, user name cannot be only numeric](18)" classname="pageTestEvents.RegisterPageEvents" time="0.687">
    <failure message="expected [user name cannot be only numeric] but found [password_mismatch:The two password fields didn’t match.]" type="java.lang.AssertionError"><![CDATA[java.lang.AssertionError: expected [user name cannot be only numeric] but found [password_mismatch:The two password fields didn’t match.]
	at org.testng.Assert.fail(Assert.java:111)
	at org.testng.Assert.failNotEquals(Assert.java:1578)
	at org.testng.Assert.assertEqualsImpl(Assert.java:150)
	at org.testng.Assert.assertEquals(Assert.java:132)
	at org.testng.Assert.assertEquals(Assert.java:656)
	at org.testng.Assert.assertEquals(Assert.java:666)
	at pageTestEvents.RegisterPageEvents.registerUser(RegisterPageEvents.java:42)
	at pageTestEvents.RegisterPageEvents.testUserRegistrationjson(RegisterPageEvents.java:76)
	at java.base/jdk.internal.reflect.DirectMethodHandleAccessor.invoke(DirectMethodHandleAccessor.java:104)
	at java.base/java.lang.reflect.Method.invoke(Method.java:578)
	at org.testng.internal.invokers.MethodInvocationHelper.invokeMethod(MethodInvocationHelper.java:141)
	at org.testng.internal.invokers.TestInvoker.invokeMethod(TestInvoker.java:686)
	at org.testng.internal.invokers.TestInvoker.retryFailed(TestInvoker.java:269)
	at org.testng.internal.invokers.MethodRunner.runInSequence(MethodRunner.java:76)
	at org.testng.internal.invokers.TestInvoker$MethodInvocationAgent.invoke(TestInvoker.java:992)
	at org.testng.internal.invokers.TestInvoker.invokeTestMethods(TestInvoker.java:203)
	at org.testng.internal.invokers.TestMethodWorker.invokeTestMethods(TestMethodWorker.java:154)
	at org.testng.internal.invokers.TestMethodWorker.run(TestMethodWorker.java:134)
	at java.base/java.util.ArrayList.forEach(ArrayList.java:1511)
	at org.testng.TestRunner.privateRun(TestRunner.java:739)
	at org.testng.TestRunner.run(TestRunner.java:614)
	at org.testng.SuiteRunner.runTest(SuiteRunner.java:421)
	at org.testng.SuiteRunner$SuiteWorker.run(SuiteRunner.java:463)
	at org.testng.internal.thread.ThreadUtil.lambda$execute$0(ThreadUtil.java:64)
	at java.base/java.util.concurrent.FutureTask.run(FutureTask.java:317)
	at java.base/java.util.concurrent.ThreadPoolExecutor.runWorker(ThreadPoolExecutor.java:1144)
	at java.base/java.util.concurrent.ThreadPoolExecutor$Worker.run(ThreadPoolExecutor.java:642)
	at java.base/java.lang.Thread.run(Thread.java:1589)
]]></failure>
  </testcase>
  <testcase name="arrayPage[0, Introduction](1)" classname="pageTestEvents.LinkedListPageEvents" time="0.045">
    <system-out><![CDATA[[INFO ] 2024-11-16 18:20:40.968 [TestNG-tests-1] ExtentReportListener - test is added in pool.
userSignIn
Scrutinizers
Numpysdet176
In SignIn pageextent report
]]></system-out>
  </testcase>
  <testcase name="arrayPage[1, Creating Linked LIst](2)" classname="pageTestEvents.LinkedListPageEvents" time="0.156">
    <system-out><![CDATA[[INFO ] 2024-11-16 18:20:43.341 [TestNG-tests-1] ExtentReportListener - test is added in pool.
Type: Tree, Index: 4
extent report
]]></system-out>
  </testcase>
  <testcase name="arrayPage[2, Types of Linked List](3)" classname="pageTestEvents.LinkedListPageEvents" time="0.741">
    <system-out><![CDATA[[INFO ] 2024-11-16 18:20:45.280 [TestNG-tests-2] ExtentReportListener - test is added in pool.
We are in Types of Linked List
We are in Arrays Using List
User is back to Stack page
extent report
]]></system-out>
  </testcase>
  <testcase name="arrayPage[3, Implement Linked List in Python](4)" classname="pageTestEvents.LinkedListPageEvents" time="0.075">
    <system-out><![CDATA[[INFO ] 2024-11-16 18:20:47.719 [TestNG-tests-2] ExtentReportListener - test is added in pool.
User is back to Stack page
We are in Implement Linked List in Python
[INFO ] 2024-11-16 18:20:48.197 [TestNG-tests-5] ExtentReportListener - test is added in pool.
[INFO ] 2024-11-16 18:20:48.276 [TestNG-tests-3] ExtentReportListener - test is added in pool.
extent report
]]></system-out>
  </testcase>
  <testcase name="arrayPage[4, Traversal](5)" classname="pageTestEvents.LinkedListPageEvents" time="0.037">
    <system-out><![CDATA[[INFO ] 2024-11-16 18:20:50.142 [TestNG-tests-2] ExtentReportListener - test is added in pool.
extent report
]]></system-out>
  </testcase>
  <testcase name="arrayPage[5, Insertion](6)" classname="pageTestEvents.LinkedListPageEvents" time="0.745">
    <system-out><![CDATA[extent report
]]></system-out>
  </testcase>
  <testcase name="arrayPage[6, Deletion](7)" classname="pageTestEvents.LinkedListPageEvents" time="0.204">
    <system-out><![CDATA[[INFO ] 2024-11-16 18:20:53.318 [TestNG-tests-1] ExtentReportListener - test is added in pool.
User is back to Array page
We are in Deletion
User is back to Stack page
[INFO ] 2024-11-16 18:20:54.067 [TestNG-tests-5] ExtentReportListener - test is added in pool.
extent report
]]></system-out>
  </testcase>
  <testcase name="graphPage[0, Introduction](1)" classname="pageTestEvents.LinkedListPageEvents" time="0.343">
    <system-out><![CDATA[[INFO ] 2024-11-16 18:20:56.009 [TestNG-tests-1] ExtentReportListener - test is added in pool.
We are in Introduction
[INFO ] 2024-11-16 18:20:56.320 [TestNG-tests-3] ExtentReportListener - test is added in pool.
User is back to Stack page
extent report
]]></system-out>
  </testcase>
  <testcase name="graphPage[1, Creating Linked LIst](2)" classname="pageTestEvents.LinkedListPageEvents" time="0.572">
    <system-out><![CDATA[We are in Implementation
extent report
]]></system-out>
  </testcase>
  <testcase name="graphPage[2, Types of Linked List](3)" classname="pageTestEvents.LinkedListPageEvents" time="0.01">
    <system-out><![CDATA[We are in Types of Linked List
[INFO ] 2024-11-16 18:21:00.911 [TestNG-tests-1] ExtentReportListener - test is added in pool.
User is back to Stack page
User is back to Array page
[INFO ] 2024-11-16 18:21:01.457 [TestNG-tests-5] ExtentReportListener - test is added in pool.
extent report
]]></system-out>
  </testcase>
  <testcase name="graphPage[3, Implement Linked List in Python](4)" classname="pageTestEvents.LinkedListPageEvents" time="0.567">
    <system-out><![CDATA[extent report
]]></system-out>
  </testcase>
  <testcase name="graphPage[4, Traversal](5)" classname="pageTestEvents.LinkedListPageEvents" time="0.585"/>
  <testcase name="graphPage[5, Insertion](6)" classname="pageTestEvents.LinkedListPageEvents" time="0.714">
    <system-out><![CDATA[extent report
]]></system-out>
  </testcase>
  <testcase name="graphPage[6, Deletion](7)" classname="pageTestEvents.LinkedListPageEvents" time="0.165">
    <system-out><![CDATA[extent report
]]></system-out>
  </testcase>
  <testcase name="invalidTopics[0, printhello](1)" classname="pageTestEvents.LinkedListPageEvents" time="0.497">
    <system-out><![CDATA[[INFO ] 2024-11-16 18:21:13.634 [TestNG-tests-2] ExtentReportListener - test is added in pool.
Testing registration with Username: , Password: , Confirm Password: , ExpectedMsg: Please enter User Name, Password and Confirm Password
User is back to Queue page
extent report
]]></system-out>
  </testcase>
  <testcase name="invalidTopics[1, printhello](2)" classname="pageTestEvents.LinkedListPageEvents" time="1.468">
    <system-out><![CDATA[[INFO ] 2024-11-16 18:21:16.777 [TestNG-tests-1] ExtentReportListener - test is added in pool.
User is back to Array page
In brosweredge
extent report
]]></system-out>
    <system-err><![CDATA[Nov 16, 2024 6:21:17 PM org.openqa.selenium.devtools.CdpVersionFinder findNearestMatch
WARNING: Unable to find an exact match for CDP version 130, returning the closest version; found: 128; Please update to a Selenium version that supports CDP version 130
]]></system-err>
  </testcase>
  <testcase name="invalidTopics[2, printhello](3)" classname="pageTestEvents.LinkedListPageEvents" time="1.367">
    <system-out><![CDATA[User is back to Queue page
true
2
1
2
User is back to Array page
extent report
]]></system-out>
  </testcase>
  <testcase name="invalidTopics[3, printhello](4)" classname="pageTestEvents.LinkedListPageEvents" time="0.223">
    <system-out><![CDATA[[INFO ] 2024-11-16 18:21:24.077 [TestNG-tests-1] ExtentReportListener - test is added in pool.
User is back to Tree page
extent report
]]></system-out>
  </testcase>
  <testcase name="invalidTopics[4, printhello](5)" classname="pageTestEvents.LinkedListPageEvents" time="0.31">
    <system-out><![CDATA[[INFO ] 2024-11-16 18:21:25.512 [TestNG-tests-4] ExtentReportListener - test is added in pool.
[INFO ] 2024-11-16 18:21:25.671 [TestNG-tests-3] ExtentReportListener - test is added in pool.
We are in Traversal
User is back to Queue page
true
2
1
2
We are in Applications of Array
[INFO ] 2024-11-16 18:21:26.435 [TestNG-tests-1] ExtentReportListener - test is added in pool.
extent report
]]></system-out>
  </testcase>
  <testcase name="invalidTopics[5, printhello](6)" classname="pageTestEvents.LinkedListPageEvents" time="1.404">
    <system-out><![CDATA[User is back to Queue page
extent report
]]></system-out>
  </testcase>
  <testcase name="invalidTopics[6, printhello](7)" classname="pageTestEvents.LinkedListPageEvents" time="0.363">
    <system-out><![CDATA[User is back to Queue page
User is back to Graph page
[INFO ] 2024-11-16 18:21:40.614 [TestNG-tests-1] ExtentReportListener - test is added in pool.
[INFO ] 2024-11-16 18:21:40.715 [TestNG-tests-3] ExtentReportListener - test is added in pool.
extent report
]]></system-out>
  </testcase>
  <testcase name="linkedListPageDropdn[0, Introduction](1)" classname="pageTestEvents.LinkedListPageEvents" time="0.298">
    <system-out><![CDATA[User is back to LinkedList page
User is back to Graph page
User is back to Queue page
[INFO ] 2024-11-16 18:21:41.878 [TestNG-tests-4] ExtentReportListener - test is added in pool.
[INFO ] 2024-11-16 18:21:42.162 [TestNG-tests-3] ExtentReportListener - test is added in pool.
We are in Introduction
[INFO ] 2024-11-16 18:21:42.191 [TestNG-tests-1] ExtentReportListener - test is added in pool.
extent report
]]></system-out>
  </testcase>
  <testcase name="linkedListPageDropdn[1, Creating Linked LIst](2)" classname="pageTestEvents.LinkedListPageEvents" time="0.299"/>
  <testcase name="linkedListPageDropdn[2, Types of Linked List](3)" classname="pageTestEvents.LinkedListPageEvents" time="0.314">
    <system-out><![CDATA[extent report
]]></system-out>
  </testcase>
  <testcase name="linkedListPageDropdn[3, Implement Linked List in Python](4)" classname="pageTestEvents.LinkedListPageEvents" time="0.563">
    <system-out><![CDATA[extent report
]]></system-out>
  </testcase>
  <testcase name="linkedListPageDropdn[4, Traversal](5)" classname="pageTestEvents.LinkedListPageEvents" time="0.591">
    <system-out><![CDATA[extent report
]]></system-out>
  </testcase>
  <testcase name="linkedListPageDropdn[5, Insertion](6)" classname="pageTestEvents.LinkedListPageEvents" time="0.284">
    <system-out><![CDATA[extent report
]]></system-out>
  </testcase>
  <testcase name="linkedListPageDropdn[6, Deletion](7)" classname="pageTestEvents.LinkedListPageEvents" time="0.577">
    <system-out><![CDATA[User is back to Queue page
extent report
]]></system-out>
  </testcase>
  <testcase name="nocodeTopics[0, Introduction](1)" classname="pageTestEvents.LinkedListPageEvents" time="0.026">
    <system-out><![CDATA[We are in Introduction
User is back to Tree page
User is back to Queue page
[INFO ] 2024-11-16 18:21:51.700 [TestNG-tests-5] ExtentReportListener - test is added in pool.
[INFO ] 2024-11-16 18:21:51.721 [TestNG-tests-1] ExtentReportListener - test is added in pool.
extent report
]]></system-out>
  </testcase>
  <testcase name="nocodeTopics[1, Creating Linked LIst](2)" classname="pageTestEvents.LinkedListPageEvents" time="0.237">
    <system-out><![CDATA[[INFO ] 2024-11-16 18:21:52.424 [TestNG-tests-4] ExtentReportListener - test is added in pool.
User is back to Queue page
We are in Creating Linked LIst
[INFO ] 2024-11-16 18:21:52.932 [TestNG-tests-1] ExtentReportListener - test is added in pool.
extent report
]]></system-out>
  </testcase>
  <testcase name="nocodeTopics[2, Types of Linked List](3)" classname="pageTestEvents.LinkedListPageEvents" time="0.007">
    <system-out><![CDATA[[INFO ] 2024-11-16 18:21:55.023 [TestNG-tests-2] ExtentReportListener - test is added in pool.
Testing registration with Username: Scrutinizers, Password: 123sA, Confirm Password: 123sa, ExpectedMsg: password length is less than 8
extent report
]]></system-out>
  </testcase>
  <testcase name="nocodeTopics[3, Implement Linked List in Python](4)" classname="pageTestEvents.LinkedListPageEvents" time="0.463">
    <system-out><![CDATA[We are in Implement Linked List in Python
[INFO ] 2024-11-16 18:21:57.201 [TestNG-tests-1] ExtentReportListener - test is added in pool.
User is back to Graph page
extent report
]]></system-out>
  </testcase>
  <testcase name="nocodeTopics[4, Traversal](5)" classname="pageTestEvents.LinkedListPageEvents" time="0.38">
    <system-out><![CDATA[extent report
]]></system-out>
  </testcase>
  <testcase name="nocodeTopics[5, Insertion](6)" classname="pageTestEvents.LinkedListPageEvents" time="0.427">
    <system-out><![CDATA[extent report
]]></system-out>
  </testcase>
  <testcase name="nocodeTopics[6, Deletion](7)" classname="pageTestEvents.LinkedListPageEvents" time="0.457">
    <system-out><![CDATA[extent report
]]></system-out>
  </testcase>
  <testcase name="queuePage[0, Introduction](1)" classname="pageTestEvents.LinkedListPageEvents" time="0.501">
    <system-out><![CDATA[extent report
]]></system-out>
  </testcase>
  <testcase name="queuePage[1, Creating Linked LIst](2)" classname="pageTestEvents.LinkedListPageEvents" time="0.262">
    <system-out><![CDATA[[INFO ] 2024-11-16 18:22:04.984 [TestNG-tests-3] ExtentReportListener - test is added in pool.
User is back to Tree page
User is back to Queue page
extent report
]]></system-out>
  </testcase>
  <testcase name="queuePage[2, Types of Linked List](3)" classname="pageTestEvents.LinkedListPageEvents" time="0.366">
    <system-out><![CDATA[extent report
]]></system-out>
  </testcase>
  <testcase name="queuePage[3, Implement Linked List in Python](4)" classname="pageTestEvents.LinkedListPageEvents" time="0.294"/>
  <testcase name="queuePage[4, Traversal](5)" classname="pageTestEvents.LinkedListPageEvents" time="0.641">
    <system-out><![CDATA[extent report
]]></system-out>
  </testcase>
  <testcase name="queuePage[5, Insertion](6)" classname="pageTestEvents.LinkedListPageEvents" time="0.612">
    <system-out><![CDATA[extent report
]]></system-out>
  </testcase>
  <testcase name="queuePage[6, Deletion](7)" classname="pageTestEvents.LinkedListPageEvents" time="0.077">
    <system-out><![CDATA[[INFO ] 2024-11-16 18:22:12.100 [TestNG-tests-5] ExtentReportListener - test is added in pool.
Landed on Main pageextent report
]]></system-out>
  </testcase>
  <testcase name="stackPage[0, Introduction](1)" classname="pageTestEvents.LinkedListPageEvents" time="0.115">
    <system-out><![CDATA[[INFO ] 2024-11-16 18:22:13.487 [TestNG-tests-2] ExtentReportListener - test is added in pool.
invalid data
In SignIn pageextent report
]]></system-out>
  </testcase>
  <testcase name="stackPage[1, Creating Linked LIst](2)" classname="pageTestEvents.LinkedListPageEvents" time="0.783">
    <system-out><![CDATA[In Teardown
extent report
]]></system-out>
  </testcase>
  <testcase name="stackPage[2, Types of Linked List](3)" classname="pageTestEvents.LinkedListPageEvents" time="0.679">
    <system-out><![CDATA[extent report
]]></system-out>
  </testcase>
  <testcase name="stackPage[3, Implement Linked List in Python](4)" classname="pageTestEvents.LinkedListPageEvents" time="0.717">
    <system-out><![CDATA[extent report
]]></system-out>
  </testcase>
  <testcase name="stackPage[4, Traversal](5)" classname="pageTestEvents.LinkedListPageEvents" time="0.072">
    <system-out><![CDATA[[INFO ] 2024-11-16 18:22:19.433 [TestNG-tests-5] ExtentReportListener - test is added in pool.
extent report
]]></system-out>
  </testcase>
  <testcase name="stackPage[5, Insertion](6)" classname="pageTestEvents.LinkedListPageEvents" time="0.665">
    <system-out><![CDATA[User is back to Graph page
We are in Implementation of Binary Trees
User is back to LinkedList page
[INFO ] 2024-11-16 18:22:20.173 [TestNG-tests-3] ExtentReportListener - test is added in pool.
[INFO ] 2024-11-16 18:22:20.236 [TestNG-tests-4] ExtentReportListener - test is added in pool.
We are in Insertion
extent report
]]></system-out>
  </testcase>
  <testcase name="stackPage[6, Deletion](7)" classname="pageTestEvents.LinkedListPageEvents" time="0.58">
    <system-out><![CDATA[User is back to LinkedList page
User is back to Graph page
[INFO ] 2024-11-16 18:22:21.589 [TestNG-tests-4] ExtentReportListener - test is added in pool.
[INFO ] 2024-11-16 18:22:21.691 [TestNG-tests-3] ExtentReportListener - test is added in pool.
We are in Deletion
extent report
]]></system-out>
  </testcase>
  <testcase name="topicsLinkedList[0, Introduction](1)" classname="pageTestEvents.LinkedListPageEvents" time="0.151">
    <system-out><![CDATA[We are in Introduction
extent report
]]></system-out>
  </testcase>
  <testcase name="topicsLinkedList[1, Creating Linked LIst](2)" classname="pageTestEvents.LinkedListPageEvents" time="0.287">
    <system-out><![CDATA[User is back to Queue page
true
2
1
2
User is back to LinkedList page
[INFO ] 2024-11-16 18:22:23.959 [TestNG-tests-1] ExtentReportListener - test is added in pool.
[INFO ] 2024-11-16 18:22:24.066 [TestNG-tests-4] ExtentReportListener - test is added in pool.
We are in Creating Linked LIst
extent report
]]></system-out>
  </testcase>
  <testcase name="topicsLinkedList[2, Types of Linked List](3)" classname="pageTestEvents.LinkedListPageEvents" time="0.315">
    <system-out><![CDATA[User is back to LinkedList page
[INFO ] 2024-11-16 18:22:25.131 [TestNG-tests-4] ExtentReportListener - test is added in pool.
We are in Types of Linked List
extent report
]]></system-out>
  </testcase>
  <testcase name="topicsLinkedList[3, Implement Linked List in Python](4)" classname="pageTestEvents.LinkedListPageEvents" time="0.785">
    <system-out><![CDATA[User is back to Tree page
User is back to LinkedList page
[INFO ] 2024-11-16 18:22:26.465 [TestNG-tests-5] ExtentReportListener - test is added in pool.
We are in Applications of Binary trees
[INFO ] 2024-11-16 18:22:26.906 [TestNG-tests-4] ExtentReportListener - test is added in pool.
We are in Implement Linked List in Python
extent report
]]></system-out>
  </testcase>
  <testcase name="topicsLinkedList[4, Traversal](5)" classname="pageTestEvents.LinkedListPageEvents" time="0.387">
    <system-out><![CDATA[We are in Traversal
extent report
]]></system-out>
  </testcase>
  <testcase name="topicsLinkedList[5, Insertion](6)" classname="pageTestEvents.LinkedListPageEvents" time="0.014">
    <system-out><![CDATA[[INFO ] 2024-11-16 18:22:30.016 [TestNG-tests-3] ExtentReportListener - test is added in pool.
[INFO ] 2024-11-16 18:22:30.190 [TestNG-tests-4] ExtentReportListener - test is added in pool.
User is back to Queue page
true
2
1
2
We are in Insertion
[INFO ] 2024-11-16 18:22:30.605 [TestNG-tests-1] ExtentReportListener - test is added in pool.
extent report
]]></system-out>
  </testcase>
  <testcase name="topicsLinkedList[6, Deletion](7)" classname="pageTestEvents.LinkedListPageEvents" time="0.371">
    <system-out><![CDATA[User is back to LinkedList page
[INFO ] 2024-11-16 18:22:31.582 [TestNG-tests-4] ExtentReportListener - test is added in pool.
We are in Deletion
extent report
]]></system-out>
  </testcase>
  <testcase name="treePage[0, Introduction](1)" classname="pageTestEvents.LinkedListPageEvents" time="0.421">
    <system-out><![CDATA[[INFO ] 2024-11-16 18:22:32.871 [TestNG-tests-4] ExtentReportListener - test is added in pool.
User is back to Tree page
We are in Introduction
[INFO ] 2024-11-16 18:22:33.305 [TestNG-tests-5] ExtentReportListener - test is added in pool.
extent report
]]></system-out>
  </testcase>
  <testcase name="treePage[1, Creating Linked LIst](2)" classname="pageTestEvents.LinkedListPageEvents" time="0.842">
    <system-out><![CDATA[We are in Binary Search Trees
User is back to LinkedList page
[INFO ] 2024-11-16 18:22:34.681 [TestNG-tests-4] ExtentReportListener - test is added in pool.
We are in Creating Linked LIst
extent report
]]></system-out>
  </testcase>
  <testcase name="treePage[2, Types of Linked List](3)" classname="pageTestEvents.LinkedListPageEvents" time="0.387">
    <system-out><![CDATA[extent report
]]></system-out>
  </testcase>
  <testcase name="treePage[3, Implement Linked List in Python](4)" classname="pageTestEvents.LinkedListPageEvents" time="0.932">
    <system-out><![CDATA[[INFO ] 2024-11-16 18:22:38.270 [TestNG-tests-4] ExtentReportListener - test is added in pool.
User is back to Graph page
We are in Implement Linked List in Python
User loggedout
In Teardown
extent report
]]></system-out>
  </testcase>
  <testcase name="treePage[4, Traversal](5)" classname="pageTestEvents.LinkedListPageEvents" time="0.254">
    <system-out><![CDATA[[INFO ] 2024-11-16 18:22:39.866 [TestNG-tests-4] ExtentReportListener - test is added in pool.
User is back to Tree page
We are in Traversal
[INFO ] 2024-11-16 18:22:40.417 [TestNG-tests-5] ExtentReportListener - test is added in pool.
extent report
]]></system-out>
  </testcase>
  <testcase name="treePage[5, Insertion](6)" classname="pageTestEvents.LinkedListPageEvents" time="0.723">
    <system-out><![CDATA[We are in Implementation Of BST
User is back to LinkedList page
[INFO ] 2024-11-16 18:22:41.417 [TestNG-tests-4] ExtentReportListener - test is added in pool.
We are in Insertion
extent report
]]></system-out>
  </testcase>
  <testcase name="treePage[6, Deletion](7)" classname="pageTestEvents.LinkedListPageEvents" time="0.765">
    <system-out><![CDATA[User is back to LinkedList page
[INFO ] 2024-11-16 18:22:43.199 [TestNG-tests-4] ExtentReportListener - test is added in pool.
We are in Deletion
extent report
]]></system-out>
  </testcase>
  <testcase name="tryHereTopics[0, Introduction](1)" classname="pageTestEvents.LinkedListPageEvents" time="1.089">
    <system-out><![CDATA[User is back to LinkedList page
[INFO ] 2024-11-16 18:22:45.008 [TestNG-tests-4] ExtentReportListener - test is added in pool.
We are in Introduction
extent report
]]></system-out>
  </testcase>
  <testcase name="tryHereTopics[1, Creating Linked LIst](2)" classname="pageTestEvents.LinkedListPageEvents" time="0.564">
    <system-out><![CDATA[User is back to LinkedList page
User is back to Tree page
[INFO ] 2024-11-16 18:22:47.068 [TestNG-tests-4] ExtentReportListener - test is added in pool.
[INFO ] 2024-11-16 18:22:47.131 [TestNG-tests-5] ExtentReportListener - test is added in pool.
We are in Creating Linked LIst
We are in Overview of Trees
extent report
]]></system-out>
  </testcase>
  <testcase name="tryHereTopics[2, Types of Linked List](3)" classname="pageTestEvents.LinkedListPageEvents" time="0.541">
    <system-out><![CDATA[User is back to LinkedList page
User is back to Tree page
[INFO ] 2024-11-16 18:22:48.468 [TestNG-tests-4] ExtentReportListener - test is added in pool.
[INFO ] 2024-11-16 18:22:48.651 [TestNG-tests-5] ExtentReportListener - test is added in pool.
We are in Types of Linked List
We are in Terminologies
extent report
]]></system-out>
  </testcase>
  <testcase name="tryHereTopics[3, Implement Linked List in Python](4)" classname="pageTestEvents.LinkedListPageEvents" time="0.751">
    <system-out><![CDATA[extent report
]]></system-out>
  </testcase>
  <testcase name="tryHereTopics[4, Traversal](5)" classname="pageTestEvents.LinkedListPageEvents" time="0.691">
    <system-out><![CDATA[extent report
]]></system-out>
  </testcase>
  <testcase name="tryHereTopics[5, Insertion](6)" classname="pageTestEvents.LinkedListPageEvents" time="0.947">
    <system-out><![CDATA[We are in Insertion
User is back to Tree page
extent report
]]></system-out>
  </testcase>
  <testcase name="tryHereTopics[6, Deletion](7)" classname="pageTestEvents.LinkedListPageEvents" time="0.029">
    <system-out><![CDATA[We are in Deletion
User is back to Tree page
[INFO ] 2024-11-16 18:22:56.087 [TestNG-tests-5] ExtentReportListener - test is added in pool.
extent report
]]></system-out>
  </testcase>
  <testcase name="validcodeTopics[0, print&apos;Hello&apos;](1)" classname="pageTestEvents.LinkedListPageEvents" time="0.516">
    <system-out><![CDATA[[INFO ] 2024-11-16 18:22:56.801 [TestNG-tests-4] ExtentReportListener - test is added in pool.
User is back to Tree page
We are in Introduction
[INFO ] 2024-11-16 18:22:57.236 [TestNG-tests-5] ExtentReportListener - test is added in pool.
We are in Implementation in Python
extent report
]]></system-out>
  </testcase>
  <testcase name="validcodeTopics[1, print&apos;Hello&apos;](2)" classname="pageTestEvents.LinkedListPageEvents" time="0.955">
    <system-out><![CDATA[User is back to Tree page
extent report
]]></system-out>
  </testcase>
  <testcase name="validcodeTopics[2, print&apos;Hello&apos;](3)" classname="pageTestEvents.LinkedListPageEvents" time="0.111">
    <system-out><![CDATA[User is back to Tree page
[INFO ] 2024-11-16 18:23:00.955 [TestNG-tests-5] ExtentReportListener - test is added in pool.
extent report
]]></system-out>
  </testcase>
  <testcase name="validcodeTopics[3, print&apos;Hello&apos;](4)" classname="pageTestEvents.LinkedListPageEvents" time="0.596">
    <system-out><![CDATA[[INFO ] 2024-11-16 18:23:01.810 [TestNG-tests-4] ExtentReportListener - test is added in pool.
User is back to Tree page
We are in Implement Linked List in Python
[INFO ] 2024-11-16 18:23:02.228 [TestNG-tests-5] ExtentReportListener - test is added in pool.
We are in Binary Search Trees
extent report
]]></system-out>
  </testcase>
  <testcase name="validcodeTopics[4, print&apos;Hello&apos;](5)" classname="pageTestEvents.LinkedListPageEvents" time="0.866">
    <system-out><![CDATA[extent report
]]></system-out>
  </testcase>
  <testcase name="validcodeTopics[5, print&apos;Hello&apos;](6)" classname="pageTestEvents.LinkedListPageEvents" time="0.466">
    <system-out><![CDATA[extent report
]]></system-out>
  </testcase>
  <testcase name="validcodeTopics[6, print&apos;Hello&apos;](7)" classname="pageTestEvents.LinkedListPageEvents" time="0.503">
    <system-out><![CDATA[extent report
]]></system-out>
  </testcase>
  <testcase name="invalidTopics[0, hello](1)" classname="pageTestEvents.StackPageEvents" time="0.183">
    <system-out><![CDATA[[INFO ] 2024-11-16 18:20:42.972 [TestNG-tests-1] ExtentReportListener - test is added in pool.
Type: Queue, Index: 3
extent report
]]></system-out>
  </testcase>
  <testcase name="invalidTopics[1, hello](2)" classname="pageTestEvents.StackPageEvents" time="0.369">
    <system-out><![CDATA[[INFO ] 2024-11-16 18:20:44.045 [TestNG-tests-5] ExtentReportListener - test is added in pool.
User is back to Array page
User is back to LinkedList page
User loggedout
In Teardown
We are in Implementation
[INFO ] 2024-11-16 18:20:44.766 [TestNG-tests-4] ExtentReportListener - test is added in pool.
[INFO ] 2024-11-16 18:20:44.895 [TestNG-tests-3] ExtentReportListener - test is added in pool.
extent report
]]></system-out>
    <system-err><![CDATA[log4j:WARN No appenders could be found for logger (freemarker.cache).
log4j:WARN Please initialize the log4j system properly.
log4j:WARN See http://logging.apache.org/log4j/1.2/faq.html#noconfig for more info.
]]></system-err>
  </testcase>
  <testcase name="invalidTopics[2, hello](3)" classname="pageTestEvents.StackPageEvents" time="1.234">
    <system-out><![CDATA[In broswerchrome
extent report
]]></system-out>
    <system-err><![CDATA[Nov 16, 2024 6:20:47 PM org.openqa.selenium.devtools.CdpVersionFinder findNearestMatch
WARNING: Unable to find an exact match for CDP version 131, returning the closest version; found: 128; Please update to a Selenium version that supports CDP version 131
]]></system-err>
  </testcase>
  <testcase name="nocodeTopics[0, Operations in Stack](1)" classname="pageTestEvents.StackPageEvents" time="0.711">
    <system-out><![CDATA[We are in Operations in Stack
We are in Basic Operations in Lists
User is back to LinkedList page
extent report
]]></system-out>
  </testcase>
  <testcase name="nocodeTopics[1, Implementation](2)" classname="pageTestEvents.StackPageEvents" time="0.277">
    <system-out><![CDATA[extent report
]]></system-out>
  </testcase>
  <testcase name="nocodeTopics[2, Applications](3)" classname="pageTestEvents.StackPageEvents" time="0.662">
    <system-out><![CDATA[User is back to Array page
User is back to LinkedList page
User is back to Stack page
User is back to Queue page
[INFO ] 2024-11-16 18:20:51.067 [TestNG-tests-4] ExtentReportListener - test is added in pool.
[INFO ] 2024-11-16 18:20:51.114 [TestNG-tests-5] ExtentReportListener - test is added in pool.
[INFO ] 2024-11-16 18:20:51.166 [TestNG-tests-3] ExtentReportListener - test is added in pool.
[INFO ] 2024-11-16 18:20:51.285 [TestNG-tests-1] ExtentReportListener - test is added in pool.
We are in Applications
We are in Insertion
We are in Applications of Array
extent report
]]></system-out>
  </testcase>
  <testcase name="topicsStack[0, Operations in Stack](1)" classname="pageTestEvents.StackPageEvents" time="0.037">
    <system-out><![CDATA[User is back to Queue page
[INFO ] 2024-11-16 18:20:53.051 [TestNG-tests-4] ExtentReportListener - test is added in pool.
We are in Operations in Stack
extent report
]]></system-out>
  </testcase>
  <testcase name="topicsStack[1, Implementation](2)" classname="pageTestEvents.StackPageEvents" time="0.16">
    <system-out><![CDATA[[INFO ] 2024-11-16 18:20:54.381 [TestNG-tests-3] ExtentReportListener - test is added in pool.
We are in Implementation
extent report
]]></system-out>
  </testcase>
  <testcase name="topicsStack[2, Applications](3)" classname="pageTestEvents.StackPageEvents" time="0.361">
    <system-out><![CDATA[User is back to LinkedList page
User is back to Stack page
User is back to Queue page
[INFO ] 2024-11-16 18:20:55.528 [TestNG-tests-5] ExtentReportListener - test is added in pool.
[INFO ] 2024-11-16 18:20:55.605 [TestNG-tests-4] ExtentReportListener - test is added in pool.
User is back to Array page
We are in Applications
extent report
]]></system-out>
  </testcase>
  <testcase name="tryHereTopics[0, Operations in Stack](1)" classname="pageTestEvents.StackPageEvents" time="0.979">
    <system-out><![CDATA[We are in Operations in Stack
User is back to LinkedList page
User is back to Array page
extent report
]]></system-out>
  </testcase>
  <testcase name="tryHereTopics[1, Implementation](2)" classname="pageTestEvents.StackPageEvents" time="0.141">
    <system-out><![CDATA[extent report
]]></system-out>
  </testcase>
  <testcase name="tryHereTopics[2, Applications](3)" classname="pageTestEvents.StackPageEvents" time="0.598">
    <system-out><![CDATA[[INFO ] 2024-11-16 18:21:01.720 [TestNG-tests-3] ExtentReportListener - test is added in pool.
We are in Applications
We are in Arrays in Python
User is back to LinkedList page
User is back to Queue page
extent report
]]></system-out>
  </testcase>
  <testcase name="validcodeTopics[0, print&quot;Hello&quot;;](1)" classname="pageTestEvents.StackPageEvents" time="1.308">
    <system-out><![CDATA[User is back to Array page
User is back to Queue page
User is back to LinkedList page
extent report
]]></system-out>
  </testcase>
  <testcase name="validcodeTopics[1, print&quot;Hello&quot;;](2)" classname="pageTestEvents.StackPageEvents" time="0.263">
    <system-out><![CDATA[[INFO ] 2024-11-16 18:21:06.419 [TestNG-tests-2] ExtentReportListener - test is added in pool.
User is back to Queue page
User is back to LinkedList page
User is back to Array page
We are in Implementation
[INFO ] 2024-11-16 18:21:07.411 [TestNG-tests-1] ExtentReportListener - test is added in pool.
[INFO ] 2024-11-16 18:21:07.433 [TestNG-tests-4] ExtentReportListener - test is added in pool.
[INFO ] 2024-11-16 18:21:07.722 [TestNG-tests-3] ExtentReportListener - test is added in pool.
We are in Insertion
extent report
]]></system-out>
  </testcase>
  <testcase name="validcodeTopics[2, print&quot;Hello&quot;;](3)" classname="pageTestEvents.StackPageEvents" time="0.139">
    <system-out><![CDATA[[INFO ] 2024-11-16 18:21:10.066 [TestNG-tests-2] ExtentReportListener - test is added in pool.
extent report
]]></system-out>
  </testcase>
  <testcase name="invalidTopics[0, printhello](1)" classname="pageTestEvents.ArrayPageEvents" time="0.35">
    <system-out><![CDATA[extent report
 : webelement selected
extent report
]]></system-out>
  </testcase>
  <testcase name="invalidTopics[1, printhello](2)" classname="pageTestEvents.ArrayPageEvents" time="0.73">
    <system-out><![CDATA[[INFO ] 2024-11-16 18:20:46.069 [TestNG-tests-5] ExtentReportListener - test is added in pool.
We are in Applications
User is back to LinkedList page
extent report
]]></system-out>
  </testcase>
  <testcase name="invalidTopics[2, printhello](3)" classname="pageTestEvents.ArrayPageEvents" time="0.158">
    <system-out><![CDATA[[INFO ] 2024-11-16 18:20:49.305 [TestNG-tests-4] ExtentReportListener - test is added in pool.
User is back to Stack page
[INFO ] 2024-11-16 18:20:49.684 [TestNG-tests-5] ExtentReportListener - test is added in pool.
We are in Traversal
[INFO ] 2024-11-16 18:20:49.825 [TestNG-tests-1] ExtentReportListener - test is added in pool.
We are in Implementation
extent report
]]></system-out>
  </testcase>
  <testcase name="invalidTopics[3, printhello](4)" classname="pageTestEvents.ArrayPageEvents" time="0.122">
    <system-out><![CDATA[User is back to Stack page
User is back to LinkedList page
[INFO ] 2024-11-16 18:20:52.724 [TestNG-tests-5] ExtentReportListener - test is added in pool.
extent report
]]></system-out>
  </testcase>
  <testcase name="topicsArray[0, Arrays in Python](1)" classname="pageTestEvents.ArrayPageEvents" time="0.108">
    <system-out><![CDATA[[INFO ] 2024-11-16 18:20:54.810 [TestNG-tests-2] ExtentReportListener - test is added in pool.
We are in Arrays in Python
extent report
]]></system-out>
  </testcase>
  <testcase name="topicsArray[1, Arrays Using List](2)" classname="pageTestEvents.ArrayPageEvents" time="0.548">
    <system-out><![CDATA[We are in Arrays Using List
extent report
]]></system-out>
  </testcase>
  <testcase name="topicsArray[2, Basic Operations in Lists](3)" classname="pageTestEvents.ArrayPageEvents" time="0.234">
    <system-out><![CDATA[[INFO ] 2024-11-16 18:20:58.708 [TestNG-tests-2] ExtentReportListener - test is added in pool.
[INFO ] 2024-11-16 18:20:58.718 [TestNG-tests-1] ExtentReportListener - test is added in pool.
We are in Creating Linked LIst
[INFO ] 2024-11-16 18:20:58.783 [TestNG-tests-5] ExtentReportListener - test is added in pool.
We are in Basic Operations in Lists
extent report
]]></system-out>
  </testcase>
  <testcase name="topicsArray[3, Applications of Array](4)" classname="pageTestEvents.ArrayPageEvents" time="0.047">
    <system-out><![CDATA[User is back to LinkedList page
[INFO ] 2024-11-16 18:21:00.125 [TestNG-tests-3] ExtentReportListener - test is added in pool.
User is back to Queue page
[INFO ] 2024-11-16 18:21:00.441 [TestNG-tests-4] ExtentReportListener - test is added in pool.
We are in Applications of Array
extent report
]]></system-out>
  </testcase>
  <testcase name="tryHereTopics[0, Arrays in Python](1)" classname="pageTestEvents.ArrayPageEvents" time="0.062">
    <system-out><![CDATA[[INFO ] 2024-11-16 18:21:02.486 [TestNG-tests-2] ExtentReportListener - test is added in pool.
[INFO ] 2024-11-16 18:21:02.875 [TestNG-tests-4] ExtentReportListener - test is added in pool.
[INFO ] 2024-11-16 18:21:02.904 [TestNG-tests-1] ExtentReportListener - test is added in pool.
User is back to Stack page
true
4no of rows
3
2no of columns
We are in Implement Linked List in Python
[INFO ] 2024-11-16 18:21:03.509 [TestNG-tests-5] ExtentReportListener - test is added in pool.
extent report
]]></system-out>
  </testcase>
  <testcase name="tryHereTopics[1, Arrays Using List](2)" classname="pageTestEvents.ArrayPageEvents" time="0.597">
    <system-out><![CDATA[extent report
]]></system-out>
  </testcase>
  <testcase name="tryHereTopics[2, Basic Operations in Lists](3)" classname="pageTestEvents.ArrayPageEvents" time="0.182">
    <system-out><![CDATA[User is back to Stack page
[INFO ] 2024-11-16 18:21:08.854 [TestNG-tests-5] ExtentReportListener - test is added in pool.
User is back to Queue page
extent report
]]></system-out>
  </testcase>
  <testcase name="tryHereTopics[3, Applications of Array](4)" classname="pageTestEvents.ArrayPageEvents" time="0.788">
    <system-out><![CDATA[We are in Introduction
User is back to Queue page
extent report
]]></system-out>
  </testcase>
  <testcase name="nocodeTopics[0, Arrays in Python](1)" classname="pageTestEvents.ArrayPageEvents" time="0.399">
    <system-out><![CDATA[[INFO ] 2024-11-16 18:21:16.004 [TestNG-tests-2] ExtentReportListener - test is added in pool.
Testing registration with Username: , Password: Numpysdet176, Confirm Password: Numpysdet176, ExpectedMsg: Please fill out this field. below User Name
extent report
]]></system-out>
  </testcase>
  <testcase name="nocodeTopics[1, Arrays Using List](2)" classname="pageTestEvents.ArrayPageEvents" time="0.653">
    <system-out><![CDATA[extent report
]]></system-out>
  </testcase>
  <testcase name="nocodeTopics[2, Basic Operations in Lists](3)" classname="pageTestEvents.ArrayPageEvents" time="1.186">
    <system-out><![CDATA[extent report
]]></system-out>
  </testcase>
  <testcase name="nocodeTopics[3, Applications of Array](4)" classname="pageTestEvents.ArrayPageEvents" time="0.813">
    <system-out><![CDATA[extent report
]]></system-out>
  </testcase>
  <testcase name="validcodeTopics[0, print&apos;Hello&apos;](1)" classname="pageTestEvents.ArrayPageEvents" time="0.352">
    <failure message="expected [Hello] but found []" type="java.lang.AssertionError"><![CDATA[java.lang.AssertionError: expected [Hello] but found []
	at org.testng.Assert.fail(Assert.java:111)
	at org.testng.Assert.failNotEquals(Assert.java:1578)
	at org.testng.Assert.assertEqualsImpl(Assert.java:150)
	at org.testng.Assert.assertEquals(Assert.java:132)
	at org.testng.Assert.assertEquals(Assert.java:656)
	at org.testng.Assert.assertEquals(Assert.java:666)
	at pageTestEvents.ArrayPageEvents.validcodeTopics(ArrayPageEvents.java:77)
	at java.base/jdk.internal.reflect.DirectMethodHandleAccessor.invoke(DirectMethodHandleAccessor.java:104)
	at java.base/java.lang.reflect.Method.invoke(Method.java:578)
	at org.testng.internal.invokers.MethodInvocationHelper.invokeMethod(MethodInvocationHelper.java:141)
	at org.testng.internal.invokers.TestInvoker.invokeMethod(TestInvoker.java:686)
	at org.testng.internal.invokers.TestInvoker.invokeTestMethod(TestInvoker.java:230)
	at org.testng.internal.invokers.MethodRunner.runInSequence(MethodRunner.java:63)
	at org.testng.internal.invokers.TestInvoker$MethodInvocationAgent.invoke(TestInvoker.java:992)
	at org.testng.internal.invokers.TestInvoker.invokeTestMethods(TestInvoker.java:203)
	at org.testng.internal.invokers.TestMethodWorker.invokeTestMethods(TestMethodWorker.java:154)
	at org.testng.internal.invokers.TestMethodWorker.run(TestMethodWorker.java:134)
	at java.base/java.util.ArrayList.forEach(ArrayList.java:1511)
	at org.testng.TestRunner.privateRun(TestRunner.java:739)
	at org.testng.TestRunner.run(TestRunner.java:614)
	at org.testng.SuiteRunner.runTest(SuiteRunner.java:421)
	at org.testng.SuiteRunner$SuiteWorker.run(SuiteRunner.java:463)
	at org.testng.internal.thread.ThreadUtil.lambda$execute$0(ThreadUtil.java:64)
	at java.base/java.util.concurrent.FutureTask.run(FutureTask.java:317)
	at java.base/java.util.concurrent.ThreadPoolExecutor.runWorker(ThreadPoolExecutor.java:1144)
	at java.base/java.util.concurrent.ThreadPoolExecutor$Worker.run(ThreadPoolExecutor.java:642)
	at java.base/java.lang.Thread.run(Thread.java:1589)
]]></failure>
    <system-out><![CDATA[[INFO ] 2024-11-16 18:21:29.369 [TestNG-tests-2] ExtentReportListener - test is added in pool.
Testing registration with Username: Scrutinizers, Password: 123456789, Confirm Password: 123456789, ExpectedMsg: password cannot be only numeric
print'Hello'
[INFO ] 2024-11-16 18:21:29.677 [TestNG-tests-1] ExtentReportListener - test is added in pool.
    :   actualOutput
]]></system-out>
  </testcase>
  <testcase name="backtoArray" classname="pageTestEvents.ArrayPageEvents" time="0.378">
    <failure message="Unable to locate element: //a[text()=&apos;Data Structures&apos;]&#10;For documentation on this error, please visit: https://www.selenium.dev/documentation/webdriver/troubleshooting/errors#no-such-element-exception&#10;Build info: version: &apos;4.24.0&apos;, revision: &apos;748ffc9bc3&apos;&#10;System info: os.name: &apos;Windows 11&apos;, os.arch: &apos;amd64&apos;, os.version: &apos;10.0&apos;, java.version: &apos;19.0.2&apos;&#10;Driver info: org.openqa.selenium.firefox.FirefoxDriver&#10;Command: [c16d38b2-4666-4bec-a5cd-ccc5e59980bf, findElement {using=xpath, value=//a[text()=&apos;Data Structures&apos;]}]&#10;Capabilities {acceptInsecureCerts: true, browserName: firefox, browserVersion: 132.0.2, moz:accessibilityChecks: false, moz:buildID: 20241110231641, moz:debuggerAddress: 127.0.0.1:8275, moz:geckodriverVersion: 0.35.0, moz:headless: false, moz:platformVersion: 10.0, moz:processID: 57208, moz:profile: C:\Users\geeta\AppData\Loca..., moz:shutdownTimeout: 60000, moz:webdriverClick: true, moz:windowless: false, pageLoadStrategy: normal, platformName: windows, proxy: Proxy(), se:cdp: ws://127.0.0.1:8275/devtool..., se:cdpVersion: 85.0, setWindowRect: true, strictFileInteractability: false, timeouts: {implicit: 0, pageLoad: 300000, script: 30000}, unhandledPromptBehavior: dismiss and notify, userAgent: Mozilla/5.0 (Windows NT 10....}&#10;Session ID: c16d38b2-4666-4bec-a5cd-ccc5e59980bf" type="org.openqa.selenium.NoSuchElementException"><![CDATA[org.openqa.selenium.NoSuchElementException: 
Unable to locate element: //a[text()='Data Structures']
For documentation on this error, please visit: https://www.selenium.dev/documentation/webdriver/troubleshooting/errors#no-such-element-exception
Build info: version: '4.24.0', revision: '748ffc9bc3'
System info: os.name: 'Windows 11', os.arch: 'amd64', os.version: '10.0', java.version: '19.0.2'
Driver info: org.openqa.selenium.firefox.FirefoxDriver
Command: [c16d38b2-4666-4bec-a5cd-ccc5e59980bf, findElement {using=xpath, value=//a[text()='Data Structures']}]
Capabilities {acceptInsecureCerts: true, browserName: firefox, browserVersion: 132.0.2, moz:accessibilityChecks: false, moz:buildID: 20241110231641, moz:debuggerAddress: 127.0.0.1:8275, moz:geckodriverVersion: 0.35.0, moz:headless: false, moz:platformVersion: 10.0, moz:processID: 57208, moz:profile: C:\Users\geeta\AppData\Loca..., moz:shutdownTimeout: 60000, moz:webdriverClick: true, moz:windowless: false, pageLoadStrategy: normal, platformName: windows, proxy: Proxy(), se:cdp: ws://127.0.0.1:8275/devtool..., se:cdpVersion: 85.0, setWindowRect: true, strictFileInteractability: false, timeouts: {implicit: 0, pageLoad: 300000, script: 30000}, unhandledPromptBehavior: dismiss and notify, userAgent: Mozilla/5.0 (Windows NT 10....}
Session ID: c16d38b2-4666-4bec-a5cd-ccc5e59980bf
	at java.base/jdk.internal.reflect.DirectConstructorHandleAccessor.newInstance(DirectConstructorHandleAccessor.java:67)
	at java.base/java.lang.reflect.Constructor.newInstanceWithCaller(Constructor.java:500)
	at java.base/java.lang.reflect.Constructor.newInstance(Constructor.java:484)
	at org.openqa.selenium.remote.ErrorCodec.decode(ErrorCodec.java:167)
	at org.openqa.selenium.remote.codec.w3c.W3CHttpResponseCodec.decode(W3CHttpResponseCodec.java:138)
	at org.openqa.selenium.remote.codec.w3c.W3CHttpResponseCodec.decode(W3CHttpResponseCodec.java:50)
	at org.openqa.selenium.remote.HttpCommandExecutor.execute(HttpCommandExecutor.java:190)
	at org.openqa.selenium.remote.service.DriverCommandExecutor.invokeExecute(DriverCommandExecutor.java:216)
	at org.openqa.selenium.remote.service.DriverCommandExecutor.execute(DriverCommandExecutor.java:174)
	at org.openqa.selenium.remote.RemoteWebDriver.execute(RemoteWebDriver.java:545)
	at org.openqa.selenium.remote.ElementLocation$ElementFinder$2.findElement(ElementLocation.java:165)
	at org.openqa.selenium.remote.ElementLocation.findElement(ElementLocation.java:59)
	at org.openqa.selenium.remote.RemoteWebDriver.findElement(RemoteWebDriver.java:368)
	at org.openqa.selenium.remote.RemoteWebDriver.findElement(RemoteWebDriver.java:362)
	at pageObjects.ArrayPage.backToArray(ArrayPage.java:208)
	at pageTestEvents.ArrayPageEvents.backtoArray(ArrayPageEvents.java:134)
	at java.base/jdk.internal.reflect.DirectMethodHandleAccessor.invoke(DirectMethodHandleAccessor.java:104)
	at java.base/java.lang.reflect.Method.invoke(Method.java:578)
	at org.testng.internal.invokers.MethodInvocationHelper.invokeMethod(MethodInvocationHelper.java:141)
	at org.testng.internal.invokers.MethodInvocationHelper.invokeMethodConsideringTimeout(MethodInvocationHelper.java:71)
	at org.testng.internal.invokers.ConfigInvoker.invokeConfigurationMethod(ConfigInvoker.java:400)
	at org.testng.internal.invokers.ConfigInvoker.invokeConfigurations(ConfigInvoker.java:333)
	at org.testng.internal.invokers.TestInvoker.runConfigMethods(TestInvoker.java:833)
	at org.testng.internal.invokers.TestInvoker.runAfterConfigurations(TestInvoker.java:802)
	at org.testng.internal.invokers.TestInvoker.invokeMethod(TestInvoker.java:778)
	at org.testng.internal.invokers.TestInvoker.invokeTestMethod(TestInvoker.java:230)
	at org.testng.internal.invokers.MethodRunner.runInSequence(MethodRunner.java:63)
	at org.testng.internal.invokers.TestInvoker$MethodInvocationAgent.invoke(TestInvoker.java:992)
	at org.testng.internal.invokers.TestInvoker.invokeTestMethods(TestInvoker.java:203)
	at org.testng.internal.invokers.TestMethodWorker.invokeTestMethods(TestMethodWorker.java:154)
	at org.testng.internal.invokers.TestMethodWorker.run(TestMethodWorker.java:134)
	at java.base/java.util.ArrayList.forEach(ArrayList.java:1511)
	at org.testng.TestRunner.privateRun(TestRunner.java:739)
	at org.testng.TestRunner.run(TestRunner.java:614)
	at org.testng.SuiteRunner.runTest(SuiteRunner.java:421)
	at org.testng.SuiteRunner$SuiteWorker.run(SuiteRunner.java:463)
	at org.testng.internal.thread.ThreadUtil.lambda$execute$0(ThreadUtil.java:64)
	at java.base/java.util.concurrent.FutureTask.run(FutureTask.java:317)
	at java.base/java.util.concurrent.ThreadPoolExecutor.runWorker(ThreadPoolExecutor.java:1144)
	at java.base/java.util.concurrent.ThreadPoolExecutor$Worker.run(ThreadPoolExecutor.java:642)
	at java.base/java.lang.Thread.run(Thread.java:1589)
]]></failure>
  </testcase>
  <testcase name="backtoArray" classname="pageTestEvents.ArrayPageEvents" time="0">
    <skipped/>
  </testcase>
  <testcase name="backtoArray" classname="pageTestEvents.ArrayPageEvents" time="0">
    <skipped/>
  </testcase>
  <testcase name="backtoArray" classname="pageTestEvents.ArrayPageEvents" time="0">
    <skipped/>
  </testcase>
  <testcase name="backtoArray" classname="pageTestEvents.ArrayPageEvents" time="0">
    <skipped/>
  </testcase>
  <testcase name="backtoArray" classname="pageTestEvents.ArrayPageEvents" time="0">
    <skipped/>
  </testcase>
  <testcase name="backtoArray" classname="pageTestEvents.ArrayPageEvents" time="0">
    <skipped/>
  </testcase>
  <testcase name="backtoArray" classname="pageTestEvents.ArrayPageEvents" time="0">
    <skipped/>
  </testcase>
  <testcase name="arrayPage" classname="pageTestEvents.ArrayPageEvents" time="0">
    <skipped/>
  </testcase>
  <testcase name="arrayPage" classname="pageTestEvents.ArrayPageEvents" time="0">
    <skipped/>
  </testcase>
  <testcase name="arrayPage" classname="pageTestEvents.ArrayPageEvents" time="0">
    <skipped/>
  </testcase>
  <testcase name="arrayPage" classname="pageTestEvents.ArrayPageEvents" time="0">
    <skipped/>
  </testcase>
  <testcase name="arrayPage" classname="pageTestEvents.ArrayPageEvents" time="0">
    <skipped/>
  </testcase>
  <testcase name="arrayPage" classname="pageTestEvents.ArrayPageEvents" time="0">
    <skipped/>
  </testcase>
  <testcase name="arrayPage" classname="pageTestEvents.ArrayPageEvents" time="0">
    <skipped/>
  </testcase>
  <testcase name="validcodeTopics[1, print&apos;Hello&apos;](2)" classname="pageTestEvents.ArrayPageEvents" time="0">
    <skipped message="Unable to locate element: //a[text()=&apos;Data Structures&apos;]&#10;For documentation on this error, please visit: https://www.selenium.dev/documentation/webdriver/troubleshooting/errors#no-such-element-exception&#10;Build info: version: &apos;4.24.0&apos;, revision: &apos;748ffc9bc3&apos;&#10;System info: os.name: &apos;Windows 11&apos;, os.arch: &apos;amd64&apos;, os.version: &apos;10.0&apos;, java.version: &apos;19.0.2&apos;&#10;Driver info: org.openqa.selenium.firefox.FirefoxDriver&#10;Command: [c16d38b2-4666-4bec-a5cd-ccc5e59980bf, findElement {using=xpath, value=//a[text()=&apos;Data Structures&apos;]}]&#10;Capabilities {acceptInsecureCerts: true, browserName: firefox, browserVersion: 132.0.2, moz:accessibilityChecks: false, moz:buildID: 20241110231641, moz:debuggerAddress: 127.0.0.1:8275, moz:geckodriverVersion: 0.35.0, moz:headless: false, moz:platformVersion: 10.0, moz:processID: 57208, moz:profile: C:\Users\geeta\AppData\Loca..., moz:shutdownTimeout: 60000, moz:webdriverClick: true, moz:windowless: false, pageLoadStrategy: normal, platformName: windows, proxy: Proxy(), se:cdp: ws://127.0.0.1:8275/devtool..., se:cdpVersion: 85.0, setWindowRect: true, strictFileInteractability: false, timeouts: {implicit: 0, pageLoad: 300000, script: 30000}, unhandledPromptBehavior: dismiss and notify, userAgent: Mozilla/5.0 (Windows NT 10....}&#10;Session ID: c16d38b2-4666-4bec-a5cd-ccc5e59980bf"/>
    <system-out><![CDATA[[INFO ] 2024-11-16 18:21:30.059 [TestNG-tests-3] ExtentReportListener - test is added in pool.
]]></system-out>
  </testcase>
  <testcase name="validcodeTopics[2, print&apos;Hello&apos;](3)" classname="pageTestEvents.ArrayPageEvents" time="0">
    <skipped message="Unable to locate element: //a[text()=&apos;Data Structures&apos;]&#10;For documentation on this error, please visit: https://www.selenium.dev/documentation/webdriver/troubleshooting/errors#no-such-element-exception&#10;Build info: version: &apos;4.24.0&apos;, revision: &apos;748ffc9bc3&apos;&#10;System info: os.name: &apos;Windows 11&apos;, os.arch: &apos;amd64&apos;, os.version: &apos;10.0&apos;, java.version: &apos;19.0.2&apos;&#10;Driver info: org.openqa.selenium.firefox.FirefoxDriver&#10;Command: [c16d38b2-4666-4bec-a5cd-ccc5e59980bf, findElement {using=xpath, value=//a[text()=&apos;Data Structures&apos;]}]&#10;Capabilities {acceptInsecureCerts: true, browserName: firefox, browserVersion: 132.0.2, moz:accessibilityChecks: false, moz:buildID: 20241110231641, moz:debuggerAddress: 127.0.0.1:8275, moz:geckodriverVersion: 0.35.0, moz:headless: false, moz:platformVersion: 10.0, moz:processID: 57208, moz:profile: C:\Users\geeta\AppData\Loca..., moz:shutdownTimeout: 60000, moz:webdriverClick: true, moz:windowless: false, pageLoadStrategy: normal, platformName: windows, proxy: Proxy(), se:cdp: ws://127.0.0.1:8275/devtool..., se:cdpVersion: 85.0, setWindowRect: true, strictFileInteractability: false, timeouts: {implicit: 0, pageLoad: 300000, script: 30000}, unhandledPromptBehavior: dismiss and notify, userAgent: Mozilla/5.0 (Windows NT 10....}&#10;Session ID: c16d38b2-4666-4bec-a5cd-ccc5e59980bf"/>
    <system-out><![CDATA[[INFO ] 2024-11-16 18:21:30.066 [TestNG-tests-3] ExtentReportListener - test is added in pool.
]]></system-out>
  </testcase>
  <testcase name="validcodeTopics[3, print&apos;Hello&apos;](4)" classname="pageTestEvents.ArrayPageEvents" time="0">
    <skipped message="Unable to locate element: //a[text()=&apos;Data Structures&apos;]&#10;For documentation on this error, please visit: https://www.selenium.dev/documentation/webdriver/troubleshooting/errors#no-such-element-exception&#10;Build info: version: &apos;4.24.0&apos;, revision: &apos;748ffc9bc3&apos;&#10;System info: os.name: &apos;Windows 11&apos;, os.arch: &apos;amd64&apos;, os.version: &apos;10.0&apos;, java.version: &apos;19.0.2&apos;&#10;Driver info: org.openqa.selenium.firefox.FirefoxDriver&#10;Command: [c16d38b2-4666-4bec-a5cd-ccc5e59980bf, findElement {using=xpath, value=//a[text()=&apos;Data Structures&apos;]}]&#10;Capabilities {acceptInsecureCerts: true, browserName: firefox, browserVersion: 132.0.2, moz:accessibilityChecks: false, moz:buildID: 20241110231641, moz:debuggerAddress: 127.0.0.1:8275, moz:geckodriverVersion: 0.35.0, moz:headless: false, moz:platformVersion: 10.0, moz:processID: 57208, moz:profile: C:\Users\geeta\AppData\Loca..., moz:shutdownTimeout: 60000, moz:webdriverClick: true, moz:windowless: false, pageLoadStrategy: normal, platformName: windows, proxy: Proxy(), se:cdp: ws://127.0.0.1:8275/devtool..., se:cdpVersion: 85.0, setWindowRect: true, strictFileInteractability: false, timeouts: {implicit: 0, pageLoad: 300000, script: 30000}, unhandledPromptBehavior: dismiss and notify, userAgent: Mozilla/5.0 (Windows NT 10....}&#10;Session ID: c16d38b2-4666-4bec-a5cd-ccc5e59980bf"/>
    <system-out><![CDATA[[INFO ] 2024-11-16 18:21:30.078 [TestNG-tests-3] ExtentReportListener - test is added in pool.
]]></system-out>
  </testcase>
  <testcase name="getArrayTopicCodeExcelData[Arrays in Python, print&quot;Hello&quot;;, Hello](1)" classname="pageTestEvents.ArrayPageEvents" time="0">
    <skipped message="Unable to locate element: //a[text()=&apos;Data Structures&apos;]&#10;For documentation on this error, please visit: https://www.selenium.dev/documentation/webdriver/troubleshooting/errors#no-such-element-exception&#10;Build info: version: &apos;4.24.0&apos;, revision: &apos;748ffc9bc3&apos;&#10;System info: os.name: &apos;Windows 11&apos;, os.arch: &apos;amd64&apos;, os.version: &apos;10.0&apos;, java.version: &apos;19.0.2&apos;&#10;Driver info: org.openqa.selenium.firefox.FirefoxDriver&#10;Command: [c16d38b2-4666-4bec-a5cd-ccc5e59980bf, findElement {using=xpath, value=//a[text()=&apos;Data Structures&apos;]}]&#10;Capabilities {acceptInsecureCerts: true, browserName: firefox, browserVersion: 132.0.2, moz:accessibilityChecks: false, moz:buildID: 20241110231641, moz:debuggerAddress: 127.0.0.1:8275, moz:geckodriverVersion: 0.35.0, moz:headless: false, moz:platformVersion: 10.0, moz:processID: 57208, moz:profile: C:\Users\geeta\AppData\Loca..., moz:shutdownTimeout: 60000, moz:webdriverClick: true, moz:windowless: false, pageLoadStrategy: normal, platformName: windows, proxy: Proxy(), se:cdp: ws://127.0.0.1:8275/devtool..., se:cdpVersion: 85.0, setWindowRect: true, strictFileInteractability: false, timeouts: {implicit: 0, pageLoad: 300000, script: 30000}, unhandledPromptBehavior: dismiss and notify, userAgent: Mozilla/5.0 (Windows NT 10....}&#10;Session ID: c16d38b2-4666-4bec-a5cd-ccc5e59980bf"/>
    <system-out><![CDATA[[INFO ] 2024-11-16 18:21:30.157 [TestNG-tests-3] ExtentReportListener - test is added in pool.
]]></system-out>
  </testcase>
  <testcase name="getArrayTopicCodeExcelData[Arrays Using List, print&quot;Hello&quot;;, Hello](2)" classname="pageTestEvents.ArrayPageEvents" time="0">
    <skipped message="Unable to locate element: //a[text()=&apos;Data Structures&apos;]&#10;For documentation on this error, please visit: https://www.selenium.dev/documentation/webdriver/troubleshooting/errors#no-such-element-exception&#10;Build info: version: &apos;4.24.0&apos;, revision: &apos;748ffc9bc3&apos;&#10;System info: os.name: &apos;Windows 11&apos;, os.arch: &apos;amd64&apos;, os.version: &apos;10.0&apos;, java.version: &apos;19.0.2&apos;&#10;Driver info: org.openqa.selenium.firefox.FirefoxDriver&#10;Command: [c16d38b2-4666-4bec-a5cd-ccc5e59980bf, findElement {using=xpath, value=//a[text()=&apos;Data Structures&apos;]}]&#10;Capabilities {acceptInsecureCerts: true, browserName: firefox, browserVersion: 132.0.2, moz:accessibilityChecks: false, moz:buildID: 20241110231641, moz:debuggerAddress: 127.0.0.1:8275, moz:geckodriverVersion: 0.35.0, moz:headless: false, moz:platformVersion: 10.0, moz:processID: 57208, moz:profile: C:\Users\geeta\AppData\Loca..., moz:shutdownTimeout: 60000, moz:webdriverClick: true, moz:windowless: false, pageLoadStrategy: normal, platformName: windows, proxy: Proxy(), se:cdp: ws://127.0.0.1:8275/devtool..., se:cdpVersion: 85.0, setWindowRect: true, strictFileInteractability: false, timeouts: {implicit: 0, pageLoad: 300000, script: 30000}, unhandledPromptBehavior: dismiss and notify, userAgent: Mozilla/5.0 (Windows NT 10....}&#10;Session ID: c16d38b2-4666-4bec-a5cd-ccc5e59980bf"/>
    <system-out><![CDATA[[INFO ] 2024-11-16 18:21:30.164 [TestNG-tests-3] ExtentReportListener - test is added in pool.
]]></system-out>
  </testcase>
  <testcase name="getArrayTopicCodeExcelData[Basic Operations in Lists, print&quot;Hello&quot;;, Hello](3)" classname="pageTestEvents.ArrayPageEvents" time="0">
    <skipped message="Unable to locate element: //a[text()=&apos;Data Structures&apos;]&#10;For documentation on this error, please visit: https://www.selenium.dev/documentation/webdriver/troubleshooting/errors#no-such-element-exception&#10;Build info: version: &apos;4.24.0&apos;, revision: &apos;748ffc9bc3&apos;&#10;System info: os.name: &apos;Windows 11&apos;, os.arch: &apos;amd64&apos;, os.version: &apos;10.0&apos;, java.version: &apos;19.0.2&apos;&#10;Driver info: org.openqa.selenium.firefox.FirefoxDriver&#10;Command: [c16d38b2-4666-4bec-a5cd-ccc5e59980bf, findElement {using=xpath, value=//a[text()=&apos;Data Structures&apos;]}]&#10;Capabilities {acceptInsecureCerts: true, browserName: firefox, browserVersion: 132.0.2, moz:accessibilityChecks: false, moz:buildID: 20241110231641, moz:debuggerAddress: 127.0.0.1:8275, moz:geckodriverVersion: 0.35.0, moz:headless: false, moz:platformVersion: 10.0, moz:processID: 57208, moz:profile: C:\Users\geeta\AppData\Loca..., moz:shutdownTimeout: 60000, moz:webdriverClick: true, moz:windowless: false, pageLoadStrategy: normal, platformName: windows, proxy: Proxy(), se:cdp: ws://127.0.0.1:8275/devtool..., se:cdpVersion: 85.0, setWindowRect: true, strictFileInteractability: false, timeouts: {implicit: 0, pageLoad: 300000, script: 30000}, unhandledPromptBehavior: dismiss and notify, userAgent: Mozilla/5.0 (Windows NT 10....}&#10;Session ID: c16d38b2-4666-4bec-a5cd-ccc5e59980bf"/>
    <system-out><![CDATA[[INFO ] 2024-11-16 18:21:30.168 [TestNG-tests-3] ExtentReportListener - test is added in pool.
]]></system-out>
  </testcase>
  <testcase name="getArrayTopicCodeExcelData[Applications of Array, print&quot;Hello&quot;;, Hello](4)" classname="pageTestEvents.ArrayPageEvents" time="0">
    <skipped message="Unable to locate element: //a[text()=&apos;Data Structures&apos;]&#10;For documentation on this error, please visit: https://www.selenium.dev/documentation/webdriver/troubleshooting/errors#no-such-element-exception&#10;Build info: version: &apos;4.24.0&apos;, revision: &apos;748ffc9bc3&apos;&#10;System info: os.name: &apos;Windows 11&apos;, os.arch: &apos;amd64&apos;, os.version: &apos;10.0&apos;, java.version: &apos;19.0.2&apos;&#10;Driver info: org.openqa.selenium.firefox.FirefoxDriver&#10;Command: [c16d38b2-4666-4bec-a5cd-ccc5e59980bf, findElement {using=xpath, value=//a[text()=&apos;Data Structures&apos;]}]&#10;Capabilities {acceptInsecureCerts: true, browserName: firefox, browserVersion: 132.0.2, moz:accessibilityChecks: false, moz:buildID: 20241110231641, moz:debuggerAddress: 127.0.0.1:8275, moz:geckodriverVersion: 0.35.0, moz:headless: false, moz:platformVersion: 10.0, moz:processID: 57208, moz:profile: C:\Users\geeta\AppData\Loca..., moz:shutdownTimeout: 60000, moz:webdriverClick: true, moz:windowless: false, pageLoadStrategy: normal, platformName: windows, proxy: Proxy(), se:cdp: ws://127.0.0.1:8275/devtool..., se:cdpVersion: 85.0, setWindowRect: true, strictFileInteractability: false, timeouts: {implicit: 0, pageLoad: 300000, script: 30000}, unhandledPromptBehavior: dismiss and notify, userAgent: Mozilla/5.0 (Windows NT 10....}&#10;Session ID: c16d38b2-4666-4bec-a5cd-ccc5e59980bf"/>
    <system-out><![CDATA[[INFO ] 2024-11-16 18:21:30.178 [TestNG-tests-3] ExtentReportListener - test is added in pool.
]]></system-out>
  </testcase>
  <testcase name="Logout" classname="pageTestEvents.ArrayPageEvents" time="0">
    <skipped/>
  </testcase>
  <testcase name="arrayPage" classname="pageTestEvents.QueuePageEvents" time="0.266">
    <system-out><![CDATA[extent report
]]></system-out>
  </testcase>
  <testcase name="arrayPageT1" classname="pageTestEvents.QueuePageEvents" time="1">
    <system-out><![CDATA[extent report
]]></system-out>
  </testcase>
  <testcase name="arrayPageT2" classname="pageTestEvents.QueuePageEvents" time="0.388">
    <system-out><![CDATA[extent report
]]></system-out>
  </testcase>
  <testcase name="arrayPageT3" classname="pageTestEvents.QueuePageEvents" time="0.376">
    <system-out><![CDATA[[INFO ] 2024-11-16 18:20:56.915 [TestNG-tests-5] ExtentReportListener - test is added in pool.
extent report
]]></system-out>
  </testcase>
  <testcase name="arrayPageT4" classname="pageTestEvents.QueuePageEvents" time="1.057">
    <system-out><![CDATA[User is back to Array page
extent report
]]></system-out>
  </testcase>
  <testcase name="graphPage" classname="pageTestEvents.QueuePageEvents" time="0.084">
    <system-out><![CDATA[extent report
]]></system-out>
  </testcase>
  <testcase name="graphPageT1" classname="pageTestEvents.QueuePageEvents" time="0.554">
    <system-out><![CDATA[We are in Operations in Stack
extent report
]]></system-out>
  </testcase>
  <testcase name="graphPageT2" classname="pageTestEvents.QueuePageEvents" time="0.585">
    <system-out><![CDATA[[INFO ] 2024-11-16 18:21:04.997 [TestNG-tests-3] ExtentReportListener - test is added in pool.
[INFO ] 2024-11-16 18:21:05.218 [TestNG-tests-1] ExtentReportListener - test is added in pool.
[INFO ] 2024-11-16 18:21:05.330 [TestNG-tests-4] ExtentReportListener - test is added in pool.
User is back to Stack page
We are in Arrays Using List
[INFO ] 2024-11-16 18:21:05.828 [TestNG-tests-5] ExtentReportListener - test is added in pool.
We are in Traversal
extent report
extent report
]]></system-out>
  </testcase>
  <testcase name="graphPageT3" classname="pageTestEvents.QueuePageEvents" time="0.709">
    <system-out><![CDATA[We are in Basic Operations in Lists
extent report
]]></system-out>
  </testcase>
  <testcase name="graphPageT4" classname="pageTestEvents.QueuePageEvents" time="0.095">
    <system-out><![CDATA[[INFO ] 2024-11-16 18:21:10.404 [TestNG-tests-3] ExtentReportListener - test is added in pool.
extent report
]]></system-out>
  </testcase>
  <testcase name="implementationofQueueinPythonTopic" classname="pageTestEvents.QueuePageEvents" time="0.183">
    <system-out><![CDATA[User is back to Stack page
User is back to Queue page
User loggedout
In Teardown
We are in Applications of Array
User is back to LinkedList page
[INFO ] 2024-11-16 18:21:11.706 [TestNG-tests-1] ExtentReportListener - test is added in pool.
[INFO ] 2024-11-16 18:21:11.893 [TestNG-tests-4] ExtentReportListener - test is added in pool.
extent report
]]></system-out>
  </testcase>
  <testcase name="implementationusingarrayTopic" classname="pageTestEvents.QueuePageEvents" time="0.447">
    <system-out><![CDATA[[INFO ] 2024-11-16 18:21:13.126 [TestNG-tests-1] ExtentReportListener - test is added in pool.
User is back to Array page
extent report
]]></system-out>
  </testcase>
  <testcase name="implementationusingcollectionsdequeTopic" classname="pageTestEvents.QueuePageEvents" time="0.358">
    <system-out><![CDATA[[INFO ] 2024-11-16 18:21:14.226 [TestNG-tests-3] ExtentReportListener - test is added in pool.
[INFO ] 2024-11-16 18:21:14.749 [TestNG-tests-1] ExtentReportListener - test is added in pool.
User is back to LinkedList page
We are in Arrays in Python
extent report
]]></system-out>
  </testcase>
  <testcase name="invalidCodeT1[print&quot;Hello&quot;;, hello](1)" classname="pageTestEvents.QueuePageEvents" time="0.433">
    <system-out><![CDATA[[INFO ] 2024-11-16 18:21:19.604 [TestNG-tests-2] ExtentReportListener - test is added in pool.
Testing registration with Username: Scrutinizers, Password: , Confirm Password: , ExpectedMsg: Please fill out this field.below Password
[INFO ] 2024-11-16 18:21:19.785 [TestNG-tests-4] ExtentReportListener - test is added in pool.
We are in Types of Linked List
extent report
]]></system-out>
  </testcase>
  <testcase name="invalidCodeT2[print&quot;Hello&quot;;, hello](1)" classname="pageTestEvents.QueuePageEvents" time="0.684">
    <system-out><![CDATA[[INFO ] 2024-11-16 18:21:22.127 [TestNG-tests-2] ExtentReportListener - test is added in pool.
Testing registration with Username: Scrutinizers, Password: Numpysdet176, Confirm Password: , ExpectedMsg: Please fill out this field.below Confirm Password
We are in Basic Operations in Lists
extent report
]]></system-out>
  </testcase>
  <testcase name="invalidCodeT3[print&quot;Hello&quot;;, hello](1)" classname="pageTestEvents.QueuePageEvents" time="0.811">
    <system-out><![CDATA[[INFO ] 2024-11-16 18:21:24.641 [TestNG-tests-2] ExtentReportListener - test is added in pool.
Testing registration with Username: Scrutinizers, Password: Numpysdet176, Confirm Password: Numpysdet176!, ExpectedMsg: password_mismatch:The two password fields didn’t match.
User is back to Array page
User is back to LinkedList page
We are in Terminologies
extent report
]]></system-out>
  </testcase>
  <testcase name="invalidCodeT4[print&quot;Hello&quot;;, hello](1)" classname="pageTestEvents.QueuePageEvents" time="1.114">
    <system-out><![CDATA[User is back to LinkedList page
extent report
]]></system-out>
  </testcase>
  <testcase name="linkedListPage" classname="pageTestEvents.QueuePageEvents" time="0.248">
    <system-out><![CDATA[[INFO ] 2024-11-16 18:21:27.732 [TestNG-tests-4] ExtentReportListener - test is added in pool.
User is back to Array page
User is back to Queue page
We are in Insertion
[INFO ] 2024-11-16 18:21:28.348 [TestNG-tests-1] ExtentReportListener - test is added in pool.
[INFO ] 2024-11-16 18:21:28.627 [TestNG-tests-3] ExtentReportListener - test is added in pool.
extent report
]]></system-out>
  </testcase>
  <testcase name="linkedListPageT1" classname="pageTestEvents.QueuePageEvents" time="0.309">
    <system-out><![CDATA[In Teardown
extent report
]]></system-out>
  </testcase>
  <testcase name="linkedListPageT2" classname="pageTestEvents.QueuePageEvents" time="0.421">
    <system-out><![CDATA[User is back to Queue page
User is back to Tree page
[INFO ] 2024-11-16 18:21:31.138 [TestNG-tests-1] ExtentReportListener - test is added in pool.
[INFO ] 2024-11-16 18:21:31.348 [TestNG-tests-5] ExtentReportListener - test is added in pool.
We are in Types of Trees
extent report
]]></system-out>
  </testcase>
  <testcase name="linkedListPageT3" classname="pageTestEvents.QueuePageEvents" time="0.771">
    <system-out><![CDATA[[INFO ] 2024-11-16 18:21:32.651 [TestNG-tests-2] ExtentReportListener - test is added in pool.
Testing registration with Username: Scrutinizers, Password: 123sA, Confirm Password: 123sa, ExpectedMsg: password length doesnot meet
In broswerchrome
extent report
]]></system-out>
    <system-err><![CDATA[Nov 16, 2024 6:21:32 PM org.openqa.selenium.devtools.CdpVersionFinder findNearestMatch
WARNING: Unable to find an exact match for CDP version 131, returning the closest version; found: 128; Please update to a Selenium version that supports CDP version 131
]]></system-err>
  </testcase>
  <testcase name="linkedListPageT4" classname="pageTestEvents.QueuePageEvents" time="0.365">
    <system-out><![CDATA[[INFO ] 2024-11-16 18:21:34.172 [TestNG-tests-1] ExtentReportListener - test is added in pool.
User is back to LinkedList page
[INFO ] 2024-11-16 18:21:35.003 [TestNG-tests-4] ExtentReportListener - test is added in pool.
We are in Deletion
extent report
]]></system-out>
  </testcase>
  <testcase name="nocodeTopic1" classname="pageTestEvents.QueuePageEvents" time="0.772">
    <system-out><![CDATA[User is back to Graph page
extent report
]]></system-out>
  </testcase>
  <testcase name="nocodeTopic2" classname="pageTestEvents.QueuePageEvents" time="0.041">
    <system-out><![CDATA[User is back to Tree page
User is back to Graph page
[INFO ] 2024-11-16 18:21:38.037 [TestNG-tests-5] ExtentReportListener - test is added in pool.
[INFO ] 2024-11-16 18:21:38.379 [TestNG-tests-3] ExtentReportListener - test is added in pool.
extent report
]]></system-out>
  </testcase>
  <testcase name="nocodeTopic3" classname="pageTestEvents.QueuePageEvents" time="0.15">
    <system-out><![CDATA[[INFO ] 2024-11-16 18:21:39.230 [TestNG-tests-2] ExtentReportListener - test is added in pool.
Testing registration with Username: Scrutinizers, Password: 123sA, Confirm Password: 123sa, ExpectedMsg: password length doesnot meet
User is back to Graph page
[INFO ] 2024-11-16 18:21:39.710 [TestNG-tests-3] ExtentReportListener - test is added in pool.
extent report
]]></system-out>
  </testcase>
  <testcase name="nocodeTopic4" classname="pageTestEvents.QueuePageEvents" time="0.771">
    <system-out><![CDATA[extent report
]]></system-out>
  </testcase>
  <testcase name="practiceQueTopic1" classname="pageTestEvents.QueuePageEvents" time="0.192">
    <failure message="expected [Queue] but found [Practice Questions]" type="java.lang.AssertionError"><![CDATA[java.lang.AssertionError: expected [Queue] but found [Practice Questions]
	at org.testng.Assert.fail(Assert.java:111)
	at org.testng.Assert.failNotEquals(Assert.java:1578)
	at org.testng.Assert.assertEqualsImpl(Assert.java:150)
	at org.testng.Assert.assertEquals(Assert.java:132)
	at org.testng.Assert.assertEquals(Assert.java:656)
	at org.testng.Assert.assertEquals(Assert.java:666)
	at pageTestEvents.QueuePageEvents.practiceQueTopic1(QueuePageEvents.java:110)
	at java.base/jdk.internal.reflect.DirectMethodHandleAccessor.invoke(DirectMethodHandleAccessor.java:104)
	at java.base/java.lang.reflect.Method.invoke(Method.java:578)
	at org.testng.internal.invokers.MethodInvocationHelper.invokeMethod(MethodInvocationHelper.java:141)
	at org.testng.internal.invokers.TestInvoker.invokeMethod(TestInvoker.java:686)
	at org.testng.internal.invokers.TestInvoker.invokeTestMethod(TestInvoker.java:230)
	at org.testng.internal.invokers.MethodRunner.runInSequence(MethodRunner.java:63)
	at org.testng.internal.invokers.TestInvoker$MethodInvocationAgent.invoke(TestInvoker.java:992)
	at org.testng.internal.invokers.TestInvoker.invokeTestMethods(TestInvoker.java:203)
	at org.testng.internal.invokers.TestMethodWorker.invokeTestMethods(TestMethodWorker.java:154)
	at org.testng.internal.invokers.TestMethodWorker.run(TestMethodWorker.java:134)
	at java.base/java.util.ArrayList.forEach(ArrayList.java:1511)
	at org.testng.TestRunner.privateRun(TestRunner.java:739)
	at org.testng.TestRunner.run(TestRunner.java:614)
	at org.testng.SuiteRunner.runTest(SuiteRunner.java:421)
	at org.testng.SuiteRunner$SuiteWorker.run(SuiteRunner.java:463)
	at org.testng.internal.thread.ThreadUtil.lambda$execute$0(ThreadUtil.java:64)
	at java.base/java.util.concurrent.FutureTask.run(FutureTask.java:317)
	at java.base/java.util.concurrent.ThreadPoolExecutor.runWorker(ThreadPoolExecutor.java:1144)
	at java.base/java.util.concurrent.ThreadPoolExecutor$Worker.run(ThreadPoolExecutor.java:642)
	at java.base/java.lang.Thread.run(Thread.java:1589)
]]></failure>
    <system-out><![CDATA[[INFO ] 2024-11-16 18:21:42.515 [TestNG-tests-2] ExtentReportListener - test is added in pool.
Testing registration with Username: Scrutinizers, Password: 123sA, Confirm Password: 123sa, ExpectedMsg: password length doesnot meet
]]></system-out>
  </testcase>
  <testcase name="queueDropPage" classname="pageTestEvents.QueuePageEvents" time="0.299">
    <system-out><![CDATA[User is back to LinkedList page
User is back to Queue page
User is back to Graph page
true
2
1
2
[INFO ] 2024-11-16 18:21:43.145 [TestNG-tests-4] ExtentReportListener - test is added in pool.
[INFO ] 2024-11-16 18:21:43.415 [TestNG-tests-1] ExtentReportListener - test is added in pool.
We are in Creating Linked LIst
[INFO ] 2024-11-16 18:21:43.475 [TestNG-tests-3] ExtentReportListener - test is added in pool.
extent report
extent report
]]></system-out>
  </testcase>
  <testcase name="queueDropPageT1" classname="pageTestEvents.QueuePageEvents" time="0.144">
    <system-out><![CDATA[[INFO ] 2024-11-16 18:21:44.448 [TestNG-tests-1] ExtentReportListener - test is added in pool.
[INFO ] 2024-11-16 18:21:44.461 [TestNG-tests-4] ExtentReportListener - test is added in pool.
User is back to Tree page
We are in Types of Linked List
[INFO ] 2024-11-16 18:21:44.931 [TestNG-tests-5] ExtentReportListener - test is added in pool.
extent report
]]></system-out>
  </testcase>
  <testcase name="queueDropPageT2" classname="pageTestEvents.QueuePageEvents" time="0.461">
    <system-out><![CDATA[[INFO ] 2024-11-16 18:21:45.656 [TestNG-tests-2] ExtentReportListener - test is added in pool.
Testing registration with Username: Scrutinizers, Password: 123sA, Confirm Password: 123sa, ExpectedMsg: password length is less than 8
[INFO ] 2024-11-16 18:21:45.771 [TestNG-tests-1] ExtentReportListener - test is added in pool.
[INFO ] 2024-11-16 18:21:45.880 [TestNG-tests-4] ExtentReportListener - test is added in pool.
We are in Implement Linked List in Python
extent report
]]></system-out>
  </testcase>
  <testcase name="queueDropPageT3" classname="pageTestEvents.QueuePageEvents" time="0.474">
    <system-out><![CDATA[User is back to Queue page
User is back to LinkedList page
[INFO ] 2024-11-16 18:21:47.057 [TestNG-tests-1] ExtentReportListener - test is added in pool.
[INFO ] 2024-11-16 18:21:47.178 [TestNG-tests-4] ExtentReportListener - test is added in pool.
We are in Traversal
extent report
]]></system-out>
  </testcase>
  <testcase name="queueDropPageT4" classname="pageTestEvents.QueuePageEvents" time="0.205">
    <system-out><![CDATA[[INFO ] 2024-11-16 18:21:48.795 [TestNG-tests-2] ExtentReportListener - test is added in pool.
Testing registration with Username: Scrutinizers, Password: 123sA, Confirm Password: 123sa, ExpectedMsg: password length is less than 8
extent report
]]></system-out>
  </testcase>
  <testcase name="queueOperationsTopic" classname="pageTestEvents.QueuePageEvents" time="0.239">
    <system-out><![CDATA[User is back to Queue page
User is back to LinkedList page
[INFO ] 2024-11-16 18:21:49.679 [TestNG-tests-1] ExtentReportListener - test is added in pool.
[INFO ] 2024-11-16 18:21:49.726 [TestNG-tests-4] ExtentReportListener - test is added in pool.
extent report
]]></system-out>
  </testcase>
  <testcase name="stackPage" classname="pageTestEvents.QueuePageEvents" time="0.06">
    <system-out><![CDATA[[INFO ] 2024-11-16 18:21:50.946 [TestNG-tests-4] ExtentReportListener - test is added in pool.
extent report
]]></system-out>
  </testcase>
  <testcase name="stackPageT1" classname="pageTestEvents.QueuePageEvents" time="0.383">
    <system-out><![CDATA[[INFO ] 2024-11-16 18:21:51.904 [TestNG-tests-2] ExtentReportListener - test is added in pool.
Testing registration with Username: Scrutinizers, Password: 123sA, Confirm Password: 123sa, ExpectedMsg: password length is less than 8
We are in Binary Trees
User is back to LinkedList page
extent report
]]></system-out>
  </testcase>
  <testcase name="stackPageT2" classname="pageTestEvents.QueuePageEvents" time="0.613">
    <system-out><![CDATA[extent report
]]></system-out>
  </testcase>
  <testcase name="stackPageT3" classname="pageTestEvents.QueuePageEvents" time="0.642">
    <system-out><![CDATA[User is back to LinkedList page
User is back to Queue page
[INFO ] 2024-11-16 18:21:53.972 [TestNG-tests-4] ExtentReportListener - test is added in pool.
We are in Types of Linked List
[INFO ] 2024-11-16 18:21:54.336 [TestNG-tests-1] ExtentReportListener - test is added in pool.
extent report
]]></system-out>
  </testcase>
  <testcase name="stackPageT4" classname="pageTestEvents.QueuePageEvents" time="0.684">
    <system-out><![CDATA[User is back to Queue page
[INFO ] 2024-11-16 18:21:55.670 [TestNG-tests-1] ExtentReportListener - test is added in pool.
User is back to LinkedList page
extent report
]]></system-out>
  </testcase>
  <testcase name="treePage" classname="pageTestEvents.QueuePageEvents" time="0.101">
    <system-out><![CDATA[extent report
]]></system-out>
  </testcase>
  <testcase name="treePageT1" classname="pageTestEvents.QueuePageEvents" time="0.321">
    <system-out><![CDATA[[INFO ] 2024-11-16 18:21:58.205 [TestNG-tests-2] ExtentReportListener - test is added in pool.
Testing registration with Username: 123123412, Password: 123sA, Confirm Password: 123sa, ExpectedMsg: user name cannot be only numeric
[INFO ] 2024-11-16 18:21:58.445 [TestNG-tests-4] ExtentReportListener - test is added in pool.
[INFO ] 2024-11-16 18:21:58.451 [TestNG-tests-5] ExtentReportListener - test is added in pool.
[INFO ] 2024-11-16 18:21:58.468 [TestNG-tests-1] ExtentReportListener - test is added in pool.
User is back to Graph page
We are in Traversal
[INFO ] 2024-11-16 18:21:58.935 [TestNG-tests-3] ExtentReportListener - test is added in pool.
We are in Types of Binary Trees
extent report
]]></system-out>
  </testcase>
  <testcase name="treePageT2" classname="pageTestEvents.QueuePageEvents" time="0.317">
    <system-out><![CDATA[User is back to LinkedList page
[INFO ] 2024-11-16 18:22:00.002 [TestNG-tests-1] ExtentReportListener - test is added in pool.
User is back to Graph page
[INFO ] 2024-11-16 18:22:00.036 [TestNG-tests-4] ExtentReportListener - test is added in pool.
We are in Insertion
[INFO ] 2024-11-16 18:22:00.361 [TestNG-tests-3] ExtentReportListener - test is added in pool.
extent report
]]></system-out>
  </testcase>
  <testcase name="treePageT3" classname="pageTestEvents.QueuePageEvents" time="0.317">
    <system-out><![CDATA[[INFO ] 2024-11-16 18:22:01.408 [TestNG-tests-2] ExtentReportListener - test is added in pool.
Testing registration with Username: 123123412, Password: 123sA, Confirm Password: 123sa, ExpectedMsg: user name cannot be only numeric
User is back to Graph page
[INFO ] 2024-11-16 18:22:01.443 [TestNG-tests-4] ExtentReportListener - test is added in pool.
We are in Deletion
[INFO ] 2024-11-16 18:22:01.763 [TestNG-tests-3] ExtentReportListener - test is added in pool.
extent report
]]></system-out>
  </testcase>
  <testcase name="treePageT4" classname="pageTestEvents.QueuePageEvents" time="0.224">
    <system-out><![CDATA[User is back to LinkedList page
[INFO ] 2024-11-16 18:22:02.761 [TestNG-tests-1] ExtentReportListener - test is added in pool.
User is back to Graph page
[INFO ] 2024-11-16 18:22:03.073 [TestNG-tests-4] ExtentReportListener - test is added in pool.
[INFO ] 2024-11-16 18:22:03.283 [TestNG-tests-3] ExtentReportListener - test is added in pool.
We are in Introduction
extent report
]]></system-out>
  </testcase>
  <testcase name="tryHereTopic1" classname="pageTestEvents.QueuePageEvents" time="0.33">
    <system-out><![CDATA[We are in Creating Linked LIst
extent report
]]></system-out>
  </testcase>
  <testcase name="tryHereTopic2" classname="pageTestEvents.QueuePageEvents" time="0.101">
    <system-out><![CDATA[User is back to LinkedList page
We are in Implementation in Python
User is back to Graph page
[INFO ] 2024-11-16 18:22:06.065 [TestNG-tests-4] ExtentReportListener - test is added in pool.
[INFO ] 2024-11-16 18:22:06.351 [TestNG-tests-3] ExtentReportListener - test is added in pool.
We are in Types of Linked List
extent report
]]></system-out>
  </testcase>
  <testcase name="tryHereTopic3" classname="pageTestEvents.QueuePageEvents" time="0.162">
    <system-out><![CDATA[[INFO ] 2024-11-16 18:22:07.743 [TestNG-tests-2] ExtentReportListener - test is added in pool.
Testing registration with Username: 123123412, Password: 123sA, Confirm Password: 123sa, ExpectedMsg: user name cannot be only numeric
extent report
]]></system-out>
  </testcase>
  <testcase name="tryHereTopic4" classname="pageTestEvents.QueuePageEvents" time="0.539">
    <system-out><![CDATA[User is back to Queue page
User is back to LinkedList page
User is back to Graph page
[INFO ] 2024-11-16 18:22:08.707 [TestNG-tests-1] ExtentReportListener - test is added in pool.
[INFO ] 2024-11-16 18:22:08.809 [TestNG-tests-4] ExtentReportListener - test is added in pool.
[INFO ] 2024-11-16 18:22:08.837 [TestNG-tests-3] ExtentReportListener - test is added in pool.
We are in Traversal
extent report
]]></system-out>
  </testcase>
  <testcase name="validCodeT1[print&quot;Hello&quot;;, hello](1)" classname="pageTestEvents.QueuePageEvents" time="0.488">
    <system-out><![CDATA[extent report
]]></system-out>
  </testcase>
  <testcase name="validCodeT2[print&quot;Hello&quot;;, hello](1)" classname="pageTestEvents.QueuePageEvents" time="0.039">
    <system-out><![CDATA[User is back to LinkedList page
User is back to Graph page
true
2
1
2
[INFO ] 2024-11-16 18:22:23.193 [TestNG-tests-4] ExtentReportListener - test is added in pool.
[INFO ] 2024-11-16 18:22:23.277 [TestNG-tests-3] ExtentReportListener - test is added in pool.
extent report
]]></system-out>
  </testcase>
  <testcase name="validCodeT3[print&quot;Hello&quot;;, hello](1)" classname="pageTestEvents.QueuePageEvents" time="1.093">
    <system-out><![CDATA[User is back to Graph page
true
2
1
2
User is back to LinkedList page
extent report
]]></system-out>
  </testcase>
  <testcase name="validCodeT4[print&quot;Hello&quot;;, hello](1)" classname="pageTestEvents.QueuePageEvents" time="0.081">
    <system-out><![CDATA[User is back to Graph page
[INFO ] 2024-11-16 18:22:36.578 [TestNG-tests-4] ExtentReportListener - test is added in pool.
[INFO ] 2024-11-16 18:22:36.963 [TestNG-tests-3] ExtentReportListener - test is added in pool.
We are in Types of Linked List
extent report
]]></system-out>
  </testcase>
  <testcase name="invalidTopics[0, printhello](1)" classname="pageTestEvents.TreePageEvents" time="0.746">
    <system-out><![CDATA[[INFO ] 2024-11-16 18:21:22.832 [TestNG-tests-4] ExtentReportListener - test is added in pool.
We are in Implement Linked List in Python
User is back to Queue page
true
2
1
2
extent report
]]></system-out>
  </testcase>
  <testcase name="invalidTopics[1, printhello](2)" classname="pageTestEvents.TreePageEvents" time="0.502">
    <system-out><![CDATA[extent report
]]></system-out>
  </testcase>
  <testcase name="invalidTopics[2, printhello](3)" classname="pageTestEvents.TreePageEvents" time="0.347">
    <system-out><![CDATA[[INFO ] 2024-11-16 18:21:37.026 [TestNG-tests-3] ExtentReportListener - test is added in pool.
User is back to Queue page
extent report
]]></system-out>
  </testcase>
  <testcase name="invalidTopics[3, printhello](4)" classname="pageTestEvents.TreePageEvents" time="0.708">
    <system-out><![CDATA[User is back to Queue page
User is back to LinkedList page
extent report
]]></system-out>
  </testcase>
  <testcase name="invalidTopics[4, printhello](5)" classname="pageTestEvents.TreePageEvents" time="0.119">
    <system-out><![CDATA[User is back to Graph page
true
2
1
2
[INFO ] 2024-11-16 18:21:50.606 [TestNG-tests-1] ExtentReportListener - test is added in pool.
User is back to LinkedList page
[INFO ] 2024-11-16 18:21:50.822 [TestNG-tests-3] ExtentReportListener - test is added in pool.
extent report
]]></system-out>
  </testcase>
  <testcase name="invalidTopics[5, printhello](6)" classname="pageTestEvents.TreePageEvents" time="0.055">
    <system-out><![CDATA[[INFO ] 2024-11-16 18:21:57.672 [TestNG-tests-3] ExtentReportListener - test is added in pool.
extent report
]]></system-out>
  </testcase>
  <testcase name="invalidTopics[6, printhello](7)" classname="pageTestEvents.TreePageEvents" time="0.101">
    <system-out><![CDATA[[INFO ] 2024-11-16 18:22:04.552 [TestNG-tests-2] ExtentReportListener - test is added in pool.
Testing registration with Username: 123123412, Password: 123sA, Confirm Password: 123sa, ExpectedMsg: user name cannot be only numeric
extent report
]]></system-out>
  </testcase>
  <testcase name="invalidTopics[7, printhello](8)" classname="pageTestEvents.TreePageEvents" time="0.255">
    <system-out><![CDATA[[INFO ] 2024-11-16 18:22:11.164 [TestNG-tests-2] ExtentReportListener - test is added in pool.
invalid data
In SignIn pageUser is back to Graph page
User is back to LinkedList page
extent report
]]></system-out>
  </testcase>
  <testcase name="invalidTopics[8, printhello](9)" classname="pageTestEvents.TreePageEvents" time="0.065">
    <system-out><![CDATA[User is back to Graph page
User is back to LinkedList page
[INFO ] 2024-11-16 18:22:18.575 [TestNG-tests-3] ExtentReportListener - test is added in pool.
extent report
]]></system-out>
  </testcase>
  <testcase name="invalidTopics[9, printhello](10)" classname="pageTestEvents.TreePageEvents" time="0.443">
    <system-out><![CDATA[extent report
]]></system-out>
  </testcase>
  <testcase name="invalidTopics[10, printhello](11)" classname="pageTestEvents.TreePageEvents" time="0.93">
    <system-out><![CDATA[User is back to LinkedList page
extent report
]]></system-out>
  </testcase>
  <testcase name="invalidTopics[11, printhello](12)" classname="pageTestEvents.TreePageEvents" time="1.434">
    <system-out><![CDATA[User is back to LinkedList page
extent report
]]></system-out>
  </testcase>
  <testcase name="invalidTopics[12, printhello](13)" classname="pageTestEvents.TreePageEvents" time="1.475">
    <system-out><![CDATA[extent report
]]></system-out>
  </testcase>
  <testcase name="nocodeTopics[0, Overview of Trees](1)" classname="pageTestEvents.TreePageEvents" time="0.716">
    <system-out><![CDATA[extent report
]]></system-out>
  </testcase>
  <testcase name="nocodeTopics[1, Terminologies](2)" classname="pageTestEvents.TreePageEvents" time="0.743">
    <system-out><![CDATA[extent report
]]></system-out>
  </testcase>
  <testcase name="nocodeTopics[2, Types of Trees](3)" classname="pageTestEvents.TreePageEvents" time="0.748">
    <system-out><![CDATA[User is back to LinkedList page
User is back to Tree page
[INFO ] 2024-11-16 18:22:50.085 [TestNG-tests-4] ExtentReportListener - test is added in pool.
[INFO ] 2024-11-16 18:22:50.085 [TestNG-tests-5] ExtentReportListener - test is added in pool.
We are in Types of Trees
We are in Implement Linked List in Python
extent report
]]></system-out>
  </testcase>
  <testcase name="nocodeTopics[3, Tree Traversals](4)" classname="pageTestEvents.TreePageEvents" time="0.664">
    <system-out><![CDATA[User is back to Tree page
User is back to LinkedList page
[INFO ] 2024-11-16 18:22:51.558 [TestNG-tests-5] ExtentReportListener - test is added in pool.
[INFO ] 2024-11-16 18:22:51.633 [TestNG-tests-4] ExtentReportListener - test is added in pool.
We are in Tree Traversals
We are in Traversal
extent report
]]></system-out>
  </testcase>
  <testcase name="nocodeTopics[4, Traversals-Illustration](5)" classname="pageTestEvents.TreePageEvents" time="0.341">
    <system-out><![CDATA[User is back to Tree page
User is back to LinkedList page
[INFO ] 2024-11-16 18:22:52.968 [TestNG-tests-5] ExtentReportListener - test is added in pool.
We are in Traversals-Illustration
[INFO ] 2024-11-16 18:22:53.470 [TestNG-tests-4] ExtentReportListener - test is added in pool.
extent report
]]></system-out>
  </testcase>
  <testcase name="nocodeTopics[5, Binary Trees](6)" classname="pageTestEvents.TreePageEvents" time="0.007">
    <system-out><![CDATA[[INFO ] 2024-11-16 18:22:54.554 [TestNG-tests-5] ExtentReportListener - test is added in pool.
We are in Binary Trees
User is back to LinkedList page
[INFO ] 2024-11-16 18:22:55.452 [TestNG-tests-4] ExtentReportListener - test is added in pool.
extent report
]]></system-out>
  </testcase>
  <testcase name="nocodeTopics[6, Types of Binary Trees](7)" classname="pageTestEvents.TreePageEvents" time="0.564">
    <system-out><![CDATA[We are in Types of Binary Trees
User is back to LinkedList page
extent report
]]></system-out>
  </testcase>
  <testcase name="nocodeTopics[7, Implementation in Python](8)" classname="pageTestEvents.TreePageEvents" time="0.651">
    <system-out><![CDATA[extent report
]]></system-out>
  </testcase>
  <testcase name="nocodeTopics[8, Binary Tree Traversals](9)" classname="pageTestEvents.TreePageEvents" time="0.67">
    <system-out><![CDATA[User is back to LinkedList page
User is back to Tree page
[INFO ] 2024-11-16 18:22:58.489 [TestNG-tests-5] ExtentReportListener - test is added in pool.
[INFO ] 2024-11-16 18:22:58.502 [TestNG-tests-4] ExtentReportListener - test is added in pool.
We are in Binary Tree Traversals
We are in Creating Linked LIst
extent report
]]></system-out>
  </testcase>
  <testcase name="nocodeTopics[9, Implementation of Binary Trees](10)" classname="pageTestEvents.TreePageEvents" time="0.283">
    <system-out><![CDATA[[INFO ] 2024-11-16 18:22:59.684 [TestNG-tests-5] ExtentReportListener - test is added in pool.
User is back to LinkedList page
We are in Implementation of Binary Trees
[INFO ] 2024-11-16 18:23:00.035 [TestNG-tests-4] ExtentReportListener - test is added in pool.
We are in Types of Linked List
extent report
]]></system-out>
  </testcase>
  <testcase name="nocodeTopics[10, Applications of Binary trees](11)" classname="pageTestEvents.TreePageEvents" time="0.659">
    <system-out><![CDATA[We are in Applications of Binary trees
User is back to LinkedList page
extent report
]]></system-out>
  </testcase>
  <testcase name="nocodeTopics[11, Binary Search Trees](12)" classname="pageTestEvents.TreePageEvents" time="0.699">
    <system-out><![CDATA[extent report
]]></system-out>
  </testcase>
  <testcase name="nocodeTopics[12, Implementation Of BST](13)" classname="pageTestEvents.TreePageEvents" time="0.656">
    <system-out><![CDATA[User is back to LinkedList page
User is back to Tree page
[INFO ] 2024-11-16 18:23:03.533 [TestNG-tests-4] ExtentReportListener - test is added in pool.
[INFO ] 2024-11-16 18:23:03.682 [TestNG-tests-5] ExtentReportListener - test is added in pool.
We are in Traversal
We are in Implementation Of BST
extent report
]]></system-out>
  </testcase>
  <testcase name="topicsTree[0, Overview of Trees](1)" classname="pageTestEvents.TreePageEvents" time="0.248">
    <system-out><![CDATA[User is back to Tree page
User is back to LinkedList page
[INFO ] 2024-11-16 18:23:05.065 [TestNG-tests-5] ExtentReportListener - test is added in pool.
We are in Overview of Trees
extent report
]]></system-out>
  </testcase>
  <testcase name="topicsTree[1, Terminologies](2)" classname="pageTestEvents.TreePageEvents" time="0.252">
    <system-out><![CDATA[[INFO ] 2024-11-16 18:23:05.413 [TestNG-tests-4] ExtentReportListener - test is added in pool.
User is back to Tree page
We are in Insertion
[INFO ] 2024-11-16 18:23:05.917 [TestNG-tests-5] ExtentReportListener - test is added in pool.
We are in Terminologies
extent report
]]></system-out>
  </testcase>
  <testcase name="topicsTree[2, Types of Trees](3)" classname="pageTestEvents.TreePageEvents" time="0.237">
    <system-out><![CDATA[User is back to Tree page
User is back to LinkedList page
[INFO ] 2024-11-16 18:23:06.772 [TestNG-tests-5] ExtentReportListener - test is added in pool.
We are in Types of Trees
extent report
]]></system-out>
  </testcase>
  <testcase name="topicsTree[3, Tree Traversals](4)" classname="pageTestEvents.TreePageEvents" time="0.244">
    <system-out><![CDATA[[INFO ] 2024-11-16 18:23:07.093 [TestNG-tests-4] ExtentReportListener - test is added in pool.
User is back to Tree page
We are in Deletion
[INFO ] 2024-11-16 18:23:07.577 [TestNG-tests-5] ExtentReportListener - test is added in pool.
We are in Tree Traversals
extent report
]]></system-out>
  </testcase>
  <testcase name="topicsTree[4, Traversals-Illustration](5)" classname="pageTestEvents.TreePageEvents" time="0.327">
    <system-out><![CDATA[User is back to Tree page
[INFO ] 2024-11-16 18:23:08.500 [TestNG-tests-5] ExtentReportListener - test is added in pool.
User is back to LinkedList page
We are in Traversals-Illustration
extent report
]]></system-out>
  </testcase>
  <testcase name="topicsTree[5, Binary Trees](6)" classname="pageTestEvents.TreePageEvents" time="0.254">
    <system-out><![CDATA[User loggedout
In Teardown
User is back to Tree page
[INFO ] 2024-11-16 18:23:09.485 [TestNG-tests-5] ExtentReportListener - test is added in pool.
We are in Binary Trees
extent report
]]></system-out>
  </testcase>
  <testcase name="topicsTree[6, Types of Binary Trees](7)" classname="pageTestEvents.TreePageEvents" time="0.229">
    <system-out><![CDATA[User is back to Tree page
[INFO ] 2024-11-16 18:23:10.286 [TestNG-tests-5] ExtentReportListener - test is added in pool.
We are in Types of Binary Trees
extent report
]]></system-out>
  </testcase>
  <testcase name="topicsTree[7, Implementation in Python](8)" classname="pageTestEvents.TreePageEvents" time="0.241">
    <system-out><![CDATA[User is back to Tree page
[INFO ] 2024-11-16 18:23:11.037 [TestNG-tests-5] ExtentReportListener - test is added in pool.
We are in Implementation in Python
extent report
]]></system-out>
  </testcase>
  <testcase name="topicsTree[8, Binary Tree Traversals](9)" classname="pageTestEvents.TreePageEvents" time="0.244">
    <system-out><![CDATA[User is back to Tree page
[INFO ] 2024-11-16 18:23:11.773 [TestNG-tests-5] ExtentReportListener - test is added in pool.
We are in Binary Tree Traversals
extent report
]]></system-out>
  </testcase>
  <testcase name="topicsTree[9, Implementation of Binary Trees](10)" classname="pageTestEvents.TreePageEvents" time="0.258">
    <system-out><![CDATA[User is back to Tree page
[INFO ] 2024-11-16 18:23:12.540 [TestNG-tests-5] ExtentReportListener - test is added in pool.
We are in Implementation of Binary Trees
extent report
]]></system-out>
  </testcase>
  <testcase name="topicsTree[10, Applications of Binary trees](11)" classname="pageTestEvents.TreePageEvents" time="0.265">
    <system-out><![CDATA[User is back to Tree page
[INFO ] 2024-11-16 18:23:13.243 [TestNG-tests-5] ExtentReportListener - test is added in pool.
We are in Applications of Binary trees
extent report
]]></system-out>
  </testcase>
  <testcase name="topicsTree[11, Binary Search Trees](12)" classname="pageTestEvents.TreePageEvents" time="0.268">
    <system-out><![CDATA[User is back to Tree page
[INFO ] 2024-11-16 18:23:13.967 [TestNG-tests-5] ExtentReportListener - test is added in pool.
We are in Binary Search Trees
extent report
]]></system-out>
  </testcase>
  <testcase name="topicsTree[12, Implementation Of BST](13)" classname="pageTestEvents.TreePageEvents" time="0.23">
    <system-out><![CDATA[User is back to Tree page
[INFO ] 2024-11-16 18:23:14.720 [TestNG-tests-5] ExtentReportListener - test is added in pool.
We are in Implementation Of BST
extent report
]]></system-out>
  </testcase>
  <testcase name="tryHereTopics[0, Overview of Trees](1)" classname="pageTestEvents.TreePageEvents" time="0.572">
    <system-out><![CDATA[User is back to Tree page
[INFO ] 2024-11-16 18:23:15.443 [TestNG-tests-5] ExtentReportListener - test is added in pool.
We are in Overview of Trees
extent report
]]></system-out>
  </testcase>
  <testcase name="tryHereTopics[1, Terminologies](2)" classname="pageTestEvents.TreePageEvents" time="0.525">
    <system-out><![CDATA[User is back to Tree page
[INFO ] 2024-11-16 18:23:16.568 [TestNG-tests-5] ExtentReportListener - test is added in pool.
We are in Terminologies
extent report
]]></system-out>
  </testcase>
  <testcase name="tryHereTopics[2, Types of Trees](3)" classname="pageTestEvents.TreePageEvents" time="0.546">
    <system-out><![CDATA[User is back to Tree page
[INFO ] 2024-11-16 18:23:17.578 [TestNG-tests-5] ExtentReportListener - test is added in pool.
We are in Types of Trees
extent report
]]></system-out>
  </testcase>
  <testcase name="tryHereTopics[3, Tree Traversals](4)" classname="pageTestEvents.TreePageEvents" time="0.535">
    <system-out><![CDATA[User is back to Tree page
[INFO ] 2024-11-16 18:23:18.759 [TestNG-tests-5] ExtentReportListener - test is added in pool.
We are in Tree Traversals
extent report
]]></system-out>
  </testcase>
  <testcase name="tryHereTopics[4, Traversals-Illustration](5)" classname="pageTestEvents.TreePageEvents" time="0.602">
    <system-out><![CDATA[User is back to Tree page
[INFO ] 2024-11-16 18:23:19.789 [TestNG-tests-5] ExtentReportListener - test is added in pool.
We are in Traversals-Illustration
extent report
]]></system-out>
  </testcase>
  <testcase name="tryHereTopics[5, Binary Trees](6)" classname="pageTestEvents.TreePageEvents" time="0.557">
    <system-out><![CDATA[User is back to Tree page
[INFO ] 2024-11-16 18:23:20.892 [TestNG-tests-5] ExtentReportListener - test is added in pool.
We are in Binary Trees
extent report
]]></system-out>
  </testcase>
  <testcase name="tryHereTopics[6, Types of Binary Trees](7)" classname="pageTestEvents.TreePageEvents" time="0.544">
    <system-out><![CDATA[User is back to Tree page
[INFO ] 2024-11-16 18:23:21.979 [TestNG-tests-5] ExtentReportListener - test is added in pool.
We are in Types of Binary Trees
extent report
]]></system-out>
  </testcase>
  <testcase name="tryHereTopics[7, Implementation in Python](8)" classname="pageTestEvents.TreePageEvents" time="0.566">
    <system-out><![CDATA[User is back to Tree page
[INFO ] 2024-11-16 18:23:23.015 [TestNG-tests-5] ExtentReportListener - test is added in pool.
We are in Implementation in Python
extent report
]]></system-out>
  </testcase>
  <testcase name="tryHereTopics[8, Binary Tree Traversals](9)" classname="pageTestEvents.TreePageEvents" time="0.524">
    <system-out><![CDATA[User is back to Tree page
[INFO ] 2024-11-16 18:23:24.184 [TestNG-tests-5] ExtentReportListener - test is added in pool.
We are in Binary Tree Traversals
extent report
]]></system-out>
  </testcase>
  <testcase name="tryHereTopics[9, Implementation of Binary Trees](10)" classname="pageTestEvents.TreePageEvents" time="0.572">
    <system-out><![CDATA[User is back to Tree page
[INFO ] 2024-11-16 18:23:25.266 [TestNG-tests-5] ExtentReportListener - test is added in pool.
We are in Implementation of Binary Trees
extent report
]]></system-out>
  </testcase>
  <testcase name="tryHereTopics[10, Applications of Binary trees](11)" classname="pageTestEvents.TreePageEvents" time="0.49">
    <system-out><![CDATA[User is back to Tree page
[INFO ] 2024-11-16 18:23:26.376 [TestNG-tests-5] ExtentReportListener - test is added in pool.
We are in Applications of Binary trees
extent report
]]></system-out>
  </testcase>
  <testcase name="tryHereTopics[11, Binary Search Trees](12)" classname="pageTestEvents.TreePageEvents" time="0.597">
    <system-out><![CDATA[User is back to Tree page
[INFO ] 2024-11-16 18:23:27.386 [TestNG-tests-5] ExtentReportListener - test is added in pool.
We are in Binary Search Trees
extent report
]]></system-out>
  </testcase>
  <testcase name="tryHereTopics[12, Implementation Of BST](13)" classname="pageTestEvents.TreePageEvents" time="0.664">
    <system-out><![CDATA[User is back to Tree page
[INFO ] 2024-11-16 18:23:28.588 [TestNG-tests-5] ExtentReportListener - test is added in pool.
We are in Implementation Of BST
extent report
]]></system-out>
  </testcase>
  <testcase name="validcodeTopics[0, print&apos;Hello&apos;](1)" classname="pageTestEvents.TreePageEvents" time="0.916">
    <system-out><![CDATA[User is back to Tree page
[INFO ] 2024-11-16 18:23:29.891 [TestNG-tests-5] ExtentReportListener - test is added in pool.
We are in Overview of Trees
extent report
]]></system-out>
  </testcase>
  <testcase name="validcodeTopics[1, print&apos;Hello&apos;](2)" classname="pageTestEvents.TreePageEvents" time="0.853">
    <system-out><![CDATA[User is back to Tree page
[INFO ] 2024-11-16 18:23:31.442 [TestNG-tests-5] ExtentReportListener - test is added in pool.
We are in Terminologies
extent report
]]></system-out>
  </testcase>
  <testcase name="validcodeTopics[2, print&apos;Hello&apos;](3)" classname="pageTestEvents.TreePageEvents" time="0.789">
    <system-out><![CDATA[User is back to Tree page
[INFO ] 2024-11-16 18:23:32.968 [TestNG-tests-5] ExtentReportListener - test is added in pool.
We are in Types of Trees
extent report
]]></system-out>
  </testcase>
  <testcase name="validcodeTopics[3, print&apos;Hello&apos;](4)" classname="pageTestEvents.TreePageEvents" time="0.746">
    <system-out><![CDATA[User is back to Tree page
[INFO ] 2024-11-16 18:23:34.252 [TestNG-tests-5] ExtentReportListener - test is added in pool.
We are in Tree Traversals
extent report
]]></system-out>
  </testcase>
  <testcase name="validcodeTopics[4, print&apos;Hello&apos;](5)" classname="pageTestEvents.TreePageEvents" time="0.811">
    <system-out><![CDATA[User is back to Tree page
[INFO ] 2024-11-16 18:23:35.426 [TestNG-tests-5] ExtentReportListener - test is added in pool.
We are in Traversals-Illustration
extent report
]]></system-out>
  </testcase>
  <testcase name="validcodeTopics[5, print&apos;Hello&apos;](6)" classname="pageTestEvents.TreePageEvents" time="0.77">
    <system-out><![CDATA[User is back to Tree page
[INFO ] 2024-11-16 18:23:36.935 [TestNG-tests-5] ExtentReportListener - test is added in pool.
We are in Binary Trees
extent report
]]></system-out>
  </testcase>
  <testcase name="validcodeTopics[6, print&apos;Hello&apos;](7)" classname="pageTestEvents.TreePageEvents" time="0.912">
    <system-out><![CDATA[User is back to Tree page
[INFO ] 2024-11-16 18:23:38.218 [TestNG-tests-5] ExtentReportListener - test is added in pool.
We are in Types of Binary Trees
extent report
]]></system-out>
  </testcase>
  <testcase name="validcodeTopics[7, print&apos;Hello&apos;](8)" classname="pageTestEvents.TreePageEvents" time="0.785">
    <system-out><![CDATA[User is back to Tree page
[INFO ] 2024-11-16 18:23:39.848 [TestNG-tests-5] ExtentReportListener - test is added in pool.
We are in Implementation in Python
extent report
]]></system-out>
  </testcase>
  <testcase name="validcodeTopics[8, print&apos;Hello&apos;](9)" classname="pageTestEvents.TreePageEvents" time="0.876">
    <system-out><![CDATA[User is back to Tree page
[INFO ] 2024-11-16 18:23:41.128 [TestNG-tests-5] ExtentReportListener - test is added in pool.
We are in Binary Tree Traversals
extent report
]]></system-out>
  </testcase>
  <testcase name="validcodeTopics[9, print&apos;Hello&apos;](10)" classname="pageTestEvents.TreePageEvents" time="0.875">
    <system-out><![CDATA[User is back to Tree page
[INFO ] 2024-11-16 18:23:42.682 [TestNG-tests-5] ExtentReportListener - test is added in pool.
We are in Implementation of Binary Trees
extent report
]]></system-out>
  </testcase>
  <testcase name="validcodeTopics[10, print&apos;Hello&apos;](11)" classname="pageTestEvents.TreePageEvents" time="0.879">
    <system-out><![CDATA[User is back to Tree page
[INFO ] 2024-11-16 18:23:44.147 [TestNG-tests-5] ExtentReportListener - test is added in pool.
We are in Applications of Binary trees
extent report
]]></system-out>
  </testcase>
  <testcase name="validcodeTopics[11, print&apos;Hello&apos;](12)" classname="pageTestEvents.TreePageEvents" time="1.776">
    <system-out><![CDATA[User is back to Tree page
[INFO ] 2024-11-16 18:23:45.804 [TestNG-tests-5] ExtentReportListener - test is added in pool.
We are in Binary Search Trees
extent report
]]></system-out>
  </testcase>
  <testcase name="validcodeTopics[12, print&apos;Hello&apos;](13)" classname="pageTestEvents.TreePageEvents" time="0.783">
    <system-out><![CDATA[User is back to Tree page
[INFO ] 2024-11-16 18:23:48.188 [TestNG-tests-5] ExtentReportListener - test is added in pool.
We are in Implementation Of BST
extent report
]]></system-out>
  </testcase>
  <testcase name="arrayPage" classname="pageTestEvents.GraphPageEvents" time="0.363">
    <system-out><![CDATA[[INFO ] 2024-11-16 18:21:35.960 [TestNG-tests-3] ExtentReportListener - test is added in pool.
[INFO ] 2024-11-16 18:21:35.960 [TestNG-tests-2] ExtentReportListener - test is added in pool.
Testing registration with Username: Scrutinizers, Password: 123sA, Confirm Password: 123sa, ExpectedMsg: password length doesnot meet
[INFO ] 2024-11-16 18:21:36.092 [TestNG-tests-1] ExtentReportListener - test is added in pool.
extent report
]]></system-out>
  </testcase>
  <testcase name="arrayPageT1" classname="pageTestEvents.GraphPageEvents" time="0.103">
    <system-out><![CDATA[[INFO ] 2024-11-16 18:21:37.571 [TestNG-tests-1] ExtentReportListener - test is added in pool.
extent report
]]></system-out>
  </testcase>
  <testcase name="arrayPageT2" classname="pageTestEvents.GraphPageEvents" time="0.003">
    <system-out><![CDATA[We are in Tree Traversals
User is back to Queue page
extent report
[INFO ] 2024-11-16 18:21:39.122 [TestNG-tests-1] ExtentReportListener - test is added in pool.
]]></system-out>
  </testcase>
  <testcase name="graphDdropDown" classname="pageTestEvents.GraphPageEvents" time="0.297">
    <system-out><![CDATA[extent report
]]></system-out>
  </testcase>
  <testcase name="graphDdropDownT1" classname="pageTestEvents.GraphPageEvents" time="0.663">
    <system-out><![CDATA[extent report
]]></system-out>
  </testcase>
  <testcase name="graphDdropDownT2" classname="pageTestEvents.GraphPageEvents" time="0.241">
    <system-out><![CDATA[extent report
]]></system-out>
  </testcase>
  <testcase name="invalidCodeGraph[print&quot;Hello&quot;;, hello](1)" classname="pageTestEvents.GraphPageEvents" time="0.368">
    <system-out><![CDATA[We are in Deletion
extent report
]]></system-out>
  </testcase>
  <testcase name="invalidCodeGraphRep[print&quot;Hello&quot;;, hello](1)" classname="pageTestEvents.GraphPageEvents" time="0.385">
    <system-out><![CDATA[[INFO ] 2024-11-16 18:21:56.500 [TestNG-tests-4] ExtentReportListener - test is added in pool.
User is back to Queue page
extent report
]]></system-out>
  </testcase>
  <testcase name="linkedListPage" classname="pageTestEvents.GraphPageEvents" time="0.476">
    <system-out><![CDATA[User is back to LinkedList page
User is back to Queue page
User is back to Tree page
extent report
]]></system-out>
  </testcase>
  <testcase name="linkedListPageT1" classname="pageTestEvents.GraphPageEvents" time="0.72">
    <system-out><![CDATA[User is back to Queue page
extent report
]]></system-out>
  </testcase>
  <testcase name="linkedListPageT2" classname="pageTestEvents.GraphPageEvents" time="0.701">
    <system-out><![CDATA[User is back to Queue page
extent report
]]></system-out>
  </testcase>
  <testcase name="nocodeGraph" classname="pageTestEvents.GraphPageEvents" time="0.764">
    <system-out><![CDATA[User is back to Queue page
extent report
]]></system-out>
  </testcase>
  <testcase name="nocodeGraphRepresentation" classname="pageTestEvents.GraphPageEvents" time="0.801">
    <system-out><![CDATA[User is back to Queue page
extent report
]]></system-out>
  </testcase>
  <testcase name="practiceQueT1" classname="pageTestEvents.GraphPageEvents" time="0.012">
    <failure message="expected [true] but found [false]" type="java.lang.AssertionError"><![CDATA[java.lang.AssertionError: expected [true] but found [false]
	at org.testng.Assert.fail(Assert.java:111)
	at org.testng.Assert.failNotEquals(Assert.java:1578)
	at org.testng.Assert.assertTrue(Assert.java:57)
	at org.testng.Assert.assertTrue(Assert.java:67)
	at pageTestEvents.GraphPageEvents.practiceQueT1(GraphPageEvents.java:165)
	at java.base/jdk.internal.reflect.DirectMethodHandleAccessor.invoke(DirectMethodHandleAccessor.java:104)
	at java.base/java.lang.reflect.Method.invoke(Method.java:578)
	at org.testng.internal.invokers.MethodInvocationHelper.invokeMethod(MethodInvocationHelper.java:141)
	at org.testng.internal.invokers.TestInvoker.invokeMethod(TestInvoker.java:686)
	at org.testng.internal.invokers.TestInvoker.invokeTestMethod(TestInvoker.java:230)
	at org.testng.internal.invokers.MethodRunner.runInSequence(MethodRunner.java:63)
	at org.testng.internal.invokers.TestInvoker$MethodInvocationAgent.invoke(TestInvoker.java:992)
	at org.testng.internal.invokers.TestInvoker.invokeTestMethods(TestInvoker.java:203)
	at org.testng.internal.invokers.TestMethodWorker.invokeTestMethods(TestMethodWorker.java:154)
	at org.testng.internal.invokers.TestMethodWorker.run(TestMethodWorker.java:134)
	at java.base/java.util.ArrayList.forEach(ArrayList.java:1511)
	at org.testng.TestRunner.privateRun(TestRunner.java:739)
	at org.testng.TestRunner.run(TestRunner.java:614)
	at org.testng.SuiteRunner.runTest(SuiteRunner.java:421)
	at org.testng.SuiteRunner$SuiteWorker.run(SuiteRunner.java:463)
	at org.testng.internal.thread.ThreadUtil.lambda$execute$0(ThreadUtil.java:64)
	at java.base/java.util.concurrent.FutureTask.run(FutureTask.java:317)
	at java.base/java.util.concurrent.ThreadPoolExecutor.runWorker(ThreadPoolExecutor.java:1144)
	at java.base/java.util.concurrent.ThreadPoolExecutor$Worker.run(ThreadPoolExecutor.java:642)
	at java.base/java.lang.Thread.run(Thread.java:1589)
]]></failure>
    <system-out><![CDATA[[INFO ] 2024-11-16 18:22:05.380 [TestNG-tests-5] ExtentReportListener - test is added in pool.
[INFO ] 2024-11-16 18:22:05.577 [TestNG-tests-1] ExtentReportListener - test is added in pool.
false
]]></system-out>
  </testcase>
  <testcase name="practiceQueT2" classname="pageTestEvents.GraphPageEvents" time="0.583">
    <failure message="expected [true] but found [false]" type="java.lang.AssertionError"><![CDATA[java.lang.AssertionError: expected [true] but found [false]
	at org.testng.Assert.fail(Assert.java:111)
	at org.testng.Assert.failNotEquals(Assert.java:1578)
	at org.testng.Assert.assertTrue(Assert.java:57)
	at org.testng.Assert.assertTrue(Assert.java:67)
	at pageTestEvents.GraphPageEvents.practiceQueT2(GraphPageEvents.java:176)
	at java.base/jdk.internal.reflect.DirectMethodHandleAccessor.invoke(DirectMethodHandleAccessor.java:104)
	at java.base/java.lang.reflect.Method.invoke(Method.java:578)
	at org.testng.internal.invokers.MethodInvocationHelper.invokeMethod(MethodInvocationHelper.java:141)
	at org.testng.internal.invokers.TestInvoker.invokeMethod(TestInvoker.java:686)
	at org.testng.internal.invokers.TestInvoker.invokeTestMethod(TestInvoker.java:230)
	at org.testng.internal.invokers.MethodRunner.runInSequence(MethodRunner.java:63)
	at org.testng.internal.invokers.TestInvoker$MethodInvocationAgent.invoke(TestInvoker.java:992)
	at org.testng.internal.invokers.TestInvoker.invokeTestMethods(TestInvoker.java:203)
	at org.testng.internal.invokers.TestMethodWorker.invokeTestMethods(TestMethodWorker.java:154)
	at org.testng.internal.invokers.TestMethodWorker.run(TestMethodWorker.java:134)
	at java.base/java.util.ArrayList.forEach(ArrayList.java:1511)
	at org.testng.TestRunner.privateRun(TestRunner.java:739)
	at org.testng.TestRunner.run(TestRunner.java:614)
	at org.testng.SuiteRunner.runTest(SuiteRunner.java:421)
	at org.testng.SuiteRunner$SuiteWorker.run(SuiteRunner.java:463)
	at org.testng.internal.thread.ThreadUtil.lambda$execute$0(ThreadUtil.java:64)
	at java.base/java.util.concurrent.FutureTask.run(FutureTask.java:317)
	at java.base/java.util.concurrent.ThreadPoolExecutor.runWorker(ThreadPoolExecutor.java:1144)
	at java.base/java.util.concurrent.ThreadPoolExecutor$Worker.run(ThreadPoolExecutor.java:642)
	at java.base/java.lang.Thread.run(Thread.java:1589)
]]></failure>
    <system-out><![CDATA[User is back to Queue page
false
]]></system-out>
  </testcase>
  <testcase name="queuePage" classname="pageTestEvents.GraphPageEvents" time="0.294">
    <system-out><![CDATA[extent report
extent report
]]></system-out>
  </testcase>
  <testcase name="queuePageT1" classname="pageTestEvents.GraphPageEvents" time="0.621">
    <system-out><![CDATA[extent report
]]></system-out>
  </testcase>
  <testcase name="queuePageT2" classname="pageTestEvents.GraphPageEvents" time="0.59">
    <system-out><![CDATA[User is back to Queue page
true
2
1
2
User is back to Graph page
User is back to LinkedList page
[INFO ] 2024-11-16 18:22:10.172 [TestNG-tests-3] ExtentReportListener - test is added in pool.
[INFO ] 2024-11-16 18:22:10.231 [TestNG-tests-4] ExtentReportListener - test is added in pool.
[INFO ] 2024-11-16 18:22:10.247 [TestNG-tests-1] ExtentReportListener - test is added in pool.
We are in Insertion
extent report
]]></system-out>
  </testcase>
  <testcase name="stackPage" classname="pageTestEvents.GraphPageEvents" time="0.251">
    <system-out><![CDATA[[INFO ] 2024-11-16 18:22:11.734 [TestNG-tests-2] ExtentReportListener - test is added in pool.
invalid data
In SignIn pageUser is back to Tree page
We are in Deletion
extent report
]]></system-out>
  </testcase>
  <testcase name="stackPageT1" classname="pageTestEvents.GraphPageEvents" time="0.056">
    <system-out><![CDATA[[INFO ] 2024-11-16 18:22:13.275 [TestNG-tests-2] ExtentReportListener - test is added in pool.
invalid data
In SignIn pageextent report
]]></system-out>
  </testcase>
  <testcase name="stackPageT2" classname="pageTestEvents.GraphPageEvents" time="0.438">
    <system-out><![CDATA[[INFO ] 2024-11-16 18:22:14.112 [TestNG-tests-2] ExtentReportListener - test is added in pool.
valid data
In SignIn page[INFO ] 2024-11-16 18:22:14.114 [TestNG-tests-3] ExtentReportListener - test is added in pool.
[INFO ] 2024-11-16 18:22:14.335 [TestNG-tests-4] ExtentReportListener - test is added in pool.
We are in Creating Linked LIst
extent report
]]></system-out>
  </testcase>
  <testcase name="treePage" classname="pageTestEvents.GraphPageEvents" time="0.387">
    <system-out><![CDATA[User is back to Graph page
User is back to LinkedList page
[INFO ] 2024-11-16 18:22:15.728 [TestNG-tests-3] ExtentReportListener - test is added in pool.
[INFO ] 2024-11-16 18:22:15.930 [TestNG-tests-4] ExtentReportListener - test is added in pool.
We are in Types of Linked List
extent report
]]></system-out>
  </testcase>
  <testcase name="treePageT1" classname="pageTestEvents.GraphPageEvents" time="0.495">
    <system-out><![CDATA[User is back to Graph page
User is back to Queue page
true
2
1
2
User is back to LinkedList page
[INFO ] 2024-11-16 18:22:17.044 [TestNG-tests-3] ExtentReportListener - test is added in pool.
[INFO ] 2024-11-16 18:22:17.268 [TestNG-tests-1] ExtentReportListener - test is added in pool.
[INFO ] 2024-11-16 18:22:17.325 [TestNG-tests-4] ExtentReportListener - test is added in pool.
We are in Implement Linked List in Python
extent report
]]></system-out>
  </testcase>
  <testcase name="treePageT2" classname="pageTestEvents.GraphPageEvents" time="0.58">
    <system-out><![CDATA[[INFO ] 2024-11-16 18:22:18.821 [TestNG-tests-4] ExtentReportListener - test is added in pool.
User is back to Tree page
We are in Traversal
extent report
]]></system-out>
  </testcase>
  <testcase name="tryHereGraph" classname="pageTestEvents.GraphPageEvents" time="0.708">
    <system-out><![CDATA[extent report
]]></system-out>
  </testcase>
  <testcase name="tryHereGraphRepresentation" classname="pageTestEvents.GraphPageEvents" time="0.698">
    <system-out><![CDATA[extent report
]]></system-out>
  </testcase>
  <testcase name="validCodeGraph[print&quot;Hello&quot;;, hello](1)" classname="pageTestEvents.GraphPageEvents" time="0.367">
    <system-out><![CDATA[User is back to LinkedList page
[INFO ] 2024-11-16 18:22:28.875 [TestNG-tests-4] ExtentReportListener - test is added in pool.
extent report
]]></system-out>
  </testcase>
  <testcase name="validCodeGraphRep[print&quot;Hello&quot;;, hello](1)" classname="pageTestEvents.GraphPageEvents" time="1.335">
    <system-out><![CDATA[User is back to LinkedList page
extent report
]]></system-out>
  </testcase>
  <testcase name="graphTopic" classname="pageTestEvents.GraphPageEvents" time="0.224">
    <system-out><![CDATA[Graph
extent report
]]></system-out>
  </testcase>
  <testcase name="graphRepresentationTopic" classname="pageTestEvents.GraphPageEvents" time="0.236">
    <system-out><![CDATA[User is back to Queue page
User is back to Graph page
User loggedout
In Teardown
User is back to LinkedList page
[INFO ] 2024-11-16 18:22:37.857 [TestNG-tests-3] ExtentReportListener - test is added in pool.
Graph Representations
extent report
]]></system-out>
  </testcase>
  <testcase name="testPageTitle" classname="pageTestEvents.SignInPageEvents" time="0.021">
    <system-out><![CDATA[@BeforeClass
[INFO ] 2024-11-16 18:22:11.088 [TestNG-tests-2] ExtentReportListener - test is added in pool.
chk SignIn PageTitle: Login and checked with : Login
extent report
]]></system-out>
  </testcase>
  <testcase name="testSignInInvalidData[Numpysdet175, user, Invalid Username and Password](1)" classname="pageTestEvents.SignInPageEvents" time="0.173">
    <system-out><![CDATA[[INFO ] 2024-11-16 18:22:11.537 [TestNG-tests-4] ExtentReportListener - test is added in pool.
[INFO ] 2024-11-16 18:22:11.560 [TestNG-tests-3] ExtentReportListener - test is added in pool.
Landed on Main pageExpected message Invalid Username and Password
extent report
]]></system-out>
  </testcase>
  <testcase name="testSignInInvalidData[username, sdet175batch, Invalid Username and Password](2)" classname="pageTestEvents.SignInPageEvents" time="0.15">
    <system-out><![CDATA[Expected message Invalid Username and Password
extent report
]]></system-out>
  </testcase>
  <testcase name="testSignInInvalidData[Numpysdet175, sdet175batch, Invalid Username and Password](3)" classname="pageTestEvents.SignInPageEvents" time="0.004">
    <system-out><![CDATA[[INFO ] 2024-11-16 18:22:12.250 [TestNG-tests-2] ExtentReportListener - test is added in pool.
invalid data
In SignIn pageUser is back to Graph page
We are in Binary Tree Traversals
User is back to LinkedList page
Landed on Main page[INFO ] 2024-11-16 18:22:12.745 [TestNG-tests-3] ExtentReportListener - test is added in pool.
Expected message Invalid Username and Password
extent report
]]></system-out>
  </testcase>
  <testcase name="testSignInInvalidData[!!!@@##$$, !!!@@##$$$$$, Invalid Username and Password](4)" classname="pageTestEvents.SignInPageEvents" time="0.376">
    <system-out><![CDATA[[INFO ] 2024-11-16 18:22:12.750 [TestNG-tests-2] ExtentReportListener - test is added in pool.
invalid data
In SignIn page[INFO ] 2024-11-16 18:22:12.896 [TestNG-tests-4] ExtentReportListener - test is added in pool.
We are in Introduction
Landed on Main pageExpected message Invalid Username and Password
extent report
]]></system-out>
  </testcase>
  <testcase name="testSignInInvalidData[, , Please fill out this field.](5)" classname="pageTestEvents.SignInPageEvents" time="0.215">
    <system-out><![CDATA[Landed on Main pageextent report
]]></system-out>
  </testcase>
  <testcase name="testSignInInvalidData[, qwer123, Please fill out this field.](6)" classname="pageTestEvents.SignInPageEvents" time="0.206">
    <system-out><![CDATA[Landed on Main pageextent report
]]></system-out>
  </testcase>
  <testcase name="testSignInInvalidData[Numpysdet175, , Please fill out this field.](7)" classname="pageTestEvents.SignInPageEvents" time="0.351">
    <system-out><![CDATA[[INFO ] 2024-11-16 18:22:13.694 [TestNG-tests-2] ExtentReportListener - test is added in pool.
invalid data
In SignIn pageUser is back to Graph page
User is back to LinkedList page
Landed on Main pageextent report
]]></system-out>
  </testcase>
  <testcase name="testSignInData[Scrutinizers, Numpysdet176, You are logged in](1)" classname="pageTestEvents.SignInPageEvents" time="0.472">
    <system-out><![CDATA[Landed on Main pageextent report
]]></system-out>
  </testcase>
</testsuite>