<?xml version="1.0" encoding="UTF-8"?>
<!-- Generated by org.testng.reporters.JUnitXMLReporter -->
<testsuite ignored="4" hostname="Anvi" failures="0" tests="20" name="Test Parallel Chrome" time="2.276" errors="0" timestamp="2024-11-15T13:00:52 CST">
  <testcase classname="base.BaseTest" name="@BeforeTest setUP" time="1.816">
    <failure type="java.lang.NullPointerException" message="Cannot invoke &amp;quot;java.util.Properties.getProperty(String)&amp;quot; because &amp;quot;utilities.TestDataLoader.prop&amp;quot; is null">
      <![CDATA[java.lang.NullPointerException: Cannot invoke "java.util.Properties.getProperty(String)" because "utilities.TestDataLoader.prop" is null
at utilities.TestDataLoader.getPropertyValue(TestDataLoader.java:61)
at utilities.TestDataLoader.getAppUrl(TestDataLoader.java:67)
at base.BaseTest.setUP(BaseTest.java:33)
at java.base/java.util.concurrent.FutureTask.run(FutureTask.java:317)
at java.base/java.util.concurrent.ThreadPoolExecutor.runWorker(ThreadPoolExecutor.java:1144)
at java.base/java.util.concurrent.ThreadPoolExecutor$Worker.run(ThreadPoolExecutor.java:642)
at java.base/java.lang.Thread.run(Thread.java:1589)
... Removed 12 stack frames]]>
    </failure>
  </testcase> <!-- @BeforeTest setUP -->
  <testcase classname="pageTestEvents.LandingPageEvents" name="@BeforeClass openLandingPage" time="0.0">
    <skipped/>
  </testcase> <!-- @BeforeClass openLandingPage -->
  <testcase classname="pageTestEvents.LandingPageEvents" name="@AfterClass checknav_dsportal" time="0.0">
    <skipped/>
  </testcase> <!-- @AfterClass checknav_dsportal -->
  <testcase classname="pageTestEvents.DashBoardPageEvents" name="@BeforeClass dsportalDashBoardWithoutSignIn" time="0.0">
    <skipped/>
  </testcase> <!-- @BeforeClass dsportalDashBoardWithoutSignIn -->
  <testcase classname="pageTestEvents.DashBoardPageEvents" name="@AfterClass Logout" time="0.0">
    <skipped/>
  </testcase> <!-- @AfterClass Logout -->
  <testcase classname="base.BaseTest" name="@AfterTest tearDown" time="0.0">
    <skipped/>
  </testcase> <!-- @AfterTest tearDown -->
  <testcase classname="pageTestEvents.LandingPageEvents" name="testHomePageTitle" time="0.0">
    <skipped/>
  </testcase> <!-- testHomePageTitle -->
  <testcase classname="pageTestEvents.LandingPageEvents" name="getStartedBtn" time="0.0">
    <skipped/>
  </testcase> <!-- getStartedBtn -->
  <testcase classname="pageTestEvents.DashBoardPageEvents" name="chkPageTitle" time="0.0">
    <skipped/>
  </testcase> <!-- chkPageTitle -->
  <testcase classname="pageTestEvents.DashBoardPageEvents" name="validateDsAlgoDropdownItems" time="0.0">
    <skipped/>
  </testcase> <!-- validateDsAlgoDropdownItems -->
  <testcase classname="pageTestEvents.DashBoardPageEvents" name="validateDsAlgoButtons" time="0.0">
    <skipped/>
  </testcase> <!-- validateDsAlgoButtons -->
  <testcase classname="pageTestEvents.DashBoardPageEvents" name="validateRegister" time="0.0">
    <skipped/>
  </testcase> <!-- validateRegister -->
  <testcase classname="pageTestEvents.DashBoardPageEvents" name="testDSwithoutSignIn" time="0.0">
    <skipped/>
  </testcase> <!-- testDSwithoutSignIn -->
  <testcase classname="pageTestEvents.DashBoardPageEvents" name="testDSwithoutSignIn" time="0.0">
    <skipped/>
  </testcase> <!-- testDSwithoutSignIn -->
  <testcase classname="pageTestEvents.DashBoardPageEvents" name="testDSwithoutSignIn" time="0.0">
    <skipped/>
  </testcase> <!-- testDSwithoutSignIn -->
  <testcase classname="pageTestEvents.DashBoardPageEvents" name="testDSwithoutSignIn" time="0.0">
    <skipped/>
  </testcase> <!-- testDSwithoutSignIn -->
  <testcase classname="pageTestEvents.DashBoardPageEvents" name="testDSwithoutSignIn" time="0.0">
    <skipped/>
  </testcase> <!-- testDSwithoutSignIn -->
  <testcase classname="pageTestEvents.DashBoardPageEvents" name="testDSwithoutSignIn" time="0.0">
    <skipped/>
  </testcase> <!-- testDSwithoutSignIn -->
  <testcase classname="pageTestEvents.DashBoardPageEvents" name="validateSignIn" time="0.0">
    <skipped/>
  </testcase> <!-- validateSignIn -->
  <testcase classname="pageTestEvents.DashBoardPageEvents" name="userSignIn" time="0.0">
    <skipped/>
  </testcase> <!-- userSignIn -->
  <testcase classname="pageTestEvents.DashBoardPageEvents" name="testDataStructures" time="0.0">
    <skipped/>
  </testcase> <!-- testDataStructures -->
  <testcase classname="pageTestEvents.DashBoardPageEvents" name="testDataStructures" time="0.0">
    <skipped/>
  </testcase> <!-- testDataStructures -->
  <testcase classname="pageTestEvents.DashBoardPageEvents" name="testDataStructures" time="0.0">
    <skipped/>
  </testcase> <!-- testDataStructures -->
  <testcase classname="pageTestEvents.DashBoardPageEvents" name="testDataStructures" time="0.0">
    <skipped/>
  </testcase> <!-- testDataStructures -->
  <testcase classname="pageTestEvents.DashBoardPageEvents" name="testDataStructures" time="0.0">
    <skipped/>
  </testcase> <!-- testDataStructures -->
  <testcase classname="pageTestEvents.DashBoardPageEvents" name="testDataStructures" time="0.0">
    <skipped/>
  </testcase> <!-- testDataStructures -->
  <testcase classname="base.BaseTest" name="@BeforeTest setUP" time="0.0">
    <ignored/>
  </testcase> <!-- @BeforeTest setUP -->
  <testcase classname="base.BaseTest" name="@BeforeTest setUP" time="0.0">
    <ignored/>
  </testcase> <!-- @BeforeTest setUP -->
  <testcase classname="base.BaseTest" name="@AfterTest tearDown" time="0.0">
    <ignored/>
  </testcase> <!-- @AfterTest tearDown -->
  <testcase classname="base.BaseTest" name="@AfterTest tearDown" time="0.0">
    <ignored/>
  </testcase> <!-- @AfterTest tearDown -->
</testsuite> <!-- Test Parallel Chrome -->
