<?xml version="1.0" encoding="UTF-8"?>
<testng-results ignored="0" total="15" passed="11" failed="4" skipped="0">
  <reporter-output>
  </reporter-output>
  <suite started-at="2024-11-17T23:42:50 EST" name="Default suite" finished-at="2024-11-17T23:43:25 EST" duration-ms="35001">
    <groups>
    </groups>
    <test started-at="2024-11-17T23:42:50 EST" name="Default test" finished-at="2024-11-17T23:43:25 EST" duration-ms="35001">
      <class name="pageTestEvents.RegisterPageEvents">
        <test-method is-config="true" signature="setUP()[pri:0, instance:pageTestEvents.RegisterPageEvents@3eb91815]" started-at="2024-11-17T23:42:48 EST" name="setUP" finished-at="2024-11-17T23:42:50 EST" duration-ms="1700" status="PASS">
          <reporter-output>
          </reporter-output>
        </test-method> <!-- setUP -->
        <test-method is-config="true" signature="registerWithoutSignIn()[pri:0, instance:pageTestEvents.RegisterPageEvents@3eb91815]" started-at="2024-11-17T23:42:50 EST" name="registerWithoutSignIn" finished-at="2024-11-17T23:42:50 EST" duration-ms="267" status="PASS">
          <reporter-output>
          </reporter-output>
        </test-method> <!-- registerWithoutSignIn -->
        <test-method signature="testPageTitle()[pri:8, instance:pageTestEvents.RegisterPageEvents@3eb91815]" started-at="2024-11-17T23:42:50 EST" name="testPageTitle" finished-at="2024-11-17T23:42:50 EST" duration-ms="31" status="PASS">
          <reporter-output>
          </reporter-output>
        </test-method> <!-- testPageTitle -->
        <test-method signature="testUserRegistration(java.lang.String,java.lang.String,java.lang.String,java.lang.String)[pri:9, instance:pageTestEvents.RegisterPageEvents@3eb91815]" started-at="2024-11-17T23:42:51 EST" name="testUserRegistration" data-provider="getRegistrationExcelData" finished-at="2024-11-17T23:42:53 EST" duration-ms="1845" status="PASS">
          <params>
            <param index="0">
              <value>
                <![CDATA[]]>
              </value>
            </param>
            <param index="1">
              <value>
                <![CDATA[]]>
              </value>
            </param>
            <param index="2">
              <value>
                <![CDATA[]]>
              </value>
            </param>
            <param index="3">
              <value>
                <![CDATA[Please enter User Name, Password and Confirm Password]]>
              </value>
            </param>
          </params>
          <reporter-output>
          </reporter-output>
        </test-method> <!-- testUserRegistration -->
        <test-method signature="testUserRegistration(java.lang.String,java.lang.String,java.lang.String,java.lang.String)[pri:9, instance:pageTestEvents.RegisterPageEvents@3eb91815]" started-at="2024-11-17T23:42:53 EST" name="testUserRegistration" data-provider="getRegistrationExcelData" finished-at="2024-11-17T23:42:54 EST" duration-ms="1780" status="PASS">
          <params>
            <param index="0">
              <value>
                <![CDATA[]]>
              </value>
            </param>
            <param index="1">
              <value>
                <![CDATA[Numpysdet176]]>
              </value>
            </param>
            <param index="2">
              <value>
                <![CDATA[Numpysdet176]]>
              </value>
            </param>
            <param index="3">
              <value>
                <![CDATA[Please fill out this field. below User Name]]>
              </value>
            </param>
          </params>
          <reporter-output>
          </reporter-output>
        </test-method> <!-- testUserRegistration -->
        <test-method signature="testUserRegistration(java.lang.String,java.lang.String,java.lang.String,java.lang.String)[pri:9, instance:pageTestEvents.RegisterPageEvents@3eb91815]" started-at="2024-11-17T23:42:54 EST" name="testUserRegistration" data-provider="getRegistrationExcelData" finished-at="2024-11-17T23:42:56 EST" duration-ms="1774" status="PASS">
          <params>
            <param index="0">
              <value>
                <![CDATA[Scrutinizers]]>
              </value>
            </param>
            <param index="1">
              <value>
                <![CDATA[]]>
              </value>
            </param>
            <param index="2">
              <value>
                <![CDATA[]]>
              </value>
            </param>
            <param index="3">
              <value>
                <![CDATA[Please fill out this field.below Password]]>
              </value>
            </param>
          </params>
          <reporter-output>
          </reporter-output>
        </test-method> <!-- testUserRegistration -->
        <test-method signature="testUserRegistration(java.lang.String,java.lang.String,java.lang.String,java.lang.String)[pri:9, instance:pageTestEvents.RegisterPageEvents@3eb91815]" started-at="2024-11-17T23:42:56 EST" name="testUserRegistration" data-provider="getRegistrationExcelData" finished-at="2024-11-17T23:42:58 EST" duration-ms="1828" status="PASS">
          <params>
            <param index="0">
              <value>
                <![CDATA[Scrutinizers]]>
              </value>
            </param>
            <param index="1">
              <value>
                <![CDATA[Numpysdet176]]>
              </value>
            </param>
            <param index="2">
              <value>
                <![CDATA[]]>
              </value>
            </param>
            <param index="3">
              <value>
                <![CDATA[Please fill out this field.below Confirm Password]]>
              </value>
            </param>
          </params>
          <reporter-output>
          </reporter-output>
        </test-method> <!-- testUserRegistration -->
        <test-method signature="testUserRegistration(java.lang.String,java.lang.String,java.lang.String,java.lang.String)[pri:9, instance:pageTestEvents.RegisterPageEvents@3eb91815]" started-at="2024-11-17T23:42:58 EST" name="testUserRegistration" data-provider="getRegistrationExcelData" finished-at="2024-11-17T23:43:02 EST" duration-ms="3928" status="PASS">
          <params>
            <param index="0">
              <value>
                <![CDATA[Scrutinizers]]>
              </value>
            </param>
            <param index="1">
              <value>
                <![CDATA[Numpysdet176]]>
              </value>
            </param>
            <param index="2">
              <value>
                <![CDATA[Numpysdet176!]]>
              </value>
            </param>
            <param index="3">
              <value>
                <![CDATA[password_mismatch:The two password fields didn’t match.]]>
              </value>
            </param>
          </params>
          <reporter-output>
          </reporter-output>
        </test-method> <!-- testUserRegistration -->
        <test-method signature="testUserRegistration(java.lang.String,java.lang.String,java.lang.String,java.lang.String)[pri:9, instance:pageTestEvents.RegisterPageEvents@3eb91815]" started-at="2024-11-17T23:43:02 EST" name="testUserRegistration" data-provider="getRegistrationExcelData" finished-at="2024-11-17T23:43:05 EST" duration-ms="2919" status="FAIL">
          <params>
            <param index="0">
              <value>
                <![CDATA[Scrutinizers]]>
              </value>
            </param>
            <param index="1">
              <value>
                <![CDATA[123sA]]>
              </value>
            </param>
            <param index="2">
              <value>
                <![CDATA[123sa]]>
              </value>
            </param>
            <param index="3">
              <value>
                <![CDATA[password length doesnot meet]]>
              </value>
            </param>
          </params>
          <exception class="java.lang.AssertionError">
            <message>
              <![CDATA[expected [password length doesnot meet] but found [password_mismatch:The two password fields didn’t match.]]]>
            </message>
            <full-stacktrace>
              <![CDATA[java.lang.AssertionError: expected [password length doesnot meet] but found [password_mismatch:The two password fields didn’t match.]
at org.testng.Assert.fail(Assert.java:111)
at org.testng.Assert.failNotEquals(Assert.java:1578)
at org.testng.Assert.assertEqualsImpl(Assert.java:150)
at org.testng.Assert.assertEquals(Assert.java:132)
at org.testng.Assert.assertEquals(Assert.java:656)
at org.testng.Assert.assertEquals(Assert.java:666)
at pageTestEvents.RegisterPageEvents.registerUser(RegisterPageEvents.java:43)
at pageTestEvents.RegisterPageEvents.testUserRegistration(RegisterPageEvents.java:69)
at java.base/jdk.internal.reflect.DirectMethodHandleAccessor.invoke(DirectMethodHandleAccessor.java:103)
at java.base/java.lang.reflect.Method.invoke(Method.java:580)
at org.testng.internal.invokers.MethodInvocationHelper.invokeMethod(MethodInvocationHelper.java:141)
at org.testng.internal.invokers.TestInvoker.invokeMethod(TestInvoker.java:686)
at org.testng.internal.invokers.TestInvoker.invokeTestMethod(TestInvoker.java:230)
at org.testng.internal.invokers.MethodRunner.runInSequence(MethodRunner.java:63)
at org.testng.internal.invokers.TestInvoker$MethodInvocationAgent.invoke(TestInvoker.java:992)
at org.testng.internal.invokers.TestInvoker.invokeTestMethods(TestInvoker.java:203)
at org.testng.internal.invokers.TestMethodWorker.invokeTestMethods(TestMethodWorker.java:154)
at org.testng.internal.invokers.TestMethodWorker.run(TestMethodWorker.java:134)
at java.base/java.util.ArrayList.forEach(ArrayList.java:1597)
at org.testng.TestRunner.privateRun(TestRunner.java:739)
at org.testng.TestRunner.run(TestRunner.java:614)
at org.testng.SuiteRunner.runTest(SuiteRunner.java:421)
at org.testng.SuiteRunner.runSequentially(SuiteRunner.java:413)
at org.testng.SuiteRunner.privateRun(SuiteRunner.java:373)
at org.testng.SuiteRunner.run(SuiteRunner.java:312)
at org.testng.SuiteRunnerWorker.runSuite(SuiteRunnerWorker.java:52)
at org.testng.SuiteRunnerWorker.run(SuiteRunnerWorker.java:95)
at org.testng.TestNG.runSuitesSequentially(TestNG.java:1274)
at org.testng.TestNG.runSuitesLocally(TestNG.java:1208)
at org.testng.TestNG.runSuites(TestNG.java:1112)
at org.testng.TestNG.run(TestNG.java:1079)
at org.testng.remote.AbstractRemoteTestNG.run(AbstractRemoteTestNG.java:115)
at org.testng.remote.RemoteTestNG.initAndRun(RemoteTestNG.java:293)
at org.testng.remote.RemoteTestNG.main(RemoteTestNG.java:91)
]]>
            </full-stacktrace>
          </exception> <!-- java.lang.AssertionError -->
          <reporter-output>
          </reporter-output>
        </test-method> <!-- testUserRegistration -->
        <test-method signature="testUserRegistration(java.lang.String,java.lang.String,java.lang.String,java.lang.String)[pri:9, instance:pageTestEvents.RegisterPageEvents@3eb91815]" started-at="2024-11-17T23:43:05 EST" name="testUserRegistration" data-provider="getRegistrationExcelData" finished-at="2024-11-17T23:43:08 EST" duration-ms="2914" status="FAIL">
          <params>
            <param index="0">
              <value>
                <![CDATA[Scrutinizers]]>
              </value>
            </param>
            <param index="1">
              <value>
                <![CDATA[Numpysdet176]]>
              </value>
            </param>
            <param index="2">
              <value>
                <![CDATA[Numpysdet176]]>
              </value>
            </param>
            <param index="3">
              <value>
                <![CDATA[user already exists]]>
              </value>
            </param>
          </params>
          <exception class="java.lang.AssertionError">
            <message>
              <![CDATA[expected [user already exists] but found [password_mismatch:The two password fields didn’t match.]]]>
            </message>
            <full-stacktrace>
              <![CDATA[java.lang.AssertionError: expected [user already exists] but found [password_mismatch:The two password fields didn’t match.]
at org.testng.Assert.fail(Assert.java:111)
at org.testng.Assert.failNotEquals(Assert.java:1578)
at org.testng.Assert.assertEqualsImpl(Assert.java:150)
at org.testng.Assert.assertEquals(Assert.java:132)
at org.testng.Assert.assertEquals(Assert.java:656)
at org.testng.Assert.assertEquals(Assert.java:666)
at pageTestEvents.RegisterPageEvents.registerUser(RegisterPageEvents.java:43)
at pageTestEvents.RegisterPageEvents.testUserRegistration(RegisterPageEvents.java:69)
at java.base/jdk.internal.reflect.DirectMethodHandleAccessor.invoke(DirectMethodHandleAccessor.java:103)
at java.base/java.lang.reflect.Method.invoke(Method.java:580)
at org.testng.internal.invokers.MethodInvocationHelper.invokeMethod(MethodInvocationHelper.java:141)
at org.testng.internal.invokers.TestInvoker.invokeMethod(TestInvoker.java:686)
at org.testng.internal.invokers.TestInvoker.invokeTestMethod(TestInvoker.java:230)
at org.testng.internal.invokers.MethodRunner.runInSequence(MethodRunner.java:63)
at org.testng.internal.invokers.TestInvoker$MethodInvocationAgent.invoke(TestInvoker.java:992)
at org.testng.internal.invokers.TestInvoker.invokeTestMethods(TestInvoker.java:203)
at org.testng.internal.invokers.TestMethodWorker.invokeTestMethods(TestMethodWorker.java:154)
at org.testng.internal.invokers.TestMethodWorker.run(TestMethodWorker.java:134)
at java.base/java.util.ArrayList.forEach(ArrayList.java:1597)
at org.testng.TestRunner.privateRun(TestRunner.java:739)
at org.testng.TestRunner.run(TestRunner.java:614)
at org.testng.SuiteRunner.runTest(SuiteRunner.java:421)
at org.testng.SuiteRunner.runSequentially(SuiteRunner.java:413)
at org.testng.SuiteRunner.privateRun(SuiteRunner.java:373)
at org.testng.SuiteRunner.run(SuiteRunner.java:312)
at org.testng.SuiteRunnerWorker.runSuite(SuiteRunnerWorker.java:52)
at org.testng.SuiteRunnerWorker.run(SuiteRunnerWorker.java:95)
at org.testng.TestNG.runSuitesSequentially(TestNG.java:1274)
at org.testng.TestNG.runSuitesLocally(TestNG.java:1208)
at org.testng.TestNG.runSuites(TestNG.java:1112)
at org.testng.TestNG.run(TestNG.java:1079)
at org.testng.remote.AbstractRemoteTestNG.run(AbstractRemoteTestNG.java:115)
at org.testng.remote.RemoteTestNG.initAndRun(RemoteTestNG.java:293)
at org.testng.remote.RemoteTestNG.main(RemoteTestNG.java:91)
]]>
            </full-stacktrace>
          </exception> <!-- java.lang.AssertionError -->
          <reporter-output>
          </reporter-output>
        </test-method> <!-- testUserRegistration -->
        <test-method signature="testUserRegistrationjson(java.lang.String,java.lang.String,java.lang.String,java.lang.String)[pri:9, instance:pageTestEvents.RegisterPageEvents@3eb91815]" started-at="2024-11-17T23:43:08 EST" name="testUserRegistrationjson" data-provider="getInvalidRegistrationStaticData" finished-at="2024-11-17T23:43:10 EST" duration-ms="1808" status="PASS">
          <params>
            <param index="0">
              <value>
                <![CDATA[]]>
              </value>
            </param>
            <param index="1">
              <value>
                <![CDATA[]]>
              </value>
            </param>
            <param index="2">
              <value>
                <![CDATA[]]>
              </value>
            </param>
            <param index="3">
              <value>
                <![CDATA[Please enter User Name, Password and Confirm Password]]>
              </value>
            </param>
          </params>
          <reporter-output>
          </reporter-output>
        </test-method> <!-- testUserRegistrationjson -->
        <test-method signature="testUserRegistrationjson(java.lang.String,java.lang.String,java.lang.String,java.lang.String)[pri:9, instance:pageTestEvents.RegisterPageEvents@3eb91815]" started-at="2024-11-17T23:43:10 EST" name="testUserRegistrationjson" data-provider="getInvalidRegistrationStaticData" finished-at="2024-11-17T23:43:11 EST" duration-ms="1791" status="PASS">
          <params>
            <param index="0">
              <value>
                <![CDATA[]]>
              </value>
            </param>
            <param index="1">
              <value>
                <![CDATA[Numpysdet176]]>
              </value>
            </param>
            <param index="2">
              <value>
                <![CDATA[Numpysdet176]]>
              </value>
            </param>
            <param index="3">
              <value>
                <![CDATA[Please fill out this field. below User Name]]>
              </value>
            </param>
          </params>
          <reporter-output>
          </reporter-output>
        </test-method> <!-- testUserRegistrationjson -->
        <test-method signature="testUserRegistrationjson(java.lang.String,java.lang.String,java.lang.String,java.lang.String)[pri:9, instance:pageTestEvents.RegisterPageEvents@3eb91815]" started-at="2024-11-17T23:43:11 EST" name="testUserRegistrationjson" data-provider="getInvalidRegistrationStaticData" finished-at="2024-11-17T23:43:13 EST" duration-ms="1801" status="PASS">
          <params>
            <param index="0">
              <value>
                <![CDATA[Scrutinizers]]>
              </value>
            </param>
            <param index="1">
              <value>
                <![CDATA[]]>
              </value>
            </param>
            <param index="2">
              <value>
                <![CDATA[]]>
              </value>
            </param>
            <param index="3">
              <value>
                <![CDATA[Please fill out this field.below Password]]>
              </value>
            </param>
          </params>
          <reporter-output>
          </reporter-output>
        </test-method> <!-- testUserRegistrationjson -->
        <test-method signature="testUserRegistrationjson(java.lang.String,java.lang.String,java.lang.String,java.lang.String)[pri:9, instance:pageTestEvents.RegisterPageEvents@3eb91815]" started-at="2024-11-17T23:43:13 EST" name="testUserRegistrationjson" data-provider="getInvalidRegistrationStaticData" finished-at="2024-11-17T23:43:15 EST" duration-ms="1816" status="PASS">
          <params>
            <param index="0">
              <value>
                <![CDATA[Scrutinizers]]>
              </value>
            </param>
            <param index="1">
              <value>
                <![CDATA[Numpysdet176]]>
              </value>
            </param>
            <param index="2">
              <value>
                <![CDATA[]]>
              </value>
            </param>
            <param index="3">
              <value>
                <![CDATA[Please fill out this field.below Confirm Password]]>
              </value>
            </param>
          </params>
          <reporter-output>
          </reporter-output>
        </test-method> <!-- testUserRegistrationjson -->
        <test-method signature="testUserRegistrationjson(java.lang.String,java.lang.String,java.lang.String,java.lang.String)[pri:9, instance:pageTestEvents.RegisterPageEvents@3eb91815]" started-at="2024-11-17T23:43:15 EST" name="testUserRegistrationjson" data-provider="getInvalidRegistrationStaticData" finished-at="2024-11-17T23:43:19 EST" duration-ms="3999" status="PASS">
          <params>
            <param index="0">
              <value>
                <![CDATA[Scrutinizers]]>
              </value>
            </param>
            <param index="1">
              <value>
                <![CDATA[Numpysdet176]]>
              </value>
            </param>
            <param index="2">
              <value>
                <![CDATA[Numpysdet176!]]>
              </value>
            </param>
            <param index="3">
              <value>
                <![CDATA[password_mismatch:The two password fields didn’t match.]]>
              </value>
            </param>
          </params>
          <reporter-output>
          </reporter-output>
        </test-method> <!-- testUserRegistrationjson -->
        <test-method signature="testUserRegistrationjson(java.lang.String,java.lang.String,java.lang.String,java.lang.String)[pri:9, instance:pageTestEvents.RegisterPageEvents@3eb91815]" started-at="2024-11-17T23:43:19 EST" name="testUserRegistrationjson" data-provider="getInvalidRegistrationStaticData" finished-at="2024-11-17T23:43:22 EST" duration-ms="2926" status="FAIL">
          <params>
            <param index="0">
              <value>
                <![CDATA[Scrutinizers]]>
              </value>
            </param>
            <param index="1">
              <value>
                <![CDATA[123456789]]>
              </value>
            </param>
            <param index="2">
              <value>
                <![CDATA[123456789]]>
              </value>
            </param>
            <param index="3">
              <value>
                <![CDATA[password cannot be only numeric]]>
              </value>
            </param>
          </params>
          <exception class="java.lang.AssertionError">
            <message>
              <![CDATA[expected [password cannot be only numeric] but found [password_mismatch:The two password fields didn’t match.]]]>
            </message>
            <full-stacktrace>
              <![CDATA[java.lang.AssertionError: expected [password cannot be only numeric] but found [password_mismatch:The two password fields didn’t match.]
at org.testng.Assert.fail(Assert.java:111)
at org.testng.Assert.failNotEquals(Assert.java:1578)
at org.testng.Assert.assertEqualsImpl(Assert.java:150)
at org.testng.Assert.assertEquals(Assert.java:132)
at org.testng.Assert.assertEquals(Assert.java:656)
at org.testng.Assert.assertEquals(Assert.java:666)
at pageTestEvents.RegisterPageEvents.registerUser(RegisterPageEvents.java:43)
at pageTestEvents.RegisterPageEvents.testUserRegistrationjson(RegisterPageEvents.java:77)
at java.base/jdk.internal.reflect.DirectMethodHandleAccessor.invoke(DirectMethodHandleAccessor.java:103)
at java.base/java.lang.reflect.Method.invoke(Method.java:580)
at org.testng.internal.invokers.MethodInvocationHelper.invokeMethod(MethodInvocationHelper.java:141)
at org.testng.internal.invokers.TestInvoker.invokeMethod(TestInvoker.java:686)
at org.testng.internal.invokers.TestInvoker.invokeTestMethod(TestInvoker.java:230)
at org.testng.internal.invokers.MethodRunner.runInSequence(MethodRunner.java:63)
at org.testng.internal.invokers.TestInvoker$MethodInvocationAgent.invoke(TestInvoker.java:992)
at org.testng.internal.invokers.TestInvoker.invokeTestMethods(TestInvoker.java:203)
at org.testng.internal.invokers.TestMethodWorker.invokeTestMethods(TestMethodWorker.java:154)
at org.testng.internal.invokers.TestMethodWorker.run(TestMethodWorker.java:134)
at java.base/java.util.ArrayList.forEach(ArrayList.java:1597)
at org.testng.TestRunner.privateRun(TestRunner.java:739)
at org.testng.TestRunner.run(TestRunner.java:614)
at org.testng.SuiteRunner.runTest(SuiteRunner.java:421)
at org.testng.SuiteRunner.runSequentially(SuiteRunner.java:413)
at org.testng.SuiteRunner.privateRun(SuiteRunner.java:373)
at org.testng.SuiteRunner.run(SuiteRunner.java:312)
at org.testng.SuiteRunnerWorker.runSuite(SuiteRunnerWorker.java:52)
at org.testng.SuiteRunnerWorker.run(SuiteRunnerWorker.java:95)
at org.testng.TestNG.runSuitesSequentially(TestNG.java:1274)
at org.testng.TestNG.runSuitesLocally(TestNG.java:1208)
at org.testng.TestNG.runSuites(TestNG.java:1112)
at org.testng.TestNG.run(TestNG.java:1079)
at org.testng.remote.AbstractRemoteTestNG.run(AbstractRemoteTestNG.java:115)
at org.testng.remote.RemoteTestNG.initAndRun(RemoteTestNG.java:293)
at org.testng.remote.RemoteTestNG.main(RemoteTestNG.java:91)
]]>
            </full-stacktrace>
          </exception> <!-- java.lang.AssertionError -->
          <reporter-output>
          </reporter-output>
        </test-method> <!-- testUserRegistrationjson -->
        <test-method signature="testUserRegistrationjson(java.lang.String,java.lang.String,java.lang.String,java.lang.String)[pri:9, instance:pageTestEvents.RegisterPageEvents@3eb91815]" started-at="2024-11-17T23:43:22 EST" name="testUserRegistrationjson" data-provider="getInvalidRegistrationStaticData" finished-at="2024-11-17T23:43:25 EST" duration-ms="2918" status="FAIL">
          <params>
            <param index="0">
              <value>
                <![CDATA[Scrutinizers]]>
              </value>
            </param>
            <param index="1">
              <value>
                <![CDATA[123sA]]>
              </value>
            </param>
            <param index="2">
              <value>
                <![CDATA[123sa]]>
              </value>
            </param>
            <param index="3">
              <value>
                <![CDATA[password length doesnot meet]]>
              </value>
            </param>
          </params>
          <exception class="java.lang.AssertionError">
            <message>
              <![CDATA[expected [password length doesnot meet] but found [password_mismatch:The two password fields didn’t match.]]]>
            </message>
            <full-stacktrace>
              <![CDATA[java.lang.AssertionError: expected [password length doesnot meet] but found [password_mismatch:The two password fields didn’t match.]
at org.testng.Assert.fail(Assert.java:111)
at org.testng.Assert.failNotEquals(Assert.java:1578)
at org.testng.Assert.assertEqualsImpl(Assert.java:150)
at org.testng.Assert.assertEquals(Assert.java:132)
at org.testng.Assert.assertEquals(Assert.java:656)
at org.testng.Assert.assertEquals(Assert.java:666)
at pageTestEvents.RegisterPageEvents.registerUser(RegisterPageEvents.java:43)
at pageTestEvents.RegisterPageEvents.testUserRegistrationjson(RegisterPageEvents.java:77)
at java.base/jdk.internal.reflect.DirectMethodHandleAccessor.invoke(DirectMethodHandleAccessor.java:103)
at java.base/java.lang.reflect.Method.invoke(Method.java:580)
at org.testng.internal.invokers.MethodInvocationHelper.invokeMethod(MethodInvocationHelper.java:141)
at org.testng.internal.invokers.TestInvoker.invokeMethod(TestInvoker.java:686)
at org.testng.internal.invokers.TestInvoker.invokeTestMethod(TestInvoker.java:230)
at org.testng.internal.invokers.MethodRunner.runInSequence(MethodRunner.java:63)
at org.testng.internal.invokers.TestInvoker$MethodInvocationAgent.invoke(TestInvoker.java:992)
at org.testng.internal.invokers.TestInvoker.invokeTestMethods(TestInvoker.java:203)
at org.testng.internal.invokers.TestMethodWorker.invokeTestMethods(TestMethodWorker.java:154)
at org.testng.internal.invokers.TestMethodWorker.run(TestMethodWorker.java:134)
at java.base/java.util.ArrayList.forEach(ArrayList.java:1597)
at org.testng.TestRunner.privateRun(TestRunner.java:739)
at org.testng.TestRunner.run(TestRunner.java:614)
at org.testng.SuiteRunner.runTest(SuiteRunner.java:421)
at org.testng.SuiteRunner.runSequentially(SuiteRunner.java:413)
at org.testng.SuiteRunner.privateRun(SuiteRunner.java:373)
at org.testng.SuiteRunner.run(SuiteRunner.java:312)
at org.testng.SuiteRunnerWorker.runSuite(SuiteRunnerWorker.java:52)
at org.testng.SuiteRunnerWorker.run(SuiteRunnerWorker.java:95)
at org.testng.TestNG.runSuitesSequentially(TestNG.java:1274)
at org.testng.TestNG.runSuitesLocally(TestNG.java:1208)
at org.testng.TestNG.runSuites(TestNG.java:1112)
at org.testng.TestNG.run(TestNG.java:1079)
at org.testng.remote.AbstractRemoteTestNG.run(AbstractRemoteTestNG.java:115)
at org.testng.remote.RemoteTestNG.initAndRun(RemoteTestNG.java:293)
at org.testng.remote.RemoteTestNG.main(RemoteTestNG.java:91)
]]>
            </full-stacktrace>
          </exception> <!-- java.lang.AssertionError -->
          <reporter-output>
          </reporter-output>
        </test-method> <!-- testUserRegistrationjson -->
        <test-method is-config="true" signature="tearDown()[pri:0, instance:pageTestEvents.RegisterPageEvents@3eb91815]" started-at="2024-11-17T23:43:25 EST" name="tearDown" finished-at="2024-11-17T23:43:25 EST" duration-ms="163" status="PASS">
          <reporter-output>
          </reporter-output>
        </test-method> <!-- tearDown -->
      </class> <!-- pageTestEvents.RegisterPageEvents -->
    </test> <!-- Default test -->
  </suite> <!-- Default suite -->
</testng-results>
