<?xml version="1.0" encoding="UTF-8"?>
<!-- Generated by org.testng.reporters.JUnitXMLReporter -->
<testsuite ignored="2" hostname="Anvi" failures="2" tests="30" name="Test Parallel Graph module.Browser:Chrome" time="67.722" errors="0" timestamp="2024-11-16T18:22:39 CST">
  <testcase classname="pageTestEvents.GraphPageEvents" name="arrayPage" time="0.493"/>
  <testcase classname="pageTestEvents.GraphPageEvents" name="arrayPageT1" time="0.646"/>
  <testcase classname="pageTestEvents.GraphPageEvents" name="arrayPageT2" time="0.738"/>
  <testcase classname="pageTestEvents.GraphPageEvents" name="graphDdropDown" time="0.296"/>
  <testcase classname="pageTestEvents.GraphPageEvents" name="graphDdropDownT1" time="0.661"/>
  <testcase classname="pageTestEvents.GraphPageEvents" name="graphDdropDownT2" time="0.592"/>
  <testcase classname="pageTestEvents.GraphPageEvents" name="invalidCodeGraph" time="6.618"/>
  <testcase classname="pageTestEvents.GraphPageEvents" name="invalidCodeGraphRep" time="6.062"/>
  <testcase classname="pageTestEvents.GraphPageEvents" name="linkedListPage" time="0.473"/>
  <testcase classname="pageTestEvents.GraphPageEvents" name="linkedListPageT1" time="0.718"/>
  <testcase classname="pageTestEvents.GraphPageEvents" name="linkedListPageT2" time="0.7"/>
  <testcase classname="pageTestEvents.GraphPageEvents" name="nocodeGraph" time="0.763"/>
  <testcase classname="pageTestEvents.GraphPageEvents" name="nocodeGraphRepresentation" time="0.798"/>
  <testcase classname="pageTestEvents.GraphPageEvents" name="practiceQueT1" time="0.605">
    <failure type="java.lang.AssertionError" message="expected [true] but found [false]">
      <![CDATA[java.lang.AssertionError: expected [true] but found [false]
at pageTestEvents.GraphPageEvents.practiceQueT1(GraphPageEvents.java:165)
at java.base/java.util.ArrayList.forEach(ArrayList.java:1511)
at java.base/java.util.concurrent.FutureTask.run(FutureTask.java:317)
at java.base/java.util.concurrent.ThreadPoolExecutor.runWorker(ThreadPoolExecutor.java:1144)
at java.base/java.util.concurrent.ThreadPoolExecutor$Worker.run(ThreadPoolExecutor.java:642)
at java.base/java.lang.Thread.run(Thread.java:1589)
... Removed 19 stack frames]]>
    </failure>
  </testcase> <!-- practiceQueT1 -->
  <testcase classname="pageTestEvents.GraphPageEvents" name="practiceQueT2" time="0.581">
    <failure type="java.lang.AssertionError" message="expected [true] but found [false]">
      <![CDATA[java.lang.AssertionError: expected [true] but found [false]
at pageTestEvents.GraphPageEvents.practiceQueT2(GraphPageEvents.java:176)
at java.base/java.util.ArrayList.forEach(ArrayList.java:1511)
at java.base/java.util.concurrent.FutureTask.run(FutureTask.java:317)
at java.base/java.util.concurrent.ThreadPoolExecutor.runWorker(ThreadPoolExecutor.java:1144)
at java.base/java.util.concurrent.ThreadPoolExecutor$Worker.run(ThreadPoolExecutor.java:642)
at java.base/java.lang.Thread.run(Thread.java:1589)
... Removed 19 stack frames]]>
    </failure>
  </testcase> <!-- practiceQueT2 -->
  <testcase classname="pageTestEvents.GraphPageEvents" name="queuePage" time="0.407"/>
  <testcase classname="pageTestEvents.GraphPageEvents" name="queuePageT1" time="0.618"/>
  <testcase classname="pageTestEvents.GraphPageEvents" name="queuePageT2" time="0.666"/>
  <testcase classname="pageTestEvents.GraphPageEvents" name="stackPage" time="0.424"/>
  <testcase classname="pageTestEvents.GraphPageEvents" name="stackPageT1" time="0.581"/>
  <testcase classname="pageTestEvents.GraphPageEvents" name="stackPageT2" time="0.659"/>
  <testcase classname="pageTestEvents.GraphPageEvents" name="treePage" time="0.589"/>
  <testcase classname="pageTestEvents.GraphPageEvents" name="treePageT1" time="0.777"/>
  <testcase classname="pageTestEvents.GraphPageEvents" name="treePageT2" time="0.825"/>
  <testcase classname="pageTestEvents.GraphPageEvents" name="tryHereGraph" time="0.77"/>
  <testcase classname="pageTestEvents.GraphPageEvents" name="tryHereGraphRepresentation" time="0.696"/>
  <testcase classname="pageTestEvents.GraphPageEvents" name="validCodeGraph" time="5.963"/>
  <testcase classname="pageTestEvents.GraphPageEvents" name="validCodeGraphRep" time="5.998"/>
  <testcase classname="pageTestEvents.GraphPageEvents" name="graphTopic" time="0.222"/>
  <testcase classname="pageTestEvents.GraphPageEvents" name="graphRepresentationTopic" time="0.234"/>
  <testcase classname="base.BaseTest" name="@BeforeTest setUP" time="0.0">
    <ignored/>
  </testcase> <!-- @BeforeTest setUP -->
  <testcase classname="base.BaseTest" name="@AfterTest tearDown" time="0.0">
    <ignored/>
  </testcase> <!-- @AfterTest tearDown -->
</testsuite> <!-- Test Parallel Graph module.Browser:Chrome -->
