<?xml version="1.0" encoding="UTF-8"?>
<!-- Generated by org.testng.reporters.JUnitXMLReporter -->
<testsuite ignored="2" hostname="Anvi" failures="1" tests="24" name="Test Parallel Array module.Browser:FireFox" time="79.918" errors="0" timestamp="2024-11-16T18:21:31 CST">
  <testcase classname="pageTestEvents.ArrayPageEvents" name="invalidTopics" time="3.01"/>
  <testcase classname="pageTestEvents.ArrayPageEvents" name="invalidTopics" time="1.902"/>
  <testcase classname="pageTestEvents.ArrayPageEvents" name="invalidTopics" time="1.711"/>
  <testcase classname="pageTestEvents.ArrayPageEvents" name="invalidTopics" time="1.671"/>
  <testcase classname="pageTestEvents.ArrayPageEvents" name="topicsArray" time="0.538"/>
  <testcase classname="pageTestEvents.ArrayPageEvents" name="topicsArray" time="0.54"/>
  <testcase classname="pageTestEvents.ArrayPageEvents" name="topicsArray" time="0.429"/>
  <testcase classname="pageTestEvents.ArrayPageEvents" name="topicsArray" time="0.351"/>
  <testcase classname="pageTestEvents.ArrayPageEvents" name="tryHereTopics" time="1.847"/>
  <testcase classname="pageTestEvents.ArrayPageEvents" name="tryHereTopics" time="1.415"/>
  <testcase classname="pageTestEvents.ArrayPageEvents" name="tryHereTopics" time="1.313"/>
  <testcase classname="pageTestEvents.ArrayPageEvents" name="tryHereTopics" time="2.273"/>
  <testcase classname="pageTestEvents.ArrayPageEvents" name="nocodeTopics" time="2.172"/>
  <testcase classname="pageTestEvents.ArrayPageEvents" name="nocodeTopics" time="2.054"/>
  <testcase classname="pageTestEvents.ArrayPageEvents" name="nocodeTopics" time="2.166"/>
  <testcase classname="pageTestEvents.ArrayPageEvents" name="nocodeTopics" time="1.572"/>
  <testcase classname="pageTestEvents.ArrayPageEvents" name="validcodeTopics" time="1.399">
    <failure type="java.lang.AssertionError" message="expected [Hello] but found []">
      <![CDATA[java.lang.AssertionError: expected [Hello] but found []
at pageTestEvents.ArrayPageEvents.validcodeTopics(ArrayPageEvents.java:77)
at java.base/java.util.ArrayList.forEach(ArrayList.java:1511)
at java.base/java.util.concurrent.FutureTask.run(FutureTask.java:317)
at java.base/java.util.concurrent.ThreadPoolExecutor.runWorker(ThreadPoolExecutor.java:1144)
at java.base/java.util.concurrent.ThreadPoolExecutor$Worker.run(ThreadPoolExecutor.java:642)
at java.base/java.lang.Thread.run(Thread.java:1589)
... Removed 21 stack frames]]>
    </failure>
  </testcase> <!-- validcodeTopics -->
  <testcase classname="pageTestEvents.ArrayPageEvents" name="validcodeTopics" time="0.0">
    <skipped/>
  </testcase> <!-- validcodeTopics -->
  <testcase classname="pageTestEvents.ArrayPageEvents" name="validcodeTopics" time="0.0">
    <skipped/>
  </testcase> <!-- validcodeTopics -->
  <testcase classname="pageTestEvents.ArrayPageEvents" name="validcodeTopics" time="0.0">
    <skipped/>
  </testcase> <!-- validcodeTopics -->
  <testcase classname="pageTestEvents.ArrayPageEvents" name="getArrayTopicCodeExcelData" time="0.0">
    <skipped/>
  </testcase> <!-- getArrayTopicCodeExcelData -->
  <testcase classname="pageTestEvents.ArrayPageEvents" name="getArrayTopicCodeExcelData" time="0.0">
    <skipped/>
  </testcase> <!-- getArrayTopicCodeExcelData -->
  <testcase classname="pageTestEvents.ArrayPageEvents" name="getArrayTopicCodeExcelData" time="0.0">
    <skipped/>
  </testcase> <!-- getArrayTopicCodeExcelData -->
  <testcase classname="pageTestEvents.ArrayPageEvents" name="getArrayTopicCodeExcelData" time="0.0">
    <skipped/>
  </testcase> <!-- getArrayTopicCodeExcelData -->
  <testcase classname="base.BaseTest" name="@AfterTest tearDown" time="0.0">
    <ignored/>
  </testcase> <!-- @AfterTest tearDown -->
  <testcase classname="base.BaseTest" name="@BeforeTest setUP" time="0.0">
    <ignored/>
  </testcase> <!-- @BeforeTest setUP -->
</testsuite> <!-- Test Parallel Array module.Browser:FireFox -->
