<?xml version="1.0" encoding="UTF-8"?>
<!-- Generated by org.testng.reporters.JUnitXMLReporter -->
<testsuite ignored="2" hostname="Anvi" failures="1" tests="51" name="Test Parallel Queue module.Browser:chrome" time="112.668" errors="0" timestamp="2024-11-16T18:22:37 CST">
  <testcase classname="pageTestEvents.QueuePageEvents" name="arrayPage" time="0.588"/>
  <testcase classname="pageTestEvents.QueuePageEvents" name="arrayPageT1" time="0.989"/>
  <testcase classname="pageTestEvents.QueuePageEvents" name="arrayPageT2" time="1.444"/>
  <testcase classname="pageTestEvents.QueuePageEvents" name="arrayPageT3" time="1.282"/>
  <testcase classname="pageTestEvents.QueuePageEvents" name="arrayPageT4" time="1.121"/>
  <testcase classname="pageTestEvents.QueuePageEvents" name="graphPage" time="0.628"/>
  <testcase classname="pageTestEvents.QueuePageEvents" name="graphPageT1" time="1.156"/>
  <testcase classname="pageTestEvents.QueuePageEvents" name="graphPageT2" time="1.181"/>
  <testcase classname="pageTestEvents.QueuePageEvents" name="graphPageT3" time="1.019"/>
  <testcase classname="pageTestEvents.QueuePageEvents" name="graphPageT4" time="1.0"/>
  <testcase classname="pageTestEvents.QueuePageEvents" name="implementationofQueueinPythonTopic" time="0.369"/>
  <testcase classname="pageTestEvents.QueuePageEvents" name="implementationusingarrayTopic" time="0.448"/>
  <testcase classname="pageTestEvents.QueuePageEvents" name="implementationusingcollectionsdequeTopic" time="0.362"/>
  <testcase classname="pageTestEvents.QueuePageEvents" name="invalidCodeT1" time="3.431"/>
  <testcase classname="pageTestEvents.QueuePageEvents" name="invalidCodeT2" time="1.428"/>
  <testcase classname="pageTestEvents.QueuePageEvents" name="invalidCodeT3" time="1.381"/>
  <testcase classname="pageTestEvents.QueuePageEvents" name="invalidCodeT4" time="1.113"/>
  <testcase classname="pageTestEvents.QueuePageEvents" name="linkedListPage" time="0.526"/>
  <testcase classname="pageTestEvents.QueuePageEvents" name="linkedListPageT1" time="0.808"/>
  <testcase classname="pageTestEvents.QueuePageEvents" name="linkedListPageT2" time="0.631"/>
  <testcase classname="pageTestEvents.QueuePageEvents" name="linkedListPageT3" time="0.916"/>
  <testcase classname="pageTestEvents.QueuePageEvents" name="linkedListPageT4" time="1.195"/>
  <testcase classname="pageTestEvents.QueuePageEvents" name="nocodeTopic1" time="0.771"/>
  <testcase classname="pageTestEvents.QueuePageEvents" name="nocodeTopic2" time="0.848"/>
  <testcase classname="pageTestEvents.QueuePageEvents" name="nocodeTopic3" time="0.739"/>
  <testcase classname="pageTestEvents.QueuePageEvents" name="nocodeTopic4" time="0.871"/>
  <testcase classname="pageTestEvents.QueuePageEvents" name="practiceQueTopic1" time="0.514">
    <failure type="java.lang.AssertionError" message="expected [Queue] but found [Practice Questions]">
      <![CDATA[java.lang.AssertionError: expected [Queue] but found [Practice Questions]
at pageTestEvents.QueuePageEvents.practiceQueTopic1(QueuePageEvents.java:110)
at java.base/java.util.ArrayList.forEach(ArrayList.java:1511)
at java.base/java.util.concurrent.FutureTask.run(FutureTask.java:317)
at java.base/java.util.concurrent.ThreadPoolExecutor.runWorker(ThreadPoolExecutor.java:1144)
at java.base/java.util.concurrent.ThreadPoolExecutor$Worker.run(ThreadPoolExecutor.java:642)
at java.base/java.lang.Thread.run(Thread.java:1589)
... Removed 21 stack frames]]>
    </failure>
  </testcase> <!-- practiceQueTopic1 -->
  <testcase classname="pageTestEvents.QueuePageEvents" name="queueDropPage" time="0.359"/>
  <testcase classname="pageTestEvents.QueuePageEvents" name="queueDropPageT1" time="0.625"/>
  <testcase classname="pageTestEvents.QueuePageEvents" name="queueDropPageT2" time="0.569"/>
  <testcase classname="pageTestEvents.QueuePageEvents" name="queueDropPageT3" time="0.593"/>
  <testcase classname="pageTestEvents.QueuePageEvents" name="queueDropPageT4" time="0.668"/>
  <testcase classname="pageTestEvents.QueuePageEvents" name="queueOperationsTopic" time="0.286"/>
  <testcase classname="pageTestEvents.QueuePageEvents" name="stackPage" time="0.397"/>
  <testcase classname="pageTestEvents.QueuePageEvents" name="stackPageT1" time="0.566"/>
  <testcase classname="pageTestEvents.QueuePageEvents" name="stackPageT2" time="0.608"/>
  <testcase classname="pageTestEvents.QueuePageEvents" name="stackPageT3" time="0.641"/>
  <testcase classname="pageTestEvents.QueuePageEvents" name="stackPageT4" time="0.683"/>
  <testcase classname="pageTestEvents.QueuePageEvents" name="treePage" time="0.569"/>
  <testcase classname="pageTestEvents.QueuePageEvents" name="treePageT1" time="0.786"/>
  <testcase classname="pageTestEvents.QueuePageEvents" name="treePageT2" time="0.675"/>
  <testcase classname="pageTestEvents.QueuePageEvents" name="treePageT3" time="0.725"/>
  <testcase classname="pageTestEvents.QueuePageEvents" name="treePageT4" time="0.744"/>
  <testcase classname="pageTestEvents.QueuePageEvents" name="tryHereTopic1" time="0.685"/>
  <testcase classname="pageTestEvents.QueuePageEvents" name="tryHereTopic2" time="0.873"/>
  <testcase classname="pageTestEvents.QueuePageEvents" name="tryHereTopic3" time="0.663"/>
  <testcase classname="pageTestEvents.QueuePageEvents" name="tryHereTopic4" time="0.668"/>
  <testcase classname="pageTestEvents.QueuePageEvents" name="validCodeT1" time="6.169"/>
  <testcase classname="pageTestEvents.QueuePageEvents" name="validCodeT2" time="6.048"/>
  <testcase classname="pageTestEvents.QueuePageEvents" name="validCodeT3" time="6.008"/>
  <testcase classname="pageTestEvents.QueuePageEvents" name="validCodeT4" time="6.44"/>
  <testcase classname="base.BaseTest" name="@BeforeTest setUP" time="0.0">
    <ignored/>
  </testcase> <!-- @BeforeTest setUP -->
  <testcase classname="base.BaseTest" name="@AfterTest tearDown" time="0.0">
    <ignored/>
  </testcase> <!-- @AfterTest tearDown -->
</testsuite> <!-- Test Parallel Queue module.Browser:chrome -->
