<?xml version="1.0" encoding="UTF-8"?>
<!-- Generated by org.testng.reporters.JUnitXMLReporter -->
<testsuite ignored="4" hostname="Anvi" failures="6" tests="38" name="Test Parallel SignIn and Register modules.Browser:Edge " time="124.724" errors="0" timestamp="2024-11-16T18:22:16 CST">
  <testcase classname="pageTestEvents.ArrayPageEvents" name="@AfterMethod backtoArray" time="0.013">
    <failure type="org.openqa.selenium.NoSuchElementException" message="Unable to locate element: //a[text()=&amp;apos;Data Structures&amp;apos;]
For documentation on this error, please visit: https://www.selenium.dev/documentation/webdriver/troubleshooting/errors#no-such-element-exception
Build info: version: &amp;apos;4.24.0&amp;apos;, revision: &amp;apos;748ffc9bc3&amp;apos;
System info: os.name: &amp;apos;Windows 11&amp;apos;, os.arch: &amp;apos;amd64&amp;apos;, os.version: &amp;apos;10.0&amp;apos;, java.version: &amp;apos;19.0.2&amp;apos;
Driver info: org.openqa.selenium.firefox.FirefoxDriver
Command: [c16d38b2-4666-4bec-a5cd-ccc5e59980bf, findElement {using=xpath, value=//a[text()=&amp;apos;Data Structures&amp;apos;]}]
Capabilities {acceptInsecureCerts: true, browserName: firefox, browserVersion: 132.0.2, moz:accessibilityChecks: false, moz:buildID: 20241110231641, moz:debuggerAddress: 127.0.0.1:8275, moz:geckodriverVersion: 0.35.0, moz:headless: false, moz:platformVersion: 10.0, moz:processID: 57208, moz:profile: C:\Users\geeta\AppData\Loca..., moz:shutdownTimeout: 60000, moz:webdriverClick: true, moz:windowless: false, pageLoadStrategy: normal, platformName: windows, proxy: Proxy(), se:cdp: ws://127.0.0.1:8275/devtool..., se:cdpVersion: 85.0, setWindowRect: true, strictFileInteractability: false, timeouts: {implicit: 0, pageLoad: 300000, script: 30000}, unhandledPromptBehavior: dismiss and notify, userAgent: Mozilla/5.0 (Windows NT 10....}
Session ID: c16d38b2-4666-4bec-a5cd-ccc5e59980bf">
      <![CDATA[org.openqa.selenium.NoSuchElementException: Unable to locate element: //a[text()='Data Structures']
For documentation on this error, please visit: https://www.selenium.dev/documentation/webdriver/troubleshooting/errors#no-such-element-exception
Build info: version: '4.24.0', revision: '748ffc9bc3'
System info: os.name: 'Windows 11', os.arch: 'amd64', os.version: '10.0', java.version: '19.0.2'
Driver info: org.openqa.selenium.firefox.FirefoxDriver
Command: [c16d38b2-4666-4bec-a5cd-ccc5e59980bf, findElement {using=xpath, value=//a[text()='Data Structures']}]
Capabilities {acceptInsecureCerts: true, browserName: firefox, browserVersion: 132.0.2, moz:accessibilityChecks: false, moz:buildID: 20241110231641, moz:debuggerAddress: 127.0.0.1:8275, moz:geckodriverVersion: 0.35.0, moz:headless: false, moz:platformVersion: 10.0, moz:processID: 57208, moz:profile: C:\Users\geeta\AppData\Loca..., moz:shutdownTimeout: 60000, moz:webdriverClick: true, moz:windowless: false, pageLoadStrategy: normal, platformName: windows, proxy: Proxy(), se:cdp: ws://127.0.0.1:8275/devtool..., se:cdpVersion: 85.0, setWindowRect: true, strictFileInteractability: false, timeouts: {implicit: 0, pageLoad: 300000, script: 30000}, unhandledPromptBehavior: dismiss and notify, userAgent: Mozilla/5.0 (Windows NT 10....}
Session ID: c16d38b2-4666-4bec-a5cd-ccc5e59980bf
at org.openqa.selenium.remote.ErrorCodec.decode(ErrorCodec.java:167)
at org.openqa.selenium.remote.codec.w3c.W3CHttpResponseCodec.decode(W3CHttpResponseCodec.java:138)
at org.openqa.selenium.remote.codec.w3c.W3CHttpResponseCodec.decode(W3CHttpResponseCodec.java:50)
at org.openqa.selenium.remote.HttpCommandExecutor.execute(HttpCommandExecutor.java:190)
at org.openqa.selenium.remote.service.DriverCommandExecutor.invokeExecute(DriverCommandExecutor.java:216)
at org.openqa.selenium.remote.service.DriverCommandExecutor.execute(DriverCommandExecutor.java:174)
at org.openqa.selenium.remote.RemoteWebDriver.execute(RemoteWebDriver.java:545)
at org.openqa.selenium.remote.ElementLocation$ElementFinder$2.findElement(ElementLocation.java:165)
at org.openqa.selenium.remote.ElementLocation.findElement(ElementLocation.java:59)
at org.openqa.selenium.remote.RemoteWebDriver.findElement(RemoteWebDriver.java:368)
at org.openqa.selenium.remote.RemoteWebDriver.findElement(RemoteWebDriver.java:362)
at pageObjects.ArrayPage.backToArray(ArrayPage.java:208)
at pageTestEvents.ArrayPageEvents.backtoArray(ArrayPageEvents.java:134)
at java.base/java.util.ArrayList.forEach(ArrayList.java:1511)
at java.base/java.util.concurrent.FutureTask.run(FutureTask.java:317)
at java.base/java.util.concurrent.ThreadPoolExecutor.runWorker(ThreadPoolExecutor.java:1144)
at java.base/java.util.concurrent.ThreadPoolExecutor$Worker.run(ThreadPoolExecutor.java:642)
at java.base/java.lang.Thread.run(Thread.java:1589)
... Removed 23 stack frames]]>
    </failure>
  </testcase> <!-- @AfterMethod backtoArray -->
  <testcase classname="pageTestEvents.ArrayPageEvents" name="@BeforeMethod arrayPage" time="0.0">
    <skipped/>
  </testcase> <!-- @BeforeMethod arrayPage -->
  <testcase classname="pageTestEvents.ArrayPageEvents" name="@AfterMethod backtoArray" time="0.0">
    <skipped/>
  </testcase> <!-- @AfterMethod backtoArray -->
  <testcase classname="pageTestEvents.ArrayPageEvents" name="@BeforeMethod arrayPage" time="0.0">
    <skipped/>
  </testcase> <!-- @BeforeMethod arrayPage -->
  <testcase classname="pageTestEvents.ArrayPageEvents" name="@AfterMethod backtoArray" time="0.0">
    <skipped/>
  </testcase> <!-- @AfterMethod backtoArray -->
  <testcase classname="pageTestEvents.ArrayPageEvents" name="@BeforeMethod arrayPage" time="0.0">
    <skipped/>
  </testcase> <!-- @BeforeMethod arrayPage -->
  <testcase classname="pageTestEvents.ArrayPageEvents" name="@AfterMethod backtoArray" time="0.0">
    <skipped/>
  </testcase> <!-- @AfterMethod backtoArray -->
  <testcase classname="pageTestEvents.ArrayPageEvents" name="@BeforeMethod arrayPage" time="0.0">
    <skipped/>
  </testcase> <!-- @BeforeMethod arrayPage -->
  <testcase classname="pageTestEvents.ArrayPageEvents" name="@AfterMethod backtoArray" time="0.0">
    <skipped/>
  </testcase> <!-- @AfterMethod backtoArray -->
  <testcase classname="pageTestEvents.ArrayPageEvents" name="@BeforeMethod arrayPage" time="0.0">
    <skipped/>
  </testcase> <!-- @BeforeMethod arrayPage -->
  <testcase classname="pageTestEvents.ArrayPageEvents" name="@AfterMethod backtoArray" time="0.0">
    <skipped/>
  </testcase> <!-- @AfterMethod backtoArray -->
  <testcase classname="pageTestEvents.ArrayPageEvents" name="@BeforeMethod arrayPage" time="0.0">
    <skipped/>
  </testcase> <!-- @BeforeMethod arrayPage -->
  <testcase classname="pageTestEvents.ArrayPageEvents" name="@AfterMethod backtoArray" time="0.0">
    <skipped/>
  </testcase> <!-- @AfterMethod backtoArray -->
  <testcase classname="pageTestEvents.ArrayPageEvents" name="@BeforeMethod arrayPage" time="0.0">
    <skipped/>
  </testcase> <!-- @BeforeMethod arrayPage -->
  <testcase classname="pageTestEvents.ArrayPageEvents" name="@AfterMethod backtoArray" time="0.0">
    <skipped/>
  </testcase> <!-- @AfterMethod backtoArray -->
  <testcase classname="pageTestEvents.ArrayPageEvents" name="@AfterClass Logout" time="0.0">
    <skipped/>
  </testcase> <!-- @AfterClass Logout -->
  <testcase classname="pageTestEvents.RegisterPageEvents" name="testPageTitle" time="0.063"/>
  <testcase classname="pageTestEvents.RegisterPageEvents" name="testUserRegistration" time="2.497"/>
  <testcase classname="pageTestEvents.RegisterPageEvents" name="testUserRegistration" time="2.68"/>
  <testcase classname="pageTestEvents.RegisterPageEvents" name="testUserRegistration" time="2.427"/>
  <testcase classname="pageTestEvents.RegisterPageEvents" name="testUserRegistration" time="2.42"/>
  <testcase classname="pageTestEvents.RegisterPageEvents" name="testUserRegistration" time="4.663"/>
  <testcase classname="pageTestEvents.RegisterPageEvents" name="testUserRegistration" time="3.883">
    <failure type="java.lang.AssertionError" message="expected [password length doesnot meet] but found [password_mismatch:The two password fields didn’t match.]">
      <![CDATA[java.lang.AssertionError: expected [password length doesnot meet] but found [password_mismatch:The two password fields didn’t match.]
at pageTestEvents.RegisterPageEvents.registerUser(RegisterPageEvents.java:42)
at pageTestEvents.RegisterPageEvents.testUserRegistration(RegisterPageEvents.java:68)
at java.base/java.util.ArrayList.forEach(ArrayList.java:1511)
at java.base/java.util.concurrent.FutureTask.run(FutureTask.java:317)
at java.base/java.util.concurrent.ThreadPoolExecutor.runWorker(ThreadPoolExecutor.java:1144)
at java.base/java.util.concurrent.ThreadPoolExecutor$Worker.run(ThreadPoolExecutor.java:642)
at java.base/java.lang.Thread.run(Thread.java:1589)
... Removed 21 stack frames]]>
    </failure>
  </testcase> <!-- testUserRegistration -->
  <testcase classname="pageTestEvents.RegisterPageEvents" name="testUserRegistration" time="3.769">
    <skipped/>
  </testcase> <!-- testUserRegistration -->
  <testcase classname="pageTestEvents.RegisterPageEvents" name="testUserRegistration" time="3.929">
    <skipped/>
  </testcase> <!-- testUserRegistration -->
  <testcase classname="pageTestEvents.RegisterPageEvents" name="testUserRegistration" time="3.645">
    <skipped/>
  </testcase> <!-- testUserRegistration -->
  <testcase classname="pageTestEvents.RegisterPageEvents" name="testUserRegistration" time="3.562">
    <failure type="java.lang.AssertionError" message="expected [user already exists] but found [password_mismatch:The two password fields didn’t match.]">
      <![CDATA[java.lang.AssertionError: expected [user already exists] but found [password_mismatch:The two password fields didn’t match.]
at pageTestEvents.RegisterPageEvents.registerUser(RegisterPageEvents.java:42)
at pageTestEvents.RegisterPageEvents.testUserRegistration(RegisterPageEvents.java:68)
at java.base/java.util.ArrayList.forEach(ArrayList.java:1511)
at java.base/java.util.concurrent.FutureTask.run(FutureTask.java:317)
at java.base/java.util.concurrent.ThreadPoolExecutor.runWorker(ThreadPoolExecutor.java:1144)
at java.base/java.util.concurrent.ThreadPoolExecutor$Worker.run(ThreadPoolExecutor.java:642)
at java.base/java.lang.Thread.run(Thread.java:1589)
... Removed 21 stack frames]]>
    </failure>
  </testcase> <!-- testUserRegistration -->
  <testcase classname="pageTestEvents.RegisterPageEvents" name="testUserRegistrationjson" time="2.367"/>
  <testcase classname="pageTestEvents.RegisterPageEvents" name="testUserRegistrationjson" time="3.589"/>
  <testcase classname="pageTestEvents.RegisterPageEvents" name="testUserRegistrationjson" time="2.524"/>
  <testcase classname="pageTestEvents.RegisterPageEvents" name="testUserRegistrationjson" time="2.505"/>
  <testcase classname="pageTestEvents.RegisterPageEvents" name="testUserRegistrationjson" time="4.731"/>
  <testcase classname="pageTestEvents.RegisterPageEvents" name="testUserRegistrationjson" time="3.279">
    <failure type="java.lang.AssertionError" message="expected [password cannot be only numeric] but found [password_mismatch:The two password fields didn’t match.]">
      <![CDATA[java.lang.AssertionError: expected [password cannot be only numeric] but found [password_mismatch:The two password fields didn’t match.]
at pageTestEvents.RegisterPageEvents.registerUser(RegisterPageEvents.java:42)
at pageTestEvents.RegisterPageEvents.testUserRegistrationjson(RegisterPageEvents.java:76)
at java.base/java.util.ArrayList.forEach(ArrayList.java:1511)
at java.base/java.util.concurrent.FutureTask.run(FutureTask.java:317)
at java.base/java.util.concurrent.ThreadPoolExecutor.runWorker(ThreadPoolExecutor.java:1144)
at java.base/java.util.concurrent.ThreadPoolExecutor$Worker.run(ThreadPoolExecutor.java:642)
at java.base/java.lang.Thread.run(Thread.java:1589)
... Removed 21 stack frames]]>
    </failure>
  </testcase> <!-- testUserRegistrationjson -->
  <testcase classname="pageTestEvents.RegisterPageEvents" name="testUserRegistrationjson" time="3.307">
    <skipped/>
  </testcase> <!-- testUserRegistrationjson -->
  <testcase classname="pageTestEvents.RegisterPageEvents" name="testUserRegistrationjson" time="3.267">
    <skipped/>
  </testcase> <!-- testUserRegistrationjson -->
  <testcase classname="pageTestEvents.RegisterPageEvents" name="testUserRegistrationjson" time="3.282">
    <skipped/>
  </testcase> <!-- testUserRegistrationjson -->
  <testcase classname="pageTestEvents.RegisterPageEvents" name="testUserRegistrationjson" time="3.14">
    <failure type="java.lang.AssertionError" message="expected [password length doesnot meet] but found [password_mismatch:The two password fields didn’t match.]">
      <![CDATA[java.lang.AssertionError: expected [password length doesnot meet] but found [password_mismatch:The two password fields didn’t match.]
at pageTestEvents.RegisterPageEvents.registerUser(RegisterPageEvents.java:42)
at pageTestEvents.RegisterPageEvents.testUserRegistrationjson(RegisterPageEvents.java:76)
at java.base/java.util.ArrayList.forEach(ArrayList.java:1511)
at java.base/java.util.concurrent.FutureTask.run(FutureTask.java:317)
at java.base/java.util.concurrent.ThreadPoolExecutor.runWorker(ThreadPoolExecutor.java:1144)
at java.base/java.util.concurrent.ThreadPoolExecutor$Worker.run(ThreadPoolExecutor.java:642)
at java.base/java.lang.Thread.run(Thread.java:1589)
... Removed 21 stack frames]]>
    </failure>
  </testcase> <!-- testUserRegistrationjson -->
  <testcase classname="pageTestEvents.RegisterPageEvents" name="testUserRegistrationjson" time="3.137">
    <skipped/>
  </testcase> <!-- testUserRegistrationjson -->
  <testcase classname="pageTestEvents.RegisterPageEvents" name="testUserRegistrationjson" time="3.108">
    <skipped/>
  </testcase> <!-- testUserRegistrationjson -->
  <testcase classname="pageTestEvents.RegisterPageEvents" name="testUserRegistrationjson" time="3.118">
    <skipped/>
  </testcase> <!-- testUserRegistrationjson -->
  <testcase classname="pageTestEvents.RegisterPageEvents" name="testUserRegistrationjson" time="3.18">
    <failure type="java.lang.AssertionError" message="expected [password length is less than 8] but found [password_mismatch:The two password fields didn’t match.]">
      <![CDATA[java.lang.AssertionError: expected [password length is less than 8] but found [password_mismatch:The two password fields didn’t match.]
at pageTestEvents.RegisterPageEvents.registerUser(RegisterPageEvents.java:42)
at pageTestEvents.RegisterPageEvents.testUserRegistrationjson(RegisterPageEvents.java:76)
at java.base/java.util.ArrayList.forEach(ArrayList.java:1511)
at java.base/java.util.concurrent.FutureTask.run(FutureTask.java:317)
at java.base/java.util.concurrent.ThreadPoolExecutor.runWorker(ThreadPoolExecutor.java:1144)
at java.base/java.util.concurrent.ThreadPoolExecutor$Worker.run(ThreadPoolExecutor.java:642)
at java.base/java.lang.Thread.run(Thread.java:1589)
... Removed 21 stack frames]]>
    </failure>
  </testcase> <!-- testUserRegistrationjson -->
  <testcase classname="pageTestEvents.RegisterPageEvents" name="testUserRegistrationjson" time="3.201">
    <skipped/>
  </testcase> <!-- testUserRegistrationjson -->
  <testcase classname="pageTestEvents.RegisterPageEvents" name="testUserRegistrationjson" time="3.142">
    <skipped/>
  </testcase> <!-- testUserRegistrationjson -->
  <testcase classname="pageTestEvents.RegisterPageEvents" name="testUserRegistrationjson" time="3.189">
    <skipped/>
  </testcase> <!-- testUserRegistrationjson -->
  <testcase classname="pageTestEvents.RegisterPageEvents" name="testUserRegistrationjson" time="3.191">
    <failure type="java.lang.AssertionError" message="expected [user name cannot be only numeric] but found [password_mismatch:The two password fields didn’t match.]">
      <![CDATA[java.lang.AssertionError: expected [user name cannot be only numeric] but found [password_mismatch:The two password fields didn’t match.]
at pageTestEvents.RegisterPageEvents.registerUser(RegisterPageEvents.java:42)
at pageTestEvents.RegisterPageEvents.testUserRegistrationjson(RegisterPageEvents.java:76)
at java.base/java.util.ArrayList.forEach(ArrayList.java:1511)
at java.base/java.util.concurrent.FutureTask.run(FutureTask.java:317)
at java.base/java.util.concurrent.ThreadPoolExecutor.runWorker(ThreadPoolExecutor.java:1144)
at java.base/java.util.concurrent.ThreadPoolExecutor$Worker.run(ThreadPoolExecutor.java:642)
at java.base/java.lang.Thread.run(Thread.java:1589)
... Removed 21 stack frames]]>
    </failure>
  </testcase> <!-- testUserRegistrationjson -->
  <testcase classname="pageTestEvents.SignInPageEvents" name="testPageTitle" time="0.019"/>
  <testcase classname="pageTestEvents.SignInPageEvents" name="testSignInInvalidData" time="0.568"/>
  <testcase classname="pageTestEvents.SignInPageEvents" name="testSignInInvalidData" time="0.515"/>
  <testcase classname="pageTestEvents.SignInPageEvents" name="testSignInInvalidData" time="0.499"/>
  <testcase classname="pageTestEvents.SignInPageEvents" name="testSignInInvalidData" time="0.521"/>
  <testcase classname="pageTestEvents.SignInPageEvents" name="testSignInInvalidData" time="0.213"/>
  <testcase classname="pageTestEvents.SignInPageEvents" name="testSignInInvalidData" time="0.204"/>
  <testcase classname="pageTestEvents.SignInPageEvents" name="testSignInInvalidData" time="0.35"/>
  <testcase classname="pageTestEvents.SignInPageEvents" name="testSignInData" time="0.693"/>
  <testcase classname="base.BaseTest" name="@AfterTest tearDown" time="0.0">
    <ignored/>
  </testcase> <!-- @AfterTest tearDown -->
  <testcase classname="base.BaseTest" name="@BeforeTest setUP" time="0.0">
    <ignored/>
  </testcase> <!-- @BeforeTest setUP -->
  <testcase classname="base.BaseTest" name="@AfterTest tearDown" time="0.0">
    <ignored/>
  </testcase> <!-- @AfterTest tearDown -->
  <testcase classname="base.BaseTest" name="@BeforeTest setUP" time="0.0">
    <ignored/>
  </testcase> <!-- @BeforeTest setUP -->
</testsuite> <!-- Test Parallel SignIn and Register modules.Browser:Edge  -->
