<?xml version="1.0" encoding="UTF-8"?>
<!-- Generated by org.testng.reporters.JUnitXMLReporter -->
<testsuite ignored="2" hostname="Anvi" failures="2" tests="30" name="Test Parallel " time="43.429" errors="0" timestamp="2024-11-15T19:40:22 CST">
  <testcase classname="pageTestEvents.GraphPageEvents" name="arrayPage" time="0.467"/>
  <testcase classname="pageTestEvents.GraphPageEvents" name="arrayPageT1" time="0.683"/>
  <testcase classname="pageTestEvents.GraphPageEvents" name="arrayPageT2" time="0.791"/>
  <testcase classname="pageTestEvents.GraphPageEvents" name="graphDdropDown" time="0.274"/>
  <testcase classname="pageTestEvents.GraphPageEvents" name="graphDdropDownT1" time="0.544"/>
  <testcase classname="pageTestEvents.GraphPageEvents" name="graphDdropDownT2" time="0.631"/>
  <testcase classname="pageTestEvents.GraphPageEvents" name="invalidCodeGraph" time="1.327"/>
  <testcase classname="pageTestEvents.GraphPageEvents" name="invalidCodeGraphRep" time="0.83"/>
  <testcase classname="pageTestEvents.GraphPageEvents" name="linkedListPage" time="0.469"/>
  <testcase classname="pageTestEvents.GraphPageEvents" name="linkedListPageT1" time="0.753"/>
  <testcase classname="pageTestEvents.GraphPageEvents" name="linkedListPageT2" time="0.554"/>
  <testcase classname="pageTestEvents.GraphPageEvents" name="nocodeGraph" time="0.595"/>
  <testcase classname="pageTestEvents.GraphPageEvents" name="nocodeGraphRepresentation" time="0.589"/>
  <testcase classname="pageTestEvents.GraphPageEvents" name="practiceQueT1" time="0.446">
    <failure type="java.lang.AssertionError" message="expected [true] but found [false]">
      <![CDATA[java.lang.AssertionError: expected [true] but found [false]
at pageTestEvents.GraphPageEvents.practiceQueT1(GraphPageEvents.java:165)
at java.base/java.util.ArrayList.forEach(ArrayList.java:1511)
at java.base/java.util.concurrent.FutureTask.run(FutureTask.java:317)
at java.base/java.util.concurrent.ThreadPoolExecutor.runWorker(ThreadPoolExecutor.java:1144)
at java.base/java.util.concurrent.ThreadPoolExecutor$Worker.run(ThreadPoolExecutor.java:642)
at java.base/java.lang.Thread.run(Thread.java:1589)
... Removed 19 stack frames]]>
    </failure>
  </testcase> <!-- practiceQueT1 -->
  <testcase classname="pageTestEvents.GraphPageEvents" name="practiceQueT2" time="0.46">
    <failure type="java.lang.AssertionError" message="expected [true] but found [false]">
      <![CDATA[java.lang.AssertionError: expected [true] but found [false]
at pageTestEvents.GraphPageEvents.practiceQueT2(GraphPageEvents.java:176)
at java.base/java.util.ArrayList.forEach(ArrayList.java:1511)
at java.base/java.util.concurrent.FutureTask.run(FutureTask.java:317)
at java.base/java.util.concurrent.ThreadPoolExecutor.runWorker(ThreadPoolExecutor.java:1144)
at java.base/java.util.concurrent.ThreadPoolExecutor$Worker.run(ThreadPoolExecutor.java:642)
at java.base/java.lang.Thread.run(Thread.java:1589)
... Removed 19 stack frames]]>
    </failure>
  </testcase> <!-- practiceQueT2 -->
  <testcase classname="pageTestEvents.GraphPageEvents" name="queuePage" time="0.365"/>
  <testcase classname="pageTestEvents.GraphPageEvents" name="queuePageT1" time="0.582"/>
  <testcase classname="pageTestEvents.GraphPageEvents" name="queuePageT2" time="0.72"/>
  <testcase classname="pageTestEvents.GraphPageEvents" name="stackPage" time="0.455"/>
  <testcase classname="pageTestEvents.GraphPageEvents" name="stackPageT1" time="0.864"/>
  <testcase classname="pageTestEvents.GraphPageEvents" name="stackPageT2" time="0.676"/>
  <testcase classname="pageTestEvents.GraphPageEvents" name="treePage" time="0.528"/>
  <testcase classname="pageTestEvents.GraphPageEvents" name="treePageT1" time="0.733"/>
  <testcase classname="pageTestEvents.GraphPageEvents" name="treePageT2" time="0.729"/>
  <testcase classname="pageTestEvents.GraphPageEvents" name="tryHereGraph" time="0.618"/>
  <testcase classname="pageTestEvents.GraphPageEvents" name="tryHereGraphRepresentation" time="0.647"/>
  <testcase classname="pageTestEvents.GraphPageEvents" name="validCodeGraph" time="1.023"/>
  <testcase classname="pageTestEvents.GraphPageEvents" name="validCodeGraphRep" time="1.043"/>
  <testcase classname="pageTestEvents.GraphPageEvents" name="graphTopic" time="0.27"/>
  <testcase classname="pageTestEvents.GraphPageEvents" name="graphRepresentationTopic" time="0.264"/>
  <testcase classname="base.BaseTest" name="@BeforeTest setUP" time="0.0">
    <ignored/>
  </testcase> <!-- @BeforeTest setUP -->
  <testcase classname="base.BaseTest" name="@AfterTest tearDown" time="0.0">
    <ignored/>
  </testcase> <!-- @AfterTest tearDown -->
</testsuite> <!-- Test Parallel  -->
