<?xml version="1.0" encoding="UTF-8"?>
<!-- Generated by org.testng.reporters.JUnitXMLReporter -->
<testsuite ignored="4" hostname="Anvi" failures="6" tests="38" name="Test Parallel Edge2" time="94.95" errors="0" timestamp="2024-11-15T19:58:15 CST">
  <testcase classname="pageTestEvents.RegisterPageEvents" name="testPageTitle" time="0.013"/>
  <testcase classname="pageTestEvents.RegisterPageEvents" name="testUserRegistration" time="2.108"/>
  <testcase classname="pageTestEvents.RegisterPageEvents" name="testUserRegistration" time="2.073"/>
  <testcase classname="pageTestEvents.RegisterPageEvents" name="testUserRegistration" time="2.015"/>
  <testcase classname="pageTestEvents.RegisterPageEvents" name="testUserRegistration" time="1.969"/>
  <testcase classname="pageTestEvents.RegisterPageEvents" name="testUserRegistration" time="4.269"/>
  <testcase classname="pageTestEvents.RegisterPageEvents" name="testUserRegistration" time="3.204">
    <failure type="java.lang.AssertionError" message="expected [password length doesnot meet] but found [password_mismatch:The two password fields didn’t match.]">
      <![CDATA[java.lang.AssertionError: expected [password length doesnot meet] but found [password_mismatch:The two password fields didn’t match.]
at pageTestEvents.RegisterPageEvents.registerUser(RegisterPageEvents.java:42)
at pageTestEvents.RegisterPageEvents.testUserRegistration(RegisterPageEvents.java:68)
at java.base/java.util.ArrayList.forEach(ArrayList.java:1511)
at java.base/java.util.concurrent.FutureTask.run(FutureTask.java:317)
at java.base/java.util.concurrent.ThreadPoolExecutor.runWorker(ThreadPoolExecutor.java:1144)
at java.base/java.util.concurrent.ThreadPoolExecutor$Worker.run(ThreadPoolExecutor.java:642)
at java.base/java.lang.Thread.run(Thread.java:1589)
... Removed 21 stack frames]]>
    </failure>
  </testcase> <!-- testUserRegistration -->
  <testcase classname="pageTestEvents.RegisterPageEvents" name="testUserRegistration" time="3.163">
    <skipped/>
  </testcase> <!-- testUserRegistration -->
  <testcase classname="pageTestEvents.RegisterPageEvents" name="testUserRegistration" time="3.079">
    <skipped/>
  </testcase> <!-- testUserRegistration -->
  <testcase classname="pageTestEvents.RegisterPageEvents" name="testUserRegistration" time="3.295">
    <skipped/>
  </testcase> <!-- testUserRegistration -->
  <testcase classname="pageTestEvents.RegisterPageEvents" name="testUserRegistration" time="3.363">
    <failure type="java.lang.AssertionError" message="expected [user already exists] but found [password_mismatch:The two password fields didn’t match.]">
      <![CDATA[java.lang.AssertionError: expected [user already exists] but found [password_mismatch:The two password fields didn’t match.]
at pageTestEvents.RegisterPageEvents.registerUser(RegisterPageEvents.java:42)
at pageTestEvents.RegisterPageEvents.testUserRegistration(RegisterPageEvents.java:68)
at java.base/java.util.ArrayList.forEach(ArrayList.java:1511)
at java.base/java.util.concurrent.FutureTask.run(FutureTask.java:317)
at java.base/java.util.concurrent.ThreadPoolExecutor.runWorker(ThreadPoolExecutor.java:1144)
at java.base/java.util.concurrent.ThreadPoolExecutor$Worker.run(ThreadPoolExecutor.java:642)
at java.base/java.lang.Thread.run(Thread.java:1589)
... Removed 21 stack frames]]>
    </failure>
  </testcase> <!-- testUserRegistration -->
  <testcase classname="pageTestEvents.RegisterPageEvents" name="testUserRegistrationjson" time="2.046"/>
  <testcase classname="pageTestEvents.RegisterPageEvents" name="testUserRegistrationjson" time="2.153"/>
  <testcase classname="pageTestEvents.RegisterPageEvents" name="testUserRegistrationjson" time="2.056"/>
  <testcase classname="pageTestEvents.RegisterPageEvents" name="testUserRegistrationjson" time="2.087"/>
  <testcase classname="pageTestEvents.RegisterPageEvents" name="testUserRegistrationjson" time="4.364"/>
  <testcase classname="pageTestEvents.RegisterPageEvents" name="testUserRegistrationjson" time="3.511">
    <failure type="java.lang.AssertionError" message="expected [password cannot be only numeric] but found [password_mismatch:The two password fields didn’t match.]">
      <![CDATA[java.lang.AssertionError: expected [password cannot be only numeric] but found [password_mismatch:The two password fields didn’t match.]
at pageTestEvents.RegisterPageEvents.registerUser(RegisterPageEvents.java:42)
at pageTestEvents.RegisterPageEvents.testUserRegistrationjson(RegisterPageEvents.java:76)
at java.base/java.util.ArrayList.forEach(ArrayList.java:1511)
at java.base/java.util.concurrent.FutureTask.run(FutureTask.java:317)
at java.base/java.util.concurrent.ThreadPoolExecutor.runWorker(ThreadPoolExecutor.java:1144)
at java.base/java.util.concurrent.ThreadPoolExecutor$Worker.run(ThreadPoolExecutor.java:642)
at java.base/java.lang.Thread.run(Thread.java:1589)
... Removed 21 stack frames]]>
    </failure>
  </testcase> <!-- testUserRegistrationjson -->
  <testcase classname="pageTestEvents.RegisterPageEvents" name="testUserRegistrationjson" time="3.231">
    <skipped/>
  </testcase> <!-- testUserRegistrationjson -->
  <testcase classname="pageTestEvents.RegisterPageEvents" name="testUserRegistrationjson" time="3.268">
    <skipped/>
  </testcase> <!-- testUserRegistrationjson -->
  <testcase classname="pageTestEvents.RegisterPageEvents" name="testUserRegistrationjson" time="3.186">
    <skipped/>
  </testcase> <!-- testUserRegistrationjson -->
  <testcase classname="pageTestEvents.RegisterPageEvents" name="testUserRegistrationjson" time="3.258">
    <failure type="java.lang.AssertionError" message="expected [password length doesnot meet] but found [password_mismatch:The two password fields didn’t match.]">
      <![CDATA[java.lang.AssertionError: expected [password length doesnot meet] but found [password_mismatch:The two password fields didn’t match.]
at pageTestEvents.RegisterPageEvents.registerUser(RegisterPageEvents.java:42)
at pageTestEvents.RegisterPageEvents.testUserRegistrationjson(RegisterPageEvents.java:76)
at java.base/java.util.ArrayList.forEach(ArrayList.java:1511)
at java.base/java.util.concurrent.FutureTask.run(FutureTask.java:317)
at java.base/java.util.concurrent.ThreadPoolExecutor.runWorker(ThreadPoolExecutor.java:1144)
at java.base/java.util.concurrent.ThreadPoolExecutor$Worker.run(ThreadPoolExecutor.java:642)
at java.base/java.lang.Thread.run(Thread.java:1589)
... Removed 21 stack frames]]>
    </failure>
  </testcase> <!-- testUserRegistrationjson -->
  <testcase classname="pageTestEvents.RegisterPageEvents" name="testUserRegistrationjson" time="3.301">
    <skipped/>
  </testcase> <!-- testUserRegistrationjson -->
  <testcase classname="pageTestEvents.RegisterPageEvents" name="testUserRegistrationjson" time="3.369">
    <skipped/>
  </testcase> <!-- testUserRegistrationjson -->
  <testcase classname="pageTestEvents.RegisterPageEvents" name="testUserRegistrationjson" time="3.174">
    <skipped/>
  </testcase> <!-- testUserRegistrationjson -->
  <testcase classname="pageTestEvents.RegisterPageEvents" name="testUserRegistrationjson" time="3.316">
    <failure type="java.lang.AssertionError" message="expected [password length is less than 8] but found [password_mismatch:The two password fields didn’t match.]">
      <![CDATA[java.lang.AssertionError: expected [password length is less than 8] but found [password_mismatch:The two password fields didn’t match.]
at pageTestEvents.RegisterPageEvents.registerUser(RegisterPageEvents.java:42)
at pageTestEvents.RegisterPageEvents.testUserRegistrationjson(RegisterPageEvents.java:76)
at java.base/java.util.ArrayList.forEach(ArrayList.java:1511)
at java.base/java.util.concurrent.FutureTask.run(FutureTask.java:317)
at java.base/java.util.concurrent.ThreadPoolExecutor.runWorker(ThreadPoolExecutor.java:1144)
at java.base/java.util.concurrent.ThreadPoolExecutor$Worker.run(ThreadPoolExecutor.java:642)
at java.base/java.lang.Thread.run(Thread.java:1589)
... Removed 21 stack frames]]>
    </failure>
  </testcase> <!-- testUserRegistrationjson -->
  <testcase classname="pageTestEvents.RegisterPageEvents" name="testUserRegistrationjson" time="3.2">
    <skipped/>
  </testcase> <!-- testUserRegistrationjson -->
  <testcase classname="pageTestEvents.RegisterPageEvents" name="testUserRegistrationjson" time="3.16">
    <skipped/>
  </testcase> <!-- testUserRegistrationjson -->
  <testcase classname="pageTestEvents.RegisterPageEvents" name="testUserRegistrationjson" time="3.232">
    <skipped/>
  </testcase> <!-- testUserRegistrationjson -->
  <testcase classname="pageTestEvents.RegisterPageEvents" name="testUserRegistrationjson" time="3.173">
    <failure type="java.lang.AssertionError" message="expected [user name cannot be only numeric] but found [password_mismatch:The two password fields didn’t match.]">
      <![CDATA[java.lang.AssertionError: expected [user name cannot be only numeric] but found [password_mismatch:The two password fields didn’t match.]
at pageTestEvents.RegisterPageEvents.registerUser(RegisterPageEvents.java:42)
at pageTestEvents.RegisterPageEvents.testUserRegistrationjson(RegisterPageEvents.java:76)
at java.base/java.util.ArrayList.forEach(ArrayList.java:1511)
at java.base/java.util.concurrent.FutureTask.run(FutureTask.java:317)
at java.base/java.util.concurrent.ThreadPoolExecutor.runWorker(ThreadPoolExecutor.java:1144)
at java.base/java.util.concurrent.ThreadPoolExecutor$Worker.run(ThreadPoolExecutor.java:642)
at java.base/java.lang.Thread.run(Thread.java:1589)
... Removed 21 stack frames]]>
    </failure>
  </testcase> <!-- testUserRegistrationjson -->
  <testcase classname="pageTestEvents.SignInPageEvents" name="testPageTitle" time="0.025"/>
  <testcase classname="pageTestEvents.SignInPageEvents" name="testSignInInvalidData" time="0.547"/>
  <testcase classname="pageTestEvents.SignInPageEvents" name="testSignInInvalidData" time="0.5"/>
  <testcase classname="pageTestEvents.SignInPageEvents" name="testSignInInvalidData" time="0.477"/>
  <testcase classname="pageTestEvents.SignInPageEvents" name="testSignInInvalidData" time="0.474"/>
  <testcase classname="pageTestEvents.SignInPageEvents" name="testSignInInvalidData" time="0.18"/>
  <testcase classname="pageTestEvents.SignInPageEvents" name="testSignInInvalidData" time="0.313"/>
  <testcase classname="pageTestEvents.SignInPageEvents" name="testSignInInvalidData" time="0.454"/>
  <testcase classname="pageTestEvents.SignInPageEvents" name="testSignInData" time="0.559"/>
  <testcase classname="base.BaseTest" name="@AfterTest tearDown" time="0.0">
    <ignored/>
  </testcase> <!-- @AfterTest tearDown -->
  <testcase classname="base.BaseTest" name="@BeforeTest setUP" time="0.0">
    <ignored/>
  </testcase> <!-- @BeforeTest setUP -->
  <testcase classname="base.BaseTest" name="@AfterTest tearDown" time="0.0">
    <ignored/>
  </testcase> <!-- @AfterTest tearDown -->
  <testcase classname="base.BaseTest" name="@BeforeTest setUP" time="0.0">
    <ignored/>
  </testcase> <!-- @BeforeTest setUP -->
</testsuite> <!-- Test Parallel Edge2 -->
