<?xml version="1.0" encoding="UTF-8"?>
<!-- Generated by org.testng.reporters.JUnitReportReporter -->
<testsuite hostname="Anvi" failures="2" tests="30" name="pageTestEvents.GraphPageEvents" time="57.722" errors="0" timestamp="2024-11-16T18:16:04 CST" skipped="0">
  <testcase classname="pageTestEvents.GraphPageEvents" name="arrayPage" time="1.015"/>
  <testcase classname="pageTestEvents.GraphPageEvents" name="arrayPageT2" time="1.472"/>
  <testcase classname="pageTestEvents.GraphPageEvents" name="invalidCodeGraph" time="6.544"/>
  <testcase classname="pageTestEvents.GraphPageEvents" name="stackPage" time="0.832"/>
  <testcase classname="pageTestEvents.GraphPageEvents" name="graphDdropDownT2" time="1.090"/>
  <testcase classname="pageTestEvents.GraphPageEvents" name="nocodeGraph" time="1.268"/>
  <testcase classname="pageTestEvents.GraphPageEvents" name="linkedListPageT1" time="1.271"/>
  <testcase classname="pageTestEvents.GraphPageEvents" name="treePage" time="0.910"/>
  <testcase classname="pageTestEvents.GraphPageEvents" name="treePageT1" time="1.184"/>
  <testcase classname="pageTestEvents.GraphPageEvents" name="arrayPageT1" time="1.313"/>
  <testcase classname="pageTestEvents.GraphPageEvents" name="linkedListPageT2" time="1.543"/>
  <testcase classname="pageTestEvents.GraphPageEvents" name="queuePageT1" time="1.158"/>
  <testcase classname="pageTestEvents.GraphPageEvents" name="nocodeGraphRepresentation" time="1.253"/>
  <testcase classname="pageTestEvents.GraphPageEvents" name="queuePageT2" time="1.295"/>
  <testcase classname="pageTestEvents.GraphPageEvents" name="tryHereGraph" time="1.310"/>
  <testcase classname="pageTestEvents.GraphPageEvents" name="validCodeGraph" time="6.677"/>
  <testcase classname="pageTestEvents.GraphPageEvents" name="practiceQueT2" time="1.190">
    <failure message="expected [true] but found [false]" type="java.lang.AssertionError">
      <![CDATA[java.lang.AssertionError: expected [true] but found [false]
at org.testng.Assert.fail(Assert.java:111)
at org.testng.Assert.failNotEquals(Assert.java:1578)
at org.testng.Assert.assertTrue(Assert.java:57)
at org.testng.Assert.assertTrue(Assert.java:67)
at pageTestEvents.GraphPageEvents.practiceQueT2(GraphPageEvents.java:176)
at java.base/jdk.internal.reflect.DirectMethodHandleAccessor.invoke(DirectMethodHandleAccessor.java:104)
at java.base/java.lang.reflect.Method.invoke(Method.java:578)
at org.testng.internal.invokers.MethodInvocationHelper.invokeMethod(MethodInvocationHelper.java:141)
at org.testng.internal.invokers.TestInvoker.invokeMethod(TestInvoker.java:686)
at org.testng.internal.invokers.TestInvoker.invokeTestMethod(TestInvoker.java:230)
at org.testng.internal.invokers.MethodRunner.runInSequence(MethodRunner.java:63)
at org.testng.internal.invokers.TestInvoker$MethodInvocationAgent.invoke(TestInvoker.java:992)
at org.testng.internal.invokers.TestInvoker.invokeTestMethods(TestInvoker.java:203)
at org.testng.internal.invokers.TestMethodWorker.invokeTestMethods(TestMethodWorker.java:154)
at org.testng.internal.invokers.TestMethodWorker.run(TestMethodWorker.java:134)
at java.base/java.util.ArrayList.forEach(ArrayList.java:1511)
at org.testng.TestRunner.privateRun(TestRunner.java:739)
at org.testng.TestRunner.run(TestRunner.java:614)
at org.testng.SuiteRunner.runTest(SuiteRunner.java:421)
at org.testng.SuiteRunner.runSequentially(SuiteRunner.java:413)
at org.testng.SuiteRunner.privateRun(SuiteRunner.java:373)
at org.testng.SuiteRunner.run(SuiteRunner.java:312)
at org.testng.SuiteRunnerWorker.runSuite(SuiteRunnerWorker.java:52)
at org.testng.SuiteRunnerWorker.run(SuiteRunnerWorker.java:95)
at org.testng.TestNG.runSuitesSequentially(TestNG.java:1274)
at org.testng.TestNG.runSuitesLocally(TestNG.java:1208)
at org.testng.TestNG.runSuites(TestNG.java:1112)
at org.testng.TestNG.run(TestNG.java:1079)
at org.testng.remote.AbstractRemoteTestNG.run(AbstractRemoteTestNG.java:115)
at org.testng.remote.RemoteTestNG.initAndRun(RemoteTestNG.java:293)
at org.testng.remote.RemoteTestNG.main(RemoteTestNG.java:91)
]]>
    </failure>
  </testcase> <!-- practiceQueT2 -->
  <testcase classname="pageTestEvents.GraphPageEvents" name="invalidCodeGraphRep" time="6.530"/>
  <testcase classname="pageTestEvents.GraphPageEvents" name="practiceQueT1" time="1.257">
    <failure message="expected [true] but found [false]" type="java.lang.AssertionError">
      <![CDATA[java.lang.AssertionError: expected [true] but found [false]
at org.testng.Assert.fail(Assert.java:111)
at org.testng.Assert.failNotEquals(Assert.java:1578)
at org.testng.Assert.assertTrue(Assert.java:57)
at org.testng.Assert.assertTrue(Assert.java:67)
at pageTestEvents.GraphPageEvents.practiceQueT1(GraphPageEvents.java:165)
at java.base/jdk.internal.reflect.DirectMethodHandleAccessor.invoke(DirectMethodHandleAccessor.java:104)
at java.base/java.lang.reflect.Method.invoke(Method.java:578)
at org.testng.internal.invokers.MethodInvocationHelper.invokeMethod(MethodInvocationHelper.java:141)
at org.testng.internal.invokers.TestInvoker.invokeMethod(TestInvoker.java:686)
at org.testng.internal.invokers.TestInvoker.invokeTestMethod(TestInvoker.java:230)
at org.testng.internal.invokers.MethodRunner.runInSequence(MethodRunner.java:63)
at org.testng.internal.invokers.TestInvoker$MethodInvocationAgent.invoke(TestInvoker.java:992)
at org.testng.internal.invokers.TestInvoker.invokeTestMethods(TestInvoker.java:203)
at org.testng.internal.invokers.TestMethodWorker.invokeTestMethods(TestMethodWorker.java:154)
at org.testng.internal.invokers.TestMethodWorker.run(TestMethodWorker.java:134)
at java.base/java.util.ArrayList.forEach(ArrayList.java:1511)
at org.testng.TestRunner.privateRun(TestRunner.java:739)
at org.testng.TestRunner.run(TestRunner.java:614)
at org.testng.SuiteRunner.runTest(SuiteRunner.java:421)
at org.testng.SuiteRunner.runSequentially(SuiteRunner.java:413)
at org.testng.SuiteRunner.privateRun(SuiteRunner.java:373)
at org.testng.SuiteRunner.run(SuiteRunner.java:312)
at org.testng.SuiteRunnerWorker.runSuite(SuiteRunnerWorker.java:52)
at org.testng.SuiteRunnerWorker.run(SuiteRunnerWorker.java:95)
at org.testng.TestNG.runSuitesSequentially(TestNG.java:1274)
at org.testng.TestNG.runSuitesLocally(TestNG.java:1208)
at org.testng.TestNG.runSuites(TestNG.java:1112)
at org.testng.TestNG.run(TestNG.java:1079)
at org.testng.remote.AbstractRemoteTestNG.run(AbstractRemoteTestNG.java:115)
at org.testng.remote.RemoteTestNG.initAndRun(RemoteTestNG.java:293)
at org.testng.remote.RemoteTestNG.main(RemoteTestNG.java:91)
]]>
    </failure>
  </testcase> <!-- practiceQueT1 -->
  <testcase classname="pageTestEvents.GraphPageEvents" name="linkedListPage" time="0.973"/>
  <testcase classname="pageTestEvents.GraphPageEvents" name="tryHereGraphRepresentation" time="1.387"/>
  <testcase classname="pageTestEvents.GraphPageEvents" name="queuePage" time="0.974"/>
  <testcase classname="pageTestEvents.GraphPageEvents" name="stackPageT1" time="1.335"/>
  <testcase classname="pageTestEvents.GraphPageEvents" name="graphDdropDownT1" time="1.353"/>
  <testcase classname="pageTestEvents.GraphPageEvents" name="graphDdropDown" time="0.917"/>
  <testcase classname="pageTestEvents.GraphPageEvents" name="stackPageT2" time="1.380"/>
  <testcase classname="pageTestEvents.GraphPageEvents" name="treePageT2" time="1.332"/>
  <testcase classname="pageTestEvents.GraphPageEvents" name="validCodeGraphRep" time="6.607"/>
  <testcase classname="pageTestEvents.GraphPageEvents" name="graphTopic" time="1.359"/>
  <testcase classname="pageTestEvents.GraphPageEvents" name="graphRepresentationTopic" time="0.993"/>
</testsuite> <!-- pageTestEvents.GraphPageEvents -->
