<?xml version="1.0" encoding="UTF-8"?>
<!-- Generated by org.testng.reporters.JUnitReportReporter -->
<testsuite hostname="Anvi" failures="1" tests="51" name="pageTestEvents.QueuePageEvents" time="105.354" errors="0" timestamp="2024-11-16T18:16:04 CST" skipped="0">
  <testcase classname="pageTestEvents.QueuePageEvents" name="treePage" time="1.343"/>
  <testcase classname="pageTestEvents.QueuePageEvents" name="nocodeTopic1" time="1.287"/>
  <testcase classname="pageTestEvents.QueuePageEvents" name="nocodeTopic2" time="1.396"/>
  <testcase classname="pageTestEvents.QueuePageEvents" name="nocodeTopic3" time="1.365"/>
  <testcase classname="pageTestEvents.QueuePageEvents" name="validCodeT4" time="1.575"/>
  <testcase classname="pageTestEvents.QueuePageEvents" name="arrayPage" time="1.049"/>
  <testcase classname="pageTestEvents.QueuePageEvents" name="stackPage" time="1.069"/>
  <testcase classname="pageTestEvents.QueuePageEvents" name="validCodeT1" time="6.532"/>
  <testcase classname="pageTestEvents.QueuePageEvents" name="treePageT3" time="1.317"/>
  <testcase classname="pageTestEvents.QueuePageEvents" name="linkedListPageT4" time="1.239"/>
  <testcase classname="pageTestEvents.QueuePageEvents" name="treePageT4" time="1.918"/>
  <testcase classname="pageTestEvents.QueuePageEvents" name="linkedListPageT3" time="1.214"/>
  <testcase classname="pageTestEvents.QueuePageEvents" name="invalidCodeT3" time="6.437"/>
  <testcase classname="pageTestEvents.QueuePageEvents" name="invalidCodeT1" time="6.732"/>
  <testcase classname="pageTestEvents.QueuePageEvents" name="arrayPageT3" time="1.429"/>
  <testcase classname="pageTestEvents.QueuePageEvents" name="arrayPageT2" time="1.478"/>
  <testcase classname="pageTestEvents.QueuePageEvents" name="practiceQueTopic1" time="2.075">
    <failure message="expected [Queue] but found [Practice Questions]" type="java.lang.AssertionError">
      <![CDATA[java.lang.AssertionError: expected [Queue] but found [Practice Questions]
at org.testng.Assert.fail(Assert.java:111)
at org.testng.Assert.failNotEquals(Assert.java:1578)
at org.testng.Assert.assertEqualsImpl(Assert.java:150)
at org.testng.Assert.assertEquals(Assert.java:132)
at org.testng.Assert.assertEquals(Assert.java:656)
at org.testng.Assert.assertEquals(Assert.java:666)
at pageTestEvents.QueuePageEvents.practiceQueTopic1(QueuePageEvents.java:110)
at java.base/jdk.internal.reflect.DirectMethodHandleAccessor.invoke(DirectMethodHandleAccessor.java:104)
at java.base/java.lang.reflect.Method.invoke(Method.java:578)
at org.testng.internal.invokers.MethodInvocationHelper.invokeMethod(MethodInvocationHelper.java:141)
at org.testng.internal.invokers.TestInvoker.invokeMethod(TestInvoker.java:686)
at org.testng.internal.invokers.TestInvoker.invokeTestMethod(TestInvoker.java:230)
at org.testng.internal.invokers.MethodRunner.runInSequence(MethodRunner.java:63)
at org.testng.internal.invokers.TestInvoker$MethodInvocationAgent.invoke(TestInvoker.java:992)
at org.testng.internal.invokers.TestInvoker.invokeTestMethods(TestInvoker.java:203)
at org.testng.internal.invokers.TestMethodWorker.invokeTestMethods(TestMethodWorker.java:154)
at org.testng.internal.invokers.TestMethodWorker.run(TestMethodWorker.java:134)
at java.base/java.util.ArrayList.forEach(ArrayList.java:1511)
at org.testng.TestRunner.privateRun(TestRunner.java:739)
at org.testng.TestRunner.run(TestRunner.java:614)
at org.testng.SuiteRunner.runTest(SuiteRunner.java:421)
at org.testng.SuiteRunner.runSequentially(SuiteRunner.java:413)
at org.testng.SuiteRunner.privateRun(SuiteRunner.java:373)
at org.testng.SuiteRunner.run(SuiteRunner.java:312)
at org.testng.SuiteRunnerWorker.runSuite(SuiteRunnerWorker.java:52)
at org.testng.SuiteRunnerWorker.run(SuiteRunnerWorker.java:95)
at org.testng.TestNG.runSuitesSequentially(TestNG.java:1274)
at org.testng.TestNG.runSuitesLocally(TestNG.java:1208)
at org.testng.TestNG.runSuites(TestNG.java:1112)
at org.testng.TestNG.run(TestNG.java:1079)
at org.testng.remote.AbstractRemoteTestNG.run(AbstractRemoteTestNG.java:115)
at org.testng.remote.RemoteTestNG.initAndRun(RemoteTestNG.java:293)
at org.testng.remote.RemoteTestNG.main(RemoteTestNG.java:91)
]]>
    </failure>
  </testcase> <!-- practiceQueTopic1 -->
  <testcase classname="pageTestEvents.QueuePageEvents" name="queueDropPageT4" time="1.346"/>
  <testcase classname="pageTestEvents.QueuePageEvents" name="implementationofQueueinPythonTopic" time="1.071"/>
  <testcase classname="pageTestEvents.QueuePageEvents" name="validCodeT3" time="3.145"/>
  <testcase classname="pageTestEvents.QueuePageEvents" name="queueDropPageT1" time="1.401"/>
  <testcase classname="pageTestEvents.QueuePageEvents" name="validCodeT2" time="6.520"/>
  <testcase classname="pageTestEvents.QueuePageEvents" name="treePageT2" time="1.310"/>
  <testcase classname="pageTestEvents.QueuePageEvents" name="tryHereTopic3" time="1.408"/>
  <testcase classname="pageTestEvents.QueuePageEvents" name="stackPageT1" time="1.277"/>
  <testcase classname="pageTestEvents.QueuePageEvents" name="stackPageT3" time="1.349"/>
  <testcase classname="pageTestEvents.QueuePageEvents" name="queueDropPageT2" time="1.240"/>
  <testcase classname="pageTestEvents.QueuePageEvents" name="linkedListPage" time="1.410"/>
  <testcase classname="pageTestEvents.QueuePageEvents" name="implementationusingcollectionsdequeTopic" time="0.977"/>
  <testcase classname="pageTestEvents.QueuePageEvents" name="invalidCodeT2" time="6.798"/>
  <testcase classname="pageTestEvents.QueuePageEvents" name="arrayPageT4" time="1.864"/>
  <testcase classname="pageTestEvents.QueuePageEvents" name="stackPageT4" time="1.407"/>
  <testcase classname="pageTestEvents.QueuePageEvents" name="tryHereTopic4" time="1.134"/>
  <testcase classname="pageTestEvents.QueuePageEvents" name="graphPageT1" time="1.233"/>
  <testcase classname="pageTestEvents.QueuePageEvents" name="linkedListPageT2" time="1.087"/>
  <testcase classname="pageTestEvents.QueuePageEvents" name="invalidCodeT4" time="6.455"/>
  <testcase classname="pageTestEvents.QueuePageEvents" name="queueDropPageT3" time="4.101"/>
  <testcase classname="pageTestEvents.QueuePageEvents" name="tryHereTopic1" time="1.227"/>
  <testcase classname="pageTestEvents.QueuePageEvents" name="graphPageT2" time="1.205"/>
  <testcase classname="pageTestEvents.QueuePageEvents" name="graphPageT4" time="1.448"/>
  <testcase classname="pageTestEvents.QueuePageEvents" name="stackPageT2" time="1.148"/>
  <testcase classname="pageTestEvents.QueuePageEvents" name="arrayPageT1" time="1.494"/>
  <testcase classname="pageTestEvents.QueuePageEvents" name="tryHereTopic2" time="1.377"/>
  <testcase classname="pageTestEvents.QueuePageEvents" name="graphPage" time="1.057"/>
  <testcase classname="pageTestEvents.QueuePageEvents" name="treePageT1" time="1.298"/>
  <testcase classname="pageTestEvents.QueuePageEvents" name="linkedListPageT1" time="1.307"/>
  <testcase classname="pageTestEvents.QueuePageEvents" name="queueDropPage" time="1.129"/>
  <testcase classname="pageTestEvents.QueuePageEvents" name="implementationusingarrayTopic" time="1.049"/>
  <testcase classname="pageTestEvents.QueuePageEvents" name="queueOperationsTopic" time="0.984"/>
  <testcase classname="pageTestEvents.QueuePageEvents" name="graphPageT3" time="1.331"/>
  <testcase classname="pageTestEvents.QueuePageEvents" name="nocodeTopic4" time="3.312"/>
</testsuite> <!-- pageTestEvents.QueuePageEvents -->
