<?xml version="1.0" encoding="UTF-8"?>
<!-- Generated by org.testng.reporters.JUnitReportReporter -->
<testsuite hostname="Anvi" failures="1" tests="25" name="pageTestEvents.ArrayPageEvents" time="50.274" errors="1" timestamp="2024-11-16T18:23:51 CST" skipped="7">
  <testcase classname="pageTestEvents.ArrayPageEvents" name="invalidTopics" time="3.365"/>
  <testcase classname="pageTestEvents.ArrayPageEvents" name="invalidTopics" time="2.894"/>
  <testcase classname="pageTestEvents.ArrayPageEvents" name="invalidTopics" time="4.409"/>
  <testcase classname="pageTestEvents.ArrayPageEvents" name="backtoArray" time="1.606">
    <error message="Unable to locate element: //a[text()=&#039;Data Structures&#039;]
For documentation on this error, please visit: https://www.selenium.dev/documentation/webdriver/troubleshooting/errors#no-such-element-exception
Build info: version: &#039;4.24.0&#039;, revision: &#039;748ffc9bc3&#039;
System info: os.name: &#039;Windows 11&#039;, os.arch: &#039;amd64&#039;, os.version: &#039;10.0&#039;, java.version: &#039;19.0.2&#039;
Driver info: org.openqa.selenium.firefox.FirefoxDriver
Command: [c16d38b2-4666-4bec-a5cd-ccc5e59980bf, findElement {using=xpath, value=//a[text()=&#039;Data Structures&#039;]}]
Capabilities {acceptInsecureCerts: true, browserName: firefox, browserVersion: 132.0.2, moz:accessibilityChecks: false, moz:buildID: 20241110231641, moz:debuggerAddress: 127.0.0.1:8275, moz:geckodriverVersion: 0.35.0, moz:headless: false, moz:platformVersion: 10.0, moz:processID: 57208, moz:profile: C:\Users\geeta\AppData\Loca..., moz:shutdownTimeout: 60000, moz:webdriverClick: true, moz:windowless: false, pageLoadStrategy: normal, platformName: windows, proxy: Proxy(), se:cdp: ws://127.0.0.1:8275/devtool..., se:cdpVersion: 85.0, setWindowRect: true, strictFileInteractability: false, timeouts: {implicit: 0, pageLoad: 300000, script: 30000}, unhandledPromptBehavior: dismiss and notify, userAgent: Mozilla/5.0 (Windows NT 10....}
Session ID: c16d38b2-4666-4bec-a5cd-ccc5e59980bf" type="org.openqa.selenium.NoSuchElementException">
      <![CDATA[org.openqa.selenium.NoSuchElementException: Unable to locate element: //a[text()='Data Structures']
For documentation on this error, please visit: https://www.selenium.dev/documentation/webdriver/troubleshooting/errors#no-such-element-exception
Build info: version: '4.24.0', revision: '748ffc9bc3'
System info: os.name: 'Windows 11', os.arch: 'amd64', os.version: '10.0', java.version: '19.0.2'
Driver info: org.openqa.selenium.firefox.FirefoxDriver
Command: [c16d38b2-4666-4bec-a5cd-ccc5e59980bf, findElement {using=xpath, value=//a[text()='Data Structures']}]
Capabilities {acceptInsecureCerts: true, browserName: firefox, browserVersion: 132.0.2, moz:accessibilityChecks: false, moz:buildID: 20241110231641, moz:debuggerAddress: 127.0.0.1:8275, moz:geckodriverVersion: 0.35.0, moz:headless: false, moz:platformVersion: 10.0, moz:processID: 57208, moz:profile: C:\Users\geeta\AppData\Loca..., moz:shutdownTimeout: 60000, moz:webdriverClick: true, moz:windowless: false, pageLoadStrategy: normal, platformName: windows, proxy: Proxy(), se:cdp: ws://127.0.0.1:8275/devtool..., se:cdpVersion: 85.0, setWindowRect: true, strictFileInteractability: false, timeouts: {implicit: 0, pageLoad: 300000, script: 30000}, unhandledPromptBehavior: dismiss and notify, userAgent: Mozilla/5.0 (Windows NT 10....}
Session ID: c16d38b2-4666-4bec-a5cd-ccc5e59980bf
at java.base/jdk.internal.reflect.DirectConstructorHandleAccessor.newInstance(DirectConstructorHandleAccessor.java:67)
at java.base/java.lang.reflect.Constructor.newInstanceWithCaller(Constructor.java:500)
at java.base/java.lang.reflect.Constructor.newInstance(Constructor.java:484)
at org.openqa.selenium.remote.ErrorCodec.decode(ErrorCodec.java:167)
at org.openqa.selenium.remote.codec.w3c.W3CHttpResponseCodec.decode(W3CHttpResponseCodec.java:138)
at org.openqa.selenium.remote.codec.w3c.W3CHttpResponseCodec.decode(W3CHttpResponseCodec.java:50)
at org.openqa.selenium.remote.HttpCommandExecutor.execute(HttpCommandExecutor.java:190)
at org.openqa.selenium.remote.service.DriverCommandExecutor.invokeExecute(DriverCommandExecutor.java:216)
at org.openqa.selenium.remote.service.DriverCommandExecutor.execute(DriverCommandExecutor.java:174)
at org.openqa.selenium.remote.RemoteWebDriver.execute(RemoteWebDriver.java:545)
at org.openqa.selenium.remote.ElementLocation$ElementFinder$2.findElement(ElementLocation.java:165)
at org.openqa.selenium.remote.ElementLocation.findElement(ElementLocation.java:59)
at org.openqa.selenium.remote.RemoteWebDriver.findElement(RemoteWebDriver.java:368)
at org.openqa.selenium.remote.RemoteWebDriver.findElement(RemoteWebDriver.java:362)
at pageObjects.ArrayPage.backToArray(ArrayPage.java:208)
at pageTestEvents.ArrayPageEvents.backtoArray(ArrayPageEvents.java:134)
at java.base/jdk.internal.reflect.DirectMethodHandleAccessor.invoke(DirectMethodHandleAccessor.java:104)
at java.base/java.lang.reflect.Method.invoke(Method.java:578)
at org.testng.internal.invokers.MethodInvocationHelper.invokeMethod(MethodInvocationHelper.java:141)
at org.testng.internal.invokers.MethodInvocationHelper.invokeMethodConsideringTimeout(MethodInvocationHelper.java:71)
at org.testng.internal.invokers.ConfigInvoker.invokeConfigurationMethod(ConfigInvoker.java:400)
at org.testng.internal.invokers.ConfigInvoker.invokeConfigurations(ConfigInvoker.java:333)
at org.testng.internal.invokers.TestInvoker.runConfigMethods(TestInvoker.java:833)
at org.testng.internal.invokers.TestInvoker.runAfterConfigurations(TestInvoker.java:802)
at org.testng.internal.invokers.TestInvoker.invokeMethod(TestInvoker.java:778)
at org.testng.internal.invokers.TestInvoker.invokeTestMethod(TestInvoker.java:230)
at org.testng.internal.invokers.MethodRunner.runInSequence(MethodRunner.java:63)
at org.testng.internal.invokers.TestInvoker$MethodInvocationAgent.invoke(TestInvoker.java:992)
at org.testng.internal.invokers.TestInvoker.invokeTestMethods(TestInvoker.java:203)
at org.testng.internal.invokers.TestMethodWorker.invokeTestMethods(TestMethodWorker.java:154)
at org.testng.internal.invokers.TestMethodWorker.run(TestMethodWorker.java:134)
at java.base/java.util.ArrayList.forEach(ArrayList.java:1511)
at org.testng.TestRunner.privateRun(TestRunner.java:739)
at org.testng.TestRunner.run(TestRunner.java:614)
at org.testng.SuiteRunner.runTest(SuiteRunner.java:421)
at org.testng.SuiteRunner$SuiteWorker.run(SuiteRunner.java:463)
at org.testng.internal.thread.ThreadUtil.lambda$execute$0(ThreadUtil.java:64)
at java.base/java.util.concurrent.FutureTask.run(FutureTask.java:317)
at java.base/java.util.concurrent.ThreadPoolExecutor.runWorker(ThreadPoolExecutor.java:1144)
at java.base/java.util.concurrent.ThreadPoolExecutor$Worker.run(ThreadPoolExecutor.java:642)
at java.base/java.lang.Thread.run(Thread.java:1589)
]]>
    </error>
  </testcase> <!-- backtoArray -->
  <testcase classname="pageTestEvents.ArrayPageEvents" name="invalidTopics" time="3.035"/>
  <testcase classname="pageTestEvents.ArrayPageEvents" name="topicsArray" time="1.973"/>
  <testcase classname="pageTestEvents.ArrayPageEvents" name="topicsArray" time="2.284"/>
  <testcase classname="pageTestEvents.ArrayPageEvents" name="topicsArray" time="1.756"/>
  <testcase classname="pageTestEvents.ArrayPageEvents" name="topicsArray" time="1.929"/>
  <testcase classname="pageTestEvents.ArrayPageEvents" name="tryHereTopics" time="2.774"/>
  <testcase classname="pageTestEvents.ArrayPageEvents" name="tryHereTopics" time="4.007"/>
  <testcase classname="pageTestEvents.ArrayPageEvents" name="tryHereTopics" time="2.523"/>
  <testcase classname="pageTestEvents.ArrayPageEvents" name="tryHereTopics" time="3.120"/>
  <testcase classname="pageTestEvents.ArrayPageEvents" name="nocodeTopics" time="3.643"/>
  <testcase classname="pageTestEvents.ArrayPageEvents" name="nocodeTopics" time="3.593"/>
  <testcase classname="pageTestEvents.ArrayPageEvents" name="nocodeTopics" time="3.041"/>
  <testcase classname="pageTestEvents.ArrayPageEvents" name="nocodeTopics" time="2.923"/>
  <testcase classname="pageTestEvents.ArrayPageEvents" name="validcodeTopics" time="1.399">
    <failure message="expected [Hello] but found []" type="java.lang.AssertionError">
      <![CDATA[java.lang.AssertionError: expected [Hello] but found []
at org.testng.Assert.fail(Assert.java:111)
at org.testng.Assert.failNotEquals(Assert.java:1578)
at org.testng.Assert.assertEqualsImpl(Assert.java:150)
at org.testng.Assert.assertEquals(Assert.java:132)
at org.testng.Assert.assertEquals(Assert.java:656)
at org.testng.Assert.assertEquals(Assert.java:666)
at pageTestEvents.ArrayPageEvents.validcodeTopics(ArrayPageEvents.java:77)
at java.base/jdk.internal.reflect.DirectMethodHandleAccessor.invoke(DirectMethodHandleAccessor.java:104)
at java.base/java.lang.reflect.Method.invoke(Method.java:578)
at org.testng.internal.invokers.MethodInvocationHelper.invokeMethod(MethodInvocationHelper.java:141)
at org.testng.internal.invokers.TestInvoker.invokeMethod(TestInvoker.java:686)
at org.testng.internal.invokers.TestInvoker.invokeTestMethod(TestInvoker.java:230)
at org.testng.internal.invokers.MethodRunner.runInSequence(MethodRunner.java:63)
at org.testng.internal.invokers.TestInvoker$MethodInvocationAgent.invoke(TestInvoker.java:992)
at org.testng.internal.invokers.TestInvoker.invokeTestMethods(TestInvoker.java:203)
at org.testng.internal.invokers.TestMethodWorker.invokeTestMethods(TestMethodWorker.java:154)
at org.testng.internal.invokers.TestMethodWorker.run(TestMethodWorker.java:134)
at java.base/java.util.ArrayList.forEach(ArrayList.java:1511)
at org.testng.TestRunner.privateRun(TestRunner.java:739)
at org.testng.TestRunner.run(TestRunner.java:614)
at org.testng.SuiteRunner.runTest(SuiteRunner.java:421)
at org.testng.SuiteRunner$SuiteWorker.run(SuiteRunner.java:463)
at org.testng.internal.thread.ThreadUtil.lambda$execute$0(ThreadUtil.java:64)
at java.base/java.util.concurrent.FutureTask.run(FutureTask.java:317)
at java.base/java.util.concurrent.ThreadPoolExecutor.runWorker(ThreadPoolExecutor.java:1144)
at java.base/java.util.concurrent.ThreadPoolExecutor$Worker.run(ThreadPoolExecutor.java:642)
at java.base/java.lang.Thread.run(Thread.java:1589)
]]>
    </failure>
  </testcase> <!-- validcodeTopics -->
  <testcase classname="pageTestEvents.ArrayPageEvents" name="validcodeTopics" time="0.000">
    <skipped/>
  </testcase> <!-- validcodeTopics -->
  <testcase classname="pageTestEvents.ArrayPageEvents" name="validcodeTopics" time="0.000">
    <skipped/>
  </testcase> <!-- validcodeTopics -->
  <testcase classname="pageTestEvents.ArrayPageEvents" name="validcodeTopics" time="0.000">
    <skipped/>
  </testcase> <!-- validcodeTopics -->
  <testcase classname="pageTestEvents.ArrayPageEvents" name="getArrayTopicCodeExcelData" time="0.000">
    <skipped/>
  </testcase> <!-- getArrayTopicCodeExcelData -->
  <testcase classname="pageTestEvents.ArrayPageEvents" name="getArrayTopicCodeExcelData" time="0.000">
    <skipped/>
  </testcase> <!-- getArrayTopicCodeExcelData -->
  <testcase classname="pageTestEvents.ArrayPageEvents" name="getArrayTopicCodeExcelData" time="0.000">
    <skipped/>
  </testcase> <!-- getArrayTopicCodeExcelData -->
  <testcase classname="pageTestEvents.ArrayPageEvents" name="getArrayTopicCodeExcelData" time="0.000">
    <skipped/>
  </testcase> <!-- getArrayTopicCodeExcelData -->
</testsuite> <!-- pageTestEvents.ArrayPageEvents -->
