<?xml version="1.0" encoding="UTF-8"?>
<!-- Generated by org.testng.reporters.JUnitReportReporter -->
<testsuite hostname="Anvi" failures="1" tests="51" name="pageTestEvents.QueuePageEvents" time="107.365" errors="0" timestamp="2024-11-16T18:23:51 CST" skipped="0">
  <testcase classname="pageTestEvents.QueuePageEvents" name="treePageT1" time="1.634"/>
  <testcase classname="pageTestEvents.QueuePageEvents" name="implementationusingarrayTopic" time="1.405"/>
  <testcase classname="pageTestEvents.QueuePageEvents" name="stackPageT4" time="1.356"/>
  <testcase classname="pageTestEvents.QueuePageEvents" name="validCodeT1" time="6.869"/>
  <testcase classname="pageTestEvents.QueuePageEvents" name="invalidCodeT2" time="2.095"/>
  <testcase classname="pageTestEvents.QueuePageEvents" name="treePage" time="1.368"/>
  <testcase classname="pageTestEvents.QueuePageEvents" name="treePageT2" time="1.345"/>
  <testcase classname="pageTestEvents.QueuePageEvents" name="invalidCodeT3" time="2.360"/>
  <testcase classname="pageTestEvents.QueuePageEvents" name="treePageT3" time="1.560"/>
  <testcase classname="pageTestEvents.QueuePageEvents" name="graphPageT4" time="2.004"/>
  <testcase classname="pageTestEvents.QueuePageEvents" name="nocodeTopic3" time="1.568"/>
  <testcase classname="pageTestEvents.QueuePageEvents" name="arrayPageT2" time="2.658"/>
  <testcase classname="pageTestEvents.QueuePageEvents" name="validCodeT2" time="7.671"/>
  <testcase classname="pageTestEvents.QueuePageEvents" name="arrayPageT1" time="1.756"/>
  <testcase classname="pageTestEvents.QueuePageEvents" name="treePageT4" time="1.522"/>
  <testcase classname="pageTestEvents.QueuePageEvents" name="tryHereTopic4" time="1.382"/>
  <testcase classname="pageTestEvents.QueuePageEvents" name="graphPageT2" time="2.229"/>
  <testcase classname="pageTestEvents.QueuePageEvents" name="invalidCodeT4" time="1.872"/>
  <testcase classname="pageTestEvents.QueuePageEvents" name="stackPage" time="1.430"/>
  <testcase classname="pageTestEvents.QueuePageEvents" name="validCodeT3" time="6.865"/>
  <testcase classname="pageTestEvents.QueuePageEvents" name="queueDropPage" time="1.005"/>
  <testcase classname="pageTestEvents.QueuePageEvents" name="stackPageT1" time="1.351"/>
  <testcase classname="pageTestEvents.QueuePageEvents" name="nocodeTopic2" time="1.633"/>
  <testcase classname="pageTestEvents.QueuePageEvents" name="nocodeTopic4" time="1.592"/>
  <testcase classname="pageTestEvents.QueuePageEvents" name="queueDropPageT4" time="1.415"/>
  <testcase classname="pageTestEvents.QueuePageEvents" name="queueDropPageT1" time="1.409"/>
  <testcase classname="pageTestEvents.QueuePageEvents" name="linkedListPageT3" time="1.923"/>
  <testcase classname="pageTestEvents.QueuePageEvents" name="linkedListPageT4" time="2.543"/>
  <testcase classname="pageTestEvents.QueuePageEvents" name="implementationusingcollectionsdequeTopic" time="1.035"/>
  <testcase classname="pageTestEvents.QueuePageEvents" name="linkedListPageT1" time="1.484"/>
  <testcase classname="pageTestEvents.QueuePageEvents" name="stackPageT2" time="1.535"/>
  <testcase classname="pageTestEvents.QueuePageEvents" name="practiceQueTopic1" time="1.229">
    <failure message="expected [Queue] but found [Practice Questions]" type="java.lang.AssertionError">
      <![CDATA[java.lang.AssertionError: expected [Queue] but found [Practice Questions]
at org.testng.Assert.fail(Assert.java:111)
at org.testng.Assert.failNotEquals(Assert.java:1578)
at org.testng.Assert.assertEqualsImpl(Assert.java:150)
at org.testng.Assert.assertEquals(Assert.java:132)
at org.testng.Assert.assertEquals(Assert.java:656)
at org.testng.Assert.assertEquals(Assert.java:666)
at pageTestEvents.QueuePageEvents.practiceQueTopic1(QueuePageEvents.java:110)
at java.base/jdk.internal.reflect.DirectMethodHandleAccessor.invoke(DirectMethodHandleAccessor.java:104)
at java.base/java.lang.reflect.Method.invoke(Method.java:578)
at org.testng.internal.invokers.MethodInvocationHelper.invokeMethod(MethodInvocationHelper.java:141)
at org.testng.internal.invokers.TestInvoker.invokeMethod(TestInvoker.java:686)
at org.testng.internal.invokers.TestInvoker.invokeTestMethod(TestInvoker.java:230)
at org.testng.internal.invokers.MethodRunner.runInSequence(MethodRunner.java:63)
at org.testng.internal.invokers.TestInvoker$MethodInvocationAgent.invoke(TestInvoker.java:992)
at org.testng.internal.invokers.TestInvoker.invokeTestMethods(TestInvoker.java:203)
at org.testng.internal.invokers.TestMethodWorker.invokeTestMethods(TestMethodWorker.java:154)
at org.testng.internal.invokers.TestMethodWorker.run(TestMethodWorker.java:134)
at java.base/java.util.ArrayList.forEach(ArrayList.java:1511)
at org.testng.TestRunner.privateRun(TestRunner.java:739)
at org.testng.TestRunner.run(TestRunner.java:614)
at org.testng.SuiteRunner.runTest(SuiteRunner.java:421)
at org.testng.SuiteRunner$SuiteWorker.run(SuiteRunner.java:463)
at org.testng.internal.thread.ThreadUtil.lambda$execute$0(ThreadUtil.java:64)
at java.base/java.util.concurrent.FutureTask.run(FutureTask.java:317)
at java.base/java.util.concurrent.ThreadPoolExecutor.runWorker(ThreadPoolExecutor.java:1144)
at java.base/java.util.concurrent.ThreadPoolExecutor$Worker.run(ThreadPoolExecutor.java:642)
at java.base/java.lang.Thread.run(Thread.java:1589)
]]>
    </failure>
  </testcase> <!-- practiceQueTopic1 -->
  <testcase classname="pageTestEvents.QueuePageEvents" name="tryHereTopic3" time="1.508"/>
  <testcase classname="pageTestEvents.QueuePageEvents" name="linkedListPageT2" time="1.430"/>
  <testcase classname="pageTestEvents.QueuePageEvents" name="graphPageT1" time="1.818"/>
  <testcase classname="pageTestEvents.QueuePageEvents" name="arrayPageT3" time="2.274"/>
  <testcase classname="pageTestEvents.QueuePageEvents" name="invalidCodeT1" time="4.434"/>
  <testcase classname="pageTestEvents.QueuePageEvents" name="linkedListPage" time="1.174"/>
  <testcase classname="pageTestEvents.QueuePageEvents" name="arrayPageT4" time="1.788"/>
  <testcase classname="pageTestEvents.QueuePageEvents" name="graphPageT3" time="2.023"/>
  <testcase classname="pageTestEvents.QueuePageEvents" name="queueDropPageT3" time="1.296"/>
  <testcase classname="pageTestEvents.QueuePageEvents" name="tryHereTopic1" time="1.495"/>
  <testcase classname="pageTestEvents.QueuePageEvents" name="queueOperationsTopic" time="1.034"/>
  <testcase classname="pageTestEvents.QueuePageEvents" name="validCodeT4" time="7.126"/>
  <testcase classname="pageTestEvents.QueuePageEvents" name="nocodeTopic1" time="1.650"/>
  <testcase classname="pageTestEvents.QueuePageEvents" name="implementationofQueueinPythonTopic" time="1.653"/>
  <testcase classname="pageTestEvents.QueuePageEvents" name="tryHereTopic2" time="2.016"/>
  <testcase classname="pageTestEvents.QueuePageEvents" name="graphPage" time="1.406"/>
  <testcase classname="pageTestEvents.QueuePageEvents" name="stackPageT3" time="1.366"/>
  <testcase classname="pageTestEvents.QueuePageEvents" name="arrayPage" time="1.300"/>
  <testcase classname="pageTestEvents.QueuePageEvents" name="queueDropPageT2" time="1.471"/>
</testsuite> <!-- pageTestEvents.QueuePageEvents -->
